2014-05-07 15:07:44,459 -0    [main] INFO  org.tinygroup.fileresolver.impl.FileResolverImpl  - 正在进行全路径扫描....
2014-05-07 15:07:44,498 -39   [main] INFO  org.tinygroup.fileresolver.impl.FileResolverImpl  - 查找WEB-INF/classes路径开始...
2014-05-07 15:07:44,499 -40   [main] INFO  org.tinygroup.fileresolver.impl.FileResolverImpl  - WEB-INF/classes路径是:file:/D:/git/tiny/framework/org.tinygroup.bizframeimpl/target/test-classes/
2014-05-07 15:07:44,499 -40   [main] INFO  org.tinygroup.fileresolver.impl.FileResolverImpl  - WEB-INF/lib路径是:file:/D:/git/tiny/framework/org.tinygroup.bizframeimpl/target/test-classes/
2014-05-07 15:07:44,500 -41   [main] INFO  org.tinygroup.fileresolver.impl.FileResolverImpl  - 查找WEB-INF/classes路径完成。
2014-05-07 15:07:44,500 -41   [main] WARN  org.tinygroup.fileresolver.impl.FileResolverImpl  - WEBROOT变量找不到
2014-05-07 15:07:44,500 -41   [main] INFO  org.tinygroup.fileresolver.impl.FileResolverImpl  - 查找Web工程中的jar文件列表开始...
2014-05-07 15:07:44,541 -82   [main] INFO  org.tinygroup.fileresolver.impl.FileResolverImpl  - 查找Web工程中的jar文件列表完成。
2014-05-07 15:07:44,554 -95   [file-resolver-threads-file-processor-thread-0] INFO  org.tinygroup.fileresolver.impl.FileResolverImpl  - 正在扫描路径[D:\git\tiny\framework\org.tinygroup.order\target\classes]...
2014-05-07 15:07:44,556 -97   [file-resolver-threads-file-processor-thread-0] INFO  org.tinygroup.fileresolver.impl.FileResolverImpl  - 路径[D:\git\tiny\framework\org.tinygroup.order\target\classes]扫描完成。
2014-05-07 15:07:44,556 -97   [file-resolver-threads-file-processor-thread-0] INFO  org.tinygroup.fileresolver.impl.FileResolverImpl  - 正在扫描路径[D:\git\tiny\framework\org.tinygroup.parser\target\classes]...
2014-05-07 15:07:44,560 -101  [file-resolver-threads-file-processor-thread-0] INFO  org.tinygroup.fileresolver.impl.FileResolverImpl  - 路径[D:\git\tiny\framework\org.tinygroup.parser\target\classes]扫描完成。
2014-05-07 15:07:44,560 -101  [file-resolver-threads-file-processor-thread-0] INFO  org.tinygroup.fileresolver.impl.FileResolverImpl  - 正在扫描路径[D:\git\tiny\framework\org.tinygroup.binarytree\target\classes]...
2014-05-07 15:07:44,562 -103  [file-resolver-threads-file-processor-thread-0] INFO  org.tinygroup.fileresolver.impl.FileResolverImpl  - 路径[D:\git\tiny\framework\org.tinygroup.binarytree\target\classes]扫描完成。
2014-05-07 15:07:44,562 -103  [file-resolver-threads-file-processor-thread-0] INFO  org.tinygroup.fileresolver.impl.FileResolverImpl  - 正在扫描路径[D:\git\tiny\framework\org.tinygroup.commons\target\classes]...
2014-05-07 15:07:44,573 -114  [file-resolver-threads-file-processor-thread-0] INFO  org.tinygroup.fileresolver.impl.FileResolverImpl  - 路径[D:\git\tiny\framework\org.tinygroup.commons\target\classes]扫描完成。
2014-05-07 15:07:44,574 -115  [file-resolver-threads-file-processor-thread-0] INFO  org.tinygroup.fileresolver.impl.FileResolverImpl  - 正在扫描路径[D:\git\tiny\framework\org.tinygroup.threadgroup\target\classes]...
2014-05-07 15:07:44,575 -116  [file-resolver-threads-file-processor-thread-0] INFO  org.tinygroup.fileresolver.impl.FileResolverImpl  - 路径[D:\git\tiny\framework\org.tinygroup.threadgroup\target\classes]扫描完成。
2014-05-07 15:07:44,575 -116  [file-resolver-threads-file-processor-thread-0] INFO  org.tinygroup.fileresolver.impl.FileResolverImpl  - 正在扫描路径[D:\git\tiny\framework\org.tinygroup.fileresolver\target\classes]...
2014-05-07 15:07:44,578 -119  [file-resolver-threads-file-processor-thread-0] INFO  org.tinygroup.fileresolver.impl.FileResolverImpl  - 路径[D:\git\tiny\framework\org.tinygroup.fileresolver\target\classes]扫描完成。
2014-05-07 15:07:44,579 -120  [file-resolver-threads-file-processor-thread-0] INFO  org.tinygroup.fileresolver.impl.FileResolverImpl  - 正在扫描路径[D:\git\tiny\framework\org.tinygroup.bizframe\target\classes]...
2014-05-07 15:07:44,582 -123  [file-resolver-threads-file-processor-thread-0] INFO  org.tinygroup.fileresolver.impl.FileResolverImpl  - 路径[D:\git\tiny\framework\org.tinygroup.bizframe\target\classes]扫描完成。
2014-05-07 15:07:44,582 -123  [file-resolver-threads-file-processor-thread-0] INFO  org.tinygroup.fileresolver.impl.FileResolverImpl  - 正在扫描路径[D:\git\tiny\framework\org.tinygroup.i18n\target\classes]...
2014-05-07 15:07:44,584 -125  [file-resolver-threads-file-processor-thread-0] INFO  org.tinygroup.fileresolver.impl.FileResolverImpl  - 路径[D:\git\tiny\framework\org.tinygroup.i18n\target\classes]扫描完成。
2014-05-07 15:07:44,585 -126  [file-resolver-threads-file-processor-thread-0] INFO  org.tinygroup.fileresolver.impl.FileResolverImpl  - 正在扫描路径[D:\git\tiny\framework\org.tinygroup.vfs\target\classes]...
2014-05-07 15:07:44,588 -129  [file-resolver-threads-file-processor-thread-0] INFO  org.tinygroup.fileresolver.impl.FileResolverImpl  - 路径[D:\git\tiny\framework\org.tinygroup.vfs\target\classes]扫描完成。
2014-05-07 15:07:44,588 -129  [file-resolver-threads-file-processor-thread-0] INFO  org.tinygroup.fileresolver.impl.FileResolverImpl  - 正在扫描路径[D:\git\tiny\db\org.tinygroup.database\target\classes]...
2014-05-07 15:07:44,597 -138  [file-resolver-threads-file-processor-thread-0] INFO  org.tinygroup.fileresolver.impl.FileResolverImpl  - 路径[D:\git\tiny\db\org.tinygroup.database\target\classes]扫描完成。
2014-05-07 15:07:44,597 -138  [file-resolver-threads-file-processor-thread-0] INFO  org.tinygroup.fileresolver.impl.FileResolverImpl  - 正在扫描路径[D:\git\tiny\framework\org.tinygroup.context\target\classes]...
2014-05-07 15:07:44,599 -140  [file-resolver-threads-file-processor-thread-0] INFO  org.tinygroup.fileresolver.impl.FileResolverImpl  - 路径[D:\git\tiny\framework\org.tinygroup.context\target\classes]扫描完成。
2014-05-07 15:07:44,600 -141  [file-resolver-threads-file-processor-thread-0] INFO  org.tinygroup.fileresolver.impl.FileResolverImpl  - 正在扫描路径[D:\git\tiny\db\org.tinygroup.tinydb\target\classes]...
2014-05-07 15:07:44,608 -149  [file-resolver-threads-file-processor-thread-0] INFO  org.tinygroup.fileresolver.impl.FileResolverImpl  - 路径[D:\git\tiny\db\org.tinygroup.tinydb\target\classes]扫描完成。
2014-05-07 15:07:44,609 -150  [file-resolver-threads-file-processor-thread-0] INFO  org.tinygroup.fileresolver.impl.FileResolverImpl  - 正在扫描路径[D:\git\tiny\ext\org.tinygroup.jcscache\target\classes]...
2014-05-07 15:07:44,610 -151  [file-resolver-threads-file-processor-thread-0] INFO  org.tinygroup.fileresolver.impl.FileResolverImpl  - 路径[D:\git\tiny\ext\org.tinygroup.jcscache\target\classes]扫描完成。
2014-05-07 15:07:44,611 -152  [file-resolver-threads-file-processor-thread-0] INFO  org.tinygroup.fileresolver.impl.FileResolverImpl  - 正在扫描路径[D:\git\tiny\framework\org.tinygroup.springutil\target\classes]...
2014-05-07 15:07:44,612 -153  [file-resolver-threads-file-processor-thread-0] INFO  org.tinygroup.fileresolver.impl.FileResolverImpl  - 路径[D:\git\tiny\framework\org.tinygroup.springutil\target\classes]扫描完成。
2014-05-07 15:07:44,612 -153  [file-resolver-threads-file-processor-thread-0] INFO  org.tinygroup.fileresolver.impl.FileResolverImpl  - 正在扫描路径[D:\git\tiny\framework\org.tinygroup.plugin\target\classes]...
2014-05-07 15:07:44,615 -156  [file-resolver-threads-file-processor-thread-0] INFO  org.tinygroup.fileresolver.impl.FileResolverImpl  - 路径[D:\git\tiny\framework\org.tinygroup.plugin\target\classes]扫描完成。
2014-05-07 15:07:44,615 -156  [file-resolver-threads-file-processor-thread-0] INFO  org.tinygroup.fileresolver.impl.FileResolverImpl  - 正在扫描路径[D:\git\tiny\framework\org.tinygroup.container\target\classes]...
2014-05-07 15:07:44,617 -158  [file-resolver-threads-file-processor-thread-0] INFO  org.tinygroup.fileresolver.impl.FileResolverImpl  - 路径[D:\git\tiny\framework\org.tinygroup.container\target\classes]扫描完成。
2014-05-07 15:07:44,620 -161  [file-resolver-threads-file-processor-thread-0] INFO  org.tinygroup.fileresolver.impl.FileResolverImpl  - 正在扫描路径[D:\git\tiny\framework\org.tinygroup.logger\target\classes]...
2014-05-07 15:07:44,623 -164  [file-resolver-threads-file-processor-thread-0] INFO  org.tinygroup.fileresolver.impl.FileResolverImpl  - 路径[D:\git\tiny\framework\org.tinygroup.logger\target\classes]扫描完成。
2014-05-07 15:07:44,624 -165  [file-resolver-threads-file-processor-thread-0] INFO  org.tinygroup.fileresolver.impl.FileResolverImpl  - 正在扫描路径[D:\git\tiny\plugins\org.tinygroup.beanmanagerplugin\target\classes]...
2014-05-07 15:07:44,626 -167  [file-resolver-threads-file-processor-thread-0] INFO  org.tinygroup.fileresolver.impl.FileResolverImpl  - 路径[D:\git\tiny\plugins\org.tinygroup.beanmanagerplugin\target\classes]扫描完成。
2014-05-07 15:07:44,626 -167  [file-resolver-threads-file-processor-thread-0] INFO  org.tinygroup.fileresolver.impl.FileResolverImpl  - 正在扫描路径[D:\git\tiny\framework\org.tinygroup.xmlparser\target\classes]...
2014-05-07 15:07:44,628 -169  [file-resolver-threads-file-processor-thread-0] INFO  org.tinygroup.fileresolver.impl.FileResolverImpl  - 路径[D:\git\tiny\framework\org.tinygroup.xmlparser\target\classes]扫描完成。
2014-05-07 15:07:44,629 -170  [file-resolver-threads-file-processor-thread-0] INFO  org.tinygroup.fileresolver.impl.FileResolverImpl  - 正在扫描路径[D:\git\tiny\framework\org.tinygroup.bizframeimpl\target\test-classes]...
2014-05-07 15:07:44,632 -173  [file-resolver-threads-file-processor-thread-0] INFO  org.tinygroup.fileresolver.impl.FileResolverImpl  - 路径[D:\git\tiny\framework\org.tinygroup.bizframeimpl\target\test-classes]扫描完成。
2014-05-07 15:07:44,632 -173  [file-resolver-threads-file-processor-thread-0] INFO  org.tinygroup.fileresolver.impl.FileResolverImpl  - 正在扫描路径[D:\git\tiny\framework\org.tinygroup.xstream\target\classes]...
2014-05-07 15:07:44,634 -175  [file-resolver-threads-file-processor-thread-0] INFO  org.tinygroup.fileresolver.impl.FileResolverImpl  - 路径[D:\git\tiny\framework\org.tinygroup.xstream\target\classes]扫描完成。
2014-05-07 15:07:44,636 -177  [file-resolver-threads-file-processor-thread-0] INFO  org.tinygroup.fileresolver.impl.FileResolverImpl  - 正在扫描路径[D:\git\tiny\framework\org.tinygroup.formater\target\classes]...
2014-05-07 15:07:44,640 -181  [file-resolver-threads-file-processor-thread-0] INFO  org.tinygroup.fileresolver.impl.FileResolverImpl  - 路径[D:\git\tiny\framework\org.tinygroup.formater\target\classes]扫描完成。
2014-05-07 15:07:44,640 -181  [file-resolver-threads-file-processor-thread-0] INFO  org.tinygroup.fileresolver.impl.FileResolverImpl  - 正在扫描路径[D:\git\tiny\framework\org.tinygroup.config\target\classes]...
2014-05-07 15:07:44,643 -184  [file-resolver-threads-file-processor-thread-0] INFO  org.tinygroup.fileresolver.impl.FileResolverImpl  - 路径[D:\git\tiny\framework\org.tinygroup.config\target\classes]扫描完成。
2014-05-07 15:07:44,644 -185  [file-resolver-threads-file-processor-thread-0] INFO  org.tinygroup.fileresolver.impl.FileResolverImpl  - 正在扫描路径[D:\git\tiny\framework\org.tinygroup.application\target\classes]...
2014-05-07 15:07:44,646 -187  [file-resolver-threads-file-processor-thread-0] INFO  org.tinygroup.fileresolver.impl.FileResolverImpl  - 路径[D:\git\tiny\framework\org.tinygroup.application\target\classes]扫描完成。
2014-05-07 15:07:44,647 -188  [file-resolver-threads-file-processor-thread-0] INFO  org.tinygroup.fileresolver.impl.FileResolverImpl  - 正在扫描路径[D:\git\tiny\framework\org.tinygroup.exception\target\classes]...
2014-05-07 15:07:44,648 -189  [file-resolver-threads-file-processor-thread-0] INFO  org.tinygroup.fileresolver.impl.FileResolverImpl  - 路径[D:\git\tiny\framework\org.tinygroup.exception\target\classes]扫描完成。
2014-05-07 15:07:44,649 -190  [file-resolver-threads-file-processor-thread-0] INFO  org.tinygroup.fileresolver.impl.FileResolverImpl  - 正在扫描路径[D:\git\tiny\framework\org.tinygroup.cache\target\classes]...
2014-05-07 15:07:44,653 -194  [file-resolver-threads-file-processor-thread-0] INFO  org.tinygroup.fileresolver.impl.FileResolverImpl  - 路径[D:\git\tiny\framework\org.tinygroup.cache\target\classes]扫描完成。
2014-05-07 15:07:44,653 -194  [file-resolver-threads-file-processor-thread-0] INFO  org.tinygroup.fileresolver.impl.FileResolverImpl  - 正在扫描路径[D:\git\tiny\framework\org.tinygroup.bizframeimpl\target\classes]...
2014-05-07 15:07:44,655 -196  [file-resolver-threads-file-processor-thread-0] INFO  org.tinygroup.fileresolver.impl.FileResolverImpl  - 路径[D:\git\tiny\framework\org.tinygroup.bizframeimpl\target\classes]扫描完成。
2014-05-07 15:07:44,656 -197  [file-resolver-threads-file-processor-thread-0] INFO  org.tinygroup.fileresolver.impl.FileResolverImpl  - 正在扫描路径[D:\git\tiny\db\org.tinygroup.metadata\target\classes]...
2014-05-07 15:07:44,669 -210  [file-resolver-threads-file-processor-thread-0] INFO  org.tinygroup.fileresolver.impl.FileResolverImpl  - 路径[D:\git\tiny\db\org.tinygroup.metadata\target\classes]扫描完成。
2014-05-07 15:07:44,669 -210  [file-resolver-threads-file-processor-thread-0] INFO  org.tinygroup.fileresolver.impl.FileResolverImpl  - 正在扫描路径[D:\git\tiny\framework\org.tinygroup.testutil\target\classes]...
2014-05-07 15:07:44,670 -211  [file-resolver-threads-file-processor-thread-0] INFO  org.tinygroup.fileresolver.impl.FileResolverImpl  - 路径[D:\git\tiny\framework\org.tinygroup.testutil\target\classes]扫描完成。
2014-05-07 15:07:44,672 -213  [main] INFO  org.tinygroup.fileresolver.impl.MultiThreadFileProcessor  - 线程组:<file-resolver-threads>执行时间：119
2014-05-07 15:07:44,763 -304  [main] INFO  org.tinygroup.springutil.SpringUtil  - 添加Spring配置文件:file:D:/git/tiny/framework/org.tinygroup.order/target/classes/order.beans.xml
2014-05-07 15:07:44,763 -304  [main] INFO  org.tinygroup.springutil.SpringUtil  - 添加Spring配置文件:file:D:/git/tiny/framework/org.tinygroup.binarytree/target/classes/binarytree.beans.xml
2014-05-07 15:07:44,764 -305  [main] INFO  org.tinygroup.springutil.SpringUtil  - 添加Spring配置文件:file:D:/git/tiny/framework/org.tinygroup.fileresolver/target/classes/fileresolver.beans.xml
2014-05-07 15:07:44,764 -305  [main] INFO  org.tinygroup.springutil.SpringUtil  - 添加Spring配置文件:file:D:/git/tiny/framework/org.tinygroup.bizframe/target/classes/bizframe.beans.xml
2014-05-07 15:07:44,764 -305  [main] INFO  org.tinygroup.springutil.SpringUtil  - 添加Spring配置文件:file:D:/git/tiny/db/org.tinygroup.database/target/classes/Database.beans.xml
2014-05-07 15:07:44,764 -305  [main] INFO  org.tinygroup.springutil.SpringUtil  - 添加Spring配置文件:file:D:/git/tiny/db/org.tinygroup.tinydb/target/classes/tinydb.beans.xml
2014-05-07 15:07:44,765 -306  [main] INFO  org.tinygroup.springutil.SpringUtil  - 添加Spring配置文件:file:D:/git/tiny/ext/org.tinygroup.jcscache/target/classes/Cache.beans.xml
2014-05-07 15:07:44,765 -306  [main] INFO  org.tinygroup.springutil.SpringUtil  - 添加Spring配置文件:file:D:/git/tiny/framework/org.tinygroup.plugin/target/classes/plugin.beans.xml
2014-05-07 15:07:44,765 -306  [main] INFO  org.tinygroup.springutil.SpringUtil  - 添加Spring配置文件:file:D:/git/tiny/plugins/org.tinygroup.beanmanagerplugin/target/classes/beanmanagerplugin.beans.xml
2014-05-07 15:07:44,765 -306  [main] INFO  org.tinygroup.springutil.SpringUtil  - 添加Spring配置文件:file:D:/git/tiny/framework/org.tinygroup.bizframeimpl/target/test-classes/Application.beans.xml
2014-05-07 15:07:44,765 -306  [main] INFO  org.tinygroup.springutil.SpringUtil  - 添加Spring配置文件:file:D:/git/tiny/framework/org.tinygroup.bizframeimpl/target/test-classes/spring-context2.springbeans.xml
2014-05-07 15:07:44,766 -307  [main] INFO  org.tinygroup.springutil.SpringUtil  - 添加Spring配置文件:file:D:/git/tiny/framework/org.tinygroup.bizframeimpl/target/test-classes/test.beans.xml
2014-05-07 15:07:44,766 -307  [main] INFO  org.tinygroup.springutil.SpringUtil  - 添加Spring配置文件:file:D:/git/tiny/framework/org.tinygroup.xstream/target/classes/xstream.beans.xml
2014-05-07 15:07:44,766 -307  [main] INFO  org.tinygroup.springutil.SpringUtil  - 添加Spring配置文件:file:D:/git/tiny/framework/org.tinygroup.exception/target/classes/exception.beans.xml
2014-05-07 15:07:44,767 -308  [main] INFO  org.tinygroup.springutil.SpringUtil  - 添加Spring配置文件:file:D:/git/tiny/framework/org.tinygroup.cache/target/classes/Cache.beans.xml
2014-05-07 15:07:44,768 -309  [main] INFO  org.tinygroup.springutil.SpringUtil  - 添加Spring配置文件:file:D:/git/tiny/db/org.tinygroup.metadata/target/classes/Metadata.beans.xml
2014-05-07 15:07:44,771 -312  [main] INFO  org.springframework.context.support.FileSystemXmlApplicationContext  - Refreshing org.springframework.context.support.FileSystemXmlApplicationContext@42b3eff7: display name [org.springframework.context.support.FileSystemXmlApplicationContext@42b3eff7]; startup date [Wed May 07 15:07:44 CST 2014]; root of context hierarchy
2014-05-07 15:07:44,872 -413  [main] INFO  org.springframework.beans.factory.xml.XmlBeanDefinitionReader  - Loading XML bean definitions from URL [file:D:/git/tiny/framework/org.tinygroup.order/target/classes/order.beans.xml]
2014-05-07 15:07:45,051 -592  [main] INFO  org.springframework.beans.factory.xml.XmlBeanDefinitionReader  - Loading XML bean definitions from URL [file:D:/git/tiny/framework/org.tinygroup.binarytree/target/classes/binarytree.beans.xml]
2014-05-07 15:07:45,095 -636  [main] INFO  org.springframework.beans.factory.xml.XmlBeanDefinitionReader  - Loading XML bean definitions from URL [file:D:/git/tiny/framework/org.tinygroup.fileresolver/target/classes/fileresolver.beans.xml]
2014-05-07 15:07:45,137 -678  [main] INFO  org.springframework.beans.factory.xml.XmlBeanDefinitionReader  - Loading XML bean definitions from URL [file:D:/git/tiny/framework/org.tinygroup.bizframe/target/classes/bizframe.beans.xml]
2014-05-07 15:07:45,169 -710  [main] INFO  org.springframework.beans.factory.xml.XmlBeanDefinitionReader  - Loading XML bean definitions from URL [file:D:/git/tiny/db/org.tinygroup.database/target/classes/Database.beans.xml]
2014-05-07 15:07:45,207 -748  [main] INFO  org.springframework.beans.factory.xml.XmlBeanDefinitionReader  - Loading XML bean definitions from URL [file:D:/git/tiny/db/org.tinygroup.tinydb/target/classes/tinydb.beans.xml]
2014-05-07 15:07:45,242 -783  [main] INFO  org.springframework.beans.factory.xml.XmlBeanDefinitionReader  - Loading XML bean definitions from URL [file:D:/git/tiny/ext/org.tinygroup.jcscache/target/classes/Cache.beans.xml]
2014-05-07 15:07:45,272 -813  [main] INFO  org.springframework.beans.factory.xml.XmlBeanDefinitionReader  - Loading XML bean definitions from URL [file:D:/git/tiny/framework/org.tinygroup.plugin/target/classes/plugin.beans.xml]
2014-05-07 15:07:45,305 -846  [main] INFO  org.springframework.beans.factory.xml.XmlBeanDefinitionReader  - Loading XML bean definitions from URL [file:D:/git/tiny/plugins/org.tinygroup.beanmanagerplugin/target/classes/beanmanagerplugin.beans.xml]
2014-05-07 15:07:45,332 -873  [main] INFO  org.springframework.beans.factory.xml.XmlBeanDefinitionReader  - Loading XML bean definitions from URL [file:D:/git/tiny/framework/org.tinygroup.bizframeimpl/target/test-classes/Application.beans.xml]
2014-05-07 15:07:45,380 -921  [main] INFO  org.springframework.beans.factory.xml.XmlBeanDefinitionReader  - Loading XML bean definitions from URL [file:D:/git/tiny/framework/org.tinygroup.bizframeimpl/target/test-classes/spring-context2.springbeans.xml]
2014-05-07 15:07:45,523 -1064 [main] INFO  org.springframework.beans.factory.xml.XmlBeanDefinitionReader  - Loading XML bean definitions from URL [file:D:/git/tiny/framework/org.tinygroup.bizframeimpl/target/test-classes/test.beans.xml]
2014-05-07 15:07:45,541 -1082 [main] INFO  org.springframework.beans.factory.xml.XmlBeanDefinitionReader  - Loading XML bean definitions from URL [file:D:/git/tiny/framework/org.tinygroup.xstream/target/classes/xstream.beans.xml]
2014-05-07 15:07:45,563 -1104 [main] INFO  org.springframework.beans.factory.xml.XmlBeanDefinitionReader  - Loading XML bean definitions from URL [file:D:/git/tiny/framework/org.tinygroup.exception/target/classes/exception.beans.xml]
2014-05-07 15:07:45,584 -1125 [main] INFO  org.springframework.beans.factory.xml.XmlBeanDefinitionReader  - Loading XML bean definitions from URL [file:D:/git/tiny/framework/org.tinygroup.cache/target/classes/Cache.beans.xml]
2014-05-07 15:07:45,606 -1147 [main] INFO  org.springframework.beans.factory.xml.XmlBeanDefinitionReader  - Loading XML bean definitions from URL [file:D:/git/tiny/db/org.tinygroup.metadata/target/classes/Metadata.beans.xml]
2014-05-07 15:07:45,635 -1176 [main] INFO  org.springframework.context.support.FileSystemXmlApplicationContext  - Bean factory for application context [org.springframework.context.support.FileSystemXmlApplicationContext@42b3eff7]: org.springframework.beans.factory.support.DefaultListableBeanFactory@6e9637fe
2014-05-07 15:07:45,814 -1355 [main] INFO  org.springframework.beans.factory.support.DefaultListableBeanFactory  - Pre-instantiating singletons in org.springframework.beans.factory.support.DefaultListableBeanFactory@6e9637fe: defining beans [orderProcessor,avlTreeImpl,fullContextFileRepository,fullContextFileFinder,i18nFileProcessor,xStreamFileProcessor,orderFileProcessor,springBeansFileProcessor,configurationFileProcessor,fileMonitorProcessor,dbPermissionManager,permissionManagerImpl,dbModelPermissionManager,tableProcessor,initDataProcessor,processorManager,customeSqlProcessor,viewProcessor,dialectFunctionProcessor,procedureProcessor,oracleSqlProcessor,mysqlSqlProcessor,derbySqlProcessor,h2SqlProcessor,sqlserverSqlProcessor,db2SqlProcessor,initDataSqlProcessor,viewSqlProcessor,oracleProcedureSqlProcessor,tableFileResolver,customSqlFileResolver,dialectFunctionlFileResolver,initDataFileResolver,procedureFileResolver,processorFileResolver,viewFileResolver,tinyDBService,dataSourceProxy,beanOperatorManager,relationFileProcessor,beanManagerProcessor,tableConvertBeanProcessor,jcsCache,jcsCacheProcessor,tinyPluginFileProcessor,tinyPluginManager,PluginMgtProcessor,beanManagerPlugin,fileResolver,fileResolverProcessor,derbyDialect,oracleDialect,derbyIncrementer,oracleIncrementer,beanStringOperator,lobHandler,defaultDataSource,dataSource1,dataSource2,dynamicDataSource,transactionManager,transactionTemplate,beanNameAutoProxyCreator,jdbcTemplate,txAdvice,org.springframework.aop.config.internalAutoProxyCreator,allManagerMethod,org.springframework.aop.support.DefaultBeanFactoryPointcutAdvisor#0,cacheInitConfig,constantProcessor,errorMessageProcessor,standardTypeProcessor,businessTypeProcessor,standardFieldProcessor,constantFileResolver,businessTypeFileResolver,standardFieldFileResolver,errorMessageFileResolver,standardTypeFileResolver]; root of factory hierarchy
2014-05-07 15:07:45,889 -1430 [main] INFO  org.tinygroup.fileresolver.impl.AbstractFileProcessor  - 开始读取组件配置文件:filefind.config.xml
2014-05-07 15:07:45,891 -1432 [main] INFO  org.tinygroup.fileresolver.impl.AbstractFileProcessor  - 读取组件配置文件:filefind.config.xml完成
2014-05-07 15:07:45,892 -1433 [main] INFO  org.tinygroup.fileresolver.impl.AbstractFileProcessor  - 开始读取组件配置文件:filemonitor.config.xml
2014-05-07 15:07:45,893 -1434 [main] INFO  org.tinygroup.fileresolver.impl.AbstractFileProcessor  - 读取组件配置文件:filemonitor.config.xml完成
2014-05-07 15:07:45,893 -1434 [main] INFO  org.tinygroup.fileresolver.impl.AbstractFileProcessor  - 开始读取组件配置文件:fileresolver.config.xml
2014-05-07 15:07:45,894 -1435 [main] INFO  org.tinygroup.fileresolver.impl.AbstractFileProcessor  - 读取组件配置文件:fileresolver.config.xml完成
2014-05-07 15:07:45,894 -1435 [main] INFO  org.tinygroup.fileresolver.impl.AbstractFileProcessor  - 开始读取组件配置文件:jcscache.config.xml
2014-05-07 15:07:45,895 -1436 [main] INFO  org.tinygroup.fileresolver.impl.AbstractFileProcessor  - 读取组件配置文件:jcscache.config.xml完成
2014-05-07 15:07:45,896 -1437 [main] INFO  org.tinygroup.fileresolver.impl.AbstractFileProcessor  - 开始读取组件配置文件:beanmanager.config.xml
2014-05-07 15:07:45,896 -1437 [main] INFO  org.tinygroup.fileresolver.impl.AbstractFileProcessor  - 读取组件配置文件:beanmanager.config.xml完成
2014-05-07 15:07:45,897 -1438 [main] INFO  org.tinygroup.fileresolver.impl.AbstractFileProcessor  - 开始读取组件配置文件:cacheinit.config.xml
2014-05-07 15:07:45,897 -1438 [main] INFO  org.tinygroup.fileresolver.impl.AbstractFileProcessor  - 读取组件配置文件:cacheinit.config.xml完成
2014-05-07 15:07:46,351 -1892 [main] INFO  org.tinygroup.config.impl.ConfigurationManagerImpl  - 正在分发应用配置信息...
2014-05-07 15:07:46,353 -1894 [main] INFO  org.tinygroup.config.impl.ConfigurationManagerImpl  - 应用配置信息分发完毕
2014-05-07 15:07:46,353 -1894 [main] INFO  org.tinygroup.fileresolver.impl.FileResolverImpl  - 全路径扫描完成。
2014-05-07 15:07:46,354 -1895 [main] INFO  org.tinygroup.application.impl.ApplicationDefault  - 启动应用开始...
2014-05-07 15:07:46,354 -1895 [main] INFO  org.tinygroup.application.impl.ApplicationDefault  - 应用处理器class org.tinygroup.fileresolver.applicationprocessor.FileResolverProcessor正在启动...
2014-05-07 15:07:46,354 -1895 [main] INFO  org.tinygroup.fileresolver.impl.FileResolverImpl  - 正在进行全路径扫描....
2014-05-07 15:07:46,357 -1898 [main] INFO  org.tinygroup.fileresolver.impl.FileResolverImpl  - 查找WEB-INF/classes路径开始...
2014-05-07 15:07:46,357 -1898 [main] INFO  org.tinygroup.fileresolver.impl.FileResolverImpl  - WEB-INF/classes路径是:file:/D:/git/tiny/framework/org.tinygroup.bizframeimpl/target/test-classes/
2014-05-07 15:07:46,358 -1899 [main] INFO  org.tinygroup.fileresolver.impl.FileResolverImpl  - WEB-INF/lib路径是:file:/D:/git/tiny/framework/org.tinygroup.bizframeimpl/target/test-classes/
2014-05-07 15:07:46,358 -1899 [main] INFO  org.tinygroup.fileresolver.impl.FileResolverImpl  - 查找WEB-INF/classes路径完成。
2014-05-07 15:07:46,358 -1899 [main] WARN  org.tinygroup.fileresolver.impl.FileResolverImpl  - WEBROOT变量找不到
2014-05-07 15:07:46,358 -1899 [main] INFO  org.tinygroup.fileresolver.impl.FileResolverImpl  - 查找Web工程中的jar文件列表开始...
2014-05-07 15:07:46,381 -1922 [main] INFO  org.tinygroup.fileresolver.impl.FileResolverImpl  - 查找Web工程中的jar文件列表完成。
2014-05-07 15:07:46,383 -1924 [file-resolver-threads-file-processor-thread-0] INFO  org.tinygroup.fileresolver.impl.FileResolverImpl  - 正在扫描路径[D:\git\tiny\framework\org.tinygroup.order\target\classes]...
2014-05-07 15:07:46,384 -1925 [file-resolver-threads-file-processor-thread-0] INFO  org.tinygroup.fileresolver.impl.FileResolverImpl  - 路径[D:\git\tiny\framework\org.tinygroup.order\target\classes]扫描完成。
2014-05-07 15:07:46,385 -1926 [file-resolver-threads-file-processor-thread-0] INFO  org.tinygroup.fileresolver.impl.FileResolverImpl  - 正在扫描路径[D:\git\tiny\framework\org.tinygroup.parser\target\classes]...
2014-05-07 15:07:46,386 -1927 [file-resolver-threads-file-processor-thread-0] INFO  org.tinygroup.fileresolver.impl.FileResolverImpl  - 路径[D:\git\tiny\framework\org.tinygroup.parser\target\classes]扫描完成。
2014-05-07 15:07:46,387 -1928 [file-resolver-threads-file-processor-thread-0] INFO  org.tinygroup.fileresolver.impl.FileResolverImpl  - 正在扫描路径[D:\git\tiny\framework\org.tinygroup.binarytree\target\classes]...
2014-05-07 15:07:46,388 -1929 [file-resolver-threads-file-processor-thread-0] INFO  org.tinygroup.fileresolver.impl.FileResolverImpl  - 路径[D:\git\tiny\framework\org.tinygroup.binarytree\target\classes]扫描完成。
2014-05-07 15:07:46,388 -1929 [file-resolver-threads-file-processor-thread-0] INFO  org.tinygroup.fileresolver.impl.FileResolverImpl  - 正在扫描路径[D:\git\tiny\framework\org.tinygroup.commons\target\classes]...
2014-05-07 15:07:46,398 -1939 [file-resolver-threads-file-processor-thread-0] INFO  org.tinygroup.fileresolver.impl.FileResolverImpl  - 路径[D:\git\tiny\framework\org.tinygroup.commons\target\classes]扫描完成。
2014-05-07 15:07:46,399 -1940 [file-resolver-threads-file-processor-thread-0] INFO  org.tinygroup.fileresolver.impl.FileResolverImpl  - 正在扫描路径[D:\git\tiny\framework\org.tinygroup.threadgroup\target\classes]...
2014-05-07 15:07:46,400 -1941 [file-resolver-threads-file-processor-thread-0] INFO  org.tinygroup.fileresolver.impl.FileResolverImpl  - 路径[D:\git\tiny\framework\org.tinygroup.threadgroup\target\classes]扫描完成。
2014-05-07 15:07:46,400 -1941 [file-resolver-threads-file-processor-thread-0] INFO  org.tinygroup.fileresolver.impl.FileResolverImpl  - 正在扫描路径[D:\git\tiny\framework\org.tinygroup.fileresolver\target\classes]...
2014-05-07 15:07:46,403 -1944 [file-resolver-threads-file-processor-thread-0] INFO  org.tinygroup.fileresolver.impl.FileResolverImpl  - 路径[D:\git\tiny\framework\org.tinygroup.fileresolver\target\classes]扫描完成。
2014-05-07 15:07:46,403 -1944 [file-resolver-threads-file-processor-thread-0] INFO  org.tinygroup.fileresolver.impl.FileResolverImpl  - 正在扫描路径[D:\git\tiny\framework\org.tinygroup.bizframe\target\classes]...
2014-05-07 15:07:46,407 -1948 [file-resolver-threads-file-processor-thread-0] INFO  org.tinygroup.fileresolver.impl.FileResolverImpl  - 路径[D:\git\tiny\framework\org.tinygroup.bizframe\target\classes]扫描完成。
2014-05-07 15:07:46,407 -1948 [file-resolver-threads-file-processor-thread-0] INFO  org.tinygroup.fileresolver.impl.FileResolverImpl  - 正在扫描路径[D:\git\tiny\framework\org.tinygroup.i18n\target\classes]...
2014-05-07 15:07:46,409 -1950 [file-resolver-threads-file-processor-thread-0] INFO  org.tinygroup.fileresolver.impl.FileResolverImpl  - 路径[D:\git\tiny\framework\org.tinygroup.i18n\target\classes]扫描完成。
2014-05-07 15:07:46,410 -1951 [file-resolver-threads-file-processor-thread-0] INFO  org.tinygroup.fileresolver.impl.FileResolverImpl  - 正在扫描路径[D:\git\tiny\framework\org.tinygroup.vfs\target\classes]...
2014-05-07 15:07:46,412 -1953 [file-resolver-threads-file-processor-thread-0] INFO  org.tinygroup.fileresolver.impl.FileResolverImpl  - 路径[D:\git\tiny\framework\org.tinygroup.vfs\target\classes]扫描完成。
2014-05-07 15:07:46,412 -1953 [file-resolver-threads-file-processor-thread-0] INFO  org.tinygroup.fileresolver.impl.FileResolverImpl  - 正在扫描路径[D:\git\tiny\db\org.tinygroup.database\target\classes]...
2014-05-07 15:07:46,420 -1961 [file-resolver-threads-file-processor-thread-0] INFO  org.tinygroup.fileresolver.impl.FileResolverImpl  - 路径[D:\git\tiny\db\org.tinygroup.database\target\classes]扫描完成。
2014-05-07 15:07:46,420 -1961 [file-resolver-threads-file-processor-thread-0] INFO  org.tinygroup.fileresolver.impl.FileResolverImpl  - 正在扫描路径[D:\git\tiny\framework\org.tinygroup.context\target\classes]...
2014-05-07 15:07:46,422 -1963 [file-resolver-threads-file-processor-thread-0] INFO  org.tinygroup.fileresolver.impl.FileResolverImpl  - 路径[D:\git\tiny\framework\org.tinygroup.context\target\classes]扫描完成。
2014-05-07 15:07:46,422 -1963 [file-resolver-threads-file-processor-thread-0] INFO  org.tinygroup.fileresolver.impl.FileResolverImpl  - 正在扫描路径[D:\git\tiny\db\org.tinygroup.tinydb\target\classes]...
2014-05-07 15:07:46,430 -1971 [file-resolver-threads-file-processor-thread-0] INFO  org.tinygroup.fileresolver.impl.FileResolverImpl  - 路径[D:\git\tiny\db\org.tinygroup.tinydb\target\classes]扫描完成。
2014-05-07 15:07:46,431 -1972 [file-resolver-threads-file-processor-thread-0] INFO  org.tinygroup.fileresolver.impl.FileResolverImpl  - 正在扫描路径[D:\git\tiny\ext\org.tinygroup.jcscache\target\classes]...
2014-05-07 15:07:46,432 -1973 [file-resolver-threads-file-processor-thread-0] INFO  org.tinygroup.fileresolver.impl.FileResolverImpl  - 路径[D:\git\tiny\ext\org.tinygroup.jcscache\target\classes]扫描完成。
2014-05-07 15:07:46,433 -1974 [file-resolver-threads-file-processor-thread-0] INFO  org.tinygroup.fileresolver.impl.FileResolverImpl  - 正在扫描路径[D:\git\tiny\framework\org.tinygroup.springutil\target\classes]...
2014-05-07 15:07:46,434 -1975 [file-resolver-threads-file-processor-thread-0] INFO  org.tinygroup.fileresolver.impl.FileResolverImpl  - 路径[D:\git\tiny\framework\org.tinygroup.springutil\target\classes]扫描完成。
2014-05-07 15:07:46,434 -1975 [file-resolver-threads-file-processor-thread-0] INFO  org.tinygroup.fileresolver.impl.FileResolverImpl  - 正在扫描路径[D:\git\tiny\framework\org.tinygroup.plugin\target\classes]...
2014-05-07 15:07:46,437 -1978 [file-resolver-threads-file-processor-thread-0] INFO  org.tinygroup.fileresolver.impl.FileResolverImpl  - 路径[D:\git\tiny\framework\org.tinygroup.plugin\target\classes]扫描完成。
2014-05-07 15:07:46,437 -1978 [file-resolver-threads-file-processor-thread-0] INFO  org.tinygroup.fileresolver.impl.FileResolverImpl  - 正在扫描路径[D:\git\tiny\framework\org.tinygroup.container\target\classes]...
2014-05-07 15:07:46,439 -1980 [file-resolver-threads-file-processor-thread-0] INFO  org.tinygroup.fileresolver.impl.FileResolverImpl  - 路径[D:\git\tiny\framework\org.tinygroup.container\target\classes]扫描完成。
2014-05-07 15:07:46,439 -1980 [file-resolver-threads-file-processor-thread-0] INFO  org.tinygroup.fileresolver.impl.FileResolverImpl  - 正在扫描路径[D:\git\tiny\framework\org.tinygroup.logger\target\classes]...
2014-05-07 15:07:46,441 -1982 [file-resolver-threads-file-processor-thread-0] INFO  org.tinygroup.fileresolver.impl.FileResolverImpl  - 路径[D:\git\tiny\framework\org.tinygroup.logger\target\classes]扫描完成。
2014-05-07 15:07:46,441 -1982 [file-resolver-threads-file-processor-thread-0] INFO  org.tinygroup.fileresolver.impl.FileResolverImpl  - 正在扫描路径[D:\git\tiny\plugins\org.tinygroup.beanmanagerplugin\target\classes]...
2014-05-07 15:07:46,443 -1984 [file-resolver-threads-file-processor-thread-0] INFO  org.tinygroup.fileresolver.impl.FileResolverImpl  - 路径[D:\git\tiny\plugins\org.tinygroup.beanmanagerplugin\target\classes]扫描完成。
2014-05-07 15:07:46,443 -1984 [file-resolver-threads-file-processor-thread-0] INFO  org.tinygroup.fileresolver.impl.FileResolverImpl  - 正在扫描路径[D:\git\tiny\framework\org.tinygroup.xmlparser\target\classes]...
2014-05-07 15:07:46,445 -1986 [file-resolver-threads-file-processor-thread-0] INFO  org.tinygroup.fileresolver.impl.FileResolverImpl  - 路径[D:\git\tiny\framework\org.tinygroup.xmlparser\target\classes]扫描完成。
2014-05-07 15:07:46,445 -1986 [file-resolver-threads-file-processor-thread-0] INFO  org.tinygroup.fileresolver.impl.FileResolverImpl  - 正在扫描路径[D:\git\tiny\framework\org.tinygroup.bizframeimpl\target\test-classes]...
2014-05-07 15:07:46,446 -1987 [file-resolver-threads-file-processor-thread-0] INFO  org.tinygroup.fileresolver.impl.FileResolverImpl  - 路径[D:\git\tiny\framework\org.tinygroup.bizframeimpl\target\test-classes]扫描完成。
2014-05-07 15:07:46,446 -1987 [file-resolver-threads-file-processor-thread-0] INFO  org.tinygroup.fileresolver.impl.FileResolverImpl  - 正在扫描路径[D:\git\tiny\framework\org.tinygroup.xstream\target\classes]...
2014-05-07 15:07:46,447 -1988 [file-resolver-threads-file-processor-thread-0] INFO  org.tinygroup.fileresolver.impl.FileResolverImpl  - 路径[D:\git\tiny\framework\org.tinygroup.xstream\target\classes]扫描完成。
2014-05-07 15:07:46,448 -1989 [file-resolver-threads-file-processor-thread-0] INFO  org.tinygroup.fileresolver.impl.FileResolverImpl  - 正在扫描路径[D:\git\tiny\framework\org.tinygroup.formater\target\classes]...
2014-05-07 15:07:46,449 -1990 [file-resolver-threads-file-processor-thread-0] INFO  org.tinygroup.fileresolver.impl.FileResolverImpl  - 路径[D:\git\tiny\framework\org.tinygroup.formater\target\classes]扫描完成。
2014-05-07 15:07:46,449 -1990 [file-resolver-threads-file-processor-thread-0] INFO  org.tinygroup.fileresolver.impl.FileResolverImpl  - 正在扫描路径[D:\git\tiny\framework\org.tinygroup.config\target\classes]...
2014-05-07 15:07:46,451 -1992 [file-resolver-threads-file-processor-thread-0] INFO  org.tinygroup.fileresolver.impl.FileResolverImpl  - 路径[D:\git\tiny\framework\org.tinygroup.config\target\classes]扫描完成。
2014-05-07 15:07:46,451 -1992 [file-resolver-threads-file-processor-thread-0] INFO  org.tinygroup.fileresolver.impl.FileResolverImpl  - 正在扫描路径[D:\git\tiny\framework\org.tinygroup.application\target\classes]...
2014-05-07 15:07:46,452 -1993 [file-resolver-threads-file-processor-thread-0] INFO  org.tinygroup.fileresolver.impl.FileResolverImpl  - 路径[D:\git\tiny\framework\org.tinygroup.application\target\classes]扫描完成。
2014-05-07 15:07:46,452 -1993 [file-resolver-threads-file-processor-thread-0] INFO  org.tinygroup.fileresolver.impl.FileResolverImpl  - 正在扫描路径[D:\git\tiny\framework\org.tinygroup.exception\target\classes]...
2014-05-07 15:07:46,454 -1995 [file-resolver-threads-file-processor-thread-0] INFO  org.tinygroup.fileresolver.impl.FileResolverImpl  - 路径[D:\git\tiny\framework\org.tinygroup.exception\target\classes]扫描完成。
2014-05-07 15:07:46,454 -1995 [file-resolver-threads-file-processor-thread-0] INFO  org.tinygroup.fileresolver.impl.FileResolverImpl  - 正在扫描路径[D:\git\tiny\framework\org.tinygroup.cache\target\classes]...
2014-05-07 15:07:46,455 -1996 [file-resolver-threads-file-processor-thread-0] INFO  org.tinygroup.fileresolver.impl.FileResolverImpl  - 路径[D:\git\tiny\framework\org.tinygroup.cache\target\classes]扫描完成。
2014-05-07 15:07:46,455 -1996 [file-resolver-threads-file-processor-thread-0] INFO  org.tinygroup.fileresolver.impl.FileResolverImpl  - 正在扫描路径[D:\git\tiny\framework\org.tinygroup.bizframeimpl\target\classes]...
2014-05-07 15:07:46,456 -1997 [file-resolver-threads-file-processor-thread-0] INFO  org.tinygroup.fileresolver.impl.FileResolverImpl  - 路径[D:\git\tiny\framework\org.tinygroup.bizframeimpl\target\classes]扫描完成。
2014-05-07 15:07:46,457 -1998 [file-resolver-threads-file-processor-thread-0] INFO  org.tinygroup.fileresolver.impl.FileResolverImpl  - 正在扫描路径[D:\git\tiny\db\org.tinygroup.metadata\target\classes]...
2014-05-07 15:07:46,462 -2003 [file-resolver-threads-file-processor-thread-0] INFO  org.tinygroup.fileresolver.impl.FileResolverImpl  - 路径[D:\git\tiny\db\org.tinygroup.metadata\target\classes]扫描完成。
2014-05-07 15:07:46,463 -2004 [file-resolver-threads-file-processor-thread-0] INFO  org.tinygroup.fileresolver.impl.FileResolverImpl  - 正在扫描路径[D:\git\tiny\framework\org.tinygroup.testutil\target\classes]...
2014-05-07 15:07:46,463 -2004 [file-resolver-threads-file-processor-thread-0] INFO  org.tinygroup.fileresolver.impl.FileResolverImpl  - 路径[D:\git\tiny\framework\org.tinygroup.testutil\target\classes]扫描完成。
2014-05-07 15:07:46,464 -2005 [main] INFO  org.tinygroup.fileresolver.impl.MultiThreadFileProcessor  - 线程组:<file-resolver-threads>执行时间：82
2014-05-07 15:07:46,464 -2005 [main] INFO  org.tinygroup.fileresolver.impl.AbstractFileProcessor  - 找到国际化资源配置文件[D:\git\tiny\framework\org.tinygroup.vfs\target\classes\i18n\vfs_en_US.properties]，并开始加载...
2014-05-07 15:07:46,465 -2006 [main] INFO  org.tinygroup.fileresolver.impl.AbstractFileProcessor  - 国际化资源配置文件[D:\git\tiny\framework\org.tinygroup.vfs\target\classes\i18n\vfs_en_US.properties]，加载完毕。
2014-05-07 15:07:46,465 -2006 [main] INFO  org.tinygroup.fileresolver.impl.AbstractFileProcessor  - 找到国际化资源配置文件[D:\git\tiny\db\org.tinygroup.tinydb\target\classes\i18n\tinydb_zh_CN.properties]，并开始加载...
2014-05-07 15:07:46,465 -2006 [main] INFO  org.tinygroup.fileresolver.impl.AbstractFileProcessor  - 国际化资源配置文件[D:\git\tiny\db\org.tinygroup.tinydb\target\classes\i18n\tinydb_zh_CN.properties]，加载完毕。
2014-05-07 15:07:46,466 -2007 [main] INFO  org.tinygroup.fileresolver.impl.AbstractFileProcessor  - 找到国际化资源配置文件[D:\git\tiny\framework\org.tinygroup.plugin\target\classes\i18n\plugin_en_US.properties]，并开始加载...
2014-05-07 15:07:46,466 -2007 [main] INFO  org.tinygroup.fileresolver.impl.AbstractFileProcessor  - 国际化资源配置文件[D:\git\tiny\framework\org.tinygroup.plugin\target\classes\i18n\plugin_en_US.properties]，加载完毕。
2014-05-07 15:07:46,467 -2008 [main] INFO  org.tinygroup.fileresolver.impl.AbstractFileProcessor  - 找到国际化资源配置文件[D:\git\tiny\framework\org.tinygroup.plugin\target\classes\i18n\plugin_zh_CN.properties]，并开始加载...
2014-05-07 15:07:46,468 -2009 [main] INFO  org.tinygroup.fileresolver.impl.AbstractFileProcessor  - 国际化资源配置文件[D:\git\tiny\framework\org.tinygroup.plugin\target\classes\i18n\plugin_zh_CN.properties]，加载完毕。
2014-05-07 15:07:46,468 -2009 [main] INFO  org.tinygroup.fileresolver.impl.AbstractFileProcessor  - 找到XStream配置文件[D:\git\tiny\db\org.tinygroup.database\target\classes\Database.xstream.xml]，并开始加载...
2014-05-07 15:07:46,514 -2055 [main] INFO  org.tinygroup.fileresolver.impl.AbstractFileProcessor  - XStream配置文件[D:\git\tiny\db\org.tinygroup.database\target\classes\Database.xstream.xml]，加载完毕。
2014-05-07 15:07:46,514 -2055 [main] INFO  org.tinygroup.fileresolver.impl.AbstractFileProcessor  - 找到XStream配置文件[D:\git\tiny\db\org.tinygroup.database\target\classes\InitData.xstream.xml]，并开始加载...
2014-05-07 15:07:46,522 -2063 [main] INFO  org.tinygroup.fileresolver.impl.AbstractFileProcessor  - XStream配置文件[D:\git\tiny\db\org.tinygroup.database\target\classes\InitData.xstream.xml]，加载完毕。
2014-05-07 15:07:46,522 -2063 [main] INFO  org.tinygroup.fileresolver.impl.AbstractFileProcessor  - 找到XStream配置文件[D:\git\tiny\db\org.tinygroup.database\target\classes\Processor.xstream.xml]，并开始加载...
2014-05-07 15:07:46,531 -2072 [main] INFO  org.tinygroup.fileresolver.impl.AbstractFileProcessor  - XStream配置文件[D:\git\tiny\db\org.tinygroup.database\target\classes\Processor.xstream.xml]，加载完毕。
2014-05-07 15:07:46,531 -2072 [main] INFO  org.tinygroup.fileresolver.impl.AbstractFileProcessor  - 找到XStream配置文件[D:\git\tiny\db\org.tinygroup.database\target\classes\View.xstream.xml]，并开始加载...
2014-05-07 15:07:46,540 -2081 [main] INFO  org.tinygroup.fileresolver.impl.AbstractFileProcessor  - XStream配置文件[D:\git\tiny\db\org.tinygroup.database\target\classes\View.xstream.xml]，加载完毕。
2014-05-07 15:07:46,540 -2081 [main] INFO  org.tinygroup.fileresolver.impl.AbstractFileProcessor  - 找到XStream配置文件[D:\git\tiny\db\org.tinygroup.tinydb\target\classes\tinydb.xstream.xml]，并开始加载...
2014-05-07 15:07:46,547 -2088 [main] INFO  org.tinygroup.fileresolver.impl.AbstractFileProcessor  - XStream配置文件[D:\git\tiny\db\org.tinygroup.tinydb\target\classes\tinydb.xstream.xml]，加载完毕。
2014-05-07 15:07:46,547 -2088 [main] INFO  org.tinygroup.fileresolver.impl.AbstractFileProcessor  - 找到XStream配置文件[D:\git\tiny\framework\org.tinygroup.plugin\target\classes\plugin.xstream.xml]，并开始加载...
2014-05-07 15:07:46,554 -2095 [main] INFO  org.tinygroup.fileresolver.impl.AbstractFileProcessor  - XStream配置文件[D:\git\tiny\framework\org.tinygroup.plugin\target\classes\plugin.xstream.xml]，加载完毕。
2014-05-07 15:07:46,555 -2096 [main] INFO  org.tinygroup.fileresolver.impl.AbstractFileProcessor  - 找到XStream配置文件[D:\git\tiny\db\org.tinygroup.metadata\target\classes\metadata.xstream.xml]，并开始加载...
2014-05-07 15:07:46,576 -2117 [main] INFO  org.tinygroup.fileresolver.impl.AbstractFileProcessor  - XStream配置文件[D:\git\tiny\db\org.tinygroup.metadata\target\classes\metadata.xstream.xml]，加载完毕。
2014-05-07 15:07:46,606 -2147 [main] INFO  org.tinygroup.fileresolver.impl.AbstractFileProcessor  - 正在加载stdfield文件[D:\git\tiny\framework\org.tinygroup.bizframe\target\classes\auth.stdfield.xml]
2014-05-07 15:07:46,610 -2151 [main] INFO  org.tinygroup.fileresolver.impl.AbstractFileProcessor  - 加载stdfield文件[D:\git\tiny\framework\org.tinygroup.bizframe\target\classes\auth.stdfield.xml]结束
2014-05-07 15:07:46,632 -2173 [main] INFO  org.tinygroup.fileresolver.impl.AbstractFileProcessor  - 正在加载table文件[D:\git\tiny\framework\org.tinygroup.bizframe\target\classes\authrelation.table.xml]
2014-05-07 15:07:46,637 -2178 [main] INFO  org.tinygroup.fileresolver.impl.AbstractFileProcessor  - 加载table文件[D:\git\tiny\framework\org.tinygroup.bizframe\target\classes\authrelation.table.xml]结束
2014-05-07 15:07:46,637 -2178 [main] INFO  org.tinygroup.fileresolver.impl.AbstractFileProcessor  - 开始处理表格初始化数据init文件
2014-05-07 15:07:46,647 -2188 [main] INFO  org.tinygroup.fileresolver.impl.AbstractFileProcessor  - 处理表格初始化数据init文件读取完毕
2014-05-07 15:07:46,647 -2188 [main] INFO  org.tinygroup.fileresolver.impl.AbstractFileProcessor  - 开始读取database.processor文件
2014-05-07 15:07:46,653 -2194 [main] INFO  org.tinygroup.fileresolver.impl.AbstractFileProcessor  - 开始读取database.processor文件D:\git\tiny\db\org.tinygroup.database\target\classes\db2.database.processor.xml
2014-05-07 15:07:46,683 -2224 [main] INFO  org.tinygroup.fileresolver.impl.AbstractFileProcessor  - 读取database.processor文件D:\git\tiny\db\org.tinygroup.database\target\classes\db2.database.processor.xml完毕
2014-05-07 15:07:46,683 -2224 [main] INFO  org.tinygroup.fileresolver.impl.AbstractFileProcessor  - 开始读取database.processor文件D:\git\tiny\db\org.tinygroup.database\target\classes\derby.database.processor.xml
2014-05-07 15:07:46,694 -2235 [main] INFO  org.tinygroup.fileresolver.impl.AbstractFileProcessor  - 读取database.processor文件D:\git\tiny\db\org.tinygroup.database\target\classes\derby.database.processor.xml完毕
2014-05-07 15:07:46,695 -2236 [main] INFO  org.tinygroup.fileresolver.impl.AbstractFileProcessor  - 开始读取database.processor文件D:\git\tiny\db\org.tinygroup.database\target\classes\h2.database.processor.xml
2014-05-07 15:07:46,705 -2246 [main] INFO  org.tinygroup.fileresolver.impl.AbstractFileProcessor  - 读取database.processor文件D:\git\tiny\db\org.tinygroup.database\target\classes\h2.database.processor.xml完毕
2014-05-07 15:07:46,705 -2246 [main] INFO  org.tinygroup.fileresolver.impl.AbstractFileProcessor  - 开始读取database.processor文件D:\git\tiny\db\org.tinygroup.database\target\classes\mysql.database.processor.xml
2014-05-07 15:07:46,714 -2255 [main] INFO  org.tinygroup.fileresolver.impl.AbstractFileProcessor  - 读取database.processor文件D:\git\tiny\db\org.tinygroup.database\target\classes\mysql.database.processor.xml完毕
2014-05-07 15:07:46,715 -2256 [main] INFO  org.tinygroup.fileresolver.impl.AbstractFileProcessor  - 开始读取database.processor文件D:\git\tiny\db\org.tinygroup.database\target\classes\oracle.database.processor.xml
2014-05-07 15:07:46,724 -2265 [main] INFO  org.tinygroup.fileresolver.impl.AbstractFileProcessor  - 读取database.processor文件D:\git\tiny\db\org.tinygroup.database\target\classes\oracle.database.processor.xml完毕
2014-05-07 15:07:46,724 -2265 [main] INFO  org.tinygroup.fileresolver.impl.AbstractFileProcessor  - 开始读取database.processor文件D:\git\tiny\db\org.tinygroup.database\target\classes\sqlserver.database.processor.xml
2014-05-07 15:07:46,732 -2273 [main] INFO  org.tinygroup.fileresolver.impl.AbstractFileProcessor  - 读取database.processor文件D:\git\tiny\db\org.tinygroup.database\target\classes\sqlserver.database.processor.xml完毕
2014-05-07 15:07:46,732 -2273 [main] INFO  org.tinygroup.fileresolver.impl.AbstractFileProcessor  - database.processor文件读取完毕
2014-05-07 15:07:46,751 -2292 [main] INFO  org.tinygroup.fileresolver.impl.FileResolverImpl  - 全路径扫描完成。
2014-05-07 15:07:46,751 -2292 [main] INFO  org.tinygroup.application.impl.ApplicationDefault  - 应用处理器class org.tinygroup.fileresolver.applicationprocessor.FileResolverProcessor启动完毕。
2014-05-07 15:07:46,752 -2293 [main] INFO  org.tinygroup.application.impl.ApplicationDefault  - 应用处理器class org.tinygroup.tinydb.applicationprocessor.BeanManagerProcessor正在启动...
2014-05-07 15:07:46,752 -2293 [main] INFO  org.tinygroup.tinydb.impl.BeanManagerImpl  - 开始扫描schema中的所有表信息
2014-05-07 15:07:46,752 -2293 [main] INFO  org.tinygroup.tinydb.impl.BeanManagerImpl  - 开始扫描schema：opensource
2014-05-07 15:07:49,631 -5172 [main] INFO  org.tinygroup.tinydb.impl.BeanManagerImpl  - 扫描schema结束：opensource
2014-05-07 15:07:49,631 -5172 [main] INFO  org.tinygroup.tinydb.impl.BeanManagerImpl  - 扫描schema中的所有表信息结束
2014-05-07 15:07:49,632 -5173 [main] INFO  org.tinygroup.tinydb.impl.BeanManagerImpl  - 开始获取表格:incrementer信息
2014-05-07 15:07:49,667 -5208 [main] INFO  org.tinygroup.tinydb.impl.BeanManagerImpl  - 获取表格:incrementer信息完成
2014-05-07 15:07:49,667 -5208 [main] INFO  org.tinygroup.tinydb.impl.BeanManagerImpl  - 开始获取表格:t_function信息
2014-05-07 15:07:49,678 -5219 [main] INFO  org.tinygroup.tinydb.impl.BeanManagerImpl  - 获取表格:t_function信息完成
2014-05-07 15:07:49,678 -5219 [main] INFO  org.tinygroup.tinydb.impl.BeanManagerImpl  - 开始获取表格:t_user信息
2014-05-07 15:07:49,686 -5227 [main] INFO  org.tinygroup.tinydb.impl.BeanManagerImpl  - 获取表格:t_user信息完成
2014-05-07 15:07:49,687 -5228 [main] INFO  org.tinygroup.tinydb.impl.BeanManagerImpl  - 开始获取表格:t_user_t_function信息
2014-05-07 15:07:49,695 -5236 [main] INFO  org.tinygroup.tinydb.impl.BeanManagerImpl  - 获取表格:t_user_t_function信息完成
2014-05-07 15:07:49,695 -5236 [main] INFO  org.tinygroup.application.impl.ApplicationDefault  - 应用处理器class org.tinygroup.tinydb.applicationprocessor.BeanManagerProcessor启动完毕。
