2014-05-24 09:12:48,880 -0    [main] INFO  org.tinygroup.fileresolver.impl.FileResolverImpl  - 正在进行全路径扫描....
2014-05-24 09:12:48,907 -27   [main] INFO  org.tinygroup.fileresolver.impl.FileResolverImpl  - 查找WEB-INF/classes路径开始...
2014-05-24 09:12:48,907 -27   [main] INFO  org.tinygroup.fileresolver.impl.FileResolverImpl  - WEB-INF/classes路径是:file:/D:/git/tiny/framework/org.tinygroup.fileresolver/target/test-classes/
2014-05-24 09:12:48,908 -28   [main] INFO  org.tinygroup.fileresolver.impl.FileResolverImpl  - WEB-INF/lib路径是:file:/D:/git/tiny/framework/org.tinygroup.fileresolver/target/test-classes/
2014-05-24 09:12:48,908 -28   [main] INFO  org.tinygroup.fileresolver.impl.FileResolverImpl  - 查找WEB-INF/classes路径完成。
2014-05-24 09:12:48,909 -29   [main] WARN  org.tinygroup.fileresolver.impl.FileResolverImpl  - WEBROOT变量找不到
2014-05-24 09:12:48,909 -29   [main] INFO  org.tinygroup.fileresolver.impl.FileResolverImpl  - 查找Web工程中的jar文件列表开始...
2014-05-24 09:12:48,936 -56   [main] INFO  org.tinygroup.fileresolver.impl.FileResolverImpl  - 查找Web工程中的jar文件列表完成。
2014-05-24 09:12:48,944 -64   [file-resolver-threads-file-processor-thread-0] INFO  org.tinygroup.fileresolver.impl.FileResolverImpl  - 正在扫描路径[D:\git\tiny\framework\org.tinygroup.order\target\classes]...
2014-05-24 09:12:48,946 -66   [file-resolver-threads-file-processor-thread-0] INFO  org.tinygroup.fileresolver.impl.FileResolverImpl  - 路径[D:\git\tiny\framework\org.tinygroup.order\target\classes]扫描完成。
2014-05-24 09:12:48,946 -66   [file-resolver-threads-file-processor-thread-0] INFO  org.tinygroup.fileresolver.impl.FileResolverImpl  - 正在扫描路径[D:\git\tiny\framework\org.tinygroup.springutil\target\classes]...
2014-05-24 09:12:48,947 -67   [file-resolver-threads-file-processor-thread-0] INFO  org.tinygroup.fileresolver.impl.FileResolverImpl  - 路径[D:\git\tiny\framework\org.tinygroup.springutil\target\classes]扫描完成。
2014-05-24 09:12:48,948 -68   [file-resolver-threads-file-processor-thread-0] INFO  org.tinygroup.fileresolver.impl.FileResolverImpl  - 正在扫描路径[D:\git\tiny\framework\org.tinygroup.parser\target\classes]...
2014-05-24 09:12:48,950 -70   [file-resolver-threads-file-processor-thread-0] INFO  org.tinygroup.fileresolver.impl.FileResolverImpl  - 路径[D:\git\tiny\framework\org.tinygroup.parser\target\classes]扫描完成。
2014-05-24 09:12:48,950 -70   [file-resolver-threads-file-processor-thread-0] INFO  org.tinygroup.fileresolver.impl.FileResolverImpl  - 正在扫描路径[D:\git\tiny\framework\org.tinygroup.logger\target\classes]...
2014-05-24 09:12:48,951 -71   [file-resolver-threads-file-processor-thread-0] INFO  org.tinygroup.fileresolver.impl.FileResolverImpl  - 路径[D:\git\tiny\framework\org.tinygroup.logger\target\classes]扫描完成。
2014-05-24 09:12:48,951 -71   [file-resolver-threads-file-processor-thread-0] INFO  org.tinygroup.fileresolver.impl.FileResolverImpl  - 正在扫描路径[D:\git\tiny\framework\org.tinygroup.binarytree\target\classes]...
2014-05-24 09:12:48,952 -72   [file-resolver-threads-file-processor-thread-0] INFO  org.tinygroup.fileresolver.impl.FileResolverImpl  - 路径[D:\git\tiny\framework\org.tinygroup.binarytree\target\classes]扫描完成。
2014-05-24 09:12:48,953 -73   [file-resolver-threads-file-processor-thread-0] INFO  org.tinygroup.fileresolver.impl.FileResolverImpl  - 正在扫描路径[D:\git\tiny\framework\org.tinygroup.commons\target\classes]...
2014-05-24 09:12:48,960 -80   [file-resolver-threads-file-processor-thread-0] INFO  org.tinygroup.fileresolver.impl.FileResolverImpl  - 路径[D:\git\tiny\framework\org.tinygroup.commons\target\classes]扫描完成。
2014-05-24 09:12:48,961 -81   [file-resolver-threads-file-processor-thread-0] INFO  org.tinygroup.fileresolver.impl.FileResolverImpl  - 正在扫描路径[D:\git\tiny\framework\org.tinygroup.threadgroup\target\classes]...
2014-05-24 09:12:48,962 -82   [file-resolver-threads-file-processor-thread-0] INFO  org.tinygroup.fileresolver.impl.FileResolverImpl  - 路径[D:\git\tiny\framework\org.tinygroup.threadgroup\target\classes]扫描完成。
2014-05-24 09:12:48,962 -82   [file-resolver-threads-file-processor-thread-0] INFO  org.tinygroup.fileresolver.impl.FileResolverImpl  - 正在扫描路径[D:\git\tiny\framework\org.tinygroup.xmlparser\target\classes]...
2014-05-24 09:12:48,964 -84   [file-resolver-threads-file-processor-thread-0] INFO  org.tinygroup.fileresolver.impl.FileResolverImpl  - 路径[D:\git\tiny\framework\org.tinygroup.xmlparser\target\classes]扫描完成。
2014-05-24 09:12:48,965 -85   [file-resolver-threads-file-processor-thread-0] INFO  org.tinygroup.fileresolver.impl.FileResolverImpl  - 正在扫描路径[D:\git\tiny\framework\org.tinygroup.xstream\target\classes]...
2014-05-24 09:12:48,966 -86   [file-resolver-threads-file-processor-thread-0] INFO  org.tinygroup.fileresolver.impl.FileResolverImpl  - 路径[D:\git\tiny\framework\org.tinygroup.xstream\target\classes]扫描完成。
2014-05-24 09:12:48,967 -87   [file-resolver-threads-file-processor-thread-0] INFO  org.tinygroup.fileresolver.impl.FileResolverImpl  - 正在扫描路径[D:\git\tiny\framework\org.tinygroup.formater\target\classes]...
2014-05-24 09:12:48,969 -89   [file-resolver-threads-file-processor-thread-0] INFO  org.tinygroup.fileresolver.impl.FileResolverImpl  - 路径[D:\git\tiny\framework\org.tinygroup.formater\target\classes]扫描完成。
2014-05-24 09:12:48,969 -89   [file-resolver-threads-file-processor-thread-0] INFO  org.tinygroup.fileresolver.impl.FileResolverImpl  - 正在扫描路径[D:\git\tiny\framework\org.tinygroup.fileresolver\target\classes]...
2014-05-24 09:12:48,972 -92   [file-resolver-threads-file-processor-thread-0] INFO  org.tinygroup.fileresolver.impl.FileResolverImpl  - 路径[D:\git\tiny\framework\org.tinygroup.fileresolver\target\classes]扫描完成。
2014-05-24 09:12:48,972 -92   [file-resolver-threads-file-processor-thread-0] INFO  org.tinygroup.fileresolver.impl.FileResolverImpl  - 正在扫描路径[D:\git\tiny\framework\org.tinygroup.application\target\classes]...
2014-05-24 09:12:48,974 -94   [file-resolver-threads-file-processor-thread-0] INFO  org.tinygroup.fileresolver.impl.FileResolverImpl  - 路径[D:\git\tiny\framework\org.tinygroup.application\target\classes]扫描完成。
2014-05-24 09:12:48,974 -94   [file-resolver-threads-file-processor-thread-0] INFO  org.tinygroup.fileresolver.impl.FileResolverImpl  - 正在扫描路径[D:\git\tiny\framework\org.tinygroup.config\target\classes]...
2014-05-24 09:12:48,975 -95   [file-resolver-threads-file-processor-thread-0] INFO  org.tinygroup.fileresolver.impl.FileResolverImpl  - 路径[D:\git\tiny\framework\org.tinygroup.config\target\classes]扫描完成。
2014-05-24 09:12:48,976 -96   [file-resolver-threads-file-processor-thread-0] INFO  org.tinygroup.fileresolver.impl.FileResolverImpl  - 正在扫描路径[D:\git\tiny\framework\org.tinygroup.i18n\target\classes]...
2014-05-24 09:12:48,978 -98   [file-resolver-threads-file-processor-thread-0] INFO  org.tinygroup.fileresolver.impl.FileResolverImpl  - 路径[D:\git\tiny\framework\org.tinygroup.i18n\target\classes]扫描完成。
2014-05-24 09:12:48,978 -98   [file-resolver-threads-file-processor-thread-0] INFO  org.tinygroup.fileresolver.impl.FileResolverImpl  - 正在扫描路径[D:\git\tiny\framework\org.tinygroup.exception\target\classes]...
2014-05-24 09:12:48,979 -99   [file-resolver-threads-file-processor-thread-0] INFO  org.tinygroup.fileresolver.impl.FileResolverImpl  - 路径[D:\git\tiny\framework\org.tinygroup.exception\target\classes]扫描完成。
2014-05-24 09:12:48,979 -99   [file-resolver-threads-file-processor-thread-0] INFO  org.tinygroup.fileresolver.impl.FileResolverImpl  - 正在扫描路径[D:\git\tiny\framework\org.tinygroup.vfs\target\classes]...
2014-05-24 09:12:48,981 -101  [file-resolver-threads-file-processor-thread-0] INFO  org.tinygroup.fileresolver.impl.FileResolverImpl  - 路径[D:\git\tiny\framework\org.tinygroup.vfs\target\classes]扫描完成。
2014-05-24 09:12:48,982 -102  [file-resolver-threads-file-processor-thread-0] INFO  org.tinygroup.fileresolver.impl.FileResolverImpl  - 正在扫描路径[D:\git\tiny\framework\org.tinygroup.context\target\classes]...
2014-05-24 09:12:48,983 -103  [file-resolver-threads-file-processor-thread-0] INFO  org.tinygroup.fileresolver.impl.FileResolverImpl  - 路径[D:\git\tiny\framework\org.tinygroup.context\target\classes]扫描完成。
2014-05-24 09:12:48,984 -104  [file-resolver-threads-file-processor-thread-0] INFO  org.tinygroup.fileresolver.impl.FileResolverImpl  - 正在扫描路径[D:\git\tiny\framework\org.tinygroup.fileresolver\target\test-classes]...
2014-05-24 09:12:48,986 -106  [file-resolver-threads-file-processor-thread-0] INFO  org.tinygroup.fileresolver.impl.FileResolverImpl  - 路径[D:\git\tiny\framework\org.tinygroup.fileresolver\target\test-classes]扫描完成。
2014-05-24 09:12:48,987 -107  [main] INFO  org.tinygroup.fileresolver.impl.MultiThreadFileProcessor  - 线程组:<file-resolver-threads>执行时间：43
2014-05-24 09:12:48,988 -108  [main] INFO  org.tinygroup.fileresolver.impl.FileResolverImpl  - 全路径扫描完成。
2014-05-24 09:12:49,013 -133  [main] INFO  org.tinygroup.fileresolver.impl.FileResolverImpl  - 正在进行全路径扫描....
2014-05-24 09:12:49,017 -137  [main] INFO  org.tinygroup.fileresolver.impl.FileResolverImpl  - 查找WEB-INF/classes路径开始...
2014-05-24 09:12:49,018 -138  [main] INFO  org.tinygroup.fileresolver.impl.FileResolverImpl  - WEB-INF/classes路径是:file:/D:/git/tiny/framework/org.tinygroup.fileresolver/target/test-classes/
2014-05-24 09:12:49,018 -138  [main] INFO  org.tinygroup.fileresolver.impl.FileResolverImpl  - WEB-INF/lib路径是:file:/D:/git/tiny/framework/org.tinygroup.fileresolver/target/test-classes/
2014-05-24 09:12:49,018 -138  [main] INFO  org.tinygroup.fileresolver.impl.FileResolverImpl  - 查找WEB-INF/classes路径完成。
2014-05-24 09:12:49,019 -139  [main] WARN  org.tinygroup.fileresolver.impl.FileResolverImpl  - WEBROOT变量找不到
2014-05-24 09:12:49,019 -139  [main] INFO  org.tinygroup.fileresolver.impl.FileResolverImpl  - 查找Web工程中的jar文件列表开始...
2014-05-24 09:12:49,062 -182  [main] INFO  org.tinygroup.fileresolver.impl.FileResolverImpl  - 查找Web工程中的jar文件列表完成。
2014-05-24 09:12:49,063 -183  [file-resolver-threads-file-processor-thread-0] INFO  org.tinygroup.fileresolver.impl.FileResolverImpl  - 正在扫描路径[D:\git\tiny\framework\org.tinygroup.order\target\classes]...
2014-05-24 09:12:49,066 -186  [file-resolver-threads-file-processor-thread-0] INFO  org.tinygroup.fileresolver.impl.FileResolverImpl  - 路径[D:\git\tiny\framework\org.tinygroup.order\target\classes]扫描完成。
2014-05-24 09:12:49,067 -187  [file-resolver-threads-file-processor-thread-0] INFO  org.tinygroup.fileresolver.impl.FileResolverImpl  - 正在扫描路径[D:\git\tiny\framework\org.tinygroup.springutil\target\classes]...
2014-05-24 09:12:49,069 -189  [file-resolver-threads-file-processor-thread-0] INFO  org.tinygroup.fileresolver.impl.FileResolverImpl  - 路径[D:\git\tiny\framework\org.tinygroup.springutil\target\classes]扫描完成。
2014-05-24 09:12:49,069 -189  [file-resolver-threads-file-processor-thread-0] INFO  org.tinygroup.fileresolver.impl.FileResolverImpl  - 正在扫描路径[D:\git\tiny\framework\org.tinygroup.parser\target\classes]...
2014-05-24 09:12:49,074 -194  [file-resolver-threads-file-processor-thread-0] INFO  org.tinygroup.fileresolver.impl.FileResolverImpl  - 路径[D:\git\tiny\framework\org.tinygroup.parser\target\classes]扫描完成。
2014-05-24 09:12:49,074 -194  [file-resolver-threads-file-processor-thread-0] INFO  org.tinygroup.fileresolver.impl.FileResolverImpl  - 正在扫描路径[D:\git\tiny\framework\org.tinygroup.logger\target\classes]...
2014-05-24 09:12:49,077 -197  [file-resolver-threads-file-processor-thread-0] INFO  org.tinygroup.fileresolver.impl.FileResolverImpl  - 路径[D:\git\tiny\framework\org.tinygroup.logger\target\classes]扫描完成。
2014-05-24 09:12:49,077 -197  [file-resolver-threads-file-processor-thread-0] INFO  org.tinygroup.fileresolver.impl.FileResolverImpl  - 正在扫描路径[D:\git\tiny\framework\org.tinygroup.binarytree\target\classes]...
2014-05-24 09:12:49,080 -200  [file-resolver-threads-file-processor-thread-0] INFO  org.tinygroup.fileresolver.impl.FileResolverImpl  - 路径[D:\git\tiny\framework\org.tinygroup.binarytree\target\classes]扫描完成。
2014-05-24 09:12:49,081 -201  [file-resolver-threads-file-processor-thread-0] INFO  org.tinygroup.fileresolver.impl.FileResolverImpl  - 正在扫描路径[D:\git\tiny\framework\org.tinygroup.commons\target\classes]...
2014-05-24 09:12:49,100 -220  [file-resolver-threads-file-processor-thread-0] INFO  org.tinygroup.fileresolver.impl.FileResolverImpl  - 路径[D:\git\tiny\framework\org.tinygroup.commons\target\classes]扫描完成。
2014-05-24 09:12:49,101 -221  [file-resolver-threads-file-processor-thread-0] INFO  org.tinygroup.fileresolver.impl.FileResolverImpl  - 正在扫描路径[D:\git\tiny\framework\org.tinygroup.threadgroup\target\classes]...
2014-05-24 09:12:49,102 -222  [file-resolver-threads-file-processor-thread-0] INFO  org.tinygroup.fileresolver.impl.FileResolverImpl  - 路径[D:\git\tiny\framework\org.tinygroup.threadgroup\target\classes]扫描完成。
2014-05-24 09:12:49,103 -223  [file-resolver-threads-file-processor-thread-0] INFO  org.tinygroup.fileresolver.impl.FileResolverImpl  - 正在扫描路径[D:\git\tiny\framework\org.tinygroup.xmlparser\target\classes]...
2014-05-24 09:12:49,105 -225  [file-resolver-threads-file-processor-thread-0] INFO  org.tinygroup.fileresolver.impl.FileResolverImpl  - 路径[D:\git\tiny\framework\org.tinygroup.xmlparser\target\classes]扫描完成。
2014-05-24 09:12:49,106 -226  [file-resolver-threads-file-processor-thread-0] INFO  org.tinygroup.fileresolver.impl.FileResolverImpl  - 正在扫描路径[D:\git\tiny\framework\org.tinygroup.xstream\target\classes]...
2014-05-24 09:12:49,109 -229  [file-resolver-threads-file-processor-thread-0] INFO  org.tinygroup.fileresolver.impl.FileResolverImpl  - 路径[D:\git\tiny\framework\org.tinygroup.xstream\target\classes]扫描完成。
2014-05-24 09:12:49,109 -229  [file-resolver-threads-file-processor-thread-0] INFO  org.tinygroup.fileresolver.impl.FileResolverImpl  - 正在扫描路径[D:\git\tiny\framework\org.tinygroup.formater\target\classes]...
2014-05-24 09:12:49,113 -233  [file-resolver-threads-file-processor-thread-0] INFO  org.tinygroup.fileresolver.impl.FileResolverImpl  - 路径[D:\git\tiny\framework\org.tinygroup.formater\target\classes]扫描完成。
2014-05-24 09:12:49,113 -233  [file-resolver-threads-file-processor-thread-0] INFO  org.tinygroup.fileresolver.impl.FileResolverImpl  - 正在扫描路径[D:\git\tiny\framework\org.tinygroup.fileresolver\target\classes]...
2014-05-24 09:12:49,117 -237  [file-resolver-threads-file-processor-thread-0] INFO  org.tinygroup.fileresolver.impl.FileResolverImpl  - 路径[D:\git\tiny\framework\org.tinygroup.fileresolver\target\classes]扫描完成。
2014-05-24 09:12:49,118 -238  [file-resolver-threads-file-processor-thread-0] INFO  org.tinygroup.fileresolver.impl.FileResolverImpl  - 正在扫描路径[D:\git\tiny\framework\org.tinygroup.application\target\classes]...
2014-05-24 09:12:49,119 -239  [file-resolver-threads-file-processor-thread-0] INFO  org.tinygroup.fileresolver.impl.FileResolverImpl  - 路径[D:\git\tiny\framework\org.tinygroup.application\target\classes]扫描完成。
2014-05-24 09:12:49,119 -239  [file-resolver-threads-file-processor-thread-0] INFO  org.tinygroup.fileresolver.impl.FileResolverImpl  - 正在扫描路径[D:\git\tiny\framework\org.tinygroup.config\target\classes]...
2014-05-24 09:12:49,120 -240  [file-resolver-threads-file-processor-thread-0] INFO  org.tinygroup.fileresolver.impl.FileResolverImpl  - 路径[D:\git\tiny\framework\org.tinygroup.config\target\classes]扫描完成。
2014-05-24 09:12:49,120 -240  [file-resolver-threads-file-processor-thread-0] INFO  org.tinygroup.fileresolver.impl.FileResolverImpl  - 正在扫描路径[D:\git\tiny\framework\org.tinygroup.i18n\target\classes]...
2014-05-24 09:12:49,123 -243  [file-resolver-threads-file-processor-thread-0] INFO  org.tinygroup.fileresolver.impl.FileResolverImpl  - 路径[D:\git\tiny\framework\org.tinygroup.i18n\target\classes]扫描完成。
2014-05-24 09:12:49,123 -243  [file-resolver-threads-file-processor-thread-0] INFO  org.tinygroup.fileresolver.impl.FileResolverImpl  - 正在扫描路径[D:\git\tiny\framework\org.tinygroup.exception\target\classes]...
2014-05-24 09:12:49,124 -244  [file-resolver-threads-file-processor-thread-0] INFO  org.tinygroup.fileresolver.impl.FileResolverImpl  - 路径[D:\git\tiny\framework\org.tinygroup.exception\target\classes]扫描完成。
2014-05-24 09:12:49,125 -245  [file-resolver-threads-file-processor-thread-0] INFO  org.tinygroup.fileresolver.impl.FileResolverImpl  - 正在扫描路径[D:\git\tiny\framework\org.tinygroup.vfs\target\classes]...
2014-05-24 09:12:49,130 -250  [file-resolver-threads-file-processor-thread-0] INFO  org.tinygroup.fileresolver.impl.FileResolverImpl  - 路径[D:\git\tiny\framework\org.tinygroup.vfs\target\classes]扫描完成。
2014-05-24 09:12:49,130 -250  [file-resolver-threads-file-processor-thread-0] INFO  org.tinygroup.fileresolver.impl.FileResolverImpl  - 正在扫描路径[D:\git\tiny\framework\org.tinygroup.context\target\classes]...
2014-05-24 09:12:49,132 -252  [file-resolver-threads-file-processor-thread-0] INFO  org.tinygroup.fileresolver.impl.FileResolverImpl  - 路径[D:\git\tiny\framework\org.tinygroup.context\target\classes]扫描完成。
2014-05-24 09:12:49,133 -253  [file-resolver-threads-file-processor-thread-0] INFO  org.tinygroup.fileresolver.impl.FileResolverImpl  - 正在扫描路径[D:\git\tiny\framework\org.tinygroup.fileresolver\target\test-classes]...
2014-05-24 09:12:49,134 -254  [file-resolver-threads-file-processor-thread-0] INFO  org.tinygroup.fileresolver.impl.FileResolverImpl  - 路径[D:\git\tiny\framework\org.tinygroup.fileresolver\target\test-classes]扫描完成。
2014-05-24 09:12:49,135 -255  [main] INFO  org.tinygroup.fileresolver.impl.MultiThreadFileProcessor  - 线程组:<file-resolver-threads>执行时间：72
2014-05-24 09:12:49,137 -257  [main] INFO  org.tinygroup.fileresolver.impl.FileResolverImpl  - 全路径扫描完成。
