2014-05-24 09:24:49,470 -0    [main] INFO  org.tinygroup.fileresolver.impl.FileResolverImpl  - 正在进行全路径扫描....
2014-05-24 09:24:49,480 -10   [main] INFO  org.tinygroup.fileresolver.impl.FileResolverImpl  - 文件<file:D:/MavenRepository/org/tinygroup/org.tinygroup.springutil/1.2.0-SNAPSHOT/org.tinygroup.springutil-1.2.0-SNAPSHOT.jar>由于匹配了包含正则表达式<org\.tinygroup\.(.)*\.jar>而被扫描。
2014-05-24 09:24:49,481 -11   [main] INFO  org.tinygroup.fileresolver.impl.FileResolverImpl  - 文件<file:D:/MavenRepository/org/tinygroup/org.tinygroup.logger/1.2.0-SNAPSHOT/org.tinygroup.logger-1.2.0-SNAPSHOT.jar>由于匹配了包含正则表达式<org\.tinygroup\.(.)*\.jar>而被扫描。
2014-05-24 09:24:49,482 -12   [main] INFO  org.tinygroup.fileresolver.impl.FileResolverImpl  - 文件<file:D:/MavenRepository/org/tinygroup/org.tinygroup.vfs/1.2.0-SNAPSHOT/org.tinygroup.vfs-1.2.0-SNAPSHOT.jar>由于匹配了包含正则表达式<org\.tinygroup\.(.)*\.jar>而被扫描。
2014-05-24 09:24:49,485 -15   [main] INFO  org.tinygroup.fileresolver.impl.FileResolverImpl  - 文件<file:D:/MavenRepository/org/tinygroup/org.tinygroup.exception/1.2.0-SNAPSHOT/org.tinygroup.exception-1.2.0-SNAPSHOT.jar>由于匹配了包含正则表达式<org\.tinygroup\.(.)*\.jar>而被扫描。
2014-05-24 09:24:49,487 -17   [main] INFO  org.tinygroup.fileresolver.impl.FileResolverImpl  - 文件<file:D:/MavenRepository/org/tinygroup/org.tinygroup.testutil/1.2.0-SNAPSHOT/org.tinygroup.testutil-1.2.0-SNAPSHOT.jar>由于匹配了包含正则表达式<org\.tinygroup\.(.)*\.jar>而被扫描。
2014-05-24 09:24:49,488 -18   [main] INFO  org.tinygroup.fileresolver.impl.FileResolverImpl  - 文件<file:D:/MavenRepository/org/tinygroup/org.tinygroup.application/1.2.0-SNAPSHOT/org.tinygroup.application-1.2.0-SNAPSHOT.jar>由于匹配了包含正则表达式<org\.tinygroup\.(.)*\.jar>而被扫描。
2014-05-24 09:24:49,488 -18   [main] INFO  org.tinygroup.fileresolver.impl.FileResolverImpl  - 文件<file:D:/MavenRepository/org/tinygroup/org.tinygroup.commons/1.2.0-SNAPSHOT/org.tinygroup.commons-1.2.0-SNAPSHOT.jar>由于匹配了包含正则表达式<org\.tinygroup\.(.)*\.jar>而被扫描。
2014-05-24 09:24:49,490 -20   [main] INFO  org.tinygroup.fileresolver.impl.FileResolverImpl  - 文件<file:D:/MavenRepository/org/tinygroup/org.tinygroup.xstream/1.2.0-SNAPSHOT/org.tinygroup.xstream-1.2.0-SNAPSHOT.jar>由于匹配了包含正则表达式<org\.tinygroup\.(.)*\.jar>而被扫描。
2014-05-24 09:24:49,491 -21   [main] INFO  org.tinygroup.fileresolver.impl.FileResolverImpl  - 文件<file:D:/MavenRepository/org/tinygroup/org.tinygroup.fileresolver/1.2.0-SNAPSHOT/org.tinygroup.fileresolver-1.2.0-SNAPSHOT.jar>由于匹配了包含正则表达式<org\.tinygroup\.(.)*\.jar>而被扫描。
2014-05-24 09:24:49,492 -22   [main] INFO  org.tinygroup.fileresolver.impl.FileResolverImpl  - 文件<file:D:/MavenRepository/org/tinygroup/org.tinygroup.config/1.2.0-SNAPSHOT/org.tinygroup.config-1.2.0-SNAPSHOT.jar>由于匹配了包含正则表达式<org\.tinygroup\.(.)*\.jar>而被扫描。
2014-05-24 09:24:49,493 -23   [main] INFO  org.tinygroup.fileresolver.impl.FileResolverImpl  - 文件<file:D:/MavenRepository/org/tinygroup/org.tinygroup.xmlparser/1.2.0-SNAPSHOT/org.tinygroup.xmlparser-1.2.0-SNAPSHOT.jar>由于匹配了包含正则表达式<org\.tinygroup\.(.)*\.jar>而被扫描。
2014-05-24 09:24:49,494 -24   [main] INFO  org.tinygroup.fileresolver.impl.FileResolverImpl  - 文件<file:D:/MavenRepository/org/tinygroup/org.tinygroup.parser/1.2.0-SNAPSHOT/org.tinygroup.parser-1.2.0-SNAPSHOT.jar>由于匹配了包含正则表达式<org\.tinygroup\.(.)*\.jar>而被扫描。
2014-05-24 09:24:49,495 -25   [main] INFO  org.tinygroup.fileresolver.impl.FileResolverImpl  - 文件<file:D:/MavenRepository/org/tinygroup/org.tinygroup.binarytree/1.2.0-SNAPSHOT/org.tinygroup.binarytree-1.2.0-SNAPSHOT.jar>由于匹配了包含正则表达式<org\.tinygroup\.(.)*\.jar>而被扫描。
2014-05-24 09:24:49,496 -26   [main] INFO  org.tinygroup.fileresolver.impl.FileResolverImpl  - 文件<file:D:/MavenRepository/org/tinygroup/org.tinygroup.i18n/1.2.0-SNAPSHOT/org.tinygroup.i18n-1.2.0-SNAPSHOT.jar>由于匹配了包含正则表达式<org\.tinygroup\.(.)*\.jar>而被扫描。
2014-05-24 09:24:49,497 -27   [main] INFO  org.tinygroup.fileresolver.impl.FileResolverImpl  - 文件<file:D:/MavenRepository/org/tinygroup/org.tinygroup.formater/1.2.0-SNAPSHOT/org.tinygroup.formater-1.2.0-SNAPSHOT.jar>由于匹配了包含正则表达式<org\.tinygroup\.(.)*\.jar>而被扫描。
2014-05-24 09:24:49,499 -29   [main] INFO  org.tinygroup.fileresolver.impl.FileResolverImpl  - 文件<file:D:/MavenRepository/org/tinygroup/org.tinygroup.order/1.2.0-SNAPSHOT/org.tinygroup.order-1.2.0-SNAPSHOT.jar>由于匹配了包含正则表达式<org\.tinygroup\.(.)*\.jar>而被扫描。
2014-05-24 09:24:49,500 -30   [main] INFO  org.tinygroup.fileresolver.impl.FileResolverImpl  - 文件<file:D:/MavenRepository/org/tinygroup/org.tinygroup.threadgroup/1.2.0-SNAPSHOT/org.tinygroup.threadgroup-1.2.0-SNAPSHOT.jar>由于匹配了包含正则表达式<org\.tinygroup\.(.)*\.jar>而被扫描。
2014-05-24 09:24:49,501 -31   [main] INFO  org.tinygroup.fileresolver.impl.FileResolverImpl  - 文件<file:D:/MavenRepository/org/tinygroup/org.tinygroup.context/1.2.0-SNAPSHOT/org.tinygroup.context-1.2.0-SNAPSHOT.jar>由于匹配了包含正则表达式<org\.tinygroup\.(.)*\.jar>而被扫描。
2014-05-24 09:24:49,502 -32   [main] INFO  org.tinygroup.fileresolver.impl.FileResolverImpl  - 文件<file:D:/MavenRepository/org/tinygroup/org.tinygroup.database/1.2.0-SNAPSHOT/org.tinygroup.database-1.2.0-SNAPSHOT.jar>由于匹配了包含正则表达式<org\.tinygroup\.(.)*\.jar>而被扫描。
2014-05-24 09:24:49,503 -33   [main] INFO  org.tinygroup.fileresolver.impl.FileResolverImpl  - 文件<file:D:/MavenRepository/org/tinygroup/org.tinygroup.metadata/1.2.0-SNAPSHOT/org.tinygroup.metadata-1.2.0-SNAPSHOT.jar>由于匹配了包含正则表达式<org\.tinygroup\.(.)*\.jar>而被扫描。
2014-05-24 09:24:49,503 -33   [main] INFO  org.tinygroup.fileresolver.impl.FileResolverImpl  - 文件<file:D:/MavenRepository/org/tinygroup/org.tinygroup.cache/1.2.0-SNAPSHOT/org.tinygroup.cache-1.2.0-SNAPSHOT.jar>由于匹配了包含正则表达式<org\.tinygroup\.(.)*\.jar>而被扫描。
2014-05-24 09:24:49,505 -35   [main] INFO  org.tinygroup.fileresolver.impl.FileResolverImpl  - 查找WEB-INF/classes路径开始...
2014-05-24 09:24:49,506 -36   [main] INFO  org.tinygroup.fileresolver.impl.FileResolverImpl  - WEB-INF/classes路径是:file:/D:/git/tiny/db/org.tinygroup.tinydb/target/test-classes/
2014-05-24 09:24:49,506 -36   [main] INFO  org.tinygroup.fileresolver.impl.FileResolverImpl  - WEB-INF/lib路径是:file:/D:/git/tiny/db/org.tinygroup.tinydb/target/test-classes/
2014-05-24 09:24:49,506 -36   [main] INFO  org.tinygroup.fileresolver.impl.FileResolverImpl  - 查找WEB-INF/classes路径完成。
2014-05-24 09:24:49,507 -37   [main] WARN  org.tinygroup.fileresolver.impl.FileResolverImpl  - WEBROOT变量找不到
2014-05-24 09:24:49,507 -37   [main] INFO  org.tinygroup.fileresolver.impl.FileResolverImpl  - 查找Web工程中的jar文件列表开始...
2014-05-24 09:24:49,511 -41   [main] INFO  org.tinygroup.fileresolver.impl.FileResolverImpl  - 文件<file:D:/MavenRepository/org/tinygroup/org.tinygroup.springutil/1.2.0-SNAPSHOT/org.tinygroup.springutil-1.2.0-SNAPSHOT.jar>由于匹配了包含正则表达式<org\.tinygroup\.(.)*\.jar>而被扫描。
2014-05-24 09:24:49,512 -42   [main] INFO  org.tinygroup.fileresolver.impl.FileResolverImpl  - 扫描到jar文件<jar:file:/D:/MavenRepository/org/tinygroup/org.tinygroup.springutil/1.2.0-SNAPSHOT/org.tinygroup.springutil-1.2.0-SNAPSHOT.jar>。
2014-05-24 09:24:49,513 -43   [main] INFO  org.tinygroup.fileresolver.impl.FileResolverImpl  - 文件<file:D:/MavenRepository/org/tinygroup/org.tinygroup.logger/1.2.0-SNAPSHOT/org.tinygroup.logger-1.2.0-SNAPSHOT.jar>由于匹配了包含正则表达式<org\.tinygroup\.(.)*\.jar>而被扫描。
2014-05-24 09:24:49,513 -43   [main] INFO  org.tinygroup.fileresolver.impl.FileResolverImpl  - 扫描到jar文件<jar:file:/D:/MavenRepository/org/tinygroup/org.tinygroup.logger/1.2.0-SNAPSHOT/org.tinygroup.logger-1.2.0-SNAPSHOT.jar>。
2014-05-24 09:24:49,514 -44   [main] INFO  org.tinygroup.fileresolver.impl.FileResolverImpl  - 文件<file:D:/MavenRepository/org/tinygroup/org.tinygroup.vfs/1.2.0-SNAPSHOT/org.tinygroup.vfs-1.2.0-SNAPSHOT.jar>由于匹配了包含正则表达式<org\.tinygroup\.(.)*\.jar>而被扫描。
2014-05-24 09:24:49,515 -45   [main] INFO  org.tinygroup.fileresolver.impl.FileResolverImpl  - 扫描到jar文件<jar:file:/D:/MavenRepository/org/tinygroup/org.tinygroup.vfs/1.2.0-SNAPSHOT/org.tinygroup.vfs-1.2.0-SNAPSHOT.jar>。
2014-05-24 09:24:49,527 -57   [main] INFO  org.tinygroup.fileresolver.impl.FileResolverImpl  - 文件<file:D:/MavenRepository/org/tinygroup/org.tinygroup.exception/1.2.0-SNAPSHOT/org.tinygroup.exception-1.2.0-SNAPSHOT.jar>由于匹配了包含正则表达式<org\.tinygroup\.(.)*\.jar>而被扫描。
2014-05-24 09:24:49,529 -59   [main] INFO  org.tinygroup.fileresolver.impl.FileResolverImpl  - 扫描到jar文件<jar:file:/D:/MavenRepository/org/tinygroup/org.tinygroup.exception/1.2.0-SNAPSHOT/org.tinygroup.exception-1.2.0-SNAPSHOT.jar>。
2014-05-24 09:24:49,537 -67   [main] INFO  org.tinygroup.fileresolver.impl.FileResolverImpl  - 文件<file:D:/MavenRepository/org/tinygroup/org.tinygroup.testutil/1.2.0-SNAPSHOT/org.tinygroup.testutil-1.2.0-SNAPSHOT.jar>由于匹配了包含正则表达式<org\.tinygroup\.(.)*\.jar>而被扫描。
2014-05-24 09:24:49,537 -67   [main] INFO  org.tinygroup.fileresolver.impl.FileResolverImpl  - 扫描到jar文件<jar:file:/D:/MavenRepository/org/tinygroup/org.tinygroup.testutil/1.2.0-SNAPSHOT/org.tinygroup.testutil-1.2.0-SNAPSHOT.jar>。
2014-05-24 09:24:49,539 -69   [main] INFO  org.tinygroup.fileresolver.impl.FileResolverImpl  - 文件<file:D:/MavenRepository/org/tinygroup/org.tinygroup.application/1.2.0-SNAPSHOT/org.tinygroup.application-1.2.0-SNAPSHOT.jar>由于匹配了包含正则表达式<org\.tinygroup\.(.)*\.jar>而被扫描。
2014-05-24 09:24:49,539 -69   [main] INFO  org.tinygroup.fileresolver.impl.FileResolverImpl  - 扫描到jar文件<jar:file:/D:/MavenRepository/org/tinygroup/org.tinygroup.application/1.2.0-SNAPSHOT/org.tinygroup.application-1.2.0-SNAPSHOT.jar>。
2014-05-24 09:24:49,540 -70   [main] INFO  org.tinygroup.fileresolver.impl.FileResolverImpl  - 文件<file:D:/MavenRepository/org/tinygroup/org.tinygroup.commons/1.2.0-SNAPSHOT/org.tinygroup.commons-1.2.0-SNAPSHOT.jar>由于匹配了包含正则表达式<org\.tinygroup\.(.)*\.jar>而被扫描。
2014-05-24 09:24:49,541 -71   [main] INFO  org.tinygroup.fileresolver.impl.FileResolverImpl  - 扫描到jar文件<jar:file:/D:/MavenRepository/org/tinygroup/org.tinygroup.commons/1.2.0-SNAPSHOT/org.tinygroup.commons-1.2.0-SNAPSHOT.jar>。
2014-05-24 09:24:49,548 -78   [main] INFO  org.tinygroup.fileresolver.impl.FileResolverImpl  - 文件<file:D:/MavenRepository/org/tinygroup/org.tinygroup.xstream/1.2.0-SNAPSHOT/org.tinygroup.xstream-1.2.0-SNAPSHOT.jar>由于匹配了包含正则表达式<org\.tinygroup\.(.)*\.jar>而被扫描。
2014-05-24 09:24:49,549 -79   [main] INFO  org.tinygroup.fileresolver.impl.FileResolverImpl  - 扫描到jar文件<jar:file:/D:/MavenRepository/org/tinygroup/org.tinygroup.xstream/1.2.0-SNAPSHOT/org.tinygroup.xstream-1.2.0-SNAPSHOT.jar>。
2014-05-24 09:24:49,554 -84   [main] INFO  org.tinygroup.fileresolver.impl.FileResolverImpl  - 文件<file:D:/MavenRepository/org/tinygroup/org.tinygroup.fileresolver/1.2.0-SNAPSHOT/org.tinygroup.fileresolver-1.2.0-SNAPSHOT.jar>由于匹配了包含正则表达式<org\.tinygroup\.(.)*\.jar>而被扫描。
2014-05-24 09:24:49,554 -84   [main] INFO  org.tinygroup.fileresolver.impl.FileResolverImpl  - 扫描到jar文件<jar:file:/D:/MavenRepository/org/tinygroup/org.tinygroup.fileresolver/1.2.0-SNAPSHOT/org.tinygroup.fileresolver-1.2.0-SNAPSHOT.jar>。
2014-05-24 09:24:49,555 -85   [main] INFO  org.tinygroup.fileresolver.impl.FileResolverImpl  - 文件<file:D:/MavenRepository/org/tinygroup/org.tinygroup.config/1.2.0-SNAPSHOT/org.tinygroup.config-1.2.0-SNAPSHOT.jar>由于匹配了包含正则表达式<org\.tinygroup\.(.)*\.jar>而被扫描。
2014-05-24 09:24:49,556 -86   [main] INFO  org.tinygroup.fileresolver.impl.FileResolverImpl  - 扫描到jar文件<jar:file:/D:/MavenRepository/org/tinygroup/org.tinygroup.config/1.2.0-SNAPSHOT/org.tinygroup.config-1.2.0-SNAPSHOT.jar>。
2014-05-24 09:24:49,557 -87   [main] INFO  org.tinygroup.fileresolver.impl.FileResolverImpl  - 文件<file:D:/MavenRepository/org/tinygroup/org.tinygroup.xmlparser/1.2.0-SNAPSHOT/org.tinygroup.xmlparser-1.2.0-SNAPSHOT.jar>由于匹配了包含正则表达式<org\.tinygroup\.(.)*\.jar>而被扫描。
2014-05-24 09:24:49,557 -87   [main] INFO  org.tinygroup.fileresolver.impl.FileResolverImpl  - 扫描到jar文件<jar:file:/D:/MavenRepository/org/tinygroup/org.tinygroup.xmlparser/1.2.0-SNAPSHOT/org.tinygroup.xmlparser-1.2.0-SNAPSHOT.jar>。
2014-05-24 09:24:49,558 -88   [main] INFO  org.tinygroup.fileresolver.impl.FileResolverImpl  - 文件<file:D:/MavenRepository/org/tinygroup/org.tinygroup.parser/1.2.0-SNAPSHOT/org.tinygroup.parser-1.2.0-SNAPSHOT.jar>由于匹配了包含正则表达式<org\.tinygroup\.(.)*\.jar>而被扫描。
2014-05-24 09:24:49,559 -89   [main] INFO  org.tinygroup.fileresolver.impl.FileResolverImpl  - 扫描到jar文件<jar:file:/D:/MavenRepository/org/tinygroup/org.tinygroup.parser/1.2.0-SNAPSHOT/org.tinygroup.parser-1.2.0-SNAPSHOT.jar>。
2014-05-24 09:24:49,560 -90   [main] INFO  org.tinygroup.fileresolver.impl.FileResolverImpl  - 文件<file:D:/MavenRepository/org/tinygroup/org.tinygroup.binarytree/1.2.0-SNAPSHOT/org.tinygroup.binarytree-1.2.0-SNAPSHOT.jar>由于匹配了包含正则表达式<org\.tinygroup\.(.)*\.jar>而被扫描。
2014-05-24 09:24:49,561 -91   [main] INFO  org.tinygroup.fileresolver.impl.FileResolverImpl  - 扫描到jar文件<jar:file:/D:/MavenRepository/org/tinygroup/org.tinygroup.binarytree/1.2.0-SNAPSHOT/org.tinygroup.binarytree-1.2.0-SNAPSHOT.jar>。
2014-05-24 09:24:49,562 -92   [main] INFO  org.tinygroup.fileresolver.impl.FileResolverImpl  - 文件<file:D:/MavenRepository/org/tinygroup/org.tinygroup.i18n/1.2.0-SNAPSHOT/org.tinygroup.i18n-1.2.0-SNAPSHOT.jar>由于匹配了包含正则表达式<org\.tinygroup\.(.)*\.jar>而被扫描。
2014-05-24 09:24:49,563 -93   [main] INFO  org.tinygroup.fileresolver.impl.FileResolverImpl  - 扫描到jar文件<jar:file:/D:/MavenRepository/org/tinygroup/org.tinygroup.i18n/1.2.0-SNAPSHOT/org.tinygroup.i18n-1.2.0-SNAPSHOT.jar>。
2014-05-24 09:24:49,563 -93   [main] INFO  org.tinygroup.fileresolver.impl.FileResolverImpl  - 文件<file:D:/MavenRepository/org/tinygroup/org.tinygroup.formater/1.2.0-SNAPSHOT/org.tinygroup.formater-1.2.0-SNAPSHOT.jar>由于匹配了包含正则表达式<org\.tinygroup\.(.)*\.jar>而被扫描。
2014-05-24 09:24:49,564 -94   [main] INFO  org.tinygroup.fileresolver.impl.FileResolverImpl  - 扫描到jar文件<jar:file:/D:/MavenRepository/org/tinygroup/org.tinygroup.formater/1.2.0-SNAPSHOT/org.tinygroup.formater-1.2.0-SNAPSHOT.jar>。
2014-05-24 09:24:49,568 -98   [main] INFO  org.tinygroup.fileresolver.impl.FileResolverImpl  - 文件<file:D:/MavenRepository/org/tinygroup/org.tinygroup.order/1.2.0-SNAPSHOT/org.tinygroup.order-1.2.0-SNAPSHOT.jar>由于匹配了包含正则表达式<org\.tinygroup\.(.)*\.jar>而被扫描。
2014-05-24 09:24:49,569 -99   [main] INFO  org.tinygroup.fileresolver.impl.FileResolverImpl  - 扫描到jar文件<jar:file:/D:/MavenRepository/org/tinygroup/org.tinygroup.order/1.2.0-SNAPSHOT/org.tinygroup.order-1.2.0-SNAPSHOT.jar>。
2014-05-24 09:24:49,570 -100  [main] INFO  org.tinygroup.fileresolver.impl.FileResolverImpl  - 文件<file:D:/MavenRepository/org/tinygroup/org.tinygroup.threadgroup/1.2.0-SNAPSHOT/org.tinygroup.threadgroup-1.2.0-SNAPSHOT.jar>由于匹配了包含正则表达式<org\.tinygroup\.(.)*\.jar>而被扫描。
2014-05-24 09:24:49,571 -101  [main] INFO  org.tinygroup.fileresolver.impl.FileResolverImpl  - 扫描到jar文件<jar:file:/D:/MavenRepository/org/tinygroup/org.tinygroup.threadgroup/1.2.0-SNAPSHOT/org.tinygroup.threadgroup-1.2.0-SNAPSHOT.jar>。
2014-05-24 09:24:49,574 -104  [main] INFO  org.tinygroup.fileresolver.impl.FileResolverImpl  - 文件<file:D:/MavenRepository/org/tinygroup/org.tinygroup.context/1.2.0-SNAPSHOT/org.tinygroup.context-1.2.0-SNAPSHOT.jar>由于匹配了包含正则表达式<org\.tinygroup\.(.)*\.jar>而被扫描。
2014-05-24 09:24:49,575 -105  [main] INFO  org.tinygroup.fileresolver.impl.FileResolverImpl  - 扫描到jar文件<jar:file:/D:/MavenRepository/org/tinygroup/org.tinygroup.context/1.2.0-SNAPSHOT/org.tinygroup.context-1.2.0-SNAPSHOT.jar>。
2014-05-24 09:24:49,576 -106  [main] INFO  org.tinygroup.fileresolver.impl.FileResolverImpl  - 文件<file:D:/MavenRepository/org/tinygroup/org.tinygroup.database/1.2.0-SNAPSHOT/org.tinygroup.database-1.2.0-SNAPSHOT.jar>由于匹配了包含正则表达式<org\.tinygroup\.(.)*\.jar>而被扫描。
2014-05-24 09:24:49,576 -106  [main] INFO  org.tinygroup.fileresolver.impl.FileResolverImpl  - 扫描到jar文件<jar:file:/D:/MavenRepository/org/tinygroup/org.tinygroup.database/1.2.0-SNAPSHOT/org.tinygroup.database-1.2.0-SNAPSHOT.jar>。
2014-05-24 09:24:49,578 -108  [main] INFO  org.tinygroup.fileresolver.impl.FileResolverImpl  - 文件<file:D:/MavenRepository/org/tinygroup/org.tinygroup.metadata/1.2.0-SNAPSHOT/org.tinygroup.metadata-1.2.0-SNAPSHOT.jar>由于匹配了包含正则表达式<org\.tinygroup\.(.)*\.jar>而被扫描。
2014-05-24 09:24:49,579 -109  [main] INFO  org.tinygroup.fileresolver.impl.FileResolverImpl  - 扫描到jar文件<jar:file:/D:/MavenRepository/org/tinygroup/org.tinygroup.metadata/1.2.0-SNAPSHOT/org.tinygroup.metadata-1.2.0-SNAPSHOT.jar>。
2014-05-24 09:24:49,580 -110  [main] INFO  org.tinygroup.fileresolver.impl.FileResolverImpl  - 文件<file:D:/MavenRepository/org/tinygroup/org.tinygroup.cache/1.2.0-SNAPSHOT/org.tinygroup.cache-1.2.0-SNAPSHOT.jar>由于匹配了包含正则表达式<org\.tinygroup\.(.)*\.jar>而被扫描。
2014-05-24 09:24:49,581 -111  [main] INFO  org.tinygroup.fileresolver.impl.FileResolverImpl  - 扫描到jar文件<jar:file:/D:/MavenRepository/org/tinygroup/org.tinygroup.cache/1.2.0-SNAPSHOT/org.tinygroup.cache-1.2.0-SNAPSHOT.jar>。
2014-05-24 09:24:49,587 -117  [main] INFO  org.tinygroup.fileresolver.impl.FileResolverImpl  - 查找Web工程中的jar文件列表完成。
2014-05-24 09:24:49,599 -129  [file-resolver-threads-file-processor-thread-0] INFO  org.tinygroup.fileresolver.impl.FileResolverImpl  - 正在扫描路径[D:/MavenRepository/org/tinygroup/org.tinygroup.xmlparser/1.2.0-SNAPSHOT/org.tinygroup.xmlparser-1.2.0-SNAPSHOT.jar]...
2014-05-24 09:24:49,606 -136  [file-resolver-threads-file-processor-thread-0] INFO  org.tinygroup.fileresolver.impl.FileResolverImpl  - 路径[D:/MavenRepository/org/tinygroup/org.tinygroup.xmlparser/1.2.0-SNAPSHOT/org.tinygroup.xmlparser-1.2.0-SNAPSHOT.jar]扫描完成。
2014-05-24 09:24:49,607 -137  [file-resolver-threads-file-processor-thread-0] INFO  org.tinygroup.fileresolver.impl.FileResolverImpl  - 正在扫描路径[D:/MavenRepository/org/tinygroup/org.tinygroup.context/1.2.0-SNAPSHOT/org.tinygroup.context-1.2.0-SNAPSHOT.jar]...
2014-05-24 09:24:49,612 -142  [file-resolver-threads-file-processor-thread-0] INFO  org.tinygroup.fileresolver.impl.FileResolverImpl  - 路径[D:/MavenRepository/org/tinygroup/org.tinygroup.context/1.2.0-SNAPSHOT/org.tinygroup.context-1.2.0-SNAPSHOT.jar]扫描完成。
2014-05-24 09:24:49,613 -143  [file-resolver-threads-file-processor-thread-0] INFO  org.tinygroup.fileresolver.impl.FileResolverImpl  - 正在扫描路径[D:/MavenRepository/org/tinygroup/org.tinygroup.parser/1.2.0-SNAPSHOT/org.tinygroup.parser-1.2.0-SNAPSHOT.jar]...
2014-05-24 09:24:49,621 -151  [file-resolver-threads-file-processor-thread-0] INFO  org.tinygroup.fileresolver.impl.FileResolverImpl  - 路径[D:/MavenRepository/org/tinygroup/org.tinygroup.parser/1.2.0-SNAPSHOT/org.tinygroup.parser-1.2.0-SNAPSHOT.jar]扫描完成。
2014-05-24 09:24:49,621 -151  [file-resolver-threads-file-processor-thread-0] INFO  org.tinygroup.fileresolver.impl.FileResolverImpl  - 正在扫描路径[D:/MavenRepository/org/tinygroup/org.tinygroup.logger/1.2.0-SNAPSHOT/org.tinygroup.logger-1.2.0-SNAPSHOT.jar]...
2014-05-24 09:24:49,625 -155  [file-resolver-threads-file-processor-thread-0] INFO  org.tinygroup.fileresolver.impl.FileResolverImpl  - 路径[D:/MavenRepository/org/tinygroup/org.tinygroup.logger/1.2.0-SNAPSHOT/org.tinygroup.logger-1.2.0-SNAPSHOT.jar]扫描完成。
2014-05-24 09:24:49,625 -155  [file-resolver-threads-file-processor-thread-0] INFO  org.tinygroup.fileresolver.impl.FileResolverImpl  - 正在扫描路径[D:/MavenRepository/org/tinygroup/org.tinygroup.binarytree/1.2.0-SNAPSHOT/org.tinygroup.binarytree-1.2.0-SNAPSHOT.jar]...
2014-05-24 09:24:49,629 -159  [file-resolver-threads-file-processor-thread-0] INFO  org.tinygroup.fileresolver.impl.FileResolverImpl  - 路径[D:/MavenRepository/org/tinygroup/org.tinygroup.binarytree/1.2.0-SNAPSHOT/org.tinygroup.binarytree-1.2.0-SNAPSHOT.jar]扫描完成。
2014-05-24 09:24:49,629 -159  [file-resolver-threads-file-processor-thread-0] INFO  org.tinygroup.fileresolver.impl.FileResolverImpl  - 正在扫描路径[D:/MavenRepository/org/tinygroup/org.tinygroup.metadata/1.2.0-SNAPSHOT/org.tinygroup.metadata-1.2.0-SNAPSHOT.jar]...
2014-05-24 09:24:49,647 -177  [file-resolver-threads-file-processor-thread-0] INFO  org.tinygroup.fileresolver.impl.FileResolverImpl  - 路径[D:/MavenRepository/org/tinygroup/org.tinygroup.metadata/1.2.0-SNAPSHOT/org.tinygroup.metadata-1.2.0-SNAPSHOT.jar]扫描完成。
2014-05-24 09:24:49,647 -177  [file-resolver-threads-file-processor-thread-0] INFO  org.tinygroup.fileresolver.impl.FileResolverImpl  - 正在扫描路径[D:/MavenRepository/org/tinygroup/org.tinygroup.cache/1.2.0-SNAPSHOT/org.tinygroup.cache-1.2.0-SNAPSHOT.jar]...
2014-05-24 09:24:49,650 -180  [file-resolver-threads-file-processor-thread-0] INFO  org.tinygroup.fileresolver.impl.FileResolverImpl  - 路径[D:/MavenRepository/org/tinygroup/org.tinygroup.cache/1.2.0-SNAPSHOT/org.tinygroup.cache-1.2.0-SNAPSHOT.jar]扫描完成。
2014-05-24 09:24:49,650 -180  [file-resolver-threads-file-processor-thread-0] INFO  org.tinygroup.fileresolver.impl.FileResolverImpl  - 正在扫描路径[D:/MavenRepository/org/tinygroup/org.tinygroup.formater/1.2.0-SNAPSHOT/org.tinygroup.formater-1.2.0-SNAPSHOT.jar]...
2014-05-24 09:24:49,654 -184  [file-resolver-threads-file-processor-thread-0] INFO  org.tinygroup.fileresolver.impl.FileResolverImpl  - 路径[D:/MavenRepository/org/tinygroup/org.tinygroup.formater/1.2.0-SNAPSHOT/org.tinygroup.formater-1.2.0-SNAPSHOT.jar]扫描完成。
2014-05-24 09:24:49,654 -184  [file-resolver-threads-file-processor-thread-0] INFO  org.tinygroup.fileresolver.impl.FileResolverImpl  - 正在扫描路径[D:\git\tiny\db\org.tinygroup.tinydb\target\test-classes]...
2014-05-24 09:24:49,658 -188  [file-resolver-threads-file-processor-thread-0] INFO  org.tinygroup.fileresolver.impl.FileResolverImpl  - 路径[D:\git\tiny\db\org.tinygroup.tinydb\target\test-classes]扫描完成。
2014-05-24 09:24:49,658 -188  [file-resolver-threads-file-processor-thread-0] INFO  org.tinygroup.fileresolver.impl.FileResolverImpl  - 正在扫描路径[D:/MavenRepository/org/tinygroup/org.tinygroup.exception/1.2.0-SNAPSHOT/org.tinygroup.exception-1.2.0-SNAPSHOT.jar]...
2014-05-24 09:24:49,661 -191  [file-resolver-threads-file-processor-thread-0] INFO  org.tinygroup.fileresolver.impl.FileResolverImpl  - 路径[D:/MavenRepository/org/tinygroup/org.tinygroup.exception/1.2.0-SNAPSHOT/org.tinygroup.exception-1.2.0-SNAPSHOT.jar]扫描完成。
2014-05-24 09:24:49,661 -191  [file-resolver-threads-file-processor-thread-0] INFO  org.tinygroup.fileresolver.impl.FileResolverImpl  - 正在扫描路径[D:/MavenRepository/org/tinygroup/org.tinygroup.application/1.2.0-SNAPSHOT/org.tinygroup.application-1.2.0-SNAPSHOT.jar]...
2014-05-24 09:24:49,664 -194  [file-resolver-threads-file-processor-thread-0] INFO  org.tinygroup.fileresolver.impl.FileResolverImpl  - 路径[D:/MavenRepository/org/tinygroup/org.tinygroup.application/1.2.0-SNAPSHOT/org.tinygroup.application-1.2.0-SNAPSHOT.jar]扫描完成。
2014-05-24 09:24:49,664 -194  [file-resolver-threads-file-processor-thread-0] INFO  org.tinygroup.fileresolver.impl.FileResolverImpl  - 正在扫描路径[D:/MavenRepository/org/tinygroup/org.tinygroup.database/1.2.0-SNAPSHOT/org.tinygroup.database-1.2.0-SNAPSHOT.jar]...
2014-05-24 09:24:49,707 -237  [file-resolver-threads-file-processor-thread-0] INFO  org.tinygroup.fileresolver.impl.FileResolverImpl  - 路径[D:/MavenRepository/org/tinygroup/org.tinygroup.database/1.2.0-SNAPSHOT/org.tinygroup.database-1.2.0-SNAPSHOT.jar]扫描完成。
2014-05-24 09:24:49,707 -237  [file-resolver-threads-file-processor-thread-0] INFO  org.tinygroup.fileresolver.impl.FileResolverImpl  - 正在扫描路径[D:/MavenRepository/org/tinygroup/org.tinygroup.testutil/1.2.0-SNAPSHOT/org.tinygroup.testutil-1.2.0-SNAPSHOT.jar]...
2014-05-24 09:24:49,714 -244  [file-resolver-threads-file-processor-thread-0] INFO  org.tinygroup.fileresolver.impl.FileResolverImpl  - 路径[D:/MavenRepository/org/tinygroup/org.tinygroup.testutil/1.2.0-SNAPSHOT/org.tinygroup.testutil-1.2.0-SNAPSHOT.jar]扫描完成。
2014-05-24 09:24:49,714 -244  [file-resolver-threads-file-processor-thread-0] INFO  org.tinygroup.fileresolver.impl.FileResolverImpl  - 正在扫描路径[D:/MavenRepository/org/tinygroup/org.tinygroup.fileresolver/1.2.0-SNAPSHOT/org.tinygroup.fileresolver-1.2.0-SNAPSHOT.jar]...
2014-05-24 09:24:49,723 -253  [file-resolver-threads-file-processor-thread-0] INFO  org.tinygroup.fileresolver.impl.FileResolverImpl  - 路径[D:/MavenRepository/org/tinygroup/org.tinygroup.fileresolver/1.2.0-SNAPSHOT/org.tinygroup.fileresolver-1.2.0-SNAPSHOT.jar]扫描完成。
2014-05-24 09:24:49,724 -254  [file-resolver-threads-file-processor-thread-0] INFO  org.tinygroup.fileresolver.impl.FileResolverImpl  - 正在扫描路径[D:/MavenRepository/org/tinygroup/org.tinygroup.commons/1.2.0-SNAPSHOT/org.tinygroup.commons-1.2.0-SNAPSHOT.jar]...
2014-05-24 09:24:49,777 -307  [file-resolver-threads-file-processor-thread-0] INFO  org.tinygroup.fileresolver.impl.FileResolverImpl  - 路径[D:/MavenRepository/org/tinygroup/org.tinygroup.commons/1.2.0-SNAPSHOT/org.tinygroup.commons-1.2.0-SNAPSHOT.jar]扫描完成。
2014-05-24 09:24:49,778 -308  [file-resolver-threads-file-processor-thread-0] INFO  org.tinygroup.fileresolver.impl.FileResolverImpl  - 正在扫描路径[D:/MavenRepository/org/tinygroup/org.tinygroup.order/1.2.0-SNAPSHOT/org.tinygroup.order-1.2.0-SNAPSHOT.jar]...
2014-05-24 09:24:49,781 -311  [file-resolver-threads-file-processor-thread-0] INFO  org.tinygroup.fileresolver.impl.FileResolverImpl  - 路径[D:/MavenRepository/org/tinygroup/org.tinygroup.order/1.2.0-SNAPSHOT/org.tinygroup.order-1.2.0-SNAPSHOT.jar]扫描完成。
2014-05-24 09:24:49,782 -312  [file-resolver-threads-file-processor-thread-0] INFO  org.tinygroup.fileresolver.impl.FileResolverImpl  - 正在扫描路径[D:/MavenRepository/org/tinygroup/org.tinygroup.xstream/1.2.0-SNAPSHOT/org.tinygroup.xstream-1.2.0-SNAPSHOT.jar]...
2014-05-24 09:24:49,785 -315  [file-resolver-threads-file-processor-thread-0] INFO  org.tinygroup.fileresolver.impl.FileResolverImpl  - 路径[D:/MavenRepository/org/tinygroup/org.tinygroup.xstream/1.2.0-SNAPSHOT/org.tinygroup.xstream-1.2.0-SNAPSHOT.jar]扫描完成。
2014-05-24 09:24:49,785 -315  [file-resolver-threads-file-processor-thread-0] INFO  org.tinygroup.fileresolver.impl.FileResolverImpl  - 正在扫描路径[D:/MavenRepository/org/tinygroup/org.tinygroup.springutil/1.2.0-SNAPSHOT/org.tinygroup.springutil-1.2.0-SNAPSHOT.jar]...
2014-05-24 09:24:49,788 -318  [file-resolver-threads-file-processor-thread-0] INFO  org.tinygroup.fileresolver.impl.FileResolverImpl  - 路径[D:/MavenRepository/org/tinygroup/org.tinygroup.springutil/1.2.0-SNAPSHOT/org.tinygroup.springutil-1.2.0-SNAPSHOT.jar]扫描完成。
2014-05-24 09:24:49,789 -319  [file-resolver-threads-file-processor-thread-0] INFO  org.tinygroup.fileresolver.impl.FileResolverImpl  - 正在扫描路径[D:/MavenRepository/org/tinygroup/org.tinygroup.i18n/1.2.0-SNAPSHOT/org.tinygroup.i18n-1.2.0-SNAPSHOT.jar]...
2014-05-24 09:24:49,796 -326  [file-resolver-threads-file-processor-thread-0] INFO  org.tinygroup.fileresolver.impl.FileResolverImpl  - 路径[D:/MavenRepository/org/tinygroup/org.tinygroup.i18n/1.2.0-SNAPSHOT/org.tinygroup.i18n-1.2.0-SNAPSHOT.jar]扫描完成。
2014-05-24 09:24:49,797 -327  [file-resolver-threads-file-processor-thread-0] INFO  org.tinygroup.fileresolver.impl.FileResolverImpl  - 正在扫描路径[D:\git\tiny\db\org.tinygroup.tinydb\target\classes]...
2014-05-24 09:24:49,807 -337  [file-resolver-threads-file-processor-thread-0] INFO  org.tinygroup.fileresolver.impl.FileResolverImpl  - 路径[D:\git\tiny\db\org.tinygroup.tinydb\target\classes]扫描完成。
2014-05-24 09:24:49,807 -337  [file-resolver-threads-file-processor-thread-0] INFO  org.tinygroup.fileresolver.impl.FileResolverImpl  - 正在扫描路径[D:/MavenRepository/org/tinygroup/org.tinygroup.vfs/1.2.0-SNAPSHOT/org.tinygroup.vfs-1.2.0-SNAPSHOT.jar]...
2014-05-24 09:24:49,812 -342  [file-resolver-threads-file-processor-thread-0] INFO  org.tinygroup.fileresolver.impl.FileResolverImpl  - 路径[D:/MavenRepository/org/tinygroup/org.tinygroup.vfs/1.2.0-SNAPSHOT/org.tinygroup.vfs-1.2.0-SNAPSHOT.jar]扫描完成。
2014-05-24 09:24:49,812 -342  [file-resolver-threads-file-processor-thread-0] INFO  org.tinygroup.fileresolver.impl.FileResolverImpl  - 正在扫描路径[D:/MavenRepository/org/tinygroup/org.tinygroup.threadgroup/1.2.0-SNAPSHOT/org.tinygroup.threadgroup-1.2.0-SNAPSHOT.jar]...
2014-05-24 09:24:49,815 -345  [file-resolver-threads-file-processor-thread-0] INFO  org.tinygroup.fileresolver.impl.FileResolverImpl  - 路径[D:/MavenRepository/org/tinygroup/org.tinygroup.threadgroup/1.2.0-SNAPSHOT/org.tinygroup.threadgroup-1.2.0-SNAPSHOT.jar]扫描完成。
2014-05-24 09:24:49,815 -345  [file-resolver-threads-file-processor-thread-0] INFO  org.tinygroup.fileresolver.impl.FileResolverImpl  - 正在扫描路径[D:/MavenRepository/org/tinygroup/org.tinygroup.config/1.2.0-SNAPSHOT/org.tinygroup.config-1.2.0-SNAPSHOT.jar]...
2014-05-24 09:24:49,817 -347  [file-resolver-threads-file-processor-thread-0] INFO  org.tinygroup.fileresolver.impl.FileResolverImpl  - 路径[D:/MavenRepository/org/tinygroup/org.tinygroup.config/1.2.0-SNAPSHOT/org.tinygroup.config-1.2.0-SNAPSHOT.jar]扫描完成。
2014-05-24 09:24:49,820 -350  [main] INFO  org.tinygroup.fileresolver.impl.MultiThreadFileProcessor  - 线程组:<file-resolver-threads>执行时间：221
2014-05-24 09:24:49,880 -410  [main] INFO  org.tinygroup.springutil.SpringUtil  - 添加Spring配置文件:jar:file:D:/MavenRepository/org/tinygroup/org.tinygroup.binarytree/1.2.0-SNAPSHOT/org.tinygroup.binarytree-1.2.0-SNAPSHOT.jar!/binarytree.beans.xml
2014-05-24 09:24:49,880 -410  [main] INFO  org.tinygroup.springutil.SpringUtil  - 添加Spring配置文件:jar:file:D:/MavenRepository/org/tinygroup/org.tinygroup.metadata/1.2.0-SNAPSHOT/org.tinygroup.metadata-1.2.0-SNAPSHOT.jar!/Metadata.beans.xml
2014-05-24 09:24:49,880 -410  [main] INFO  org.tinygroup.springutil.SpringUtil  - 添加Spring配置文件:jar:file:D:/MavenRepository/org/tinygroup/org.tinygroup.cache/1.2.0-SNAPSHOT/org.tinygroup.cache-1.2.0-SNAPSHOT.jar!/Cache.beans.xml
2014-05-24 09:24:49,881 -411  [main] INFO  org.tinygroup.springutil.SpringUtil  - 添加Spring配置文件:file:D:/git/tiny/db/org.tinygroup.tinydb/target/test-classes/Application.springbeans.xml
2014-05-24 09:24:49,881 -411  [main] INFO  org.tinygroup.springutil.SpringUtil  - 添加Spring配置文件:file:D:/git/tiny/db/org.tinygroup.tinydb/target/test-classes/spring-context2.springbeans.xml
2014-05-24 09:24:49,881 -411  [main] INFO  org.tinygroup.springutil.SpringUtil  - 添加Spring配置文件:file:D:/git/tiny/db/org.tinygroup.tinydb/target/test-classes/test.beans.xml
2014-05-24 09:24:49,882 -412  [main] INFO  org.tinygroup.springutil.SpringUtil  - 添加Spring配置文件:jar:file:D:/MavenRepository/org/tinygroup/org.tinygroup.exception/1.2.0-SNAPSHOT/org.tinygroup.exception-1.2.0-SNAPSHOT.jar!/exception.beans.xml
2014-05-24 09:24:49,882 -412  [main] INFO  org.tinygroup.springutil.SpringUtil  - 添加Spring配置文件:jar:file:D:/MavenRepository/org/tinygroup/org.tinygroup.database/1.2.0-SNAPSHOT/org.tinygroup.database-1.2.0-SNAPSHOT.jar!/Database.beans.xml
2014-05-24 09:24:49,882 -412  [main] INFO  org.tinygroup.springutil.SpringUtil  - 添加Spring配置文件:jar:file:D:/MavenRepository/org/tinygroup/org.tinygroup.fileresolver/1.2.0-SNAPSHOT/org.tinygroup.fileresolver-1.2.0-SNAPSHOT.jar!/fileresolver.beans.xml
2014-05-24 09:24:49,890 -420  [main] INFO  org.tinygroup.springutil.SpringUtil  - 添加Spring配置文件:jar:file:D:/MavenRepository/org/tinygroup/org.tinygroup.order/1.2.0-SNAPSHOT/org.tinygroup.order-1.2.0-SNAPSHOT.jar!/order.beans.xml
2014-05-24 09:24:49,890 -420  [main] INFO  org.tinygroup.springutil.SpringUtil  - 添加Spring配置文件:jar:file:D:/MavenRepository/org/tinygroup/org.tinygroup.xstream/1.2.0-SNAPSHOT/org.tinygroup.xstream-1.2.0-SNAPSHOT.jar!/xstream.beans.xml
2014-05-24 09:24:49,891 -421  [main] INFO  org.tinygroup.springutil.SpringUtil  - 添加Spring配置文件:file:D:/git/tiny/db/org.tinygroup.tinydb/target/classes/tinydb.beans.xml
2014-05-24 09:24:49,893 -423  [main] INFO  org.springframework.context.support.FileSystemXmlApplicationContext  - Refreshing org.springframework.context.support.FileSystemXmlApplicationContext@1629bc56: display name [org.springframework.context.support.FileSystemXmlApplicationContext@1629bc56]; startup date [Sat May 24 09:24:49 CST 2014]; root of context hierarchy
2014-05-24 09:24:49,952 -482  [main] INFO  org.springframework.beans.factory.xml.XmlBeanDefinitionReader  - Loading XML bean definitions from URL [jar:file:D:/MavenRepository/org/tinygroup/org.tinygroup.binarytree/1.2.0-SNAPSHOT/org.tinygroup.binarytree-1.2.0-SNAPSHOT.jar!/binarytree.beans.xml]
2014-05-24 09:24:50,083 -613  [main] INFO  org.springframework.beans.factory.xml.XmlBeanDefinitionReader  - Loading XML bean definitions from URL [jar:file:D:/MavenRepository/org/tinygroup/org.tinygroup.metadata/1.2.0-SNAPSHOT/org.tinygroup.metadata-1.2.0-SNAPSHOT.jar!/Metadata.beans.xml]
2014-05-24 09:24:50,117 -647  [main] INFO  org.springframework.beans.factory.xml.XmlBeanDefinitionReader  - Loading XML bean definitions from URL [jar:file:D:/MavenRepository/org/tinygroup/org.tinygroup.cache/1.2.0-SNAPSHOT/org.tinygroup.cache-1.2.0-SNAPSHOT.jar!/Cache.beans.xml]
2014-05-24 09:24:50,147 -677  [main] INFO  org.springframework.beans.factory.xml.XmlBeanDefinitionReader  - Loading XML bean definitions from URL [file:D:/git/tiny/db/org.tinygroup.tinydb/target/test-classes/Application.springbeans.xml]
2014-05-24 09:24:50,172 -702  [main] INFO  org.springframework.beans.factory.xml.XmlBeanDefinitionReader  - Loading XML bean definitions from URL [file:D:/git/tiny/db/org.tinygroup.tinydb/target/test-classes/spring-context2.springbeans.xml]
2014-05-24 09:24:50,269 -799  [main] INFO  org.springframework.beans.factory.xml.XmlBeanDefinitionReader  - Loading XML bean definitions from URL [file:D:/git/tiny/db/org.tinygroup.tinydb/target/test-classes/test.beans.xml]
2014-05-24 09:24:50,298 -828  [main] INFO  org.springframework.beans.factory.xml.XmlBeanDefinitionReader  - Loading XML bean definitions from URL [jar:file:D:/MavenRepository/org/tinygroup/org.tinygroup.exception/1.2.0-SNAPSHOT/org.tinygroup.exception-1.2.0-SNAPSHOT.jar!/exception.beans.xml]
2014-05-24 09:24:50,317 -847  [main] INFO  org.springframework.beans.factory.xml.XmlBeanDefinitionReader  - Loading XML bean definitions from URL [jar:file:D:/MavenRepository/org/tinygroup/org.tinygroup.database/1.2.0-SNAPSHOT/org.tinygroup.database-1.2.0-SNAPSHOT.jar!/Database.beans.xml]
2014-05-24 09:24:50,348 -878  [main] INFO  org.springframework.beans.factory.xml.XmlBeanDefinitionReader  - Loading XML bean definitions from URL [jar:file:D:/MavenRepository/org/tinygroup/org.tinygroup.fileresolver/1.2.0-SNAPSHOT/org.tinygroup.fileresolver-1.2.0-SNAPSHOT.jar!/fileresolver.beans.xml]
2014-05-24 09:24:50,366 -896  [main] INFO  org.springframework.beans.factory.xml.XmlBeanDefinitionReader  - Loading XML bean definitions from URL [jar:file:D:/MavenRepository/org/tinygroup/org.tinygroup.order/1.2.0-SNAPSHOT/org.tinygroup.order-1.2.0-SNAPSHOT.jar!/order.beans.xml]
2014-05-24 09:24:50,380 -910  [main] INFO  org.springframework.beans.factory.xml.XmlBeanDefinitionReader  - Loading XML bean definitions from URL [jar:file:D:/MavenRepository/org/tinygroup/org.tinygroup.xstream/1.2.0-SNAPSHOT/org.tinygroup.xstream-1.2.0-SNAPSHOT.jar!/xstream.beans.xml]
2014-05-24 09:24:50,393 -923  [main] INFO  org.springframework.beans.factory.xml.XmlBeanDefinitionReader  - Loading XML bean definitions from URL [file:D:/git/tiny/db/org.tinygroup.tinydb/target/classes/tinydb.beans.xml]
2014-05-24 09:24:50,409 -939  [main] INFO  org.springframework.context.support.FileSystemXmlApplicationContext  - Bean factory for application context [org.springframework.context.support.FileSystemXmlApplicationContext@1629bc56]: org.springframework.beans.factory.support.DefaultListableBeanFactory@74f7f5d9
2014-05-24 09:24:50,555 -1085 [main] INFO  org.springframework.beans.factory.support.DefaultListableBeanFactory  - Pre-instantiating singletons in org.springframework.beans.factory.support.DefaultListableBeanFactory@74f7f5d9: defining beans [avlTreeImpl,constantProcessor,errorMessageProcessor,standardTypeProcessor,businessTypeProcessor,standardFieldProcessor,constantFileResolver,businessTypeFileResolver,standardFieldFileResolver,errorMessageFileResolver,standardTypeFileResolver,cacheInitConfig,fileResolver,fileResolverProcessor,lobHandler,defaultDataSource,dataSource1,dataSource2,dynamicDataSource,transactionManager,transactionTemplate,beanNameAutoProxyCreator,jdbcTemplate,txAdvice,org.springframework.aop.config.internalAutoProxyCreator,allManagerMethod,org.springframework.aop.support.DefaultBeanFactoryPointcutAdvisor#0,metadataTableConfigConvert,derbyDialect,oracleDialect,derbyIncrementer,oracleIncrementer,beanStringOperator,animalOperator,animalLogic,branchOperator,branchLogic,transactionService,tableProcessor,initDataProcessor,processorManager,customeSqlProcessor,viewProcessor,dialectFunctionProcessor,procedureProcessor,oracleSqlProcessor,mysqlSqlProcessor,derbySqlProcessor,h2SqlProcessor,sqlserverSqlProcessor,db2SqlProcessor,initDataSqlProcessor,viewSqlProcessor,oracleProcedureSqlProcessor,mySqlProcedureSqlProcessorImpl,tableFileResolver,customSqlFileResolver,dialectFunctionlFileResolver,initDataFileResolver,procedureFileResolver,processorFileResolver,viewFileResolver,fullContextFileRepository,fullContextFileFinder,i18nFileProcessor,xStreamFileProcessor,orderFileProcessor,springBeansFileProcessor,configurationFileProcessor,fileMonitorProcessor,orderProcessor,tinyDBService,dataSourceProxy,beanOperatorManager,relationFileProcessor,beanOperatorApplicationProcessor]; root of factory hierarchy
2014-05-24 09:24:50,798 -1328 [main] INFO  org.tinygroup.fileresolver.impl.AbstractFileProcessor  - 开始读取组件配置文件:cacheinit.config.xml
2014-05-24 09:24:50,800 -1330 [main] INFO  org.tinygroup.fileresolver.impl.AbstractFileProcessor  - 读取组件配置文件:cacheinit.config.xml完成
2014-05-24 09:24:50,800 -1330 [main] INFO  org.tinygroup.fileresolver.impl.AbstractFileProcessor  - 开始读取组件配置文件:filefind.config.xml
2014-05-24 09:24:50,803 -1333 [main] INFO  org.tinygroup.fileresolver.impl.AbstractFileProcessor  - 读取组件配置文件:filefind.config.xml完成
2014-05-24 09:24:50,803 -1333 [main] INFO  org.tinygroup.fileresolver.impl.AbstractFileProcessor  - 开始读取组件配置文件:filemonitor.config.xml
2014-05-24 09:24:50,804 -1334 [main] INFO  org.tinygroup.fileresolver.impl.AbstractFileProcessor  - 读取组件配置文件:filemonitor.config.xml完成
2014-05-24 09:24:50,805 -1335 [main] INFO  org.tinygroup.fileresolver.impl.AbstractFileProcessor  - 开始读取组件配置文件:fileresolver.config.xml
2014-05-24 09:24:50,806 -1336 [main] INFO  org.tinygroup.fileresolver.impl.AbstractFileProcessor  - 读取组件配置文件:fileresolver.config.xml完成
2014-05-24 09:24:50,904 -1434 [main] INFO  org.tinygroup.config.impl.ConfigurationManagerImpl  - 正在分发应用配置信息...
2014-05-24 09:24:50,921 -1451 [main] INFO  org.tinygroup.config.impl.ConfigurationManagerImpl  - 应用配置信息分发完毕
2014-05-24 09:24:50,921 -1451 [main] INFO  org.tinygroup.fileresolver.impl.FileResolverImpl  - 全路径扫描完成。
2014-05-24 09:24:50,921 -1451 [main] INFO  org.tinygroup.application.impl.ApplicationDefault  - 启动应用开始...
2014-05-24 09:24:50,922 -1452 [main] INFO  org.tinygroup.application.impl.ApplicationDefault  - 应用处理器class org.tinygroup.fileresolver.applicationprocessor.FileResolverProcessor正在启动...
2014-05-24 09:24:50,922 -1452 [main] INFO  org.tinygroup.fileresolver.impl.FileResolverImpl  - 正在进行全路径扫描....
2014-05-24 09:24:50,922 -1452 [main] INFO  org.tinygroup.fileresolver.impl.FileResolverImpl  - 文件<file:D:/MavenRepository/org/tinygroup/org.tinygroup.springutil/1.2.0-SNAPSHOT/org.tinygroup.springutil-1.2.0-SNAPSHOT.jar>由于匹配了包含正则表达式<org\.tinygroup\.(.)*\.jar>而被扫描。
2014-05-24 09:24:50,923 -1453 [main] INFO  org.tinygroup.fileresolver.impl.FileResolverImpl  - 文件<file:D:/MavenRepository/org/tinygroup/org.tinygroup.logger/1.2.0-SNAPSHOT/org.tinygroup.logger-1.2.0-SNAPSHOT.jar>由于匹配了包含正则表达式<org\.tinygroup\.(.)*\.jar>而被扫描。
2014-05-24 09:24:50,923 -1453 [main] INFO  org.tinygroup.fileresolver.impl.FileResolverImpl  - 文件<file:D:/MavenRepository/org/tinygroup/org.tinygroup.vfs/1.2.0-SNAPSHOT/org.tinygroup.vfs-1.2.0-SNAPSHOT.jar>由于匹配了包含正则表达式<org\.tinygroup\.(.)*\.jar>而被扫描。
2014-05-24 09:24:50,924 -1454 [main] INFO  org.tinygroup.fileresolver.impl.FileResolverImpl  - 文件<file:D:/MavenRepository/org/tinygroup/org.tinygroup.exception/1.2.0-SNAPSHOT/org.tinygroup.exception-1.2.0-SNAPSHOT.jar>由于匹配了包含正则表达式<org\.tinygroup\.(.)*\.jar>而被扫描。
2014-05-24 09:24:50,925 -1455 [main] INFO  org.tinygroup.fileresolver.impl.FileResolverImpl  - 文件<file:D:/MavenRepository/org/tinygroup/org.tinygroup.testutil/1.2.0-SNAPSHOT/org.tinygroup.testutil-1.2.0-SNAPSHOT.jar>由于匹配了包含正则表达式<org\.tinygroup\.(.)*\.jar>而被扫描。
2014-05-24 09:24:50,926 -1456 [main] INFO  org.tinygroup.fileresolver.impl.FileResolverImpl  - 文件<file:D:/MavenRepository/org/tinygroup/org.tinygroup.application/1.2.0-SNAPSHOT/org.tinygroup.application-1.2.0-SNAPSHOT.jar>由于匹配了包含正则表达式<org\.tinygroup\.(.)*\.jar>而被扫描。
2014-05-24 09:24:50,926 -1456 [main] INFO  org.tinygroup.fileresolver.impl.FileResolverImpl  - 文件<file:D:/MavenRepository/org/tinygroup/org.tinygroup.commons/1.2.0-SNAPSHOT/org.tinygroup.commons-1.2.0-SNAPSHOT.jar>由于匹配了包含正则表达式<org\.tinygroup\.(.)*\.jar>而被扫描。
2014-05-24 09:24:50,927 -1457 [main] INFO  org.tinygroup.fileresolver.impl.FileResolverImpl  - 文件<file:D:/MavenRepository/org/tinygroup/org.tinygroup.xstream/1.2.0-SNAPSHOT/org.tinygroup.xstream-1.2.0-SNAPSHOT.jar>由于匹配了包含正则表达式<org\.tinygroup\.(.)*\.jar>而被扫描。
2014-05-24 09:24:50,927 -1457 [main] INFO  org.tinygroup.fileresolver.impl.FileResolverImpl  - 文件<file:D:/MavenRepository/org/tinygroup/org.tinygroup.fileresolver/1.2.0-SNAPSHOT/org.tinygroup.fileresolver-1.2.0-SNAPSHOT.jar>由于匹配了包含正则表达式<org\.tinygroup\.(.)*\.jar>而被扫描。
2014-05-24 09:24:50,928 -1458 [main] INFO  org.tinygroup.fileresolver.impl.FileResolverImpl  - 文件<file:D:/MavenRepository/org/tinygroup/org.tinygroup.config/1.2.0-SNAPSHOT/org.tinygroup.config-1.2.0-SNAPSHOT.jar>由于匹配了包含正则表达式<org\.tinygroup\.(.)*\.jar>而被扫描。
2014-05-24 09:24:50,928 -1458 [main] INFO  org.tinygroup.fileresolver.impl.FileResolverImpl  - 文件<file:D:/MavenRepository/org/tinygroup/org.tinygroup.xmlparser/1.2.0-SNAPSHOT/org.tinygroup.xmlparser-1.2.0-SNAPSHOT.jar>由于匹配了包含正则表达式<org\.tinygroup\.(.)*\.jar>而被扫描。
2014-05-24 09:24:50,929 -1459 [main] INFO  org.tinygroup.fileresolver.impl.FileResolverImpl  - 文件<file:D:/MavenRepository/org/tinygroup/org.tinygroup.parser/1.2.0-SNAPSHOT/org.tinygroup.parser-1.2.0-SNAPSHOT.jar>由于匹配了包含正则表达式<org\.tinygroup\.(.)*\.jar>而被扫描。
2014-05-24 09:24:50,929 -1459 [main] INFO  org.tinygroup.fileresolver.impl.FileResolverImpl  - 文件<file:D:/MavenRepository/org/tinygroup/org.tinygroup.binarytree/1.2.0-SNAPSHOT/org.tinygroup.binarytree-1.2.0-SNAPSHOT.jar>由于匹配了包含正则表达式<org\.tinygroup\.(.)*\.jar>而被扫描。
2014-05-24 09:24:50,930 -1460 [main] INFO  org.tinygroup.fileresolver.impl.FileResolverImpl  - 文件<file:D:/MavenRepository/org/tinygroup/org.tinygroup.i18n/1.2.0-SNAPSHOT/org.tinygroup.i18n-1.2.0-SNAPSHOT.jar>由于匹配了包含正则表达式<org\.tinygroup\.(.)*\.jar>而被扫描。
2014-05-24 09:24:50,930 -1460 [main] INFO  org.tinygroup.fileresolver.impl.FileResolverImpl  - 文件<file:D:/MavenRepository/org/tinygroup/org.tinygroup.formater/1.2.0-SNAPSHOT/org.tinygroup.formater-1.2.0-SNAPSHOT.jar>由于匹配了包含正则表达式<org\.tinygroup\.(.)*\.jar>而被扫描。
2014-05-24 09:24:50,931 -1461 [main] INFO  org.tinygroup.fileresolver.impl.FileResolverImpl  - 文件<file:D:/MavenRepository/org/tinygroup/org.tinygroup.order/1.2.0-SNAPSHOT/org.tinygroup.order-1.2.0-SNAPSHOT.jar>由于匹配了包含正则表达式<org\.tinygroup\.(.)*\.jar>而被扫描。
2014-05-24 09:24:50,931 -1461 [main] INFO  org.tinygroup.fileresolver.impl.FileResolverImpl  - 文件<file:D:/MavenRepository/org/tinygroup/org.tinygroup.threadgroup/1.2.0-SNAPSHOT/org.tinygroup.threadgroup-1.2.0-SNAPSHOT.jar>由于匹配了包含正则表达式<org\.tinygroup\.(.)*\.jar>而被扫描。
2014-05-24 09:24:50,931 -1461 [main] INFO  org.tinygroup.fileresolver.impl.FileResolverImpl  - 文件<file:D:/MavenRepository/org/tinygroup/org.tinygroup.context/1.2.0-SNAPSHOT/org.tinygroup.context-1.2.0-SNAPSHOT.jar>由于匹配了包含正则表达式<org\.tinygroup\.(.)*\.jar>而被扫描。
2014-05-24 09:24:50,932 -1462 [main] INFO  org.tinygroup.fileresolver.impl.FileResolverImpl  - 文件<file:D:/MavenRepository/org/tinygroup/org.tinygroup.database/1.2.0-SNAPSHOT/org.tinygroup.database-1.2.0-SNAPSHOT.jar>由于匹配了包含正则表达式<org\.tinygroup\.(.)*\.jar>而被扫描。
2014-05-24 09:24:50,932 -1462 [main] INFO  org.tinygroup.fileresolver.impl.FileResolverImpl  - 文件<file:D:/MavenRepository/org/tinygroup/org.tinygroup.metadata/1.2.0-SNAPSHOT/org.tinygroup.metadata-1.2.0-SNAPSHOT.jar>由于匹配了包含正则表达式<org\.tinygroup\.(.)*\.jar>而被扫描。
2014-05-24 09:24:50,933 -1463 [main] INFO  org.tinygroup.fileresolver.impl.FileResolverImpl  - 文件<file:D:/MavenRepository/org/tinygroup/org.tinygroup.cache/1.2.0-SNAPSHOT/org.tinygroup.cache-1.2.0-SNAPSHOT.jar>由于匹配了包含正则表达式<org\.tinygroup\.(.)*\.jar>而被扫描。
2014-05-24 09:24:50,933 -1463 [main] INFO  org.tinygroup.fileresolver.impl.FileResolverImpl  - 查找WEB-INF/classes路径开始...
2014-05-24 09:24:50,933 -1463 [main] INFO  org.tinygroup.fileresolver.impl.FileResolverImpl  - WEB-INF/classes路径是:file:/D:/git/tiny/db/org.tinygroup.tinydb/target/test-classes/
2014-05-24 09:24:50,934 -1464 [main] INFO  org.tinygroup.fileresolver.impl.FileResolverImpl  - WEB-INF/lib路径是:file:/D:/git/tiny/db/org.tinygroup.tinydb/target/test-classes/
2014-05-24 09:24:50,934 -1464 [main] INFO  org.tinygroup.fileresolver.impl.FileResolverImpl  - 查找WEB-INF/classes路径完成。
2014-05-24 09:24:50,934 -1464 [main] WARN  org.tinygroup.fileresolver.impl.FileResolverImpl  - WEBROOT变量找不到
2014-05-24 09:24:50,934 -1464 [main] INFO  org.tinygroup.fileresolver.impl.FileResolverImpl  - 查找Web工程中的jar文件列表开始...
2014-05-24 09:24:50,936 -1466 [main] INFO  org.tinygroup.fileresolver.impl.FileResolverImpl  - 文件<file:D:/MavenRepository/org/tinygroup/org.tinygroup.springutil/1.2.0-SNAPSHOT/org.tinygroup.springutil-1.2.0-SNAPSHOT.jar>由于匹配了包含正则表达式<org\.tinygroup\.(.)*\.jar>而被扫描。
2014-05-24 09:24:50,936 -1466 [main] INFO  org.tinygroup.fileresolver.impl.FileResolverImpl  - 扫描到jar文件<jar:file:/D:/MavenRepository/org/tinygroup/org.tinygroup.springutil/1.2.0-SNAPSHOT/org.tinygroup.springutil-1.2.0-SNAPSHOT.jar>。
2014-05-24 09:24:50,937 -1467 [main] INFO  org.tinygroup.fileresolver.impl.FileResolverImpl  - 文件<file:D:/MavenRepository/org/tinygroup/org.tinygroup.logger/1.2.0-SNAPSHOT/org.tinygroup.logger-1.2.0-SNAPSHOT.jar>由于匹配了包含正则表达式<org\.tinygroup\.(.)*\.jar>而被扫描。
2014-05-24 09:24:50,937 -1467 [main] INFO  org.tinygroup.fileresolver.impl.FileResolverImpl  - 扫描到jar文件<jar:file:/D:/MavenRepository/org/tinygroup/org.tinygroup.logger/1.2.0-SNAPSHOT/org.tinygroup.logger-1.2.0-SNAPSHOT.jar>。
2014-05-24 09:24:50,938 -1468 [main] INFO  org.tinygroup.fileresolver.impl.FileResolverImpl  - 文件<file:D:/MavenRepository/org/tinygroup/org.tinygroup.vfs/1.2.0-SNAPSHOT/org.tinygroup.vfs-1.2.0-SNAPSHOT.jar>由于匹配了包含正则表达式<org\.tinygroup\.(.)*\.jar>而被扫描。
2014-05-24 09:24:50,938 -1468 [main] INFO  org.tinygroup.fileresolver.impl.FileResolverImpl  - 扫描到jar文件<jar:file:/D:/MavenRepository/org/tinygroup/org.tinygroup.vfs/1.2.0-SNAPSHOT/org.tinygroup.vfs-1.2.0-SNAPSHOT.jar>。
2014-05-24 09:24:50,944 -1474 [main] INFO  org.tinygroup.fileresolver.impl.FileResolverImpl  - 文件<file:D:/MavenRepository/org/tinygroup/org.tinygroup.exception/1.2.0-SNAPSHOT/org.tinygroup.exception-1.2.0-SNAPSHOT.jar>由于匹配了包含正则表达式<org\.tinygroup\.(.)*\.jar>而被扫描。
2014-05-24 09:24:50,945 -1475 [main] INFO  org.tinygroup.fileresolver.impl.FileResolverImpl  - 扫描到jar文件<jar:file:/D:/MavenRepository/org/tinygroup/org.tinygroup.exception/1.2.0-SNAPSHOT/org.tinygroup.exception-1.2.0-SNAPSHOT.jar>。
2014-05-24 09:24:50,949 -1479 [main] INFO  org.tinygroup.fileresolver.impl.FileResolverImpl  - 文件<file:D:/MavenRepository/org/tinygroup/org.tinygroup.testutil/1.2.0-SNAPSHOT/org.tinygroup.testutil-1.2.0-SNAPSHOT.jar>由于匹配了包含正则表达式<org\.tinygroup\.(.)*\.jar>而被扫描。
2014-05-24 09:24:50,949 -1479 [main] INFO  org.tinygroup.fileresolver.impl.FileResolverImpl  - 扫描到jar文件<jar:file:/D:/MavenRepository/org/tinygroup/org.tinygroup.testutil/1.2.0-SNAPSHOT/org.tinygroup.testutil-1.2.0-SNAPSHOT.jar>。
2014-05-24 09:24:50,950 -1480 [main] INFO  org.tinygroup.fileresolver.impl.FileResolverImpl  - 文件<file:D:/MavenRepository/org/tinygroup/org.tinygroup.application/1.2.0-SNAPSHOT/org.tinygroup.application-1.2.0-SNAPSHOT.jar>由于匹配了包含正则表达式<org\.tinygroup\.(.)*\.jar>而被扫描。
2014-05-24 09:24:50,950 -1480 [main] INFO  org.tinygroup.fileresolver.impl.FileResolverImpl  - 扫描到jar文件<jar:file:/D:/MavenRepository/org/tinygroup/org.tinygroup.application/1.2.0-SNAPSHOT/org.tinygroup.application-1.2.0-SNAPSHOT.jar>。
2014-05-24 09:24:50,951 -1481 [main] INFO  org.tinygroup.fileresolver.impl.FileResolverImpl  - 文件<file:D:/MavenRepository/org/tinygroup/org.tinygroup.commons/1.2.0-SNAPSHOT/org.tinygroup.commons-1.2.0-SNAPSHOT.jar>由于匹配了包含正则表达式<org\.tinygroup\.(.)*\.jar>而被扫描。
2014-05-24 09:24:50,952 -1482 [main] INFO  org.tinygroup.fileresolver.impl.FileResolverImpl  - 扫描到jar文件<jar:file:/D:/MavenRepository/org/tinygroup/org.tinygroup.commons/1.2.0-SNAPSHOT/org.tinygroup.commons-1.2.0-SNAPSHOT.jar>。
2014-05-24 09:24:50,954 -1484 [main] INFO  org.tinygroup.fileresolver.impl.FileResolverImpl  - 文件<file:D:/MavenRepository/org/tinygroup/org.tinygroup.xstream/1.2.0-SNAPSHOT/org.tinygroup.xstream-1.2.0-SNAPSHOT.jar>由于匹配了包含正则表达式<org\.tinygroup\.(.)*\.jar>而被扫描。
2014-05-24 09:24:50,954 -1484 [main] INFO  org.tinygroup.fileresolver.impl.FileResolverImpl  - 扫描到jar文件<jar:file:/D:/MavenRepository/org/tinygroup/org.tinygroup.xstream/1.2.0-SNAPSHOT/org.tinygroup.xstream-1.2.0-SNAPSHOT.jar>。
2014-05-24 09:24:50,957 -1487 [main] INFO  org.tinygroup.fileresolver.impl.FileResolverImpl  - 文件<file:D:/MavenRepository/org/tinygroup/org.tinygroup.fileresolver/1.2.0-SNAPSHOT/org.tinygroup.fileresolver-1.2.0-SNAPSHOT.jar>由于匹配了包含正则表达式<org\.tinygroup\.(.)*\.jar>而被扫描。
2014-05-24 09:24:50,957 -1487 [main] INFO  org.tinygroup.fileresolver.impl.FileResolverImpl  - 扫描到jar文件<jar:file:/D:/MavenRepository/org/tinygroup/org.tinygroup.fileresolver/1.2.0-SNAPSHOT/org.tinygroup.fileresolver-1.2.0-SNAPSHOT.jar>。
2014-05-24 09:24:50,958 -1488 [main] INFO  org.tinygroup.fileresolver.impl.FileResolverImpl  - 文件<file:D:/MavenRepository/org/tinygroup/org.tinygroup.config/1.2.0-SNAPSHOT/org.tinygroup.config-1.2.0-SNAPSHOT.jar>由于匹配了包含正则表达式<org\.tinygroup\.(.)*\.jar>而被扫描。
2014-05-24 09:24:50,958 -1488 [main] INFO  org.tinygroup.fileresolver.impl.FileResolverImpl  - 扫描到jar文件<jar:file:/D:/MavenRepository/org/tinygroup/org.tinygroup.config/1.2.0-SNAPSHOT/org.tinygroup.config-1.2.0-SNAPSHOT.jar>。
2014-05-24 09:24:50,959 -1489 [main] INFO  org.tinygroup.fileresolver.impl.FileResolverImpl  - 文件<file:D:/MavenRepository/org/tinygroup/org.tinygroup.xmlparser/1.2.0-SNAPSHOT/org.tinygroup.xmlparser-1.2.0-SNAPSHOT.jar>由于匹配了包含正则表达式<org\.tinygroup\.(.)*\.jar>而被扫描。
2014-05-24 09:24:50,959 -1489 [main] INFO  org.tinygroup.fileresolver.impl.FileResolverImpl  - 扫描到jar文件<jar:file:/D:/MavenRepository/org/tinygroup/org.tinygroup.xmlparser/1.2.0-SNAPSHOT/org.tinygroup.xmlparser-1.2.0-SNAPSHOT.jar>。
2014-05-24 09:24:50,960 -1490 [main] INFO  org.tinygroup.fileresolver.impl.FileResolverImpl  - 文件<file:D:/MavenRepository/org/tinygroup/org.tinygroup.parser/1.2.0-SNAPSHOT/org.tinygroup.parser-1.2.0-SNAPSHOT.jar>由于匹配了包含正则表达式<org\.tinygroup\.(.)*\.jar>而被扫描。
2014-05-24 09:24:50,960 -1490 [main] INFO  org.tinygroup.fileresolver.impl.FileResolverImpl  - 扫描到jar文件<jar:file:/D:/MavenRepository/org/tinygroup/org.tinygroup.parser/1.2.0-SNAPSHOT/org.tinygroup.parser-1.2.0-SNAPSHOT.jar>。
2014-05-24 09:24:50,960 -1490 [main] INFO  org.tinygroup.fileresolver.impl.FileResolverImpl  - 文件<file:D:/MavenRepository/org/tinygroup/org.tinygroup.binarytree/1.2.0-SNAPSHOT/org.tinygroup.binarytree-1.2.0-SNAPSHOT.jar>由于匹配了包含正则表达式<org\.tinygroup\.(.)*\.jar>而被扫描。
2014-05-24 09:24:50,960 -1490 [main] INFO  org.tinygroup.fileresolver.impl.FileResolverImpl  - 扫描到jar文件<jar:file:/D:/MavenRepository/org/tinygroup/org.tinygroup.binarytree/1.2.0-SNAPSHOT/org.tinygroup.binarytree-1.2.0-SNAPSHOT.jar>。
2014-05-24 09:24:50,961 -1491 [main] INFO  org.tinygroup.fileresolver.impl.FileResolverImpl  - 文件<file:D:/MavenRepository/org/tinygroup/org.tinygroup.i18n/1.2.0-SNAPSHOT/org.tinygroup.i18n-1.2.0-SNAPSHOT.jar>由于匹配了包含正则表达式<org\.tinygroup\.(.)*\.jar>而被扫描。
2014-05-24 09:24:50,961 -1491 [main] INFO  org.tinygroup.fileresolver.impl.FileResolverImpl  - 扫描到jar文件<jar:file:/D:/MavenRepository/org/tinygroup/org.tinygroup.i18n/1.2.0-SNAPSHOT/org.tinygroup.i18n-1.2.0-SNAPSHOT.jar>。
2014-05-24 09:24:50,961 -1491 [main] INFO  org.tinygroup.fileresolver.impl.FileResolverImpl  - 文件<file:D:/MavenRepository/org/tinygroup/org.tinygroup.formater/1.2.0-SNAPSHOT/org.tinygroup.formater-1.2.0-SNAPSHOT.jar>由于匹配了包含正则表达式<org\.tinygroup\.(.)*\.jar>而被扫描。
2014-05-24 09:24:50,962 -1492 [main] INFO  org.tinygroup.fileresolver.impl.FileResolverImpl  - 扫描到jar文件<jar:file:/D:/MavenRepository/org/tinygroup/org.tinygroup.formater/1.2.0-SNAPSHOT/org.tinygroup.formater-1.2.0-SNAPSHOT.jar>。
2014-05-24 09:24:50,964 -1494 [main] INFO  org.tinygroup.fileresolver.impl.FileResolverImpl  - 文件<file:D:/MavenRepository/org/tinygroup/org.tinygroup.order/1.2.0-SNAPSHOT/org.tinygroup.order-1.2.0-SNAPSHOT.jar>由于匹配了包含正则表达式<org\.tinygroup\.(.)*\.jar>而被扫描。
2014-05-24 09:24:50,964 -1494 [main] INFO  org.tinygroup.fileresolver.impl.FileResolverImpl  - 扫描到jar文件<jar:file:/D:/MavenRepository/org/tinygroup/org.tinygroup.order/1.2.0-SNAPSHOT/org.tinygroup.order-1.2.0-SNAPSHOT.jar>。
2014-05-24 09:24:50,965 -1495 [main] INFO  org.tinygroup.fileresolver.impl.FileResolverImpl  - 文件<file:D:/MavenRepository/org/tinygroup/org.tinygroup.threadgroup/1.2.0-SNAPSHOT/org.tinygroup.threadgroup-1.2.0-SNAPSHOT.jar>由于匹配了包含正则表达式<org\.tinygroup\.(.)*\.jar>而被扫描。
2014-05-24 09:24:50,965 -1495 [main] INFO  org.tinygroup.fileresolver.impl.FileResolverImpl  - 扫描到jar文件<jar:file:/D:/MavenRepository/org/tinygroup/org.tinygroup.threadgroup/1.2.0-SNAPSHOT/org.tinygroup.threadgroup-1.2.0-SNAPSHOT.jar>。
2014-05-24 09:24:50,968 -1498 [main] INFO  org.tinygroup.fileresolver.impl.FileResolverImpl  - 文件<file:D:/MavenRepository/org/tinygroup/org.tinygroup.context/1.2.0-SNAPSHOT/org.tinygroup.context-1.2.0-SNAPSHOT.jar>由于匹配了包含正则表达式<org\.tinygroup\.(.)*\.jar>而被扫描。
2014-05-24 09:24:50,968 -1498 [main] INFO  org.tinygroup.fileresolver.impl.FileResolverImpl  - 扫描到jar文件<jar:file:/D:/MavenRepository/org/tinygroup/org.tinygroup.context/1.2.0-SNAPSHOT/org.tinygroup.context-1.2.0-SNAPSHOT.jar>。
2014-05-24 09:24:50,969 -1499 [main] INFO  org.tinygroup.fileresolver.impl.FileResolverImpl  - 文件<file:D:/MavenRepository/org/tinygroup/org.tinygroup.database/1.2.0-SNAPSHOT/org.tinygroup.database-1.2.0-SNAPSHOT.jar>由于匹配了包含正则表达式<org\.tinygroup\.(.)*\.jar>而被扫描。
2014-05-24 09:24:50,969 -1499 [main] INFO  org.tinygroup.fileresolver.impl.FileResolverImpl  - 扫描到jar文件<jar:file:/D:/MavenRepository/org/tinygroup/org.tinygroup.database/1.2.0-SNAPSHOT/org.tinygroup.database-1.2.0-SNAPSHOT.jar>。
2014-05-24 09:24:50,969 -1499 [main] INFO  org.tinygroup.fileresolver.impl.FileResolverImpl  - 文件<file:D:/MavenRepository/org/tinygroup/org.tinygroup.metadata/1.2.0-SNAPSHOT/org.tinygroup.metadata-1.2.0-SNAPSHOT.jar>由于匹配了包含正则表达式<org\.tinygroup\.(.)*\.jar>而被扫描。
2014-05-24 09:24:50,970 -1500 [main] INFO  org.tinygroup.fileresolver.impl.FileResolverImpl  - 扫描到jar文件<jar:file:/D:/MavenRepository/org/tinygroup/org.tinygroup.metadata/1.2.0-SNAPSHOT/org.tinygroup.metadata-1.2.0-SNAPSHOT.jar>。
2014-05-24 09:24:50,970 -1500 [main] INFO  org.tinygroup.fileresolver.impl.FileResolverImpl  - 文件<file:D:/MavenRepository/org/tinygroup/org.tinygroup.cache/1.2.0-SNAPSHOT/org.tinygroup.cache-1.2.0-SNAPSHOT.jar>由于匹配了包含正则表达式<org\.tinygroup\.(.)*\.jar>而被扫描。
2014-05-24 09:24:50,970 -1500 [main] INFO  org.tinygroup.fileresolver.impl.FileResolverImpl  - 扫描到jar文件<jar:file:/D:/MavenRepository/org/tinygroup/org.tinygroup.cache/1.2.0-SNAPSHOT/org.tinygroup.cache-1.2.0-SNAPSHOT.jar>。
2014-05-24 09:24:50,972 -1502 [main] INFO  org.tinygroup.fileresolver.impl.FileResolverImpl  - 查找Web工程中的jar文件列表完成。
2014-05-24 09:24:50,974 -1504 [file-resolver-threads-file-processor-thread-0] INFO  org.tinygroup.fileresolver.impl.FileResolverImpl  - 正在扫描路径[D:/MavenRepository/org/tinygroup/org.tinygroup.xmlparser/1.2.0-SNAPSHOT/org.tinygroup.xmlparser-1.2.0-SNAPSHOT.jar]...
2014-05-24 09:24:50,975 -1505 [file-resolver-threads-file-processor-thread-0] INFO  org.tinygroup.fileresolver.impl.FileResolverImpl  - 路径[D:/MavenRepository/org/tinygroup/org.tinygroup.xmlparser/1.2.0-SNAPSHOT/org.tinygroup.xmlparser-1.2.0-SNAPSHOT.jar]扫描完成。
2014-05-24 09:24:50,976 -1506 [file-resolver-threads-file-processor-thread-0] INFO  org.tinygroup.fileresolver.impl.FileResolverImpl  - 正在扫描路径[D:/MavenRepository/org/tinygroup/org.tinygroup.context/1.2.0-SNAPSHOT/org.tinygroup.context-1.2.0-SNAPSHOT.jar]...
2014-05-24 09:24:50,977 -1507 [file-resolver-threads-file-processor-thread-0] INFO  org.tinygroup.fileresolver.impl.FileResolverImpl  - 路径[D:/MavenRepository/org/tinygroup/org.tinygroup.context/1.2.0-SNAPSHOT/org.tinygroup.context-1.2.0-SNAPSHOT.jar]扫描完成。
2014-05-24 09:24:50,977 -1507 [file-resolver-threads-file-processor-thread-0] INFO  org.tinygroup.fileresolver.impl.FileResolverImpl  - 正在扫描路径[D:/MavenRepository/org/tinygroup/org.tinygroup.parser/1.2.0-SNAPSHOT/org.tinygroup.parser-1.2.0-SNAPSHOT.jar]...
2014-05-24 09:24:50,979 -1509 [file-resolver-threads-file-processor-thread-0] INFO  org.tinygroup.fileresolver.impl.FileResolverImpl  - 路径[D:/MavenRepository/org/tinygroup/org.tinygroup.parser/1.2.0-SNAPSHOT/org.tinygroup.parser-1.2.0-SNAPSHOT.jar]扫描完成。
2014-05-24 09:24:50,979 -1509 [file-resolver-threads-file-processor-thread-0] INFO  org.tinygroup.fileresolver.impl.FileResolverImpl  - 正在扫描路径[D:/MavenRepository/org/tinygroup/org.tinygroup.logger/1.2.0-SNAPSHOT/org.tinygroup.logger-1.2.0-SNAPSHOT.jar]...
2014-05-24 09:24:50,980 -1510 [file-resolver-threads-file-processor-thread-0] INFO  org.tinygroup.fileresolver.impl.FileResolverImpl  - 路径[D:/MavenRepository/org/tinygroup/org.tinygroup.logger/1.2.0-SNAPSHOT/org.tinygroup.logger-1.2.0-SNAPSHOT.jar]扫描完成。
2014-05-24 09:24:50,980 -1510 [file-resolver-threads-file-processor-thread-0] INFO  org.tinygroup.fileresolver.impl.FileResolverImpl  - 正在扫描路径[D:/MavenRepository/org/tinygroup/org.tinygroup.binarytree/1.2.0-SNAPSHOT/org.tinygroup.binarytree-1.2.0-SNAPSHOT.jar]...
2014-05-24 09:24:50,981 -1511 [file-resolver-threads-file-processor-thread-0] INFO  org.tinygroup.fileresolver.impl.FileResolverImpl  - 路径[D:/MavenRepository/org/tinygroup/org.tinygroup.binarytree/1.2.0-SNAPSHOT/org.tinygroup.binarytree-1.2.0-SNAPSHOT.jar]扫描完成。
2014-05-24 09:24:50,981 -1511 [file-resolver-threads-file-processor-thread-0] INFO  org.tinygroup.fileresolver.impl.FileResolverImpl  - 正在扫描路径[D:/MavenRepository/org/tinygroup/org.tinygroup.metadata/1.2.0-SNAPSHOT/org.tinygroup.metadata-1.2.0-SNAPSHOT.jar]...
2014-05-24 09:24:50,984 -1514 [file-resolver-threads-file-processor-thread-0] INFO  org.tinygroup.fileresolver.impl.FileResolverImpl  - 路径[D:/MavenRepository/org/tinygroup/org.tinygroup.metadata/1.2.0-SNAPSHOT/org.tinygroup.metadata-1.2.0-SNAPSHOT.jar]扫描完成。
2014-05-24 09:24:50,985 -1515 [file-resolver-threads-file-processor-thread-0] INFO  org.tinygroup.fileresolver.impl.FileResolverImpl  - 正在扫描路径[D:/MavenRepository/org/tinygroup/org.tinygroup.cache/1.2.0-SNAPSHOT/org.tinygroup.cache-1.2.0-SNAPSHOT.jar]...
2014-05-24 09:24:50,986 -1516 [file-resolver-threads-file-processor-thread-0] INFO  org.tinygroup.fileresolver.impl.FileResolverImpl  - 路径[D:/MavenRepository/org/tinygroup/org.tinygroup.cache/1.2.0-SNAPSHOT/org.tinygroup.cache-1.2.0-SNAPSHOT.jar]扫描完成。
2014-05-24 09:24:50,986 -1516 [file-resolver-threads-file-processor-thread-0] INFO  org.tinygroup.fileresolver.impl.FileResolverImpl  - 正在扫描路径[D:/MavenRepository/org/tinygroup/org.tinygroup.formater/1.2.0-SNAPSHOT/org.tinygroup.formater-1.2.0-SNAPSHOT.jar]...
2014-05-24 09:24:50,987 -1517 [file-resolver-threads-file-processor-thread-0] INFO  org.tinygroup.fileresolver.impl.FileResolverImpl  - 路径[D:/MavenRepository/org/tinygroup/org.tinygroup.formater/1.2.0-SNAPSHOT/org.tinygroup.formater-1.2.0-SNAPSHOT.jar]扫描完成。
2014-05-24 09:24:50,987 -1517 [file-resolver-threads-file-processor-thread-0] INFO  org.tinygroup.fileresolver.impl.FileResolverImpl  - 正在扫描路径[D:\git\tiny\db\org.tinygroup.tinydb\target\test-classes]...
2014-05-24 09:24:50,990 -1520 [file-resolver-threads-file-processor-thread-0] INFO  org.tinygroup.fileresolver.impl.FileResolverImpl  - 路径[D:\git\tiny\db\org.tinygroup.tinydb\target\test-classes]扫描完成。
2014-05-24 09:24:50,990 -1520 [file-resolver-threads-file-processor-thread-0] INFO  org.tinygroup.fileresolver.impl.FileResolverImpl  - 正在扫描路径[D:/MavenRepository/org/tinygroup/org.tinygroup.exception/1.2.0-SNAPSHOT/org.tinygroup.exception-1.2.0-SNAPSHOT.jar]...
2014-05-24 09:24:50,991 -1521 [file-resolver-threads-file-processor-thread-0] INFO  org.tinygroup.fileresolver.impl.FileResolverImpl  - 路径[D:/MavenRepository/org/tinygroup/org.tinygroup.exception/1.2.0-SNAPSHOT/org.tinygroup.exception-1.2.0-SNAPSHOT.jar]扫描完成。
2014-05-24 09:24:50,991 -1521 [file-resolver-threads-file-processor-thread-0] INFO  org.tinygroup.fileresolver.impl.FileResolverImpl  - 正在扫描路径[D:/MavenRepository/org/tinygroup/org.tinygroup.application/1.2.0-SNAPSHOT/org.tinygroup.application-1.2.0-SNAPSHOT.jar]...
2014-05-24 09:24:50,992 -1522 [file-resolver-threads-file-processor-thread-0] INFO  org.tinygroup.fileresolver.impl.FileResolverImpl  - 路径[D:/MavenRepository/org/tinygroup/org.tinygroup.application/1.2.0-SNAPSHOT/org.tinygroup.application-1.2.0-SNAPSHOT.jar]扫描完成。
2014-05-24 09:24:50,992 -1522 [file-resolver-threads-file-processor-thread-0] INFO  org.tinygroup.fileresolver.impl.FileResolverImpl  - 正在扫描路径[D:/MavenRepository/org/tinygroup/org.tinygroup.database/1.2.0-SNAPSHOT/org.tinygroup.database-1.2.0-SNAPSHOT.jar]...
2014-05-24 09:24:50,998 -1528 [file-resolver-threads-file-processor-thread-0] INFO  org.tinygroup.fileresolver.impl.FileResolverImpl  - 路径[D:/MavenRepository/org/tinygroup/org.tinygroup.database/1.2.0-SNAPSHOT/org.tinygroup.database-1.2.0-SNAPSHOT.jar]扫描完成。
2014-05-24 09:24:50,998 -1528 [file-resolver-threads-file-processor-thread-0] INFO  org.tinygroup.fileresolver.impl.FileResolverImpl  - 正在扫描路径[D:/MavenRepository/org/tinygroup/org.tinygroup.testutil/1.2.0-SNAPSHOT/org.tinygroup.testutil-1.2.0-SNAPSHOT.jar]...
2014-05-24 09:24:50,999 -1529 [file-resolver-threads-file-processor-thread-0] INFO  org.tinygroup.fileresolver.impl.FileResolverImpl  - 路径[D:/MavenRepository/org/tinygroup/org.tinygroup.testutil/1.2.0-SNAPSHOT/org.tinygroup.testutil-1.2.0-SNAPSHOT.jar]扫描完成。
2014-05-24 09:24:51,000 -1530 [file-resolver-threads-file-processor-thread-0] INFO  org.tinygroup.fileresolver.impl.FileResolverImpl  - 正在扫描路径[D:/MavenRepository/org/tinygroup/org.tinygroup.fileresolver/1.2.0-SNAPSHOT/org.tinygroup.fileresolver-1.2.0-SNAPSHOT.jar]...
2014-05-24 09:24:51,002 -1532 [file-resolver-threads-file-processor-thread-0] INFO  org.tinygroup.fileresolver.impl.FileResolverImpl  - 路径[D:/MavenRepository/org/tinygroup/org.tinygroup.fileresolver/1.2.0-SNAPSHOT/org.tinygroup.fileresolver-1.2.0-SNAPSHOT.jar]扫描完成。
2014-05-24 09:24:51,002 -1532 [file-resolver-threads-file-processor-thread-0] INFO  org.tinygroup.fileresolver.impl.FileResolverImpl  - 正在扫描路径[D:/MavenRepository/org/tinygroup/org.tinygroup.commons/1.2.0-SNAPSHOT/org.tinygroup.commons-1.2.0-SNAPSHOT.jar]...
2014-05-24 09:24:51,009 -1539 [file-resolver-threads-file-processor-thread-0] INFO  org.tinygroup.fileresolver.impl.FileResolverImpl  - 路径[D:/MavenRepository/org/tinygroup/org.tinygroup.commons/1.2.0-SNAPSHOT/org.tinygroup.commons-1.2.0-SNAPSHOT.jar]扫描完成。
2014-05-24 09:24:51,009 -1539 [file-resolver-threads-file-processor-thread-0] INFO  org.tinygroup.fileresolver.impl.FileResolverImpl  - 正在扫描路径[D:/MavenRepository/org/tinygroup/org.tinygroup.order/1.2.0-SNAPSHOT/org.tinygroup.order-1.2.0-SNAPSHOT.jar]...
2014-05-24 09:24:51,011 -1541 [file-resolver-threads-file-processor-thread-0] INFO  org.tinygroup.fileresolver.impl.FileResolverImpl  - 路径[D:/MavenRepository/org/tinygroup/org.tinygroup.order/1.2.0-SNAPSHOT/org.tinygroup.order-1.2.0-SNAPSHOT.jar]扫描完成。
2014-05-24 09:24:51,011 -1541 [file-resolver-threads-file-processor-thread-0] INFO  org.tinygroup.fileresolver.impl.FileResolverImpl  - 正在扫描路径[D:/MavenRepository/org/tinygroup/org.tinygroup.xstream/1.2.0-SNAPSHOT/org.tinygroup.xstream-1.2.0-SNAPSHOT.jar]...
2014-05-24 09:24:51,012 -1542 [file-resolver-threads-file-processor-thread-0] INFO  org.tinygroup.fileresolver.impl.FileResolverImpl  - 路径[D:/MavenRepository/org/tinygroup/org.tinygroup.xstream/1.2.0-SNAPSHOT/org.tinygroup.xstream-1.2.0-SNAPSHOT.jar]扫描完成。
2014-05-24 09:24:51,012 -1542 [file-resolver-threads-file-processor-thread-0] INFO  org.tinygroup.fileresolver.impl.FileResolverImpl  - 正在扫描路径[D:/MavenRepository/org/tinygroup/org.tinygroup.springutil/1.2.0-SNAPSHOT/org.tinygroup.springutil-1.2.0-SNAPSHOT.jar]...
2014-05-24 09:24:51,014 -1544 [file-resolver-threads-file-processor-thread-0] INFO  org.tinygroup.fileresolver.impl.FileResolverImpl  - 路径[D:/MavenRepository/org/tinygroup/org.tinygroup.springutil/1.2.0-SNAPSHOT/org.tinygroup.springutil-1.2.0-SNAPSHOT.jar]扫描完成。
2014-05-24 09:24:51,015 -1545 [file-resolver-threads-file-processor-thread-0] INFO  org.tinygroup.fileresolver.impl.FileResolverImpl  - 正在扫描路径[D:/MavenRepository/org/tinygroup/org.tinygroup.i18n/1.2.0-SNAPSHOT/org.tinygroup.i18n-1.2.0-SNAPSHOT.jar]...
2014-05-24 09:24:51,015 -1545 [file-resolver-threads-file-processor-thread-0] INFO  org.tinygroup.fileresolver.impl.FileResolverImpl  - 路径[D:/MavenRepository/org/tinygroup/org.tinygroup.i18n/1.2.0-SNAPSHOT/org.tinygroup.i18n-1.2.0-SNAPSHOT.jar]扫描完成。
2014-05-24 09:24:51,016 -1546 [file-resolver-threads-file-processor-thread-0] INFO  org.tinygroup.fileresolver.impl.FileResolverImpl  - 正在扫描路径[D:\git\tiny\db\org.tinygroup.tinydb\target\classes]...
2014-05-24 09:24:51,022 -1552 [file-resolver-threads-file-processor-thread-0] INFO  org.tinygroup.fileresolver.impl.FileResolverImpl  - 路径[D:\git\tiny\db\org.tinygroup.tinydb\target\classes]扫描完成。
2014-05-24 09:24:51,022 -1552 [file-resolver-threads-file-processor-thread-0] INFO  org.tinygroup.fileresolver.impl.FileResolverImpl  - 正在扫描路径[D:/MavenRepository/org/tinygroup/org.tinygroup.vfs/1.2.0-SNAPSHOT/org.tinygroup.vfs-1.2.0-SNAPSHOT.jar]...
2014-05-24 09:24:51,023 -1553 [file-resolver-threads-file-processor-thread-0] INFO  org.tinygroup.fileresolver.impl.FileResolverImpl  - 路径[D:/MavenRepository/org/tinygroup/org.tinygroup.vfs/1.2.0-SNAPSHOT/org.tinygroup.vfs-1.2.0-SNAPSHOT.jar]扫描完成。
2014-05-24 09:24:51,024 -1554 [file-resolver-threads-file-processor-thread-0] INFO  org.tinygroup.fileresolver.impl.FileResolverImpl  - 正在扫描路径[D:/MavenRepository/org/tinygroup/org.tinygroup.threadgroup/1.2.0-SNAPSHOT/org.tinygroup.threadgroup-1.2.0-SNAPSHOT.jar]...
2014-05-24 09:24:51,024 -1554 [file-resolver-threads-file-processor-thread-0] INFO  org.tinygroup.fileresolver.impl.FileResolverImpl  - 路径[D:/MavenRepository/org/tinygroup/org.tinygroup.threadgroup/1.2.0-SNAPSHOT/org.tinygroup.threadgroup-1.2.0-SNAPSHOT.jar]扫描完成。
2014-05-24 09:24:51,024 -1554 [file-resolver-threads-file-processor-thread-0] INFO  org.tinygroup.fileresolver.impl.FileResolverImpl  - 正在扫描路径[D:/MavenRepository/org/tinygroup/org.tinygroup.config/1.2.0-SNAPSHOT/org.tinygroup.config-1.2.0-SNAPSHOT.jar]...
2014-05-24 09:24:51,025 -1555 [file-resolver-threads-file-processor-thread-0] INFO  org.tinygroup.fileresolver.impl.FileResolverImpl  - 路径[D:/MavenRepository/org/tinygroup/org.tinygroup.config/1.2.0-SNAPSHOT/org.tinygroup.config-1.2.0-SNAPSHOT.jar]扫描完成。
2014-05-24 09:24:51,026 -1556 [main] INFO  org.tinygroup.fileresolver.impl.MultiThreadFileProcessor  - 线程组:<file-resolver-threads>执行时间：52
2014-05-24 09:24:51,026 -1556 [main] INFO  org.tinygroup.fileresolver.impl.AbstractFileProcessor  - 找到国际化资源配置文件[D:\git\tiny\db\org.tinygroup.tinydb\target\classes\i18n\tinydb_zh_CN.properties]，并开始加载...
2014-05-24 09:24:51,027 -1557 [main] INFO  org.tinygroup.fileresolver.impl.AbstractFileProcessor  - 国际化资源配置文件[D:\git\tiny\db\org.tinygroup.tinydb\target\classes\i18n\tinydb_zh_CN.properties]，加载完毕。
2014-05-24 09:24:51,027 -1557 [main] INFO  org.tinygroup.fileresolver.impl.AbstractFileProcessor  - 找到国际化资源配置文件[D:/MavenRepository/org/tinygroup/org.tinygroup.vfs/1.2.0-SNAPSHOT/org.tinygroup.vfs-1.2.0-SNAPSHOT.jar!/i18n/vfs_en_US.properties]，并开始加载...
2014-05-24 09:24:51,029 -1559 [main] INFO  org.tinygroup.fileresolver.impl.AbstractFileProcessor  - 国际化资源配置文件[D:/MavenRepository/org/tinygroup/org.tinygroup.vfs/1.2.0-SNAPSHOT/org.tinygroup.vfs-1.2.0-SNAPSHOT.jar!/i18n/vfs_en_US.properties]，加载完毕。
2014-05-24 09:24:51,029 -1559 [main] INFO  org.tinygroup.fileresolver.impl.AbstractFileProcessor  - 找到XStream配置文件[D:/MavenRepository/org/tinygroup/org.tinygroup.metadata/1.2.0-SNAPSHOT/org.tinygroup.metadata-1.2.0-SNAPSHOT.jar!/metadata.xstream.xml]，并开始加载...
2014-05-24 09:24:51,080 -1610 [main] INFO  org.tinygroup.fileresolver.impl.AbstractFileProcessor  - XStream配置文件[D:/MavenRepository/org/tinygroup/org.tinygroup.metadata/1.2.0-SNAPSHOT/org.tinygroup.metadata-1.2.0-SNAPSHOT.jar!/metadata.xstream.xml]，加载完毕。
2014-05-24 09:24:51,081 -1611 [main] INFO  org.tinygroup.fileresolver.impl.AbstractFileProcessor  - 找到XStream配置文件[D:/MavenRepository/org/tinygroup/org.tinygroup.database/1.2.0-SNAPSHOT/org.tinygroup.database-1.2.0-SNAPSHOT.jar!/Database.xstream.xml]，并开始加载...
2014-05-24 09:24:51,105 -1635 [main] INFO  org.tinygroup.fileresolver.impl.AbstractFileProcessor  - XStream配置文件[D:/MavenRepository/org/tinygroup/org.tinygroup.database/1.2.0-SNAPSHOT/org.tinygroup.database-1.2.0-SNAPSHOT.jar!/Database.xstream.xml]，加载完毕。
2014-05-24 09:24:51,105 -1635 [main] INFO  org.tinygroup.fileresolver.impl.AbstractFileProcessor  - 找到XStream配置文件[D:/MavenRepository/org/tinygroup/org.tinygroup.database/1.2.0-SNAPSHOT/org.tinygroup.database-1.2.0-SNAPSHOT.jar!/InitData.xstream.xml]，并开始加载...
2014-05-24 09:24:51,114 -1644 [main] INFO  org.tinygroup.fileresolver.impl.AbstractFileProcessor  - XStream配置文件[D:/MavenRepository/org/tinygroup/org.tinygroup.database/1.2.0-SNAPSHOT/org.tinygroup.database-1.2.0-SNAPSHOT.jar!/InitData.xstream.xml]，加载完毕。
2014-05-24 09:24:51,115 -1645 [main] INFO  org.tinygroup.fileresolver.impl.AbstractFileProcessor  - 找到XStream配置文件[D:/MavenRepository/org/tinygroup/org.tinygroup.database/1.2.0-SNAPSHOT/org.tinygroup.database-1.2.0-SNAPSHOT.jar!/Processor.xstream.xml]，并开始加载...
2014-05-24 09:24:51,121 -1651 [main] INFO  org.tinygroup.fileresolver.impl.AbstractFileProcessor  - XStream配置文件[D:/MavenRepository/org/tinygroup/org.tinygroup.database/1.2.0-SNAPSHOT/org.tinygroup.database-1.2.0-SNAPSHOT.jar!/Processor.xstream.xml]，加载完毕。
2014-05-24 09:24:51,121 -1651 [main] INFO  org.tinygroup.fileresolver.impl.AbstractFileProcessor  - 找到XStream配置文件[D:/MavenRepository/org/tinygroup/org.tinygroup.database/1.2.0-SNAPSHOT/org.tinygroup.database-1.2.0-SNAPSHOT.jar!/View.xstream.xml]，并开始加载...
2014-05-24 09:24:51,129 -1659 [main] INFO  org.tinygroup.fileresolver.impl.AbstractFileProcessor  - XStream配置文件[D:/MavenRepository/org/tinygroup/org.tinygroup.database/1.2.0-SNAPSHOT/org.tinygroup.database-1.2.0-SNAPSHOT.jar!/View.xstream.xml]，加载完毕。
2014-05-24 09:24:51,129 -1659 [main] INFO  org.tinygroup.fileresolver.impl.AbstractFileProcessor  - 找到XStream配置文件[D:\git\tiny\db\org.tinygroup.tinydb\target\classes\tinydb.xstream.xml]，并开始加载...
2014-05-24 09:24:51,135 -1665 [main] INFO  org.tinygroup.fileresolver.impl.AbstractFileProcessor  - XStream配置文件[D:\git\tiny\db\org.tinygroup.tinydb\target\classes\tinydb.xstream.xml]，加载完毕。
2014-05-24 09:24:51,135 -1665 [main] INFO  org.tinygroup.fileresolver.impl.AbstractFileProcessor  - 正在加载数据库关联配置文件[D:\git\tiny\db\org.tinygroup.tinydb\target\test-classes\test.relation.xml]
2014-05-24 09:24:51,139 -1669 [main] INFO  org.tinygroup.fileresolver.impl.AbstractFileProcessor  - 加载数据库关联配置文件[D:\git\tiny\db\org.tinygroup.tinydb\target\test-classes\test.relation.xml]结束
2014-05-24 09:24:51,144 -1674 [main] INFO  org.tinygroup.fileresolver.impl.AbstractFileProcessor  - 正在加载function文件[D:/MavenRepository/org/tinygroup/org.tinygroup.database/1.2.0-SNAPSHOT/org.tinygroup.database-1.2.0-SNAPSHOT.jar!/database.dialectfunction.xml]
2014-05-24 09:24:51,167 -1697 [main] INFO  org.tinygroup.fileresolver.impl.AbstractFileProcessor  - 加载function文件[D:/MavenRepository/org/tinygroup/org.tinygroup.database/1.2.0-SNAPSHOT/org.tinygroup.database-1.2.0-SNAPSHOT.jar!/database.dialectfunction.xml]结束
2014-05-24 09:24:51,167 -1697 [main] INFO  org.tinygroup.fileresolver.impl.FileResolverImpl  - 全路径扫描完成。
2014-05-24 09:24:51,167 -1697 [main] INFO  org.tinygroup.application.impl.ApplicationDefault  - 应用处理器class org.tinygroup.fileresolver.applicationprocessor.FileResolverProcessor启动完毕。
2014-05-24 09:24:51,168 -1698 [main] INFO  org.tinygroup.application.impl.ApplicationDefault  - 应用处理器class org.tinygroup.tinydb.applicationprocessor.BeanOperatorApplicationProcessor正在启动...
2014-05-24 09:24:53,785 -4315 [main] INFO  org.tinygroup.tinydb.convert.impl.AbstractTableConfigConvert  - 开始扫描schema列表中的所有表信息
2014-05-24 09:24:53,785 -4315 [main] INFO  org.tinygroup.tinydb.convert.impl.AbstractTableConfigConvert  - 开始扫描schema：opensource
2014-05-24 09:24:53,980 -4510 [main] INFO  org.tinygroup.tinydb.convert.impl.AbstractTableConfigConvert  - 开始获取表格:ANIMAL信息
2014-05-24 09:24:54,020 -4550 [main] INFO  org.tinygroup.tinydb.convert.impl.AbstractTableConfigConvert  - 获取表格:ANIMAL信息完成
2014-05-24 09:24:54,021 -4551 [main] INFO  org.tinygroup.tinydb.convert.impl.AbstractTableConfigConvert  - 开始获取表格:A_BRANCH信息
2014-05-24 09:24:54,031 -4561 [main] INFO  org.tinygroup.tinydb.convert.impl.AbstractTableConfigConvert  - 获取表格:A_BRANCH信息完成
2014-05-24 09:24:54,031 -4561 [main] INFO  org.tinygroup.tinydb.convert.impl.AbstractTableConfigConvert  - 开始获取表格:A_PEOPLE信息
2014-05-24 09:24:54,040 -4570 [main] INFO  org.tinygroup.tinydb.convert.impl.AbstractTableConfigConvert  - 获取表格:A_PEOPLE信息完成
2014-05-24 09:24:54,041 -4571 [main] INFO  org.tinygroup.tinydb.convert.impl.AbstractTableConfigConvert  - 开始获取表格:INCREMENTER信息
2014-05-24 09:24:54,047 -4577 [main] INFO  org.tinygroup.tinydb.convert.impl.AbstractTableConfigConvert  - 获取表格:INCREMENTER信息完成
2014-05-24 09:24:54,047 -4577 [main] INFO  org.tinygroup.tinydb.convert.impl.AbstractTableConfigConvert  - 开始获取表格:MORE_TO_ONE1信息
2014-05-24 09:24:54,059 -4589 [main] INFO  org.tinygroup.tinydb.convert.impl.AbstractTableConfigConvert  - 获取表格:MORE_TO_ONE1信息完成
2014-05-24 09:24:54,059 -4589 [main] INFO  org.tinygroup.tinydb.convert.impl.AbstractTableConfigConvert  - 开始获取表格:MORE_TO_ONE2信息
2014-05-24 09:24:54,069 -4599 [main] INFO  org.tinygroup.tinydb.convert.impl.AbstractTableConfigConvert  - 获取表格:MORE_TO_ONE2信息完成
2014-05-24 09:24:54,069 -4599 [main] INFO  org.tinygroup.tinydb.convert.impl.AbstractTableConfigConvert  - 开始获取表格:MORE_TO_ONE3信息
2014-05-24 09:24:54,076 -4606 [main] INFO  org.tinygroup.tinydb.convert.impl.AbstractTableConfigConvert  - 获取表格:MORE_TO_ONE3信息完成
2014-05-24 09:24:54,076 -4606 [main] INFO  org.tinygroup.tinydb.convert.impl.AbstractTableConfigConvert  - 开始获取表格:MORE_TO_ONE4信息
2014-05-24 09:24:54,082 -4612 [main] INFO  org.tinygroup.tinydb.convert.impl.AbstractTableConfigConvert  - 获取表格:MORE_TO_ONE4信息完成
2014-05-24 09:24:54,083 -4613 [main] INFO  org.tinygroup.tinydb.convert.impl.AbstractTableConfigConvert  - 开始获取表格:ONE_TO_MORE1信息
2014-05-24 09:24:54,090 -4620 [main] INFO  org.tinygroup.tinydb.convert.impl.AbstractTableConfigConvert  - 获取表格:ONE_TO_MORE1信息完成
2014-05-24 09:24:54,090 -4620 [main] INFO  org.tinygroup.tinydb.convert.impl.AbstractTableConfigConvert  - 开始获取表格:ONE_TO_MORE2信息
2014-05-24 09:24:54,096 -4626 [main] INFO  org.tinygroup.tinydb.convert.impl.AbstractTableConfigConvert  - 获取表格:ONE_TO_MORE2信息完成
2014-05-24 09:24:54,097 -4627 [main] INFO  org.tinygroup.tinydb.convert.impl.AbstractTableConfigConvert  - 开始获取表格:ONE_TO_MORE3信息
2014-05-24 09:24:54,103 -4633 [main] INFO  org.tinygroup.tinydb.convert.impl.AbstractTableConfigConvert  - 获取表格:ONE_TO_MORE3信息完成
2014-05-24 09:24:54,104 -4634 [main] INFO  org.tinygroup.tinydb.convert.impl.AbstractTableConfigConvert  - 扫描schema结束：opensource
2014-05-24 09:24:54,104 -4634 [main] INFO  org.tinygroup.tinydb.convert.impl.AbstractTableConfigConvert  - 扫描schema列表中的所有表信息结束
2014-05-24 09:24:54,104 -4634 [main] INFO  org.tinygroup.application.impl.ApplicationDefault  - 应用处理器class org.tinygroup.tinydb.applicationprocessor.BeanOperatorApplicationProcessor启动完毕。
