2014-05-07 20:51:17,714 -0    [main] INFO  org.tinygroup.fileresolver.impl.FileResolverImpl  - 正在进行全路径扫描....
2014-05-07 20:51:17,733 -19   [main] INFO  org.tinygroup.fileresolver.impl.FileResolverImpl  - 文件<file:D:/MavenRepository/org/tinygroup/org.tinygroup.springutil/1.2.0-SNAPSHOT/org.tinygroup.springutil-1.2.0-SNAPSHOT.jar>由于匹配了包含正则表达式<org\.tinygroup\.(.)*\.jar>而被扫描。
2014-05-07 20:51:17,734 -20   [main] INFO  org.tinygroup.fileresolver.impl.FileResolverImpl  - 文件<file:D:/MavenRepository/org/tinygroup/org.tinygroup.logger/1.2.0-SNAPSHOT/org.tinygroup.logger-1.2.0-SNAPSHOT.jar>由于匹配了包含正则表达式<org\.tinygroup\.(.)*\.jar>而被扫描。
2014-05-07 20:51:17,734 -20   [main] INFO  org.tinygroup.fileresolver.impl.FileResolverImpl  - 文件<file:D:/MavenRepository/org/tinygroup/org.tinygroup.vfs/1.2.0-SNAPSHOT/org.tinygroup.vfs-1.2.0-SNAPSHOT.jar>由于匹配了包含正则表达式<org\.tinygroup\.(.)*\.jar>而被扫描。
2014-05-07 20:51:17,737 -23   [main] INFO  org.tinygroup.fileresolver.impl.FileResolverImpl  - 文件<file:D:/MavenRepository/org/tinygroup/org.tinygroup.exception/1.2.0-SNAPSHOT/org.tinygroup.exception-1.2.0-SNAPSHOT.jar>由于匹配了包含正则表达式<org\.tinygroup\.(.)*\.jar>而被扫描。
2014-05-07 20:51:17,739 -25   [main] INFO  org.tinygroup.fileresolver.impl.FileResolverImpl  - 文件<file:D:/MavenRepository/org/tinygroup/org.tinygroup.testutil/1.2.0-SNAPSHOT/org.tinygroup.testutil-1.2.0-SNAPSHOT.jar>由于匹配了包含正则表达式<org\.tinygroup\.(.)*\.jar>而被扫描。
2014-05-07 20:51:17,740 -26   [main] INFO  org.tinygroup.fileresolver.impl.FileResolverImpl  - 文件<file:D:/MavenRepository/org/tinygroup/org.tinygroup.application/1.2.0-SNAPSHOT/org.tinygroup.application-1.2.0-SNAPSHOT.jar>由于匹配了包含正则表达式<org\.tinygroup\.(.)*\.jar>而被扫描。
2014-05-07 20:51:17,742 -28   [main] INFO  org.tinygroup.fileresolver.impl.FileResolverImpl  - 文件<file:D:/MavenRepository/org/tinygroup/org.tinygroup.commons/1.2.0-SNAPSHOT/org.tinygroup.commons-1.2.0-SNAPSHOT.jar>由于匹配了包含正则表达式<org\.tinygroup\.(.)*\.jar>而被扫描。
2014-05-07 20:51:17,745 -31   [main] INFO  org.tinygroup.fileresolver.impl.FileResolverImpl  - 文件<file:D:/MavenRepository/org/tinygroup/org.tinygroup.xstream/1.2.0-SNAPSHOT/org.tinygroup.xstream-1.2.0-SNAPSHOT.jar>由于匹配了包含正则表达式<org\.tinygroup\.(.)*\.jar>而被扫描。
2014-05-07 20:51:17,746 -32   [main] INFO  org.tinygroup.fileresolver.impl.FileResolverImpl  - 文件<file:D:/MavenRepository/org/tinygroup/org.tinygroup.fileresolver/1.2.0-SNAPSHOT/org.tinygroup.fileresolver-1.2.0-SNAPSHOT.jar>由于匹配了包含正则表达式<org\.tinygroup\.(.)*\.jar>而被扫描。
2014-05-07 20:51:17,747 -33   [main] INFO  org.tinygroup.fileresolver.impl.FileResolverImpl  - 文件<file:D:/MavenRepository/org/tinygroup/org.tinygroup.config/1.2.0-SNAPSHOT/org.tinygroup.config-1.2.0-SNAPSHOT.jar>由于匹配了包含正则表达式<org\.tinygroup\.(.)*\.jar>而被扫描。
2014-05-07 20:51:17,748 -34   [main] INFO  org.tinygroup.fileresolver.impl.FileResolverImpl  - 文件<file:D:/MavenRepository/org/tinygroup/org.tinygroup.xmlparser/1.2.0-SNAPSHOT/org.tinygroup.xmlparser-1.2.0-SNAPSHOT.jar>由于匹配了包含正则表达式<org\.tinygroup\.(.)*\.jar>而被扫描。
2014-05-07 20:51:17,749 -35   [main] INFO  org.tinygroup.fileresolver.impl.FileResolverImpl  - 文件<file:D:/MavenRepository/org/tinygroup/org.tinygroup.parser/1.2.0-SNAPSHOT/org.tinygroup.parser-1.2.0-SNAPSHOT.jar>由于匹配了包含正则表达式<org\.tinygroup\.(.)*\.jar>而被扫描。
2014-05-07 20:51:17,750 -36   [main] INFO  org.tinygroup.fileresolver.impl.FileResolverImpl  - 文件<file:D:/MavenRepository/org/tinygroup/org.tinygroup.binarytree/1.2.0-SNAPSHOT/org.tinygroup.binarytree-1.2.0-SNAPSHOT.jar>由于匹配了包含正则表达式<org\.tinygroup\.(.)*\.jar>而被扫描。
2014-05-07 20:51:17,751 -37   [main] INFO  org.tinygroup.fileresolver.impl.FileResolverImpl  - 文件<file:D:/MavenRepository/org/tinygroup/org.tinygroup.i18n/1.2.0-SNAPSHOT/org.tinygroup.i18n-1.2.0-SNAPSHOT.jar>由于匹配了包含正则表达式<org\.tinygroup\.(.)*\.jar>而被扫描。
2014-05-07 20:51:17,752 -38   [main] INFO  org.tinygroup.fileresolver.impl.FileResolverImpl  - 文件<file:D:/MavenRepository/org/tinygroup/org.tinygroup.formater/1.2.0-SNAPSHOT/org.tinygroup.formater-1.2.0-SNAPSHOT.jar>由于匹配了包含正则表达式<org\.tinygroup\.(.)*\.jar>而被扫描。
2014-05-07 20:51:17,753 -39   [main] INFO  org.tinygroup.fileresolver.impl.FileResolverImpl  - 文件<file:D:/MavenRepository/org/tinygroup/org.tinygroup.order/1.2.0-SNAPSHOT/org.tinygroup.order-1.2.0-SNAPSHOT.jar>由于匹配了包含正则表达式<org\.tinygroup\.(.)*\.jar>而被扫描。
2014-05-07 20:51:17,754 -40   [main] INFO  org.tinygroup.fileresolver.impl.FileResolverImpl  - 文件<file:D:/MavenRepository/org/tinygroup/org.tinygroup.threadgroup/1.2.0-SNAPSHOT/org.tinygroup.threadgroup-1.2.0-SNAPSHOT.jar>由于匹配了包含正则表达式<org\.tinygroup\.(.)*\.jar>而被扫描。
2014-05-07 20:51:17,755 -41   [main] INFO  org.tinygroup.fileresolver.impl.FileResolverImpl  - 文件<file:D:/MavenRepository/org/tinygroup/org.tinygroup.context/1.2.0-SNAPSHOT/org.tinygroup.context-1.2.0-SNAPSHOT.jar>由于匹配了包含正则表达式<org\.tinygroup\.(.)*\.jar>而被扫描。
2014-05-07 20:51:17,756 -42   [main] INFO  org.tinygroup.fileresolver.impl.FileResolverImpl  - 文件<file:D:/MavenRepository/org/tinygroup/org.tinygroup.database/1.2.0-SNAPSHOT/org.tinygroup.database-1.2.0-SNAPSHOT.jar>由于匹配了包含正则表达式<org\.tinygroup\.(.)*\.jar>而被扫描。
2014-05-07 20:51:17,757 -43   [main] INFO  org.tinygroup.fileresolver.impl.FileResolverImpl  - 文件<file:D:/MavenRepository/org/tinygroup/org.tinygroup.metadata/1.2.0-SNAPSHOT/org.tinygroup.metadata-1.2.0-SNAPSHOT.jar>由于匹配了包含正则表达式<org\.tinygroup\.(.)*\.jar>而被扫描。
2014-05-07 20:51:17,757 -43   [main] INFO  org.tinygroup.fileresolver.impl.FileResolverImpl  - 文件<file:D:/MavenRepository/org/tinygroup/org.tinygroup.cache/1.2.0-SNAPSHOT/org.tinygroup.cache-1.2.0-SNAPSHOT.jar>由于匹配了包含正则表达式<org\.tinygroup\.(.)*\.jar>而被扫描。
2014-05-07 20:51:17,761 -47   [main] INFO  org.tinygroup.fileresolver.impl.FileResolverImpl  - 查找WEB-INF/classes路径开始...
2014-05-07 20:51:17,761 -47   [main] INFO  org.tinygroup.fileresolver.impl.FileResolverImpl  - WEB-INF/classes路径是:file:/D:/git/tiny/db/org.tinygroup.tinydb/target/test-classes/
2014-05-07 20:51:17,762 -48   [main] INFO  org.tinygroup.fileresolver.impl.FileResolverImpl  - WEB-INF/lib路径是:file:/D:/git/tiny/db/org.tinygroup.tinydb/target/test-classes/
2014-05-07 20:51:17,762 -48   [main] INFO  org.tinygroup.fileresolver.impl.FileResolverImpl  - 查找WEB-INF/classes路径完成。
2014-05-07 20:51:17,762 -48   [main] WARN  org.tinygroup.fileresolver.impl.FileResolverImpl  - WEBROOT变量找不到
2014-05-07 20:51:17,762 -48   [main] INFO  org.tinygroup.fileresolver.impl.FileResolverImpl  - 查找Web工程中的jar文件列表开始...
2014-05-07 20:51:17,768 -54   [main] INFO  org.tinygroup.fileresolver.impl.FileResolverImpl  - 文件<file:D:/MavenRepository/org/tinygroup/org.tinygroup.springutil/1.2.0-SNAPSHOT/org.tinygroup.springutil-1.2.0-SNAPSHOT.jar>由于匹配了包含正则表达式<org\.tinygroup\.(.)*\.jar>而被扫描。
2014-05-07 20:51:17,769 -55   [main] INFO  org.tinygroup.fileresolver.impl.FileResolverImpl  - 扫描到jar文件<jar:file:/D:/MavenRepository/org/tinygroup/org.tinygroup.springutil/1.2.0-SNAPSHOT/org.tinygroup.springutil-1.2.0-SNAPSHOT.jar>。
2014-05-07 20:51:17,770 -56   [main] INFO  org.tinygroup.fileresolver.impl.FileResolverImpl  - 文件<file:D:/MavenRepository/org/tinygroup/org.tinygroup.logger/1.2.0-SNAPSHOT/org.tinygroup.logger-1.2.0-SNAPSHOT.jar>由于匹配了包含正则表达式<org\.tinygroup\.(.)*\.jar>而被扫描。
2014-05-07 20:51:17,770 -56   [main] INFO  org.tinygroup.fileresolver.impl.FileResolverImpl  - 扫描到jar文件<jar:file:/D:/MavenRepository/org/tinygroup/org.tinygroup.logger/1.2.0-SNAPSHOT/org.tinygroup.logger-1.2.0-SNAPSHOT.jar>。
2014-05-07 20:51:17,771 -57   [main] INFO  org.tinygroup.fileresolver.impl.FileResolverImpl  - 文件<file:D:/MavenRepository/org/tinygroup/org.tinygroup.vfs/1.2.0-SNAPSHOT/org.tinygroup.vfs-1.2.0-SNAPSHOT.jar>由于匹配了包含正则表达式<org\.tinygroup\.(.)*\.jar>而被扫描。
2014-05-07 20:51:17,772 -58   [main] INFO  org.tinygroup.fileresolver.impl.FileResolverImpl  - 扫描到jar文件<jar:file:/D:/MavenRepository/org/tinygroup/org.tinygroup.vfs/1.2.0-SNAPSHOT/org.tinygroup.vfs-1.2.0-SNAPSHOT.jar>。
2014-05-07 20:51:17,787 -73   [main] INFO  org.tinygroup.fileresolver.impl.FileResolverImpl  - 文件<file:D:/MavenRepository/org/tinygroup/org.tinygroup.exception/1.2.0-SNAPSHOT/org.tinygroup.exception-1.2.0-SNAPSHOT.jar>由于匹配了包含正则表达式<org\.tinygroup\.(.)*\.jar>而被扫描。
2014-05-07 20:51:17,788 -74   [main] INFO  org.tinygroup.fileresolver.impl.FileResolverImpl  - 扫描到jar文件<jar:file:/D:/MavenRepository/org/tinygroup/org.tinygroup.exception/1.2.0-SNAPSHOT/org.tinygroup.exception-1.2.0-SNAPSHOT.jar>。
2014-05-07 20:51:17,795 -81   [main] INFO  org.tinygroup.fileresolver.impl.FileResolverImpl  - 文件<file:D:/MavenRepository/org/tinygroup/org.tinygroup.testutil/1.2.0-SNAPSHOT/org.tinygroup.testutil-1.2.0-SNAPSHOT.jar>由于匹配了包含正则表达式<org\.tinygroup\.(.)*\.jar>而被扫描。
2014-05-07 20:51:17,796 -82   [main] INFO  org.tinygroup.fileresolver.impl.FileResolverImpl  - 扫描到jar文件<jar:file:/D:/MavenRepository/org/tinygroup/org.tinygroup.testutil/1.2.0-SNAPSHOT/org.tinygroup.testutil-1.2.0-SNAPSHOT.jar>。
2014-05-07 20:51:17,797 -83   [main] INFO  org.tinygroup.fileresolver.impl.FileResolverImpl  - 文件<file:D:/MavenRepository/org/tinygroup/org.tinygroup.application/1.2.0-SNAPSHOT/org.tinygroup.application-1.2.0-SNAPSHOT.jar>由于匹配了包含正则表达式<org\.tinygroup\.(.)*\.jar>而被扫描。
2014-05-07 20:51:17,798 -84   [main] INFO  org.tinygroup.fileresolver.impl.FileResolverImpl  - 扫描到jar文件<jar:file:/D:/MavenRepository/org/tinygroup/org.tinygroup.application/1.2.0-SNAPSHOT/org.tinygroup.application-1.2.0-SNAPSHOT.jar>。
2014-05-07 20:51:17,799 -85   [main] INFO  org.tinygroup.fileresolver.impl.FileResolverImpl  - 文件<file:D:/MavenRepository/org/tinygroup/org.tinygroup.commons/1.2.0-SNAPSHOT/org.tinygroup.commons-1.2.0-SNAPSHOT.jar>由于匹配了包含正则表达式<org\.tinygroup\.(.)*\.jar>而被扫描。
2014-05-07 20:51:17,800 -86   [main] INFO  org.tinygroup.fileresolver.impl.FileResolverImpl  - 扫描到jar文件<jar:file:/D:/MavenRepository/org/tinygroup/org.tinygroup.commons/1.2.0-SNAPSHOT/org.tinygroup.commons-1.2.0-SNAPSHOT.jar>。
2014-05-07 20:51:17,803 -89   [main] INFO  org.tinygroup.fileresolver.impl.FileResolverImpl  - 文件<file:D:/MavenRepository/org/tinygroup/org.tinygroup.xstream/1.2.0-SNAPSHOT/org.tinygroup.xstream-1.2.0-SNAPSHOT.jar>由于匹配了包含正则表达式<org\.tinygroup\.(.)*\.jar>而被扫描。
2014-05-07 20:51:17,804 -90   [main] INFO  org.tinygroup.fileresolver.impl.FileResolverImpl  - 扫描到jar文件<jar:file:/D:/MavenRepository/org/tinygroup/org.tinygroup.xstream/1.2.0-SNAPSHOT/org.tinygroup.xstream-1.2.0-SNAPSHOT.jar>。
2014-05-07 20:51:17,809 -95   [main] INFO  org.tinygroup.fileresolver.impl.FileResolverImpl  - 文件<file:D:/MavenRepository/org/tinygroup/org.tinygroup.fileresolver/1.2.0-SNAPSHOT/org.tinygroup.fileresolver-1.2.0-SNAPSHOT.jar>由于匹配了包含正则表达式<org\.tinygroup\.(.)*\.jar>而被扫描。
2014-05-07 20:51:17,810 -96   [main] INFO  org.tinygroup.fileresolver.impl.FileResolverImpl  - 扫描到jar文件<jar:file:/D:/MavenRepository/org/tinygroup/org.tinygroup.fileresolver/1.2.0-SNAPSHOT/org.tinygroup.fileresolver-1.2.0-SNAPSHOT.jar>。
2014-05-07 20:51:17,812 -98   [main] INFO  org.tinygroup.fileresolver.impl.FileResolverImpl  - 文件<file:D:/MavenRepository/org/tinygroup/org.tinygroup.config/1.2.0-SNAPSHOT/org.tinygroup.config-1.2.0-SNAPSHOT.jar>由于匹配了包含正则表达式<org\.tinygroup\.(.)*\.jar>而被扫描。
2014-05-07 20:51:17,812 -98   [main] INFO  org.tinygroup.fileresolver.impl.FileResolverImpl  - 扫描到jar文件<jar:file:/D:/MavenRepository/org/tinygroup/org.tinygroup.config/1.2.0-SNAPSHOT/org.tinygroup.config-1.2.0-SNAPSHOT.jar>。
2014-05-07 20:51:17,814 -100  [main] INFO  org.tinygroup.fileresolver.impl.FileResolverImpl  - 文件<file:D:/MavenRepository/org/tinygroup/org.tinygroup.xmlparser/1.2.0-SNAPSHOT/org.tinygroup.xmlparser-1.2.0-SNAPSHOT.jar>由于匹配了包含正则表达式<org\.tinygroup\.(.)*\.jar>而被扫描。
2014-05-07 20:51:17,814 -100  [main] INFO  org.tinygroup.fileresolver.impl.FileResolverImpl  - 扫描到jar文件<jar:file:/D:/MavenRepository/org/tinygroup/org.tinygroup.xmlparser/1.2.0-SNAPSHOT/org.tinygroup.xmlparser-1.2.0-SNAPSHOT.jar>。
2014-05-07 20:51:17,815 -101  [main] INFO  org.tinygroup.fileresolver.impl.FileResolverImpl  - 文件<file:D:/MavenRepository/org/tinygroup/org.tinygroup.parser/1.2.0-SNAPSHOT/org.tinygroup.parser-1.2.0-SNAPSHOT.jar>由于匹配了包含正则表达式<org\.tinygroup\.(.)*\.jar>而被扫描。
2014-05-07 20:51:17,816 -102  [main] INFO  org.tinygroup.fileresolver.impl.FileResolverImpl  - 扫描到jar文件<jar:file:/D:/MavenRepository/org/tinygroup/org.tinygroup.parser/1.2.0-SNAPSHOT/org.tinygroup.parser-1.2.0-SNAPSHOT.jar>。
2014-05-07 20:51:17,817 -103  [main] INFO  org.tinygroup.fileresolver.impl.FileResolverImpl  - 文件<file:D:/MavenRepository/org/tinygroup/org.tinygroup.binarytree/1.2.0-SNAPSHOT/org.tinygroup.binarytree-1.2.0-SNAPSHOT.jar>由于匹配了包含正则表达式<org\.tinygroup\.(.)*\.jar>而被扫描。
2014-05-07 20:51:17,818 -104  [main] INFO  org.tinygroup.fileresolver.impl.FileResolverImpl  - 扫描到jar文件<jar:file:/D:/MavenRepository/org/tinygroup/org.tinygroup.binarytree/1.2.0-SNAPSHOT/org.tinygroup.binarytree-1.2.0-SNAPSHOT.jar>。
2014-05-07 20:51:17,819 -105  [main] INFO  org.tinygroup.fileresolver.impl.FileResolverImpl  - 文件<file:D:/MavenRepository/org/tinygroup/org.tinygroup.i18n/1.2.0-SNAPSHOT/org.tinygroup.i18n-1.2.0-SNAPSHOT.jar>由于匹配了包含正则表达式<org\.tinygroup\.(.)*\.jar>而被扫描。
2014-05-07 20:51:17,820 -106  [main] INFO  org.tinygroup.fileresolver.impl.FileResolverImpl  - 扫描到jar文件<jar:file:/D:/MavenRepository/org/tinygroup/org.tinygroup.i18n/1.2.0-SNAPSHOT/org.tinygroup.i18n-1.2.0-SNAPSHOT.jar>。
2014-05-07 20:51:17,821 -107  [main] INFO  org.tinygroup.fileresolver.impl.FileResolverImpl  - 文件<file:D:/MavenRepository/org/tinygroup/org.tinygroup.formater/1.2.0-SNAPSHOT/org.tinygroup.formater-1.2.0-SNAPSHOT.jar>由于匹配了包含正则表达式<org\.tinygroup\.(.)*\.jar>而被扫描。
2014-05-07 20:51:17,821 -107  [main] INFO  org.tinygroup.fileresolver.impl.FileResolverImpl  - 扫描到jar文件<jar:file:/D:/MavenRepository/org/tinygroup/org.tinygroup.formater/1.2.0-SNAPSHOT/org.tinygroup.formater-1.2.0-SNAPSHOT.jar>。
2014-05-07 20:51:17,826 -112  [main] INFO  org.tinygroup.fileresolver.impl.FileResolverImpl  - 文件<file:D:/MavenRepository/org/tinygroup/org.tinygroup.order/1.2.0-SNAPSHOT/org.tinygroup.order-1.2.0-SNAPSHOT.jar>由于匹配了包含正则表达式<org\.tinygroup\.(.)*\.jar>而被扫描。
2014-05-07 20:51:17,826 -112  [main] INFO  org.tinygroup.fileresolver.impl.FileResolverImpl  - 扫描到jar文件<jar:file:/D:/MavenRepository/org/tinygroup/org.tinygroup.order/1.2.0-SNAPSHOT/org.tinygroup.order-1.2.0-SNAPSHOT.jar>。
2014-05-07 20:51:17,828 -114  [main] INFO  org.tinygroup.fileresolver.impl.FileResolverImpl  - 文件<file:D:/MavenRepository/org/tinygroup/org.tinygroup.threadgroup/1.2.0-SNAPSHOT/org.tinygroup.threadgroup-1.2.0-SNAPSHOT.jar>由于匹配了包含正则表达式<org\.tinygroup\.(.)*\.jar>而被扫描。
2014-05-07 20:51:17,828 -114  [main] INFO  org.tinygroup.fileresolver.impl.FileResolverImpl  - 扫描到jar文件<jar:file:/D:/MavenRepository/org/tinygroup/org.tinygroup.threadgroup/1.2.0-SNAPSHOT/org.tinygroup.threadgroup-1.2.0-SNAPSHOT.jar>。
2014-05-07 20:51:17,832 -118  [main] INFO  org.tinygroup.fileresolver.impl.FileResolverImpl  - 文件<file:D:/MavenRepository/org/tinygroup/org.tinygroup.context/1.2.0-SNAPSHOT/org.tinygroup.context-1.2.0-SNAPSHOT.jar>由于匹配了包含正则表达式<org\.tinygroup\.(.)*\.jar>而被扫描。
2014-05-07 20:51:17,833 -119  [main] INFO  org.tinygroup.fileresolver.impl.FileResolverImpl  - 扫描到jar文件<jar:file:/D:/MavenRepository/org/tinygroup/org.tinygroup.context/1.2.0-SNAPSHOT/org.tinygroup.context-1.2.0-SNAPSHOT.jar>。
2014-05-07 20:51:17,834 -120  [main] INFO  org.tinygroup.fileresolver.impl.FileResolverImpl  - 文件<file:D:/MavenRepository/org/tinygroup/org.tinygroup.database/1.2.0-SNAPSHOT/org.tinygroup.database-1.2.0-SNAPSHOT.jar>由于匹配了包含正则表达式<org\.tinygroup\.(.)*\.jar>而被扫描。
2014-05-07 20:51:17,835 -121  [main] INFO  org.tinygroup.fileresolver.impl.FileResolverImpl  - 扫描到jar文件<jar:file:/D:/MavenRepository/org/tinygroup/org.tinygroup.database/1.2.0-SNAPSHOT/org.tinygroup.database-1.2.0-SNAPSHOT.jar>。
2014-05-07 20:51:17,836 -122  [main] INFO  org.tinygroup.fileresolver.impl.FileResolverImpl  - 文件<file:D:/MavenRepository/org/tinygroup/org.tinygroup.metadata/1.2.0-SNAPSHOT/org.tinygroup.metadata-1.2.0-SNAPSHOT.jar>由于匹配了包含正则表达式<org\.tinygroup\.(.)*\.jar>而被扫描。
2014-05-07 20:51:17,836 -122  [main] INFO  org.tinygroup.fileresolver.impl.FileResolverImpl  - 扫描到jar文件<jar:file:/D:/MavenRepository/org/tinygroup/org.tinygroup.metadata/1.2.0-SNAPSHOT/org.tinygroup.metadata-1.2.0-SNAPSHOT.jar>。
2014-05-07 20:51:17,837 -123  [main] INFO  org.tinygroup.fileresolver.impl.FileResolverImpl  - 文件<file:D:/MavenRepository/org/tinygroup/org.tinygroup.cache/1.2.0-SNAPSHOT/org.tinygroup.cache-1.2.0-SNAPSHOT.jar>由于匹配了包含正则表达式<org\.tinygroup\.(.)*\.jar>而被扫描。
2014-05-07 20:51:17,838 -124  [main] INFO  org.tinygroup.fileresolver.impl.FileResolverImpl  - 扫描到jar文件<jar:file:/D:/MavenRepository/org/tinygroup/org.tinygroup.cache/1.2.0-SNAPSHOT/org.tinygroup.cache-1.2.0-SNAPSHOT.jar>。
2014-05-07 20:51:17,844 -130  [main] INFO  org.tinygroup.fileresolver.impl.FileResolverImpl  - 查找Web工程中的jar文件列表完成。
2014-05-07 20:51:17,862 -148  [file-resolver-threads-file-processor-thread-0] INFO  org.tinygroup.fileresolver.impl.FileResolverImpl  - 正在扫描路径[D:/MavenRepository/org/tinygroup/org.tinygroup.xmlparser/1.2.0-SNAPSHOT/org.tinygroup.xmlparser-1.2.0-SNAPSHOT.jar]...
2014-05-07 20:51:17,867 -153  [file-resolver-threads-file-processor-thread-0] INFO  org.tinygroup.fileresolver.impl.FileResolverImpl  - 路径[D:/MavenRepository/org/tinygroup/org.tinygroup.xmlparser/1.2.0-SNAPSHOT/org.tinygroup.xmlparser-1.2.0-SNAPSHOT.jar]扫描完成。
2014-05-07 20:51:17,867 -153  [file-resolver-threads-file-processor-thread-0] INFO  org.tinygroup.fileresolver.impl.FileResolverImpl  - 正在扫描路径[D:/MavenRepository/org/tinygroup/org.tinygroup.context/1.2.0-SNAPSHOT/org.tinygroup.context-1.2.0-SNAPSHOT.jar]...
2014-05-07 20:51:17,871 -157  [file-resolver-threads-file-processor-thread-0] INFO  org.tinygroup.fileresolver.impl.FileResolverImpl  - 路径[D:/MavenRepository/org/tinygroup/org.tinygroup.context/1.2.0-SNAPSHOT/org.tinygroup.context-1.2.0-SNAPSHOT.jar]扫描完成。
2014-05-07 20:51:17,872 -158  [file-resolver-threads-file-processor-thread-0] INFO  org.tinygroup.fileresolver.impl.FileResolverImpl  - 正在扫描路径[D:/MavenRepository/org/tinygroup/org.tinygroup.parser/1.2.0-SNAPSHOT/org.tinygroup.parser-1.2.0-SNAPSHOT.jar]...
2014-05-07 20:51:17,880 -166  [file-resolver-threads-file-processor-thread-0] INFO  org.tinygroup.fileresolver.impl.FileResolverImpl  - 路径[D:/MavenRepository/org/tinygroup/org.tinygroup.parser/1.2.0-SNAPSHOT/org.tinygroup.parser-1.2.0-SNAPSHOT.jar]扫描完成。
2014-05-07 20:51:17,880 -166  [file-resolver-threads-file-processor-thread-0] INFO  org.tinygroup.fileresolver.impl.FileResolverImpl  - 正在扫描路径[D:/MavenRepository/org/tinygroup/org.tinygroup.logger/1.2.0-SNAPSHOT/org.tinygroup.logger-1.2.0-SNAPSHOT.jar]...
2014-05-07 20:51:17,884 -170  [file-resolver-threads-file-processor-thread-0] INFO  org.tinygroup.fileresolver.impl.FileResolverImpl  - 路径[D:/MavenRepository/org/tinygroup/org.tinygroup.logger/1.2.0-SNAPSHOT/org.tinygroup.logger-1.2.0-SNAPSHOT.jar]扫描完成。
2014-05-07 20:51:17,884 -170  [file-resolver-threads-file-processor-thread-0] INFO  org.tinygroup.fileresolver.impl.FileResolverImpl  - 正在扫描路径[D:/MavenRepository/org/tinygroup/org.tinygroup.binarytree/1.2.0-SNAPSHOT/org.tinygroup.binarytree-1.2.0-SNAPSHOT.jar]...
2014-05-07 20:51:17,888 -174  [file-resolver-threads-file-processor-thread-0] INFO  org.tinygroup.fileresolver.impl.FileResolverImpl  - 路径[D:/MavenRepository/org/tinygroup/org.tinygroup.binarytree/1.2.0-SNAPSHOT/org.tinygroup.binarytree-1.2.0-SNAPSHOT.jar]扫描完成。
2014-05-07 20:51:17,888 -174  [file-resolver-threads-file-processor-thread-0] INFO  org.tinygroup.fileresolver.impl.FileResolverImpl  - 正在扫描路径[D:/MavenRepository/org/tinygroup/org.tinygroup.metadata/1.2.0-SNAPSHOT/org.tinygroup.metadata-1.2.0-SNAPSHOT.jar]...
2014-05-07 20:51:17,909 -195  [file-resolver-threads-file-processor-thread-0] INFO  org.tinygroup.fileresolver.impl.FileResolverImpl  - 路径[D:/MavenRepository/org/tinygroup/org.tinygroup.metadata/1.2.0-SNAPSHOT/org.tinygroup.metadata-1.2.0-SNAPSHOT.jar]扫描完成。
2014-05-07 20:51:17,909 -195  [file-resolver-threads-file-processor-thread-0] INFO  org.tinygroup.fileresolver.impl.FileResolverImpl  - 正在扫描路径[D:/MavenRepository/org/tinygroup/org.tinygroup.cache/1.2.0-SNAPSHOT/org.tinygroup.cache-1.2.0-SNAPSHOT.jar]...
2014-05-07 20:51:17,913 -199  [file-resolver-threads-file-processor-thread-0] INFO  org.tinygroup.fileresolver.impl.FileResolverImpl  - 路径[D:/MavenRepository/org/tinygroup/org.tinygroup.cache/1.2.0-SNAPSHOT/org.tinygroup.cache-1.2.0-SNAPSHOT.jar]扫描完成。
2014-05-07 20:51:17,914 -200  [file-resolver-threads-file-processor-thread-0] INFO  org.tinygroup.fileresolver.impl.FileResolverImpl  - 正在扫描路径[D:/MavenRepository/org/tinygroup/org.tinygroup.formater/1.2.0-SNAPSHOT/org.tinygroup.formater-1.2.0-SNAPSHOT.jar]...
2014-05-07 20:51:17,920 -206  [file-resolver-threads-file-processor-thread-0] INFO  org.tinygroup.fileresolver.impl.FileResolverImpl  - 路径[D:/MavenRepository/org/tinygroup/org.tinygroup.formater/1.2.0-SNAPSHOT/org.tinygroup.formater-1.2.0-SNAPSHOT.jar]扫描完成。
2014-05-07 20:51:17,921 -207  [file-resolver-threads-file-processor-thread-0] INFO  org.tinygroup.fileresolver.impl.FileResolverImpl  - 正在扫描路径[D:\git\tiny\db\org.tinygroup.tinydb\target\test-classes]...
2014-05-07 20:51:17,927 -213  [file-resolver-threads-file-processor-thread-0] INFO  org.tinygroup.fileresolver.impl.FileResolverImpl  - 路径[D:\git\tiny\db\org.tinygroup.tinydb\target\test-classes]扫描完成。
2014-05-07 20:51:17,927 -213  [file-resolver-threads-file-processor-thread-0] INFO  org.tinygroup.fileresolver.impl.FileResolverImpl  - 正在扫描路径[D:/MavenRepository/org/tinygroup/org.tinygroup.exception/1.2.0-SNAPSHOT/org.tinygroup.exception-1.2.0-SNAPSHOT.jar]...
2014-05-07 20:51:17,930 -216  [file-resolver-threads-file-processor-thread-0] INFO  org.tinygroup.fileresolver.impl.FileResolverImpl  - 路径[D:/MavenRepository/org/tinygroup/org.tinygroup.exception/1.2.0-SNAPSHOT/org.tinygroup.exception-1.2.0-SNAPSHOT.jar]扫描完成。
2014-05-07 20:51:17,930 -216  [file-resolver-threads-file-processor-thread-0] INFO  org.tinygroup.fileresolver.impl.FileResolverImpl  - 正在扫描路径[D:/MavenRepository/org/tinygroup/org.tinygroup.application/1.2.0-SNAPSHOT/org.tinygroup.application-1.2.0-SNAPSHOT.jar]...
2014-05-07 20:51:17,933 -219  [file-resolver-threads-file-processor-thread-0] INFO  org.tinygroup.fileresolver.impl.FileResolverImpl  - 路径[D:/MavenRepository/org/tinygroup/org.tinygroup.application/1.2.0-SNAPSHOT/org.tinygroup.application-1.2.0-SNAPSHOT.jar]扫描完成。
2014-05-07 20:51:17,934 -220  [file-resolver-threads-file-processor-thread-0] INFO  org.tinygroup.fileresolver.impl.FileResolverImpl  - 正在扫描路径[D:/MavenRepository/org/tinygroup/org.tinygroup.database/1.2.0-SNAPSHOT/org.tinygroup.database-1.2.0-SNAPSHOT.jar]...
2014-05-07 20:51:17,982 -268  [file-resolver-threads-file-processor-thread-0] INFO  org.tinygroup.fileresolver.impl.FileResolverImpl  - 路径[D:/MavenRepository/org/tinygroup/org.tinygroup.database/1.2.0-SNAPSHOT/org.tinygroup.database-1.2.0-SNAPSHOT.jar]扫描完成。
2014-05-07 20:51:17,982 -268  [file-resolver-threads-file-processor-thread-0] INFO  org.tinygroup.fileresolver.impl.FileResolverImpl  - 正在扫描路径[D:/MavenRepository/org/tinygroup/org.tinygroup.testutil/1.2.0-SNAPSHOT/org.tinygroup.testutil-1.2.0-SNAPSHOT.jar]...
2014-05-07 20:51:17,986 -272  [file-resolver-threads-file-processor-thread-0] INFO  org.tinygroup.fileresolver.impl.FileResolverImpl  - 路径[D:/MavenRepository/org/tinygroup/org.tinygroup.testutil/1.2.0-SNAPSHOT/org.tinygroup.testutil-1.2.0-SNAPSHOT.jar]扫描完成。
2014-05-07 20:51:17,986 -272  [file-resolver-threads-file-processor-thread-0] INFO  org.tinygroup.fileresolver.impl.FileResolverImpl  - 正在扫描路径[D:/MavenRepository/org/tinygroup/org.tinygroup.fileresolver/1.2.0-SNAPSHOT/org.tinygroup.fileresolver-1.2.0-SNAPSHOT.jar]...
2014-05-07 20:51:17,995 -281  [file-resolver-threads-file-processor-thread-0] INFO  org.tinygroup.fileresolver.impl.FileResolverImpl  - 路径[D:/MavenRepository/org/tinygroup/org.tinygroup.fileresolver/1.2.0-SNAPSHOT/org.tinygroup.fileresolver-1.2.0-SNAPSHOT.jar]扫描完成。
2014-05-07 20:51:17,996 -282  [file-resolver-threads-file-processor-thread-0] INFO  org.tinygroup.fileresolver.impl.FileResolverImpl  - 正在扫描路径[D:/MavenRepository/org/tinygroup/org.tinygroup.commons/1.2.0-SNAPSHOT/org.tinygroup.commons-1.2.0-SNAPSHOT.jar]...
2014-05-07 20:51:18,042 -328  [file-resolver-threads-file-processor-thread-0] INFO  org.tinygroup.fileresolver.impl.FileResolverImpl  - 路径[D:/MavenRepository/org/tinygroup/org.tinygroup.commons/1.2.0-SNAPSHOT/org.tinygroup.commons-1.2.0-SNAPSHOT.jar]扫描完成。
2014-05-07 20:51:18,043 -329  [file-resolver-threads-file-processor-thread-0] INFO  org.tinygroup.fileresolver.impl.FileResolverImpl  - 正在扫描路径[D:/MavenRepository/org/tinygroup/org.tinygroup.order/1.2.0-SNAPSHOT/org.tinygroup.order-1.2.0-SNAPSHOT.jar]...
2014-05-07 20:51:18,046 -332  [file-resolver-threads-file-processor-thread-0] INFO  org.tinygroup.fileresolver.impl.FileResolverImpl  - 路径[D:/MavenRepository/org/tinygroup/org.tinygroup.order/1.2.0-SNAPSHOT/org.tinygroup.order-1.2.0-SNAPSHOT.jar]扫描完成。
2014-05-07 20:51:18,046 -332  [file-resolver-threads-file-processor-thread-0] INFO  org.tinygroup.fileresolver.impl.FileResolverImpl  - 正在扫描路径[D:/MavenRepository/org/tinygroup/org.tinygroup.xstream/1.2.0-SNAPSHOT/org.tinygroup.xstream-1.2.0-SNAPSHOT.jar]...
2014-05-07 20:51:18,050 -336  [file-resolver-threads-file-processor-thread-0] INFO  org.tinygroup.fileresolver.impl.FileResolverImpl  - 路径[D:/MavenRepository/org/tinygroup/org.tinygroup.xstream/1.2.0-SNAPSHOT/org.tinygroup.xstream-1.2.0-SNAPSHOT.jar]扫描完成。
2014-05-07 20:51:18,050 -336  [file-resolver-threads-file-processor-thread-0] INFO  org.tinygroup.fileresolver.impl.FileResolverImpl  - 正在扫描路径[D:/MavenRepository/org/tinygroup/org.tinygroup.springutil/1.2.0-SNAPSHOT/org.tinygroup.springutil-1.2.0-SNAPSHOT.jar]...
2014-05-07 20:51:18,053 -339  [file-resolver-threads-file-processor-thread-0] INFO  org.tinygroup.fileresolver.impl.FileResolverImpl  - 路径[D:/MavenRepository/org/tinygroup/org.tinygroup.springutil/1.2.0-SNAPSHOT/org.tinygroup.springutil-1.2.0-SNAPSHOT.jar]扫描完成。
2014-05-07 20:51:18,053 -339  [file-resolver-threads-file-processor-thread-0] INFO  org.tinygroup.fileresolver.impl.FileResolverImpl  - 正在扫描路径[D:/MavenRepository/org/tinygroup/org.tinygroup.i18n/1.2.0-SNAPSHOT/org.tinygroup.i18n-1.2.0-SNAPSHOT.jar]...
2014-05-07 20:51:18,056 -342  [file-resolver-threads-file-processor-thread-0] INFO  org.tinygroup.fileresolver.impl.FileResolverImpl  - 路径[D:/MavenRepository/org/tinygroup/org.tinygroup.i18n/1.2.0-SNAPSHOT/org.tinygroup.i18n-1.2.0-SNAPSHOT.jar]扫描完成。
2014-05-07 20:51:18,056 -342  [file-resolver-threads-file-processor-thread-0] INFO  org.tinygroup.fileresolver.impl.FileResolverImpl  - 正在扫描路径[D:\git\tiny\db\org.tinygroup.tinydb\target\classes]...
2014-05-07 20:51:18,073 -359  [file-resolver-threads-file-processor-thread-0] INFO  org.tinygroup.fileresolver.impl.FileResolverImpl  - 路径[D:\git\tiny\db\org.tinygroup.tinydb\target\classes]扫描完成。
2014-05-07 20:51:18,073 -359  [file-resolver-threads-file-processor-thread-0] INFO  org.tinygroup.fileresolver.impl.FileResolverImpl  - 正在扫描路径[D:/MavenRepository/org/tinygroup/org.tinygroup.vfs/1.2.0-SNAPSHOT/org.tinygroup.vfs-1.2.0-SNAPSHOT.jar]...
2014-05-07 20:51:18,077 -363  [file-resolver-threads-file-processor-thread-0] INFO  org.tinygroup.fileresolver.impl.FileResolverImpl  - 路径[D:/MavenRepository/org/tinygroup/org.tinygroup.vfs/1.2.0-SNAPSHOT/org.tinygroup.vfs-1.2.0-SNAPSHOT.jar]扫描完成。
2014-05-07 20:51:18,078 -364  [file-resolver-threads-file-processor-thread-0] INFO  org.tinygroup.fileresolver.impl.FileResolverImpl  - 正在扫描路径[D:/MavenRepository/org/tinygroup/org.tinygroup.threadgroup/1.2.0-SNAPSHOT/org.tinygroup.threadgroup-1.2.0-SNAPSHOT.jar]...
2014-05-07 20:51:18,080 -366  [file-resolver-threads-file-processor-thread-0] INFO  org.tinygroup.fileresolver.impl.FileResolverImpl  - 路径[D:/MavenRepository/org/tinygroup/org.tinygroup.threadgroup/1.2.0-SNAPSHOT/org.tinygroup.threadgroup-1.2.0-SNAPSHOT.jar]扫描完成。
2014-05-07 20:51:18,080 -366  [file-resolver-threads-file-processor-thread-0] INFO  org.tinygroup.fileresolver.impl.FileResolverImpl  - 正在扫描路径[D:/MavenRepository/org/tinygroup/org.tinygroup.config/1.2.0-SNAPSHOT/org.tinygroup.config-1.2.0-SNAPSHOT.jar]...
2014-05-07 20:51:18,083 -369  [file-resolver-threads-file-processor-thread-0] INFO  org.tinygroup.fileresolver.impl.FileResolverImpl  - 路径[D:/MavenRepository/org/tinygroup/org.tinygroup.config/1.2.0-SNAPSHOT/org.tinygroup.config-1.2.0-SNAPSHOT.jar]扫描完成。
2014-05-07 20:51:18,084 -370  [main] INFO  org.tinygroup.fileresolver.impl.MultiThreadFileProcessor  - 线程组:<file-resolver-threads>执行时间：226
2014-05-07 20:51:18,197 -483  [main] INFO  org.tinygroup.springutil.SpringUtil  - 添加Spring配置文件:jar:file:D:/MavenRepository/org/tinygroup/org.tinygroup.binarytree/1.2.0-SNAPSHOT/org.tinygroup.binarytree-1.2.0-SNAPSHOT.jar!/binarytree.beans.xml
2014-05-07 20:51:18,198 -484  [main] INFO  org.tinygroup.springutil.SpringUtil  - 添加Spring配置文件:jar:file:D:/MavenRepository/org/tinygroup/org.tinygroup.metadata/1.2.0-SNAPSHOT/org.tinygroup.metadata-1.2.0-SNAPSHOT.jar!/Metadata.beans.xml
2014-05-07 20:51:18,198 -484  [main] INFO  org.tinygroup.springutil.SpringUtil  - 添加Spring配置文件:jar:file:D:/MavenRepository/org/tinygroup/org.tinygroup.cache/1.2.0-SNAPSHOT/org.tinygroup.cache-1.2.0-SNAPSHOT.jar!/Cache.beans.xml
2014-05-07 20:51:18,200 -486  [main] INFO  org.tinygroup.springutil.SpringUtil  - 添加Spring配置文件:file:D:/git/tiny/db/org.tinygroup.tinydb/target/test-classes/Application.springbeans.xml
2014-05-07 20:51:18,201 -487  [main] INFO  org.tinygroup.springutil.SpringUtil  - 添加Spring配置文件:file:D:/git/tiny/db/org.tinygroup.tinydb/target/test-classes/spring-context2.springbeans.xml
2014-05-07 20:51:18,201 -487  [main] INFO  org.tinygroup.springutil.SpringUtil  - 添加Spring配置文件:file:D:/git/tiny/db/org.tinygroup.tinydb/target/test-classes/test.beans.xml
2014-05-07 20:51:18,201 -487  [main] INFO  org.tinygroup.springutil.SpringUtil  - 添加Spring配置文件:jar:file:D:/MavenRepository/org/tinygroup/org.tinygroup.exception/1.2.0-SNAPSHOT/org.tinygroup.exception-1.2.0-SNAPSHOT.jar!/exception.beans.xml
2014-05-07 20:51:18,202 -488  [main] INFO  org.tinygroup.springutil.SpringUtil  - 添加Spring配置文件:jar:file:D:/MavenRepository/org/tinygroup/org.tinygroup.database/1.2.0-SNAPSHOT/org.tinygroup.database-1.2.0-SNAPSHOT.jar!/Database.beans.xml
2014-05-07 20:51:18,203 -489  [main] INFO  org.tinygroup.springutil.SpringUtil  - 添加Spring配置文件:jar:file:D:/MavenRepository/org/tinygroup/org.tinygroup.fileresolver/1.2.0-SNAPSHOT/org.tinygroup.fileresolver-1.2.0-SNAPSHOT.jar!/fileresolver.beans.xml
2014-05-07 20:51:18,204 -490  [main] INFO  org.tinygroup.springutil.SpringUtil  - 添加Spring配置文件:jar:file:D:/MavenRepository/org/tinygroup/org.tinygroup.order/1.2.0-SNAPSHOT/org.tinygroup.order-1.2.0-SNAPSHOT.jar!/order.beans.xml
2014-05-07 20:51:18,204 -490  [main] INFO  org.tinygroup.springutil.SpringUtil  - 添加Spring配置文件:jar:file:D:/MavenRepository/org/tinygroup/org.tinygroup.xstream/1.2.0-SNAPSHOT/org.tinygroup.xstream-1.2.0-SNAPSHOT.jar!/xstream.beans.xml
2014-05-07 20:51:18,205 -491  [main] INFO  org.tinygroup.springutil.SpringUtil  - 添加Spring配置文件:file:D:/git/tiny/db/org.tinygroup.tinydb/target/classes/tinydb.beans.xml
2014-05-07 20:51:18,208 -494  [main] INFO  org.springframework.context.support.FileSystemXmlApplicationContext  - Refreshing org.springframework.context.support.FileSystemXmlApplicationContext@174e70f2: display name [org.springframework.context.support.FileSystemXmlApplicationContext@174e70f2]; startup date [Wed May 07 20:51:18 CST 2014]; root of context hierarchy
2014-05-07 20:51:18,369 -655  [main] INFO  org.springframework.beans.factory.xml.XmlBeanDefinitionReader  - Loading XML bean definitions from URL [jar:file:D:/MavenRepository/org/tinygroup/org.tinygroup.binarytree/1.2.0-SNAPSHOT/org.tinygroup.binarytree-1.2.0-SNAPSHOT.jar!/binarytree.beans.xml]
2014-05-07 20:51:18,554 -840  [main] INFO  org.springframework.beans.factory.xml.XmlBeanDefinitionReader  - Loading XML bean definitions from URL [jar:file:D:/MavenRepository/org/tinygroup/org.tinygroup.metadata/1.2.0-SNAPSHOT/org.tinygroup.metadata-1.2.0-SNAPSHOT.jar!/Metadata.beans.xml]
2014-05-07 20:51:18,598 -884  [main] INFO  org.springframework.beans.factory.xml.XmlBeanDefinitionReader  - Loading XML bean definitions from URL [jar:file:D:/MavenRepository/org/tinygroup/org.tinygroup.cache/1.2.0-SNAPSHOT/org.tinygroup.cache-1.2.0-SNAPSHOT.jar!/Cache.beans.xml]
2014-05-07 20:51:18,638 -924  [main] INFO  org.springframework.beans.factory.xml.XmlBeanDefinitionReader  - Loading XML bean definitions from URL [file:D:/git/tiny/db/org.tinygroup.tinydb/target/test-classes/Application.springbeans.xml]
2014-05-07 20:51:18,672 -958  [main] INFO  org.springframework.beans.factory.xml.XmlBeanDefinitionReader  - Loading XML bean definitions from URL [file:D:/git/tiny/db/org.tinygroup.tinydb/target/test-classes/spring-context2.springbeans.xml]
2014-05-07 20:51:18,851 -1137 [main] INFO  org.springframework.beans.factory.xml.XmlBeanDefinitionReader  - Loading XML bean definitions from URL [file:D:/git/tiny/db/org.tinygroup.tinydb/target/test-classes/test.beans.xml]
2014-05-07 20:51:18,890 -1176 [main] INFO  org.springframework.beans.factory.xml.XmlBeanDefinitionReader  - Loading XML bean definitions from URL [jar:file:D:/MavenRepository/org/tinygroup/org.tinygroup.exception/1.2.0-SNAPSHOT/org.tinygroup.exception-1.2.0-SNAPSHOT.jar!/exception.beans.xml]
2014-05-07 20:51:18,911 -1197 [main] INFO  org.springframework.beans.factory.xml.XmlBeanDefinitionReader  - Loading XML bean definitions from URL [jar:file:D:/MavenRepository/org/tinygroup/org.tinygroup.database/1.2.0-SNAPSHOT/org.tinygroup.database-1.2.0-SNAPSHOT.jar!/Database.beans.xml]
2014-05-07 20:51:18,947 -1233 [main] INFO  org.springframework.beans.factory.xml.XmlBeanDefinitionReader  - Loading XML bean definitions from URL [jar:file:D:/MavenRepository/org/tinygroup/org.tinygroup.fileresolver/1.2.0-SNAPSHOT/org.tinygroup.fileresolver-1.2.0-SNAPSHOT.jar!/fileresolver.beans.xml]
2014-05-07 20:51:18,979 -1265 [main] INFO  org.springframework.beans.factory.xml.XmlBeanDefinitionReader  - Loading XML bean definitions from URL [jar:file:D:/MavenRepository/org/tinygroup/org.tinygroup.order/1.2.0-SNAPSHOT/org.tinygroup.order-1.2.0-SNAPSHOT.jar!/order.beans.xml]
2014-05-07 20:51:18,999 -1285 [main] INFO  org.springframework.beans.factory.xml.XmlBeanDefinitionReader  - Loading XML bean definitions from URL [jar:file:D:/MavenRepository/org/tinygroup/org.tinygroup.xstream/1.2.0-SNAPSHOT/org.tinygroup.xstream-1.2.0-SNAPSHOT.jar!/xstream.beans.xml]
2014-05-07 20:51:19,023 -1309 [main] INFO  org.springframework.beans.factory.xml.XmlBeanDefinitionReader  - Loading XML bean definitions from URL [file:D:/git/tiny/db/org.tinygroup.tinydb/target/classes/tinydb.beans.xml]
2014-05-07 20:51:19,053 -1339 [main] INFO  org.springframework.context.support.FileSystemXmlApplicationContext  - Bean factory for application context [org.springframework.context.support.FileSystemXmlApplicationContext@174e70f2]: org.springframework.beans.factory.support.DefaultListableBeanFactory@3642ba51
2014-05-07 20:51:19,363 -1649 [main] INFO  org.springframework.beans.factory.support.DefaultListableBeanFactory  - Pre-instantiating singletons in org.springframework.beans.factory.support.DefaultListableBeanFactory@3642ba51: defining beans [avlTreeImpl,constantProcessor,errorMessageProcessor,standardTypeProcessor,businessTypeProcessor,standardFieldProcessor,constantFileResolver,businessTypeFileResolver,standardFieldFileResolver,errorMessageFileResolver,standardTypeFileResolver,cacheInitConfig,fileResolver,fileResolverProcessor,lobHandler,defaultDataSource,dataSource1,dataSource2,dynamicDataSource,transactionManager,transactionTemplate,beanNameAutoProxyCreator,jdbcTemplate,txAdvice,org.springframework.aop.config.internalAutoProxyCreator,allManagerMethod,org.springframework.aop.support.DefaultBeanFactoryPointcutAdvisor#0,derbyDialect,oracleDialect,derbyIncrementer,oracleIncrementer,beanStringOperator,animalOperator,animalLogic,branchOperator,branchLogic,transactionService,tableProcessor,initDataProcessor,processorManager,customeSqlProcessor,viewProcessor,dialectFunctionProcessor,procedureProcessor,oracleSqlProcessor,mysqlSqlProcessor,derbySqlProcessor,h2SqlProcessor,sqlserverSqlProcessor,db2SqlProcessor,initDataSqlProcessor,viewSqlProcessor,oracleProcedureSqlProcessor,tableFileResolver,customSqlFileResolver,dialectFunctionlFileResolver,initDataFileResolver,procedureFileResolver,processorFileResolver,viewFileResolver,fullContextFileRepository,fullContextFileFinder,i18nFileProcessor,xStreamFileProcessor,orderFileProcessor,springBeansFileProcessor,configurationFileProcessor,fileMonitorProcessor,orderProcessor,tinyDBService,dataSourceProxy,beanOperatorManager,relationFileProcessor,beanManagerProcessor,tableConvertBeanProcessor]; root of factory hierarchy
2014-05-07 20:51:19,919 -2205 [main] INFO  org.tinygroup.fileresolver.impl.AbstractFileProcessor  - 开始读取组件配置文件:cacheinit.config.xml
2014-05-07 20:51:19,921 -2207 [main] INFO  org.tinygroup.fileresolver.impl.AbstractFileProcessor  - 读取组件配置文件:cacheinit.config.xml完成
2014-05-07 20:51:19,921 -2207 [main] INFO  org.tinygroup.fileresolver.impl.AbstractFileProcessor  - 开始读取组件配置文件:filefind.config.xml
2014-05-07 20:51:19,924 -2210 [main] INFO  org.tinygroup.fileresolver.impl.AbstractFileProcessor  - 读取组件配置文件:filefind.config.xml完成
2014-05-07 20:51:19,924 -2210 [main] INFO  org.tinygroup.fileresolver.impl.AbstractFileProcessor  - 开始读取组件配置文件:filemonitor.config.xml
2014-05-07 20:51:19,925 -2211 [main] INFO  org.tinygroup.fileresolver.impl.AbstractFileProcessor  - 读取组件配置文件:filemonitor.config.xml完成
2014-05-07 20:51:19,925 -2211 [main] INFO  org.tinygroup.fileresolver.impl.AbstractFileProcessor  - 开始读取组件配置文件:fileresolver.config.xml
2014-05-07 20:51:19,927 -2213 [main] INFO  org.tinygroup.fileresolver.impl.AbstractFileProcessor  - 读取组件配置文件:fileresolver.config.xml完成
2014-05-07 20:51:20,080 -2366 [main] INFO  org.tinygroup.config.impl.ConfigurationManagerImpl  - 正在分发应用配置信息...
2014-05-07 20:51:20,081 -2367 [main] INFO  org.tinygroup.config.impl.ConfigurationManagerImpl  - 应用配置信息分发完毕
2014-05-07 20:51:20,082 -2368 [main] INFO  org.tinygroup.fileresolver.impl.FileResolverImpl  - 全路径扫描完成。
2014-05-07 20:51:20,082 -2368 [main] INFO  org.tinygroup.application.impl.ApplicationDefault  - 启动应用开始...
2014-05-07 20:51:20,082 -2368 [main] INFO  org.tinygroup.application.impl.ApplicationDefault  - 应用处理器class org.tinygroup.fileresolver.applicationprocessor.FileResolverProcessor正在启动...
2014-05-07 20:51:20,083 -2369 [main] INFO  org.tinygroup.fileresolver.impl.FileResolverImpl  - 正在进行全路径扫描....
2014-05-07 20:51:20,083 -2369 [main] INFO  org.tinygroup.fileresolver.impl.FileResolverImpl  - 文件<file:D:/MavenRepository/org/tinygroup/org.tinygroup.springutil/1.2.0-SNAPSHOT/org.tinygroup.springutil-1.2.0-SNAPSHOT.jar>由于匹配了包含正则表达式<org\.tinygroup\.(.)*\.jar>而被扫描。
2014-05-07 20:51:20,084 -2370 [main] INFO  org.tinygroup.fileresolver.impl.FileResolverImpl  - 文件<file:D:/MavenRepository/org/tinygroup/org.tinygroup.logger/1.2.0-SNAPSHOT/org.tinygroup.logger-1.2.0-SNAPSHOT.jar>由于匹配了包含正则表达式<org\.tinygroup\.(.)*\.jar>而被扫描。
2014-05-07 20:51:20,084 -2370 [main] INFO  org.tinygroup.fileresolver.impl.FileResolverImpl  - 文件<file:D:/MavenRepository/org/tinygroup/org.tinygroup.vfs/1.2.0-SNAPSHOT/org.tinygroup.vfs-1.2.0-SNAPSHOT.jar>由于匹配了包含正则表达式<org\.tinygroup\.(.)*\.jar>而被扫描。
2014-05-07 20:51:20,087 -2373 [main] INFO  org.tinygroup.fileresolver.impl.FileResolverImpl  - 文件<file:D:/MavenRepository/org/tinygroup/org.tinygroup.exception/1.2.0-SNAPSHOT/org.tinygroup.exception-1.2.0-SNAPSHOT.jar>由于匹配了包含正则表达式<org\.tinygroup\.(.)*\.jar>而被扫描。
2014-05-07 20:51:20,088 -2374 [main] INFO  org.tinygroup.fileresolver.impl.FileResolverImpl  - 文件<file:D:/MavenRepository/org/tinygroup/org.tinygroup.testutil/1.2.0-SNAPSHOT/org.tinygroup.testutil-1.2.0-SNAPSHOT.jar>由于匹配了包含正则表达式<org\.tinygroup\.(.)*\.jar>而被扫描。
2014-05-07 20:51:20,088 -2374 [main] INFO  org.tinygroup.fileresolver.impl.FileResolverImpl  - 文件<file:D:/MavenRepository/org/tinygroup/org.tinygroup.application/1.2.0-SNAPSHOT/org.tinygroup.application-1.2.0-SNAPSHOT.jar>由于匹配了包含正则表达式<org\.tinygroup\.(.)*\.jar>而被扫描。
2014-05-07 20:51:20,089 -2375 [main] INFO  org.tinygroup.fileresolver.impl.FileResolverImpl  - 文件<file:D:/MavenRepository/org/tinygroup/org.tinygroup.commons/1.2.0-SNAPSHOT/org.tinygroup.commons-1.2.0-SNAPSHOT.jar>由于匹配了包含正则表达式<org\.tinygroup\.(.)*\.jar>而被扫描。
2014-05-07 20:51:20,089 -2375 [main] INFO  org.tinygroup.fileresolver.impl.FileResolverImpl  - 文件<file:D:/MavenRepository/org/tinygroup/org.tinygroup.xstream/1.2.0-SNAPSHOT/org.tinygroup.xstream-1.2.0-SNAPSHOT.jar>由于匹配了包含正则表达式<org\.tinygroup\.(.)*\.jar>而被扫描。
2014-05-07 20:51:20,090 -2376 [main] INFO  org.tinygroup.fileresolver.impl.FileResolverImpl  - 文件<file:D:/MavenRepository/org/tinygroup/org.tinygroup.fileresolver/1.2.0-SNAPSHOT/org.tinygroup.fileresolver-1.2.0-SNAPSHOT.jar>由于匹配了包含正则表达式<org\.tinygroup\.(.)*\.jar>而被扫描。
2014-05-07 20:51:20,091 -2377 [main] INFO  org.tinygroup.fileresolver.impl.FileResolverImpl  - 文件<file:D:/MavenRepository/org/tinygroup/org.tinygroup.config/1.2.0-SNAPSHOT/org.tinygroup.config-1.2.0-SNAPSHOT.jar>由于匹配了包含正则表达式<org\.tinygroup\.(.)*\.jar>而被扫描。
2014-05-07 20:51:20,091 -2377 [main] INFO  org.tinygroup.fileresolver.impl.FileResolverImpl  - 文件<file:D:/MavenRepository/org/tinygroup/org.tinygroup.xmlparser/1.2.0-SNAPSHOT/org.tinygroup.xmlparser-1.2.0-SNAPSHOT.jar>由于匹配了包含正则表达式<org\.tinygroup\.(.)*\.jar>而被扫描。
2014-05-07 20:51:20,092 -2378 [main] INFO  org.tinygroup.fileresolver.impl.FileResolverImpl  - 文件<file:D:/MavenRepository/org/tinygroup/org.tinygroup.parser/1.2.0-SNAPSHOT/org.tinygroup.parser-1.2.0-SNAPSHOT.jar>由于匹配了包含正则表达式<org\.tinygroup\.(.)*\.jar>而被扫描。
2014-05-07 20:51:20,092 -2378 [main] INFO  org.tinygroup.fileresolver.impl.FileResolverImpl  - 文件<file:D:/MavenRepository/org/tinygroup/org.tinygroup.binarytree/1.2.0-SNAPSHOT/org.tinygroup.binarytree-1.2.0-SNAPSHOT.jar>由于匹配了包含正则表达式<org\.tinygroup\.(.)*\.jar>而被扫描。
2014-05-07 20:51:20,093 -2379 [main] INFO  org.tinygroup.fileresolver.impl.FileResolverImpl  - 文件<file:D:/MavenRepository/org/tinygroup/org.tinygroup.i18n/1.2.0-SNAPSHOT/org.tinygroup.i18n-1.2.0-SNAPSHOT.jar>由于匹配了包含正则表达式<org\.tinygroup\.(.)*\.jar>而被扫描。
2014-05-07 20:51:20,093 -2379 [main] INFO  org.tinygroup.fileresolver.impl.FileResolverImpl  - 文件<file:D:/MavenRepository/org/tinygroup/org.tinygroup.formater/1.2.0-SNAPSHOT/org.tinygroup.formater-1.2.0-SNAPSHOT.jar>由于匹配了包含正则表达式<org\.tinygroup\.(.)*\.jar>而被扫描。
2014-05-07 20:51:20,094 -2380 [main] INFO  org.tinygroup.fileresolver.impl.FileResolverImpl  - 文件<file:D:/MavenRepository/org/tinygroup/org.tinygroup.order/1.2.0-SNAPSHOT/org.tinygroup.order-1.2.0-SNAPSHOT.jar>由于匹配了包含正则表达式<org\.tinygroup\.(.)*\.jar>而被扫描。
2014-05-07 20:51:20,094 -2380 [main] INFO  org.tinygroup.fileresolver.impl.FileResolverImpl  - 文件<file:D:/MavenRepository/org/tinygroup/org.tinygroup.threadgroup/1.2.0-SNAPSHOT/org.tinygroup.threadgroup-1.2.0-SNAPSHOT.jar>由于匹配了包含正则表达式<org\.tinygroup\.(.)*\.jar>而被扫描。
2014-05-07 20:51:20,095 -2381 [main] INFO  org.tinygroup.fileresolver.impl.FileResolverImpl  - 文件<file:D:/MavenRepository/org/tinygroup/org.tinygroup.context/1.2.0-SNAPSHOT/org.tinygroup.context-1.2.0-SNAPSHOT.jar>由于匹配了包含正则表达式<org\.tinygroup\.(.)*\.jar>而被扫描。
2014-05-07 20:51:20,096 -2382 [main] INFO  org.tinygroup.fileresolver.impl.FileResolverImpl  - 文件<file:D:/MavenRepository/org/tinygroup/org.tinygroup.database/1.2.0-SNAPSHOT/org.tinygroup.database-1.2.0-SNAPSHOT.jar>由于匹配了包含正则表达式<org\.tinygroup\.(.)*\.jar>而被扫描。
2014-05-07 20:51:20,096 -2382 [main] INFO  org.tinygroup.fileresolver.impl.FileResolverImpl  - 文件<file:D:/MavenRepository/org/tinygroup/org.tinygroup.metadata/1.2.0-SNAPSHOT/org.tinygroup.metadata-1.2.0-SNAPSHOT.jar>由于匹配了包含正则表达式<org\.tinygroup\.(.)*\.jar>而被扫描。
2014-05-07 20:51:20,097 -2383 [main] INFO  org.tinygroup.fileresolver.impl.FileResolverImpl  - 文件<file:D:/MavenRepository/org/tinygroup/org.tinygroup.cache/1.2.0-SNAPSHOT/org.tinygroup.cache-1.2.0-SNAPSHOT.jar>由于匹配了包含正则表达式<org\.tinygroup\.(.)*\.jar>而被扫描。
2014-05-07 20:51:20,098 -2384 [main] INFO  org.tinygroup.fileresolver.impl.FileResolverImpl  - 查找WEB-INF/classes路径开始...
2014-05-07 20:51:20,098 -2384 [main] INFO  org.tinygroup.fileresolver.impl.FileResolverImpl  - WEB-INF/classes路径是:file:/D:/git/tiny/db/org.tinygroup.tinydb/target/test-classes/
2014-05-07 20:51:20,099 -2385 [main] INFO  org.tinygroup.fileresolver.impl.FileResolverImpl  - WEB-INF/lib路径是:file:/D:/git/tiny/db/org.tinygroup.tinydb/target/test-classes/
2014-05-07 20:51:20,099 -2385 [main] INFO  org.tinygroup.fileresolver.impl.FileResolverImpl  - 查找WEB-INF/classes路径完成。
2014-05-07 20:51:20,099 -2385 [main] WARN  org.tinygroup.fileresolver.impl.FileResolverImpl  - WEBROOT变量找不到
2014-05-07 20:51:20,099 -2385 [main] INFO  org.tinygroup.fileresolver.impl.FileResolverImpl  - 查找Web工程中的jar文件列表开始...
2014-05-07 20:51:20,101 -2387 [main] INFO  org.tinygroup.fileresolver.impl.FileResolverImpl  - 文件<file:D:/MavenRepository/org/tinygroup/org.tinygroup.springutil/1.2.0-SNAPSHOT/org.tinygroup.springutil-1.2.0-SNAPSHOT.jar>由于匹配了包含正则表达式<org\.tinygroup\.(.)*\.jar>而被扫描。
2014-05-07 20:51:20,102 -2388 [main] INFO  org.tinygroup.fileresolver.impl.FileResolverImpl  - 扫描到jar文件<jar:file:/D:/MavenRepository/org/tinygroup/org.tinygroup.springutil/1.2.0-SNAPSHOT/org.tinygroup.springutil-1.2.0-SNAPSHOT.jar>。
2014-05-07 20:51:20,103 -2389 [main] INFO  org.tinygroup.fileresolver.impl.FileResolverImpl  - 文件<file:D:/MavenRepository/org/tinygroup/org.tinygroup.logger/1.2.0-SNAPSHOT/org.tinygroup.logger-1.2.0-SNAPSHOT.jar>由于匹配了包含正则表达式<org\.tinygroup\.(.)*\.jar>而被扫描。
2014-05-07 20:51:20,103 -2389 [main] INFO  org.tinygroup.fileresolver.impl.FileResolverImpl  - 扫描到jar文件<jar:file:/D:/MavenRepository/org/tinygroup/org.tinygroup.logger/1.2.0-SNAPSHOT/org.tinygroup.logger-1.2.0-SNAPSHOT.jar>。
2014-05-07 20:51:20,104 -2390 [main] INFO  org.tinygroup.fileresolver.impl.FileResolverImpl  - 文件<file:D:/MavenRepository/org/tinygroup/org.tinygroup.vfs/1.2.0-SNAPSHOT/org.tinygroup.vfs-1.2.0-SNAPSHOT.jar>由于匹配了包含正则表达式<org\.tinygroup\.(.)*\.jar>而被扫描。
2014-05-07 20:51:20,104 -2390 [main] INFO  org.tinygroup.fileresolver.impl.FileResolverImpl  - 扫描到jar文件<jar:file:/D:/MavenRepository/org/tinygroup/org.tinygroup.vfs/1.2.0-SNAPSHOT/org.tinygroup.vfs-1.2.0-SNAPSHOT.jar>。
2014-05-07 20:51:20,110 -2396 [main] INFO  org.tinygroup.fileresolver.impl.FileResolverImpl  - 文件<file:D:/MavenRepository/org/tinygroup/org.tinygroup.exception/1.2.0-SNAPSHOT/org.tinygroup.exception-1.2.0-SNAPSHOT.jar>由于匹配了包含正则表达式<org\.tinygroup\.(.)*\.jar>而被扫描。
2014-05-07 20:51:20,110 -2396 [main] INFO  org.tinygroup.fileresolver.impl.FileResolverImpl  - 扫描到jar文件<jar:file:/D:/MavenRepository/org/tinygroup/org.tinygroup.exception/1.2.0-SNAPSHOT/org.tinygroup.exception-1.2.0-SNAPSHOT.jar>。
2014-05-07 20:51:20,114 -2400 [main] INFO  org.tinygroup.fileresolver.impl.FileResolverImpl  - 文件<file:D:/MavenRepository/org/tinygroup/org.tinygroup.testutil/1.2.0-SNAPSHOT/org.tinygroup.testutil-1.2.0-SNAPSHOT.jar>由于匹配了包含正则表达式<org\.tinygroup\.(.)*\.jar>而被扫描。
2014-05-07 20:51:20,115 -2401 [main] INFO  org.tinygroup.fileresolver.impl.FileResolverImpl  - 扫描到jar文件<jar:file:/D:/MavenRepository/org/tinygroup/org.tinygroup.testutil/1.2.0-SNAPSHOT/org.tinygroup.testutil-1.2.0-SNAPSHOT.jar>。
2014-05-07 20:51:20,115 -2401 [main] INFO  org.tinygroup.fileresolver.impl.FileResolverImpl  - 文件<file:D:/MavenRepository/org/tinygroup/org.tinygroup.application/1.2.0-SNAPSHOT/org.tinygroup.application-1.2.0-SNAPSHOT.jar>由于匹配了包含正则表达式<org\.tinygroup\.(.)*\.jar>而被扫描。
2014-05-07 20:51:20,116 -2402 [main] INFO  org.tinygroup.fileresolver.impl.FileResolverImpl  - 扫描到jar文件<jar:file:/D:/MavenRepository/org/tinygroup/org.tinygroup.application/1.2.0-SNAPSHOT/org.tinygroup.application-1.2.0-SNAPSHOT.jar>。
2014-05-07 20:51:20,116 -2402 [main] INFO  org.tinygroup.fileresolver.impl.FileResolverImpl  - 文件<file:D:/MavenRepository/org/tinygroup/org.tinygroup.commons/1.2.0-SNAPSHOT/org.tinygroup.commons-1.2.0-SNAPSHOT.jar>由于匹配了包含正则表达式<org\.tinygroup\.(.)*\.jar>而被扫描。
2014-05-07 20:51:20,117 -2403 [main] INFO  org.tinygroup.fileresolver.impl.FileResolverImpl  - 扫描到jar文件<jar:file:/D:/MavenRepository/org/tinygroup/org.tinygroup.commons/1.2.0-SNAPSHOT/org.tinygroup.commons-1.2.0-SNAPSHOT.jar>。
2014-05-07 20:51:20,120 -2406 [main] INFO  org.tinygroup.fileresolver.impl.FileResolverImpl  - 文件<file:D:/MavenRepository/org/tinygroup/org.tinygroup.xstream/1.2.0-SNAPSHOT/org.tinygroup.xstream-1.2.0-SNAPSHOT.jar>由于匹配了包含正则表达式<org\.tinygroup\.(.)*\.jar>而被扫描。
2014-05-07 20:51:20,120 -2406 [main] INFO  org.tinygroup.fileresolver.impl.FileResolverImpl  - 扫描到jar文件<jar:file:/D:/MavenRepository/org/tinygroup/org.tinygroup.xstream/1.2.0-SNAPSHOT/org.tinygroup.xstream-1.2.0-SNAPSHOT.jar>。
2014-05-07 20:51:20,123 -2409 [main] INFO  org.tinygroup.fileresolver.impl.FileResolverImpl  - 文件<file:D:/MavenRepository/org/tinygroup/org.tinygroup.fileresolver/1.2.0-SNAPSHOT/org.tinygroup.fileresolver-1.2.0-SNAPSHOT.jar>由于匹配了包含正则表达式<org\.tinygroup\.(.)*\.jar>而被扫描。
2014-05-07 20:51:20,124 -2410 [main] INFO  org.tinygroup.fileresolver.impl.FileResolverImpl  - 扫描到jar文件<jar:file:/D:/MavenRepository/org/tinygroup/org.tinygroup.fileresolver/1.2.0-SNAPSHOT/org.tinygroup.fileresolver-1.2.0-SNAPSHOT.jar>。
2014-05-07 20:51:20,124 -2410 [main] INFO  org.tinygroup.fileresolver.impl.FileResolverImpl  - 文件<file:D:/MavenRepository/org/tinygroup/org.tinygroup.config/1.2.0-SNAPSHOT/org.tinygroup.config-1.2.0-SNAPSHOT.jar>由于匹配了包含正则表达式<org\.tinygroup\.(.)*\.jar>而被扫描。
2014-05-07 20:51:20,125 -2411 [main] INFO  org.tinygroup.fileresolver.impl.FileResolverImpl  - 扫描到jar文件<jar:file:/D:/MavenRepository/org/tinygroup/org.tinygroup.config/1.2.0-SNAPSHOT/org.tinygroup.config-1.2.0-SNAPSHOT.jar>。
2014-05-07 20:51:20,125 -2411 [main] INFO  org.tinygroup.fileresolver.impl.FileResolverImpl  - 文件<file:D:/MavenRepository/org/tinygroup/org.tinygroup.xmlparser/1.2.0-SNAPSHOT/org.tinygroup.xmlparser-1.2.0-SNAPSHOT.jar>由于匹配了包含正则表达式<org\.tinygroup\.(.)*\.jar>而被扫描。
2014-05-07 20:51:20,126 -2412 [main] INFO  org.tinygroup.fileresolver.impl.FileResolverImpl  - 扫描到jar文件<jar:file:/D:/MavenRepository/org/tinygroup/org.tinygroup.xmlparser/1.2.0-SNAPSHOT/org.tinygroup.xmlparser-1.2.0-SNAPSHOT.jar>。
2014-05-07 20:51:20,126 -2412 [main] INFO  org.tinygroup.fileresolver.impl.FileResolverImpl  - 文件<file:D:/MavenRepository/org/tinygroup/org.tinygroup.parser/1.2.0-SNAPSHOT/org.tinygroup.parser-1.2.0-SNAPSHOT.jar>由于匹配了包含正则表达式<org\.tinygroup\.(.)*\.jar>而被扫描。
2014-05-07 20:51:20,127 -2413 [main] INFO  org.tinygroup.fileresolver.impl.FileResolverImpl  - 扫描到jar文件<jar:file:/D:/MavenRepository/org/tinygroup/org.tinygroup.parser/1.2.0-SNAPSHOT/org.tinygroup.parser-1.2.0-SNAPSHOT.jar>。
2014-05-07 20:51:20,127 -2413 [main] INFO  org.tinygroup.fileresolver.impl.FileResolverImpl  - 文件<file:D:/MavenRepository/org/tinygroup/org.tinygroup.binarytree/1.2.0-SNAPSHOT/org.tinygroup.binarytree-1.2.0-SNAPSHOT.jar>由于匹配了包含正则表达式<org\.tinygroup\.(.)*\.jar>而被扫描。
2014-05-07 20:51:20,128 -2414 [main] INFO  org.tinygroup.fileresolver.impl.FileResolverImpl  - 扫描到jar文件<jar:file:/D:/MavenRepository/org/tinygroup/org.tinygroup.binarytree/1.2.0-SNAPSHOT/org.tinygroup.binarytree-1.2.0-SNAPSHOT.jar>。
2014-05-07 20:51:20,128 -2414 [main] INFO  org.tinygroup.fileresolver.impl.FileResolverImpl  - 文件<file:D:/MavenRepository/org/tinygroup/org.tinygroup.i18n/1.2.0-SNAPSHOT/org.tinygroup.i18n-1.2.0-SNAPSHOT.jar>由于匹配了包含正则表达式<org\.tinygroup\.(.)*\.jar>而被扫描。
2014-05-07 20:51:20,129 -2415 [main] INFO  org.tinygroup.fileresolver.impl.FileResolverImpl  - 扫描到jar文件<jar:file:/D:/MavenRepository/org/tinygroup/org.tinygroup.i18n/1.2.0-SNAPSHOT/org.tinygroup.i18n-1.2.0-SNAPSHOT.jar>。
2014-05-07 20:51:20,129 -2415 [main] INFO  org.tinygroup.fileresolver.impl.FileResolverImpl  - 文件<file:D:/MavenRepository/org/tinygroup/org.tinygroup.formater/1.2.0-SNAPSHOT/org.tinygroup.formater-1.2.0-SNAPSHOT.jar>由于匹配了包含正则表达式<org\.tinygroup\.(.)*\.jar>而被扫描。
2014-05-07 20:51:20,130 -2416 [main] INFO  org.tinygroup.fileresolver.impl.FileResolverImpl  - 扫描到jar文件<jar:file:/D:/MavenRepository/org/tinygroup/org.tinygroup.formater/1.2.0-SNAPSHOT/org.tinygroup.formater-1.2.0-SNAPSHOT.jar>。
2014-05-07 20:51:20,131 -2417 [main] INFO  org.tinygroup.fileresolver.impl.FileResolverImpl  - 文件<file:D:/MavenRepository/org/tinygroup/org.tinygroup.order/1.2.0-SNAPSHOT/org.tinygroup.order-1.2.0-SNAPSHOT.jar>由于匹配了包含正则表达式<org\.tinygroup\.(.)*\.jar>而被扫描。
2014-05-07 20:51:20,131 -2417 [main] INFO  org.tinygroup.fileresolver.impl.FileResolverImpl  - 扫描到jar文件<jar:file:/D:/MavenRepository/org/tinygroup/org.tinygroup.order/1.2.0-SNAPSHOT/org.tinygroup.order-1.2.0-SNAPSHOT.jar>。
2014-05-07 20:51:20,132 -2418 [main] INFO  org.tinygroup.fileresolver.impl.FileResolverImpl  - 文件<file:D:/MavenRepository/org/tinygroup/org.tinygroup.threadgroup/1.2.0-SNAPSHOT/org.tinygroup.threadgroup-1.2.0-SNAPSHOT.jar>由于匹配了包含正则表达式<org\.tinygroup\.(.)*\.jar>而被扫描。
2014-05-07 20:51:20,132 -2418 [main] INFO  org.tinygroup.fileresolver.impl.FileResolverImpl  - 扫描到jar文件<jar:file:/D:/MavenRepository/org/tinygroup/org.tinygroup.threadgroup/1.2.0-SNAPSHOT/org.tinygroup.threadgroup-1.2.0-SNAPSHOT.jar>。
2014-05-07 20:51:20,134 -2420 [main] INFO  org.tinygroup.fileresolver.impl.FileResolverImpl  - 文件<file:D:/MavenRepository/org/tinygroup/org.tinygroup.context/1.2.0-SNAPSHOT/org.tinygroup.context-1.2.0-SNAPSHOT.jar>由于匹配了包含正则表达式<org\.tinygroup\.(.)*\.jar>而被扫描。
2014-05-07 20:51:20,135 -2421 [main] INFO  org.tinygroup.fileresolver.impl.FileResolverImpl  - 扫描到jar文件<jar:file:/D:/MavenRepository/org/tinygroup/org.tinygroup.context/1.2.0-SNAPSHOT/org.tinygroup.context-1.2.0-SNAPSHOT.jar>。
2014-05-07 20:51:20,135 -2421 [main] INFO  org.tinygroup.fileresolver.impl.FileResolverImpl  - 文件<file:D:/MavenRepository/org/tinygroup/org.tinygroup.database/1.2.0-SNAPSHOT/org.tinygroup.database-1.2.0-SNAPSHOT.jar>由于匹配了包含正则表达式<org\.tinygroup\.(.)*\.jar>而被扫描。
2014-05-07 20:51:20,135 -2421 [main] INFO  org.tinygroup.fileresolver.impl.FileResolverImpl  - 扫描到jar文件<jar:file:/D:/MavenRepository/org/tinygroup/org.tinygroup.database/1.2.0-SNAPSHOT/org.tinygroup.database-1.2.0-SNAPSHOT.jar>。
2014-05-07 20:51:20,136 -2422 [main] INFO  org.tinygroup.fileresolver.impl.FileResolverImpl  - 文件<file:D:/MavenRepository/org/tinygroup/org.tinygroup.metadata/1.2.0-SNAPSHOT/org.tinygroup.metadata-1.2.0-SNAPSHOT.jar>由于匹配了包含正则表达式<org\.tinygroup\.(.)*\.jar>而被扫描。
2014-05-07 20:51:20,137 -2423 [main] INFO  org.tinygroup.fileresolver.impl.FileResolverImpl  - 扫描到jar文件<jar:file:/D:/MavenRepository/org/tinygroup/org.tinygroup.metadata/1.2.0-SNAPSHOT/org.tinygroup.metadata-1.2.0-SNAPSHOT.jar>。
2014-05-07 20:51:20,137 -2423 [main] INFO  org.tinygroup.fileresolver.impl.FileResolverImpl  - 文件<file:D:/MavenRepository/org/tinygroup/org.tinygroup.cache/1.2.0-SNAPSHOT/org.tinygroup.cache-1.2.0-SNAPSHOT.jar>由于匹配了包含正则表达式<org\.tinygroup\.(.)*\.jar>而被扫描。
2014-05-07 20:51:20,138 -2424 [main] INFO  org.tinygroup.fileresolver.impl.FileResolverImpl  - 扫描到jar文件<jar:file:/D:/MavenRepository/org/tinygroup/org.tinygroup.cache/1.2.0-SNAPSHOT/org.tinygroup.cache-1.2.0-SNAPSHOT.jar>。
2014-05-07 20:51:20,141 -2427 [main] INFO  org.tinygroup.fileresolver.impl.FileResolverImpl  - 查找Web工程中的jar文件列表完成。
2014-05-07 20:51:20,143 -2429 [file-resolver-threads-file-processor-thread-0] INFO  org.tinygroup.fileresolver.impl.FileResolverImpl  - 正在扫描路径[D:/MavenRepository/org/tinygroup/org.tinygroup.xmlparser/1.2.0-SNAPSHOT/org.tinygroup.xmlparser-1.2.0-SNAPSHOT.jar]...
2014-05-07 20:51:20,145 -2431 [file-resolver-threads-file-processor-thread-0] INFO  org.tinygroup.fileresolver.impl.FileResolverImpl  - 路径[D:/MavenRepository/org/tinygroup/org.tinygroup.xmlparser/1.2.0-SNAPSHOT/org.tinygroup.xmlparser-1.2.0-SNAPSHOT.jar]扫描完成。
2014-05-07 20:51:20,145 -2431 [file-resolver-threads-file-processor-thread-0] INFO  org.tinygroup.fileresolver.impl.FileResolverImpl  - 正在扫描路径[D:/MavenRepository/org/tinygroup/org.tinygroup.context/1.2.0-SNAPSHOT/org.tinygroup.context-1.2.0-SNAPSHOT.jar]...
2014-05-07 20:51:20,147 -2433 [file-resolver-threads-file-processor-thread-0] INFO  org.tinygroup.fileresolver.impl.FileResolverImpl  - 路径[D:/MavenRepository/org/tinygroup/org.tinygroup.context/1.2.0-SNAPSHOT/org.tinygroup.context-1.2.0-SNAPSHOT.jar]扫描完成。
2014-05-07 20:51:20,147 -2433 [file-resolver-threads-file-processor-thread-0] INFO  org.tinygroup.fileresolver.impl.FileResolverImpl  - 正在扫描路径[D:/MavenRepository/org/tinygroup/org.tinygroup.parser/1.2.0-SNAPSHOT/org.tinygroup.parser-1.2.0-SNAPSHOT.jar]...
2014-05-07 20:51:20,150 -2436 [file-resolver-threads-file-processor-thread-0] INFO  org.tinygroup.fileresolver.impl.FileResolverImpl  - 路径[D:/MavenRepository/org/tinygroup/org.tinygroup.parser/1.2.0-SNAPSHOT/org.tinygroup.parser-1.2.0-SNAPSHOT.jar]扫描完成。
2014-05-07 20:51:20,150 -2436 [file-resolver-threads-file-processor-thread-0] INFO  org.tinygroup.fileresolver.impl.FileResolverImpl  - 正在扫描路径[D:/MavenRepository/org/tinygroup/org.tinygroup.logger/1.2.0-SNAPSHOT/org.tinygroup.logger-1.2.0-SNAPSHOT.jar]...
2014-05-07 20:51:20,151 -2437 [file-resolver-threads-file-processor-thread-0] INFO  org.tinygroup.fileresolver.impl.FileResolverImpl  - 路径[D:/MavenRepository/org/tinygroup/org.tinygroup.logger/1.2.0-SNAPSHOT/org.tinygroup.logger-1.2.0-SNAPSHOT.jar]扫描完成。
2014-05-07 20:51:20,151 -2437 [file-resolver-threads-file-processor-thread-0] INFO  org.tinygroup.fileresolver.impl.FileResolverImpl  - 正在扫描路径[D:/MavenRepository/org/tinygroup/org.tinygroup.binarytree/1.2.0-SNAPSHOT/org.tinygroup.binarytree-1.2.0-SNAPSHOT.jar]...
2014-05-07 20:51:20,153 -2439 [file-resolver-threads-file-processor-thread-0] INFO  org.tinygroup.fileresolver.impl.FileResolverImpl  - 路径[D:/MavenRepository/org/tinygroup/org.tinygroup.binarytree/1.2.0-SNAPSHOT/org.tinygroup.binarytree-1.2.0-SNAPSHOT.jar]扫描完成。
2014-05-07 20:51:20,153 -2439 [file-resolver-threads-file-processor-thread-0] INFO  org.tinygroup.fileresolver.impl.FileResolverImpl  - 正在扫描路径[D:/MavenRepository/org/tinygroup/org.tinygroup.metadata/1.2.0-SNAPSHOT/org.tinygroup.metadata-1.2.0-SNAPSHOT.jar]...
2014-05-07 20:51:20,157 -2443 [file-resolver-threads-file-processor-thread-0] INFO  org.tinygroup.fileresolver.impl.FileResolverImpl  - 路径[D:/MavenRepository/org/tinygroup/org.tinygroup.metadata/1.2.0-SNAPSHOT/org.tinygroup.metadata-1.2.0-SNAPSHOT.jar]扫描完成。
2014-05-07 20:51:20,158 -2444 [file-resolver-threads-file-processor-thread-0] INFO  org.tinygroup.fileresolver.impl.FileResolverImpl  - 正在扫描路径[D:/MavenRepository/org/tinygroup/org.tinygroup.cache/1.2.0-SNAPSHOT/org.tinygroup.cache-1.2.0-SNAPSHOT.jar]...
2014-05-07 20:51:20,159 -2445 [file-resolver-threads-file-processor-thread-0] INFO  org.tinygroup.fileresolver.impl.FileResolverImpl  - 路径[D:/MavenRepository/org/tinygroup/org.tinygroup.cache/1.2.0-SNAPSHOT/org.tinygroup.cache-1.2.0-SNAPSHOT.jar]扫描完成。
2014-05-07 20:51:20,160 -2446 [file-resolver-threads-file-processor-thread-0] INFO  org.tinygroup.fileresolver.impl.FileResolverImpl  - 正在扫描路径[D:/MavenRepository/org/tinygroup/org.tinygroup.formater/1.2.0-SNAPSHOT/org.tinygroup.formater-1.2.0-SNAPSHOT.jar]...
2014-05-07 20:51:20,162 -2448 [file-resolver-threads-file-processor-thread-0] INFO  org.tinygroup.fileresolver.impl.FileResolverImpl  - 路径[D:/MavenRepository/org/tinygroup/org.tinygroup.formater/1.2.0-SNAPSHOT/org.tinygroup.formater-1.2.0-SNAPSHOT.jar]扫描完成。
2014-05-07 20:51:20,162 -2448 [file-resolver-threads-file-processor-thread-0] INFO  org.tinygroup.fileresolver.impl.FileResolverImpl  - 正在扫描路径[D:\git\tiny\db\org.tinygroup.tinydb\target\test-classes]...
2014-05-07 20:51:20,167 -2453 [file-resolver-threads-file-processor-thread-0] INFO  org.tinygroup.fileresolver.impl.FileResolverImpl  - 路径[D:\git\tiny\db\org.tinygroup.tinydb\target\test-classes]扫描完成。
2014-05-07 20:51:20,167 -2453 [file-resolver-threads-file-processor-thread-0] INFO  org.tinygroup.fileresolver.impl.FileResolverImpl  - 正在扫描路径[D:/MavenRepository/org/tinygroup/org.tinygroup.exception/1.2.0-SNAPSHOT/org.tinygroup.exception-1.2.0-SNAPSHOT.jar]...
2014-05-07 20:51:20,169 -2455 [file-resolver-threads-file-processor-thread-0] INFO  org.tinygroup.fileresolver.impl.FileResolverImpl  - 路径[D:/MavenRepository/org/tinygroup/org.tinygroup.exception/1.2.0-SNAPSHOT/org.tinygroup.exception-1.2.0-SNAPSHOT.jar]扫描完成。
2014-05-07 20:51:20,169 -2455 [file-resolver-threads-file-processor-thread-0] INFO  org.tinygroup.fileresolver.impl.FileResolverImpl  - 正在扫描路径[D:/MavenRepository/org/tinygroup/org.tinygroup.application/1.2.0-SNAPSHOT/org.tinygroup.application-1.2.0-SNAPSHOT.jar]...
2014-05-07 20:51:20,170 -2456 [file-resolver-threads-file-processor-thread-0] INFO  org.tinygroup.fileresolver.impl.FileResolverImpl  - 路径[D:/MavenRepository/org/tinygroup/org.tinygroup.application/1.2.0-SNAPSHOT/org.tinygroup.application-1.2.0-SNAPSHOT.jar]扫描完成。
2014-05-07 20:51:20,171 -2457 [file-resolver-threads-file-processor-thread-0] INFO  org.tinygroup.fileresolver.impl.FileResolverImpl  - 正在扫描路径[D:/MavenRepository/org/tinygroup/org.tinygroup.database/1.2.0-SNAPSHOT/org.tinygroup.database-1.2.0-SNAPSHOT.jar]...
2014-05-07 20:51:20,179 -2465 [file-resolver-threads-file-processor-thread-0] INFO  org.tinygroup.fileresolver.impl.FileResolverImpl  - 路径[D:/MavenRepository/org/tinygroup/org.tinygroup.database/1.2.0-SNAPSHOT/org.tinygroup.database-1.2.0-SNAPSHOT.jar]扫描完成。
2014-05-07 20:51:20,180 -2466 [file-resolver-threads-file-processor-thread-0] INFO  org.tinygroup.fileresolver.impl.FileResolverImpl  - 正在扫描路径[D:/MavenRepository/org/tinygroup/org.tinygroup.testutil/1.2.0-SNAPSHOT/org.tinygroup.testutil-1.2.0-SNAPSHOT.jar]...
2014-05-07 20:51:20,181 -2467 [file-resolver-threads-file-processor-thread-0] INFO  org.tinygroup.fileresolver.impl.FileResolverImpl  - 路径[D:/MavenRepository/org/tinygroup/org.tinygroup.testutil/1.2.0-SNAPSHOT/org.tinygroup.testutil-1.2.0-SNAPSHOT.jar]扫描完成。
2014-05-07 20:51:20,181 -2467 [file-resolver-threads-file-processor-thread-0] INFO  org.tinygroup.fileresolver.impl.FileResolverImpl  - 正在扫描路径[D:/MavenRepository/org/tinygroup/org.tinygroup.fileresolver/1.2.0-SNAPSHOT/org.tinygroup.fileresolver-1.2.0-SNAPSHOT.jar]...
2014-05-07 20:51:20,184 -2470 [file-resolver-threads-file-processor-thread-0] INFO  org.tinygroup.fileresolver.impl.FileResolverImpl  - 路径[D:/MavenRepository/org/tinygroup/org.tinygroup.fileresolver/1.2.0-SNAPSHOT/org.tinygroup.fileresolver-1.2.0-SNAPSHOT.jar]扫描完成。
2014-05-07 20:51:20,184 -2470 [file-resolver-threads-file-processor-thread-0] INFO  org.tinygroup.fileresolver.impl.FileResolverImpl  - 正在扫描路径[D:/MavenRepository/org/tinygroup/org.tinygroup.commons/1.2.0-SNAPSHOT/org.tinygroup.commons-1.2.0-SNAPSHOT.jar]...
2014-05-07 20:51:20,193 -2479 [file-resolver-threads-file-processor-thread-0] INFO  org.tinygroup.fileresolver.impl.FileResolverImpl  - 路径[D:/MavenRepository/org/tinygroup/org.tinygroup.commons/1.2.0-SNAPSHOT/org.tinygroup.commons-1.2.0-SNAPSHOT.jar]扫描完成。
2014-05-07 20:51:20,194 -2480 [file-resolver-threads-file-processor-thread-0] INFO  org.tinygroup.fileresolver.impl.FileResolverImpl  - 正在扫描路径[D:/MavenRepository/org/tinygroup/org.tinygroup.order/1.2.0-SNAPSHOT/org.tinygroup.order-1.2.0-SNAPSHOT.jar]...
2014-05-07 20:51:20,196 -2482 [file-resolver-threads-file-processor-thread-0] INFO  org.tinygroup.fileresolver.impl.FileResolverImpl  - 路径[D:/MavenRepository/org/tinygroup/org.tinygroup.order/1.2.0-SNAPSHOT/org.tinygroup.order-1.2.0-SNAPSHOT.jar]扫描完成。
2014-05-07 20:51:20,196 -2482 [file-resolver-threads-file-processor-thread-0] INFO  org.tinygroup.fileresolver.impl.FileResolverImpl  - 正在扫描路径[D:/MavenRepository/org/tinygroup/org.tinygroup.xstream/1.2.0-SNAPSHOT/org.tinygroup.xstream-1.2.0-SNAPSHOT.jar]...
2014-05-07 20:51:20,198 -2484 [file-resolver-threads-file-processor-thread-0] INFO  org.tinygroup.fileresolver.impl.FileResolverImpl  - 路径[D:/MavenRepository/org/tinygroup/org.tinygroup.xstream/1.2.0-SNAPSHOT/org.tinygroup.xstream-1.2.0-SNAPSHOT.jar]扫描完成。
2014-05-07 20:51:20,199 -2485 [file-resolver-threads-file-processor-thread-0] INFO  org.tinygroup.fileresolver.impl.FileResolverImpl  - 正在扫描路径[D:/MavenRepository/org/tinygroup/org.tinygroup.springutil/1.2.0-SNAPSHOT/org.tinygroup.springutil-1.2.0-SNAPSHOT.jar]...
2014-05-07 20:51:20,200 -2486 [file-resolver-threads-file-processor-thread-0] INFO  org.tinygroup.fileresolver.impl.FileResolverImpl  - 路径[D:/MavenRepository/org/tinygroup/org.tinygroup.springutil/1.2.0-SNAPSHOT/org.tinygroup.springutil-1.2.0-SNAPSHOT.jar]扫描完成。
2014-05-07 20:51:20,201 -2487 [file-resolver-threads-file-processor-thread-0] INFO  org.tinygroup.fileresolver.impl.FileResolverImpl  - 正在扫描路径[D:/MavenRepository/org/tinygroup/org.tinygroup.i18n/1.2.0-SNAPSHOT/org.tinygroup.i18n-1.2.0-SNAPSHOT.jar]...
2014-05-07 20:51:20,203 -2489 [file-resolver-threads-file-processor-thread-0] INFO  org.tinygroup.fileresolver.impl.FileResolverImpl  - 路径[D:/MavenRepository/org/tinygroup/org.tinygroup.i18n/1.2.0-SNAPSHOT/org.tinygroup.i18n-1.2.0-SNAPSHOT.jar]扫描完成。
2014-05-07 20:51:20,204 -2490 [file-resolver-threads-file-processor-thread-0] INFO  org.tinygroup.fileresolver.impl.FileResolverImpl  - 正在扫描路径[D:\git\tiny\db\org.tinygroup.tinydb\target\classes]...
2014-05-07 20:51:20,215 -2501 [file-resolver-threads-file-processor-thread-0] INFO  org.tinygroup.fileresolver.impl.FileResolverImpl  - 路径[D:\git\tiny\db\org.tinygroup.tinydb\target\classes]扫描完成。
2014-05-07 20:51:20,215 -2501 [file-resolver-threads-file-processor-thread-0] INFO  org.tinygroup.fileresolver.impl.FileResolverImpl  - 正在扫描路径[D:/MavenRepository/org/tinygroup/org.tinygroup.vfs/1.2.0-SNAPSHOT/org.tinygroup.vfs-1.2.0-SNAPSHOT.jar]...
2014-05-07 20:51:20,218 -2504 [file-resolver-threads-file-processor-thread-0] INFO  org.tinygroup.fileresolver.impl.FileResolverImpl  - 路径[D:/MavenRepository/org/tinygroup/org.tinygroup.vfs/1.2.0-SNAPSHOT/org.tinygroup.vfs-1.2.0-SNAPSHOT.jar]扫描完成。
2014-05-07 20:51:20,218 -2504 [file-resolver-threads-file-processor-thread-0] INFO  org.tinygroup.fileresolver.impl.FileResolverImpl  - 正在扫描路径[D:/MavenRepository/org/tinygroup/org.tinygroup.threadgroup/1.2.0-SNAPSHOT/org.tinygroup.threadgroup-1.2.0-SNAPSHOT.jar]...
2014-05-07 20:51:20,219 -2505 [file-resolver-threads-file-processor-thread-0] INFO  org.tinygroup.fileresolver.impl.FileResolverImpl  - 路径[D:/MavenRepository/org/tinygroup/org.tinygroup.threadgroup/1.2.0-SNAPSHOT/org.tinygroup.threadgroup-1.2.0-SNAPSHOT.jar]扫描完成。
2014-05-07 20:51:20,219 -2505 [file-resolver-threads-file-processor-thread-0] INFO  org.tinygroup.fileresolver.impl.FileResolverImpl  - 正在扫描路径[D:/MavenRepository/org/tinygroup/org.tinygroup.config/1.2.0-SNAPSHOT/org.tinygroup.config-1.2.0-SNAPSHOT.jar]...
2014-05-07 20:51:20,221 -2507 [file-resolver-threads-file-processor-thread-0] INFO  org.tinygroup.fileresolver.impl.FileResolverImpl  - 路径[D:/MavenRepository/org/tinygroup/org.tinygroup.config/1.2.0-SNAPSHOT/org.tinygroup.config-1.2.0-SNAPSHOT.jar]扫描完成。
2014-05-07 20:51:20,223 -2509 [main] INFO  org.tinygroup.fileresolver.impl.MultiThreadFileProcessor  - 线程组:<file-resolver-threads>执行时间：80
2014-05-07 20:51:20,224 -2510 [main] INFO  org.tinygroup.fileresolver.impl.AbstractFileProcessor  - 开始读取组件配置文件:cacheinit.config.xml
2014-05-07 20:51:20,224 -2510 [main] INFO  org.tinygroup.fileresolver.impl.AbstractFileProcessor  - 读取组件配置文件:cacheinit.config.xml完成
2014-05-07 20:51:20,225 -2511 [main] INFO  org.tinygroup.fileresolver.impl.AbstractFileProcessor  - 开始读取组件配置文件:filefind.config.xml
2014-05-07 20:51:20,226 -2512 [main] INFO  org.tinygroup.fileresolver.impl.AbstractFileProcessor  - 读取组件配置文件:filefind.config.xml完成
2014-05-07 20:51:20,226 -2512 [main] INFO  org.tinygroup.fileresolver.impl.AbstractFileProcessor  - 开始读取组件配置文件:filemonitor.config.xml
2014-05-07 20:51:20,227 -2513 [main] INFO  org.tinygroup.fileresolver.impl.AbstractFileProcessor  - 读取组件配置文件:filemonitor.config.xml完成
2014-05-07 20:51:20,227 -2513 [main] INFO  org.tinygroup.fileresolver.impl.AbstractFileProcessor  - 开始读取组件配置文件:fileresolver.config.xml
2014-05-07 20:51:20,229 -2515 [main] INFO  org.tinygroup.fileresolver.impl.AbstractFileProcessor  - 读取组件配置文件:fileresolver.config.xml完成
2014-05-07 20:51:20,231 -2517 [main] INFO  org.tinygroup.config.impl.ConfigurationManagerImpl  - 正在分发应用配置信息...
2014-05-07 20:51:20,231 -2517 [main] INFO  org.tinygroup.config.impl.ConfigurationManagerImpl  - 应用配置信息分发完毕
2014-05-07 20:51:20,232 -2518 [main] INFO  org.tinygroup.fileresolver.impl.AbstractFileProcessor  - 找到国际化资源配置文件[D:\git\tiny\db\org.tinygroup.tinydb\target\classes\i18n\tinydb_zh_CN.properties]，并开始加载...
2014-05-07 20:51:20,233 -2519 [main] INFO  org.tinygroup.fileresolver.impl.AbstractFileProcessor  - 国际化资源配置文件[D:\git\tiny\db\org.tinygroup.tinydb\target\classes\i18n\tinydb_zh_CN.properties]，加载完毕。
2014-05-07 20:51:20,233 -2519 [main] INFO  org.tinygroup.fileresolver.impl.AbstractFileProcessor  - 找到国际化资源配置文件[D:/MavenRepository/org/tinygroup/org.tinygroup.vfs/1.2.0-SNAPSHOT/org.tinygroup.vfs-1.2.0-SNAPSHOT.jar!/i18n/vfs_en_US.properties]，并开始加载...
2014-05-07 20:51:20,235 -2521 [main] INFO  org.tinygroup.fileresolver.impl.AbstractFileProcessor  - 国际化资源配置文件[D:/MavenRepository/org/tinygroup/org.tinygroup.vfs/1.2.0-SNAPSHOT/org.tinygroup.vfs-1.2.0-SNAPSHOT.jar!/i18n/vfs_en_US.properties]，加载完毕。
2014-05-07 20:51:20,236 -2522 [main] INFO  org.tinygroup.fileresolver.impl.AbstractFileProcessor  - 找到XStream配置文件[D:/MavenRepository/org/tinygroup/org.tinygroup.metadata/1.2.0-SNAPSHOT/org.tinygroup.metadata-1.2.0-SNAPSHOT.jar!/metadata.xstream.xml]，并开始加载...
2014-05-07 20:51:20,315 -2601 [main] INFO  org.tinygroup.fileresolver.impl.AbstractFileProcessor  - XStream配置文件[D:/MavenRepository/org/tinygroup/org.tinygroup.metadata/1.2.0-SNAPSHOT/org.tinygroup.metadata-1.2.0-SNAPSHOT.jar!/metadata.xstream.xml]，加载完毕。
2014-05-07 20:51:20,316 -2602 [main] INFO  org.tinygroup.fileresolver.impl.AbstractFileProcessor  - 找到XStream配置文件[D:/MavenRepository/org/tinygroup/org.tinygroup.database/1.2.0-SNAPSHOT/org.tinygroup.database-1.2.0-SNAPSHOT.jar!/Database.xstream.xml]，并开始加载...
2014-05-07 20:51:20,353 -2639 [main] INFO  org.tinygroup.fileresolver.impl.AbstractFileProcessor  - XStream配置文件[D:/MavenRepository/org/tinygroup/org.tinygroup.database/1.2.0-SNAPSHOT/org.tinygroup.database-1.2.0-SNAPSHOT.jar!/Database.xstream.xml]，加载完毕。
2014-05-07 20:51:20,353 -2639 [main] INFO  org.tinygroup.fileresolver.impl.AbstractFileProcessor  - 找到XStream配置文件[D:/MavenRepository/org/tinygroup/org.tinygroup.database/1.2.0-SNAPSHOT/org.tinygroup.database-1.2.0-SNAPSHOT.jar!/InitData.xstream.xml]，并开始加载...
2014-05-07 20:51:20,365 -2651 [main] INFO  org.tinygroup.fileresolver.impl.AbstractFileProcessor  - XStream配置文件[D:/MavenRepository/org/tinygroup/org.tinygroup.database/1.2.0-SNAPSHOT/org.tinygroup.database-1.2.0-SNAPSHOT.jar!/InitData.xstream.xml]，加载完毕。
2014-05-07 20:51:20,366 -2652 [main] INFO  org.tinygroup.fileresolver.impl.AbstractFileProcessor  - 找到XStream配置文件[D:/MavenRepository/org/tinygroup/org.tinygroup.database/1.2.0-SNAPSHOT/org.tinygroup.database-1.2.0-SNAPSHOT.jar!/Processor.xstream.xml]，并开始加载...
2014-05-07 20:51:20,374 -2660 [main] INFO  org.tinygroup.fileresolver.impl.AbstractFileProcessor  - XStream配置文件[D:/MavenRepository/org/tinygroup/org.tinygroup.database/1.2.0-SNAPSHOT/org.tinygroup.database-1.2.0-SNAPSHOT.jar!/Processor.xstream.xml]，加载完毕。
2014-05-07 20:51:20,375 -2661 [main] INFO  org.tinygroup.fileresolver.impl.AbstractFileProcessor  - 找到XStream配置文件[D:/MavenRepository/org/tinygroup/org.tinygroup.database/1.2.0-SNAPSHOT/org.tinygroup.database-1.2.0-SNAPSHOT.jar!/View.xstream.xml]，并开始加载...
2014-05-07 20:51:20,389 -2675 [main] INFO  org.tinygroup.fileresolver.impl.AbstractFileProcessor  - XStream配置文件[D:/MavenRepository/org/tinygroup/org.tinygroup.database/1.2.0-SNAPSHOT/org.tinygroup.database-1.2.0-SNAPSHOT.jar!/View.xstream.xml]，加载完毕。
2014-05-07 20:51:20,389 -2675 [main] INFO  org.tinygroup.fileresolver.impl.AbstractFileProcessor  - 找到XStream配置文件[D:\git\tiny\db\org.tinygroup.tinydb\target\classes\tinydb.xstream.xml]，并开始加载...
2014-05-07 20:51:20,395 -2681 [main] INFO  org.tinygroup.fileresolver.impl.AbstractFileProcessor  - XStream配置文件[D:\git\tiny\db\org.tinygroup.tinydb\target\classes\tinydb.xstream.xml]，加载完毕。
2014-05-07 20:51:20,396 -2682 [main] INFO  org.tinygroup.fileresolver.impl.AbstractFileProcessor  - 正在加载数据库关联配置文件[D:\git\tiny\db\org.tinygroup.tinydb\target\test-classes\test.relation.xml]
2014-05-07 20:51:20,404 -2690 [main] INFO  org.tinygroup.fileresolver.impl.AbstractFileProcessor  - 加载数据库关联配置文件[D:\git\tiny\db\org.tinygroup.tinydb\target\test-classes\test.relation.xml]结束
2014-05-07 20:51:20,411 -2697 [main] INFO  org.tinygroup.fileresolver.impl.AbstractFileProcessor  - 正在加载function文件[D:/MavenRepository/org/tinygroup/org.tinygroup.database/1.2.0-SNAPSHOT/org.tinygroup.database-1.2.0-SNAPSHOT.jar!/database.dialectfunction.xml]
2014-05-07 20:51:20,444 -2730 [main] INFO  org.tinygroup.fileresolver.impl.AbstractFileProcessor  - 加载function文件[D:/MavenRepository/org/tinygroup/org.tinygroup.database/1.2.0-SNAPSHOT/org.tinygroup.database-1.2.0-SNAPSHOT.jar!/database.dialectfunction.xml]结束
2014-05-07 20:51:20,445 -2731 [main] INFO  org.tinygroup.fileresolver.impl.FileResolverImpl  - 全路径扫描完成。
2014-05-07 20:51:20,445 -2731 [main] INFO  org.tinygroup.application.impl.ApplicationDefault  - 应用处理器class org.tinygroup.fileresolver.applicationprocessor.FileResolverProcessor启动完毕。
2014-05-07 20:51:28,262 -10548 [main] INFO  org.tinygroup.tinydb.impl.BeanManagerImpl  - 开始扫描schema中的所有表信息
2014-05-07 20:51:28,262 -10548 [main] INFO  org.tinygroup.tinydb.impl.BeanManagerImpl  - 开始扫描schema：opensource
2014-05-07 20:51:28,398 -10684 [main] INFO  org.tinygroup.tinydb.impl.BeanManagerImpl  - 扫描schema结束：opensource
2014-05-07 20:51:28,398 -10684 [main] INFO  org.tinygroup.tinydb.impl.BeanManagerImpl  - 扫描schema中的所有表信息结束
2014-05-07 20:51:28,399 -10685 [main] INFO  org.tinygroup.tinydb.impl.BeanManagerImpl  - 开始获取表格:animal信息
2014-05-07 20:51:28,466 -10752 [main] INFO  org.tinygroup.tinydb.impl.BeanManagerImpl  - 获取表格:animal信息完成
2014-05-07 20:51:28,466 -10752 [main] INFO  org.tinygroup.tinydb.impl.BeanManagerImpl  - 开始获取表格:a_branch信息
2014-05-07 20:51:28,477 -10763 [main] INFO  org.tinygroup.tinydb.impl.BeanManagerImpl  - 获取表格:a_branch信息完成
2014-05-07 20:51:28,478 -10764 [main] INFO  org.tinygroup.tinydb.impl.BeanManagerImpl  - 开始获取表格:a_people信息
2014-05-07 20:51:28,493 -10779 [main] INFO  org.tinygroup.tinydb.impl.BeanManagerImpl  - 获取表格:a_people信息完成
2014-05-07 20:51:28,493 -10779 [main] INFO  org.tinygroup.tinydb.impl.BeanManagerImpl  - 开始获取表格:incrementer信息
2014-05-07 20:51:28,506 -10792 [main] INFO  org.tinygroup.tinydb.impl.BeanManagerImpl  - 获取表格:incrementer信息完成
2014-05-07 20:51:28,507 -10793 [main] INFO  org.tinygroup.tinydb.impl.BeanManagerImpl  - 开始获取表格:more_to_one1信息
2014-05-07 20:51:28,521 -10807 [main] INFO  org.tinygroup.tinydb.impl.BeanManagerImpl  - 获取表格:more_to_one1信息完成
2014-05-07 20:51:28,521 -10807 [main] INFO  org.tinygroup.tinydb.impl.BeanManagerImpl  - 开始获取表格:more_to_one2信息
2014-05-07 20:51:28,542 -10828 [main] INFO  org.tinygroup.tinydb.impl.BeanManagerImpl  - 获取表格:more_to_one2信息完成
2014-05-07 20:51:28,543 -10829 [main] INFO  org.tinygroup.tinydb.impl.BeanManagerImpl  - 开始获取表格:more_to_one3信息
2014-05-07 20:51:28,562 -10848 [main] INFO  org.tinygroup.tinydb.impl.BeanManagerImpl  - 获取表格:more_to_one3信息完成
2014-05-07 20:51:28,563 -10849 [main] INFO  org.tinygroup.tinydb.impl.BeanManagerImpl  - 开始获取表格:more_to_one4信息
2014-05-07 20:51:28,581 -10867 [main] INFO  org.tinygroup.tinydb.impl.BeanManagerImpl  - 获取表格:more_to_one4信息完成
2014-05-07 20:51:28,582 -10868 [main] INFO  org.tinygroup.tinydb.impl.BeanManagerImpl  - 开始获取表格:one_to_more1信息
2014-05-07 20:51:28,610 -10896 [main] INFO  org.tinygroup.tinydb.impl.BeanManagerImpl  - 获取表格:one_to_more1信息完成
2014-05-07 20:51:28,611 -10897 [main] INFO  org.tinygroup.tinydb.impl.BeanManagerImpl  - 开始获取表格:one_to_more2信息
2014-05-07 20:51:28,631 -10917 [main] INFO  org.tinygroup.tinydb.impl.BeanManagerImpl  - 获取表格:one_to_more2信息完成
2014-05-07 20:51:28,631 -10917 [main] INFO  org.tinygroup.tinydb.impl.BeanManagerImpl  - 开始获取表格:one_to_more3信息
2014-05-07 20:51:28,650 -10936 [main] INFO  org.tinygroup.tinydb.impl.BeanManagerImpl  - 获取表格:one_to_more3信息完成
