2014-05-24 09:12:36,186 -0    [main] ERROR org.tinygroup.logger.LoggerTest  - n-a&m|e
2014-05-24 09:12:36,191 -5    [main] INFO  org.tinygroup.logger.HelloA  - 罗果
2014-05-24 09:12:36,192 -6    [main] INFO  org.tinygroup.logger.HelloA  - 罗果
2014-05-24 09:12:36,192 -6    [main] INFO  org.tinygroup.logger.HelloA  - 罗果
2014-05-24 09:12:36,192 -6    [main] INFO  org.tinygroup.logger.HelloA  - 罗果
2014-05-24 09:12:36,193 -7    [main] INFO  org.tinygroup.logger.HelloB  - 性别
2014-05-24 09:12:36,193 -7    [main] ERROR org.tinygroup.logger.HelloB  - 性别
2014-05-24 09:12:36,193 -7    [main] INFO  org.tinygroup.logger.HelloB  - 性别
2014-05-24 09:12:36,194 -8    [main] INFO  org.tinygroup.logger.HelloB  - 性别
2014-05-24 09:12:36,194 -8    [main] INFO  org.tinygroup.logger.HelloB  - 性别
2014-05-24 09:12:36,194 -8    [main] INFO  org.tinygroup.logger.HelloB  - 性别
2014-05-24 09:12:36,194 -8    [main] INFO  org.tinygroup.logger.LoggerTest  - start
2014-05-24 09:12:36,194 -8    [main] INFO  org.tinygroup.logger.LoggerTest  - end
2014-05-24 09:12:36,198 -12   [main] ERROR org.tinygroup.logger.LoggerTest  - n1a2m3e
2014-05-24 09:12:36,200 -14   [main] INFO  org.tinygroup.logger.HelloA  - 罗果
2014-05-24 09:12:36,200 -14   [main] INFO  org.tinygroup.logger.HelloA  - 罗果
2014-05-24 09:12:36,200 -14   [main] INFO  org.tinygroup.logger.HelloA  - 罗果
2014-05-24 09:12:36,200 -14   [main] INFO  org.tinygroup.logger.HelloA  - 罗果
2014-05-24 09:12:36,201 -15   [main] INFO  org.tinygroup.logger.HelloB  - 性别
2014-05-24 09:12:36,201 -15   [main] ERROR org.tinygroup.logger.HelloB  - 性别
2014-05-24 09:12:36,201 -15   [main] INFO  org.tinygroup.logger.HelloB  - 性别
2014-05-24 09:12:36,201 -15   [main] INFO  org.tinygroup.logger.HelloB  - 性别
2014-05-24 09:12:36,202 -16   [main] INFO  org.tinygroup.logger.HelloB  - 性别
2014-05-24 09:12:36,202 -16   [main] INFO  org.tinygroup.logger.HelloB  - 性别
2014-05-24 09:12:36,202 -16   [main] INFO  org.tinygroup.logger.LoggerTest  - start
2014-05-24 09:12:36,202 -16   [main] INFO  org.tinygroup.logger.LoggerTest  - end
2014-05-24 09:12:36,203 -17   [main] ERROR org.tinygroup.logger.LoggerTest  - 罗果
2014-05-24 09:12:36,203 -17   [main] INFO  org.tinygroup.logger.LoggerTest  - 罗果
2014-05-24 09:12:36,204 -18   [main] WARN  org.tinygroup.logger.LoggerTest  - 罗果
