2014-05-07 15:09:21,124 -0    [main] INFO  org.tinygroup.fileresolver.impl.FileResolverImpl  - 正在进行全路径扫描....
2014-05-07 15:09:21,157 -33   [main] INFO  org.tinygroup.fileresolver.impl.FileResolverImpl  - 查找WEB-INF/classes路径开始...
2014-05-07 15:09:21,158 -34   [main] INFO  org.tinygroup.fileresolver.impl.FileResolverImpl  - WEB-INF/classes路径是:file:/D:/git/tiny/fc/org.tinygroup.tinydbflowcomponent/target/test-classes/
2014-05-07 15:09:21,159 -35   [main] INFO  org.tinygroup.fileresolver.impl.FileResolverImpl  - WEB-INF/lib路径是:file:/D:/git/tiny/fc/org.tinygroup.tinydbflowcomponent/target/test-classes/
2014-05-07 15:09:21,159 -35   [main] INFO  org.tinygroup.fileresolver.impl.FileResolverImpl  - 查找WEB-INF/classes路径完成。
2014-05-07 15:09:21,160 -36   [main] WARN  org.tinygroup.fileresolver.impl.FileResolverImpl  - WEBROOT变量找不到
2014-05-07 15:09:21,160 -36   [main] INFO  org.tinygroup.fileresolver.impl.FileResolverImpl  - 查找Web工程中的jar文件列表开始...
2014-05-07 15:09:21,205 -81   [main] INFO  org.tinygroup.fileresolver.impl.FileResolverImpl  - 查找Web工程中的jar文件列表完成。
2014-05-07 15:09:21,221 -97   [file-resolver-threads-file-processor-thread-0] INFO  org.tinygroup.fileresolver.impl.FileResolverImpl  - 正在扫描路径[D:\git\tiny\framework\org.tinygroup.parser\target\classes]...
2014-05-07 15:09:21,227 -103  [file-resolver-threads-file-processor-thread-0] INFO  org.tinygroup.fileresolver.impl.FileResolverImpl  - 路径[D:\git\tiny\framework\org.tinygroup.parser\target\classes]扫描完成。
2014-05-07 15:09:21,227 -103  [file-resolver-threads-file-processor-thread-0] INFO  org.tinygroup.fileresolver.impl.FileResolverImpl  - 正在扫描路径[D:\git\tiny\framework\org.tinygroup.order\target\classes]...
2014-05-07 15:09:21,230 -106  [file-resolver-threads-file-processor-thread-0] INFO  org.tinygroup.fileresolver.impl.FileResolverImpl  - 路径[D:\git\tiny\framework\org.tinygroup.order\target\classes]扫描完成。
2014-05-07 15:09:21,231 -107  [file-resolver-threads-file-processor-thread-0] INFO  org.tinygroup.fileresolver.impl.FileResolverImpl  - 正在扫描路径[D:\git\tiny\framework\org.tinygroup.binarytree\target\classes]...
2014-05-07 15:09:21,233 -109  [file-resolver-threads-file-processor-thread-0] INFO  org.tinygroup.fileresolver.impl.FileResolverImpl  - 路径[D:\git\tiny\framework\org.tinygroup.binarytree\target\classes]扫描完成。
2014-05-07 15:09:21,234 -110  [file-resolver-threads-file-processor-thread-0] INFO  org.tinygroup.fileresolver.impl.FileResolverImpl  - 正在扫描路径[D:\git\tiny\framework\org.tinygroup.commons\target\classes]...
2014-05-07 15:09:21,247 -123  [file-resolver-threads-file-processor-thread-0] INFO  org.tinygroup.fileresolver.impl.FileResolverImpl  - 路径[D:\git\tiny\framework\org.tinygroup.commons\target\classes]扫描完成。
2014-05-07 15:09:21,248 -124  [file-resolver-threads-file-processor-thread-0] INFO  org.tinygroup.fileresolver.impl.FileResolverImpl  - 正在扫描路径[D:\git\tiny\framework\org.tinygroup.annotation\target\classes]...
2014-05-07 15:09:21,251 -127  [file-resolver-threads-file-processor-thread-0] INFO  org.tinygroup.fileresolver.impl.FileResolverImpl  - 路径[D:\git\tiny\framework\org.tinygroup.annotation\target\classes]扫描完成。
2014-05-07 15:09:21,251 -127  [file-resolver-threads-file-processor-thread-0] INFO  org.tinygroup.fileresolver.impl.FileResolverImpl  - 正在扫描路径[D:\git\tiny\framework\org.tinygroup.threadgroup\target\classes]...
2014-05-07 15:09:21,252 -128  [file-resolver-threads-file-processor-thread-0] INFO  org.tinygroup.fileresolver.impl.FileResolverImpl  - 路径[D:\git\tiny\framework\org.tinygroup.threadgroup\target\classes]扫描完成。
2014-05-07 15:09:21,253 -129  [file-resolver-threads-file-processor-thread-0] INFO  org.tinygroup.fileresolver.impl.FileResolverImpl  - 正在扫描路径[D:\git\tiny\framework\org.tinygroup.event\target\classes]...
2014-05-07 15:09:21,255 -131  [file-resolver-threads-file-processor-thread-0] INFO  org.tinygroup.fileresolver.impl.FileResolverImpl  - 路径[D:\git\tiny\framework\org.tinygroup.event\target\classes]扫描完成。
2014-05-07 15:09:21,256 -132  [file-resolver-threads-file-processor-thread-0] INFO  org.tinygroup.fileresolver.impl.FileResolverImpl  - 正在扫描路径[D:\git\tiny\fc\org.tinygroup.tinydbflowcomponent\target\test-classes]...
2014-05-07 15:09:21,259 -135  [file-resolver-threads-file-processor-thread-0] INFO  org.tinygroup.fileresolver.impl.FileResolverImpl  - 路径[D:\git\tiny\fc\org.tinygroup.tinydbflowcomponent\target\test-classes]扫描完成。
2014-05-07 15:09:21,260 -136  [file-resolver-threads-file-processor-thread-0] INFO  org.tinygroup.fileresolver.impl.FileResolverImpl  - 正在扫描路径[D:\git\tiny\framework\org.tinygroup.fileresolver\target\classes]...
2014-05-07 15:09:21,265 -141  [file-resolver-threads-file-processor-thread-0] INFO  org.tinygroup.fileresolver.impl.FileResolverImpl  - 路径[D:\git\tiny\framework\org.tinygroup.fileresolver\target\classes]扫描完成。
2014-05-07 15:09:21,265 -141  [file-resolver-threads-file-processor-thread-0] INFO  org.tinygroup.fileresolver.impl.FileResolverImpl  - 正在扫描路径[D:\git\tiny\framework\org.tinygroup.i18n\target\classes]...
2014-05-07 15:09:21,268 -144  [file-resolver-threads-file-processor-thread-0] INFO  org.tinygroup.fileresolver.impl.FileResolverImpl  - 路径[D:\git\tiny\framework\org.tinygroup.i18n\target\classes]扫描完成。
2014-05-07 15:09:21,269 -145  [file-resolver-threads-file-processor-thread-0] INFO  org.tinygroup.fileresolver.impl.FileResolverImpl  - 正在扫描路径[D:\git\tiny\framework\org.tinygroup.vfs\target\classes]...
2014-05-07 15:09:21,272 -148  [file-resolver-threads-file-processor-thread-0] INFO  org.tinygroup.fileresolver.impl.FileResolverImpl  - 路径[D:\git\tiny\framework\org.tinygroup.vfs\target\classes]扫描完成。
2014-05-07 15:09:21,273 -149  [file-resolver-threads-file-processor-thread-0] INFO  org.tinygroup.fileresolver.impl.FileResolverImpl  - 正在扫描路径[D:\git\tiny\db\org.tinygroup.database\target\classes]...
2014-05-07 15:09:21,293 -169  [file-resolver-threads-file-processor-thread-0] INFO  org.tinygroup.fileresolver.impl.FileResolverImpl  - 路径[D:\git\tiny\db\org.tinygroup.database\target\classes]扫描完成。
2014-05-07 15:09:21,294 -170  [file-resolver-threads-file-processor-thread-0] INFO  org.tinygroup.fileresolver.impl.FileResolverImpl  - 正在扫描路径[D:\git\tiny\framework\org.tinygroup.context\target\classes]...
2014-05-07 15:09:21,296 -172  [file-resolver-threads-file-processor-thread-0] INFO  org.tinygroup.fileresolver.impl.FileResolverImpl  - 路径[D:\git\tiny\framework\org.tinygroup.context\target\classes]扫描完成。
2014-05-07 15:09:21,296 -172  [file-resolver-threads-file-processor-thread-0] INFO  org.tinygroup.fileresolver.impl.FileResolverImpl  - 正在扫描路径[D:\git\tiny\db\org.tinygroup.tinydb\target\classes]...
2014-05-07 15:09:21,309 -185  [file-resolver-threads-file-processor-thread-0] INFO  org.tinygroup.fileresolver.impl.FileResolverImpl  - 路径[D:\git\tiny\db\org.tinygroup.tinydb\target\classes]扫描完成。
2014-05-07 15:09:21,312 -188  [file-resolver-threads-file-processor-thread-0] INFO  org.tinygroup.fileresolver.impl.FileResolverImpl  - 正在扫描路径[D:\git\tiny\ext\org.tinygroup.elmvel\target\classes]...
2014-05-07 15:09:21,314 -190  [file-resolver-threads-file-processor-thread-0] INFO  org.tinygroup.fileresolver.impl.FileResolverImpl  - 路径[D:\git\tiny\ext\org.tinygroup.elmvel\target\classes]扫描完成。
2014-05-07 15:09:21,315 -191  [file-resolver-threads-file-processor-thread-0] INFO  org.tinygroup.fileresolver.impl.FileResolverImpl  - 正在扫描路径[D:\git\tiny\framework\org.tinygroup.springutil\target\classes]...
2014-05-07 15:09:21,318 -194  [file-resolver-threads-file-processor-thread-0] INFO  org.tinygroup.fileresolver.impl.FileResolverImpl  - 路径[D:\git\tiny\framework\org.tinygroup.springutil\target\classes]扫描完成。
2014-05-07 15:09:21,319 -195  [file-resolver-threads-file-processor-thread-0] INFO  org.tinygroup.fileresolver.impl.FileResolverImpl  - 正在扫描路径[D:\git\tiny\framework\org.tinygroup.logger\target\classes]...
2014-05-07 15:09:21,321 -197  [file-resolver-threads-file-processor-thread-0] INFO  org.tinygroup.fileresolver.impl.FileResolverImpl  - 路径[D:\git\tiny\framework\org.tinygroup.logger\target\classes]扫描完成。
2014-05-07 15:09:21,322 -198  [file-resolver-threads-file-processor-thread-0] INFO  org.tinygroup.fileresolver.impl.FileResolverImpl  - 正在扫描路径[D:\git\tiny\framework\org.tinygroup.xmlparser\target\classes]...
2014-05-07 15:09:21,328 -204  [file-resolver-threads-file-processor-thread-0] INFO  org.tinygroup.fileresolver.impl.FileResolverImpl  - 路径[D:\git\tiny\framework\org.tinygroup.xmlparser\target\classes]扫描完成。
2014-05-07 15:09:21,328 -204  [file-resolver-threads-file-processor-thread-0] INFO  org.tinygroup.fileresolver.impl.FileResolverImpl  - 正在扫描路径[D:\git\tiny\framework\org.tinygroup.xstream\target\classes]...
2014-05-07 15:09:21,331 -207  [file-resolver-threads-file-processor-thread-0] INFO  org.tinygroup.fileresolver.impl.FileResolverImpl  - 路径[D:\git\tiny\framework\org.tinygroup.xstream\target\classes]扫描完成。
2014-05-07 15:09:21,331 -207  [file-resolver-threads-file-processor-thread-0] INFO  org.tinygroup.fileresolver.impl.FileResolverImpl  - 正在扫描路径[D:\git\tiny\framework\org.tinygroup.el\target\classes]...
2014-05-07 15:09:21,332 -208  [file-resolver-threads-file-processor-thread-0] INFO  org.tinygroup.fileresolver.impl.FileResolverImpl  - 路径[D:\git\tiny\framework\org.tinygroup.el\target\classes]扫描完成。
2014-05-07 15:09:21,333 -209  [file-resolver-threads-file-processor-thread-0] INFO  org.tinygroup.fileresolver.impl.FileResolverImpl  - 正在扫描路径[D:\git\tiny\framework\org.tinygroup.flow\target\classes]...
2014-05-07 15:09:21,340 -216  [file-resolver-threads-file-processor-thread-0] INFO  org.tinygroup.fileresolver.impl.FileResolverImpl  - 路径[D:\git\tiny\framework\org.tinygroup.flow\target\classes]扫描完成。
2014-05-07 15:09:21,341 -217  [file-resolver-threads-file-processor-thread-0] INFO  org.tinygroup.fileresolver.impl.FileResolverImpl  - 正在扫描路径[D:\git\tiny\framework\org.tinygroup.formater\target\classes]...
2014-05-07 15:09:21,343 -219  [file-resolver-threads-file-processor-thread-0] INFO  org.tinygroup.fileresolver.impl.FileResolverImpl  - 路径[D:\git\tiny\framework\org.tinygroup.formater\target\classes]扫描完成。
2014-05-07 15:09:21,344 -220  [file-resolver-threads-file-processor-thread-0] INFO  org.tinygroup.fileresolver.impl.FileResolverImpl  - 正在扫描路径[D:\git\tiny\framework\org.tinygroup.context2object\target\classes]...
2014-05-07 15:09:21,347 -223  [file-resolver-threads-file-processor-thread-0] INFO  org.tinygroup.fileresolver.impl.FileResolverImpl  - 路径[D:\git\tiny\framework\org.tinygroup.context2object\target\classes]扫描完成。
2014-05-07 15:09:21,349 -225  [file-resolver-threads-file-processor-thread-0] INFO  org.tinygroup.fileresolver.impl.FileResolverImpl  - 正在扫描路径[D:\git\tiny\framework\org.tinygroup.config\target\classes]...
2014-05-07 15:09:21,352 -228  [file-resolver-threads-file-processor-thread-0] INFO  org.tinygroup.fileresolver.impl.FileResolverImpl  - 路径[D:\git\tiny\framework\org.tinygroup.config\target\classes]扫描完成。
2014-05-07 15:09:21,353 -229  [file-resolver-threads-file-processor-thread-0] INFO  org.tinygroup.fileresolver.impl.FileResolverImpl  - 正在扫描路径[D:\git\tiny\framework\org.tinygroup.application\target\classes]...
2014-05-07 15:09:21,355 -231  [file-resolver-threads-file-processor-thread-0] INFO  org.tinygroup.fileresolver.impl.FileResolverImpl  - 路径[D:\git\tiny\framework\org.tinygroup.application\target\classes]扫描完成。
2014-05-07 15:09:21,356 -232  [file-resolver-threads-file-processor-thread-0] INFO  org.tinygroup.fileresolver.impl.FileResolverImpl  - 正在扫描路径[D:\git\tiny\framework\org.tinygroup.cache\target\classes]...
2014-05-07 15:09:21,357 -233  [file-resolver-threads-file-processor-thread-0] INFO  org.tinygroup.fileresolver.impl.FileResolverImpl  - 路径[D:\git\tiny\framework\org.tinygroup.cache\target\classes]扫描完成。
2014-05-07 15:09:21,358 -234  [file-resolver-threads-file-processor-thread-0] INFO  org.tinygroup.fileresolver.impl.FileResolverImpl  - 正在扫描路径[D:\git\tiny\framework\org.tinygroup.exception\target\classes]...
2014-05-07 15:09:21,359 -235  [file-resolver-threads-file-processor-thread-0] INFO  org.tinygroup.fileresolver.impl.FileResolverImpl  - 路径[D:\git\tiny\framework\org.tinygroup.exception\target\classes]扫描完成。
2014-05-07 15:09:21,359 -235  [file-resolver-threads-file-processor-thread-0] INFO  org.tinygroup.fileresolver.impl.FileResolverImpl  - 正在扫描路径[D:\git\tiny\db\org.tinygroup.metadata\target\classes]...
2014-05-07 15:09:21,365 -241  [file-resolver-threads-file-processor-thread-0] INFO  org.tinygroup.fileresolver.impl.FileResolverImpl  - 路径[D:\git\tiny\db\org.tinygroup.metadata\target\classes]扫描完成。
2014-05-07 15:09:21,366 -242  [file-resolver-threads-file-processor-thread-0] INFO  org.tinygroup.fileresolver.impl.FileResolverImpl  - 正在扫描路径[D:\git\tiny\fc\org.tinygroup.tinydbflowcomponent\target\classes]...
2014-05-07 15:09:21,367 -243  [file-resolver-threads-file-processor-thread-0] INFO  org.tinygroup.fileresolver.impl.FileResolverImpl  - 路径[D:\git\tiny\fc\org.tinygroup.tinydbflowcomponent\target\classes]扫描完成。
2014-05-07 15:09:21,367 -243  [file-resolver-threads-file-processor-thread-0] INFO  org.tinygroup.fileresolver.impl.FileResolverImpl  - 正在扫描路径[D:\git\tiny\framework\org.tinygroup.testutil\target\classes]...
2014-05-07 15:09:21,368 -244  [file-resolver-threads-file-processor-thread-0] INFO  org.tinygroup.fileresolver.impl.FileResolverImpl  - 路径[D:\git\tiny\framework\org.tinygroup.testutil\target\classes]扫描完成。
2014-05-07 15:09:21,369 -245  [main] INFO  org.tinygroup.fileresolver.impl.MultiThreadFileProcessor  - 线程组:<file-resolver-threads>执行时间：149
2014-05-07 15:09:21,481 -357  [main] INFO  org.tinygroup.springutil.SpringUtil  - 添加Spring配置文件:file:D:/git/tiny/framework/org.tinygroup.order/target/classes/order.beans.xml
2014-05-07 15:09:21,482 -358  [main] INFO  org.tinygroup.springutil.SpringUtil  - 添加Spring配置文件:file:D:/git/tiny/framework/org.tinygroup.binarytree/target/classes/binarytree.beans.xml
2014-05-07 15:09:21,482 -358  [main] INFO  org.tinygroup.springutil.SpringUtil  - 添加Spring配置文件:file:D:/git/tiny/framework/org.tinygroup.annotation/target/classes/annotation.beans.xml
2014-05-07 15:09:21,482 -358  [main] INFO  org.tinygroup.springutil.SpringUtil  - 添加Spring配置文件:file:D:/git/tiny/fc/org.tinygroup.tinydbflowcomponent/target/test-classes/Application.springbeans.xml
2014-05-07 15:09:21,483 -359  [main] INFO  org.tinygroup.springutil.SpringUtil  - 添加Spring配置文件:file:D:/git/tiny/fc/org.tinygroup.tinydbflowcomponent/target/test-classes/spring-context2.springbeans.xml
2014-05-07 15:09:21,483 -359  [main] INFO  org.tinygroup.springutil.SpringUtil  - 添加Spring配置文件:file:D:/git/tiny/fc/org.tinygroup.tinydbflowcomponent/target/test-classes/test.beans.xml
2014-05-07 15:09:21,483 -359  [main] INFO  org.tinygroup.springutil.SpringUtil  - 添加Spring配置文件:file:D:/git/tiny/framework/org.tinygroup.fileresolver/target/classes/fileresolver.beans.xml
2014-05-07 15:09:21,484 -360  [main] INFO  org.tinygroup.springutil.SpringUtil  - 添加Spring配置文件:file:D:/git/tiny/db/org.tinygroup.database/target/classes/Database.beans.xml
2014-05-07 15:09:21,484 -360  [main] INFO  org.tinygroup.springutil.SpringUtil  - 添加Spring配置文件:file:D:/git/tiny/db/org.tinygroup.tinydb/target/classes/tinydb.beans.xml
2014-05-07 15:09:21,484 -360  [main] INFO  org.tinygroup.springutil.SpringUtil  - 添加Spring配置文件:file:D:/git/tiny/ext/org.tinygroup.elmvel/target/classes/el.beans.xml
2014-05-07 15:09:21,485 -361  [main] INFO  org.tinygroup.springutil.SpringUtil  - 添加Spring配置文件:file:D:/git/tiny/framework/org.tinygroup.xstream/target/classes/xstream.beans.xml
2014-05-07 15:09:21,485 -361  [main] INFO  org.tinygroup.springutil.SpringUtil  - 添加Spring配置文件:file:D:/git/tiny/framework/org.tinygroup.flow/target/classes/flow.beans.xml
2014-05-07 15:09:21,486 -362  [main] INFO  org.tinygroup.springutil.SpringUtil  - 添加Spring配置文件:file:D:/git/tiny/framework/org.tinygroup.context2object/target/classes/context2object.beans.xml
2014-05-07 15:09:21,486 -362  [main] INFO  org.tinygroup.springutil.SpringUtil  - 添加Spring配置文件:file:D:/git/tiny/framework/org.tinygroup.cache/target/classes/Cache.beans.xml
2014-05-07 15:09:21,487 -363  [main] INFO  org.tinygroup.springutil.SpringUtil  - 添加Spring配置文件:file:D:/git/tiny/framework/org.tinygroup.exception/target/classes/exception.beans.xml
2014-05-07 15:09:21,487 -363  [main] INFO  org.tinygroup.springutil.SpringUtil  - 添加Spring配置文件:file:D:/git/tiny/db/org.tinygroup.metadata/target/classes/Metadata.beans.xml
2014-05-07 15:09:21,488 -364  [main] INFO  org.tinygroup.springutil.SpringUtil  - 添加Spring配置文件:file:D:/git/tiny/fc/org.tinygroup.tinydbflowcomponent/target/classes/flowbasiccomponent.springbeans.xml
2014-05-07 15:09:21,490 -366  [main] INFO  org.springframework.context.support.FileSystemXmlApplicationContext  - Refreshing org.springframework.context.support.FileSystemXmlApplicationContext@684b1503: display name [org.springframework.context.support.FileSystemXmlApplicationContext@684b1503]; startup date [Wed May 07 15:09:21 CST 2014]; root of context hierarchy
2014-05-07 15:09:21,576 -452  [main] INFO  org.springframework.beans.factory.xml.XmlBeanDefinitionReader  - Loading XML bean definitions from URL [file:D:/git/tiny/framework/org.tinygroup.order/target/classes/order.beans.xml]
2014-05-07 15:09:21,738 -614  [main] INFO  org.springframework.beans.factory.xml.XmlBeanDefinitionReader  - Loading XML bean definitions from URL [file:D:/git/tiny/framework/org.tinygroup.binarytree/target/classes/binarytree.beans.xml]
2014-05-07 15:09:21,768 -644  [main] INFO  org.springframework.beans.factory.xml.XmlBeanDefinitionReader  - Loading XML bean definitions from URL [file:D:/git/tiny/framework/org.tinygroup.annotation/target/classes/annotation.beans.xml]
2014-05-07 15:09:21,806 -682  [main] INFO  org.springframework.beans.factory.xml.XmlBeanDefinitionReader  - Loading XML bean definitions from URL [file:D:/git/tiny/fc/org.tinygroup.tinydbflowcomponent/target/test-classes/Application.springbeans.xml]
2014-05-07 15:09:21,852 -728  [main] INFO  org.springframework.beans.factory.xml.XmlBeanDefinitionReader  - Loading XML bean definitions from URL [file:D:/git/tiny/fc/org.tinygroup.tinydbflowcomponent/target/test-classes/spring-context2.springbeans.xml]
2014-05-07 15:09:22,221 -1097 [main] INFO  org.springframework.beans.factory.xml.XmlBeanDefinitionReader  - Loading XML bean definitions from URL [file:D:/git/tiny/fc/org.tinygroup.tinydbflowcomponent/target/test-classes/test.beans.xml]
2014-05-07 15:09:22,251 -1127 [main] INFO  org.springframework.beans.factory.xml.XmlBeanDefinitionReader  - Loading XML bean definitions from URL [file:D:/git/tiny/framework/org.tinygroup.fileresolver/target/classes/fileresolver.beans.xml]
2014-05-07 15:09:22,291 -1167 [main] INFO  org.springframework.beans.factory.xml.XmlBeanDefinitionReader  - Loading XML bean definitions from URL [file:D:/git/tiny/db/org.tinygroup.database/target/classes/Database.beans.xml]
2014-05-07 15:09:22,331 -1207 [main] INFO  org.springframework.beans.factory.xml.XmlBeanDefinitionReader  - Loading XML bean definitions from URL [file:D:/git/tiny/db/org.tinygroup.tinydb/target/classes/tinydb.beans.xml]
2014-05-07 15:09:22,356 -1232 [main] INFO  org.springframework.beans.factory.xml.XmlBeanDefinitionReader  - Loading XML bean definitions from URL [file:D:/git/tiny/ext/org.tinygroup.elmvel/target/classes/el.beans.xml]
2014-05-07 15:09:22,379 -1255 [main] INFO  org.springframework.beans.factory.xml.XmlBeanDefinitionReader  - Loading XML bean definitions from URL [file:D:/git/tiny/framework/org.tinygroup.xstream/target/classes/xstream.beans.xml]
2014-05-07 15:09:22,406 -1282 [main] INFO  org.springframework.beans.factory.xml.XmlBeanDefinitionReader  - Loading XML bean definitions from URL [file:D:/git/tiny/framework/org.tinygroup.flow/target/classes/flow.beans.xml]
2014-05-07 15:09:22,433 -1309 [main] INFO  org.springframework.beans.factory.xml.XmlBeanDefinitionReader  - Loading XML bean definitions from URL [file:D:/git/tiny/framework/org.tinygroup.context2object/target/classes/context2object.beans.xml]
2014-05-07 15:09:22,455 -1331 [main] INFO  org.springframework.beans.factory.xml.XmlBeanDefinitionReader  - Loading XML bean definitions from URL [file:D:/git/tiny/framework/org.tinygroup.cache/target/classes/Cache.beans.xml]
2014-05-07 15:09:22,481 -1357 [main] INFO  org.springframework.beans.factory.xml.XmlBeanDefinitionReader  - Loading XML bean definitions from URL [file:D:/git/tiny/framework/org.tinygroup.exception/target/classes/exception.beans.xml]
2014-05-07 15:09:22,502 -1378 [main] INFO  org.springframework.beans.factory.xml.XmlBeanDefinitionReader  - Loading XML bean definitions from URL [file:D:/git/tiny/db/org.tinygroup.metadata/target/classes/Metadata.beans.xml]
2014-05-07 15:09:22,536 -1412 [main] INFO  org.springframework.beans.factory.xml.XmlBeanDefinitionReader  - Loading XML bean definitions from URL [file:D:/git/tiny/fc/org.tinygroup.tinydbflowcomponent/target/classes/flowbasiccomponent.springbeans.xml]
2014-05-07 15:09:22,559 -1435 [main] INFO  org.springframework.context.support.FileSystemXmlApplicationContext  - Bean factory for application context [org.springframework.context.support.FileSystemXmlApplicationContext@684b1503]: org.springframework.beans.factory.support.DefaultListableBeanFactory@1cd86eb9
2014-05-07 15:09:22,938 -1814 [main] INFO  org.springframework.beans.factory.support.DefaultListableBeanFactory  - Pre-instantiating singletons in org.springframework.beans.factory.support.DefaultListableBeanFactory@1cd86eb9: defining beans [orderProcessor,avlTreeImpl,annotationExcuteManager,annotationFileProcessor,annotationClassFileProcessor,fileResolver,fileResolverProcessor,org.springframework.context.annotation.internalCommonAnnotationProcessor,org.springframework.context.annotation.internalAutowiredAnnotationProcessor,org.springframework.context.annotation.internalRequiredAnnotationProcessor,org.springframework.aop.config.internalAutoProxyCreator,org.springframework.transaction.annotation.AnnotationTransactionAttributeSource#0,org.springframework.transaction.interceptor.TransactionInterceptor#0,org.springframework.transaction.config.internalTransactionAdvisor,lobHandler,defaultDataSource,dataSource1,dataSource2,dynamicDataSource,transactionManager,transactionTemplate,beanNameAutoProxyCreator,jdbcTemplate,txAdvice,allManagerMethod,org.springframework.aop.support.DefaultBeanFactoryPointcutAdvisor#0,derbyDialect,derbyIncrementer,beanStringOperator,fullContextFileRepository,fullContextFileFinder,i18nFileProcessor,xStreamFileProcessor,orderFileProcessor,springBeansFileProcessor,configurationFileProcessor,fileMonitorProcessor,tableProcessor,initDataProcessor,processorManager,customeSqlProcessor,viewProcessor,dialectFunctionProcessor,procedureProcessor,oracleSqlProcessor,mysqlSqlProcessor,derbySqlProcessor,h2SqlProcessor,sqlserverSqlProcessor,db2SqlProcessor,initDataSqlProcessor,viewSqlProcessor,oracleProcedureSqlProcessor,tableFileResolver,customSqlFileResolver,dialectFunctionlFileResolver,initDataFileResolver,procedureFileResolver,processorFileResolver,viewFileResolver,tinyDBService,dataSourceProxy,beanOperatorManager,relationFileProcessor,beanManagerProcessor,tableConvertBeanProcessor,el,flowExecutor,flowFileProcessor,flowComponentProcessor,pageFlowExecutor,pageFlowFileProcessor,pageFlowComponentProcessor,flowComponentAnnotationAction,pageFlowComponentAnnotationAction,classNameObjectGenerator,generatorFileProcessor,cacheInitConfig,constantProcessor,errorMessageProcessor,standardTypeProcessor,businessTypeProcessor,standardFieldProcessor,constantFileResolver,businessTypeFileResolver,standardFieldFileResolver,errorMessageFileResolver,standardTypeFileResolver,tinydbAddService,tinydbDeleteService,tinydbQueryService,tinydbQueryServiceWithId,tinydbUpdateService]; root of factory hierarchy
2014-05-07 15:09:23,381 -2257 [main] INFO  org.tinygroup.fileresolver.impl.AbstractFileProcessor  - 开始读取组件配置文件:annotation.config.xml
2014-05-07 15:09:23,382 -2258 [main] INFO  org.tinygroup.fileresolver.impl.AbstractFileProcessor  - 读取组件配置文件:annotation.config.xml完成
2014-05-07 15:09:23,383 -2259 [main] INFO  org.tinygroup.fileresolver.impl.AbstractFileProcessor  - 开始读取组件配置文件:filefind.config.xml
2014-05-07 15:09:23,385 -2261 [main] INFO  org.tinygroup.fileresolver.impl.AbstractFileProcessor  - 读取组件配置文件:filefind.config.xml完成
2014-05-07 15:09:23,385 -2261 [main] INFO  org.tinygroup.fileresolver.impl.AbstractFileProcessor  - 开始读取组件配置文件:filemonitor.config.xml
2014-05-07 15:09:23,386 -2262 [main] INFO  org.tinygroup.fileresolver.impl.AbstractFileProcessor  - 读取组件配置文件:filemonitor.config.xml完成
2014-05-07 15:09:23,386 -2262 [main] INFO  org.tinygroup.fileresolver.impl.AbstractFileProcessor  - 开始读取组件配置文件:fileresolver.config.xml
2014-05-07 15:09:23,387 -2263 [main] INFO  org.tinygroup.fileresolver.impl.AbstractFileProcessor  - 读取组件配置文件:fileresolver.config.xml完成
2014-05-07 15:09:23,388 -2264 [main] INFO  org.tinygroup.fileresolver.impl.AbstractFileProcessor  - 开始读取组件配置文件:cacheinit.config.xml
2014-05-07 15:09:23,388 -2264 [main] INFO  org.tinygroup.fileresolver.impl.AbstractFileProcessor  - 读取组件配置文件:cacheinit.config.xml完成
2014-05-07 15:09:23,779 -2655 [main] INFO  org.tinygroup.config.impl.ConfigurationManagerImpl  - 正在分发应用配置信息...
2014-05-07 15:09:23,784 -2660 [main] INFO  org.tinygroup.config.impl.ConfigurationManagerImpl  - 应用配置信息分发完毕
2014-05-07 15:09:23,784 -2660 [main] INFO  org.tinygroup.fileresolver.impl.FileResolverImpl  - 全路径扫描完成。
2014-05-07 15:09:23,785 -2661 [main] INFO  org.tinygroup.application.impl.ApplicationDefault  - 启动应用开始...
2014-05-07 15:09:23,786 -2662 [main] INFO  org.tinygroup.application.impl.ApplicationDefault  - 应用处理器class org.tinygroup.fileresolver.applicationprocessor.FileResolverProcessor正在启动...
2014-05-07 15:09:23,786 -2662 [main] INFO  org.tinygroup.fileresolver.impl.FileResolverImpl  - 正在进行全路径扫描....
2014-05-07 15:09:23,791 -2667 [main] INFO  org.tinygroup.fileresolver.impl.FileResolverImpl  - 查找WEB-INF/classes路径开始...
2014-05-07 15:09:23,791 -2667 [main] INFO  org.tinygroup.fileresolver.impl.FileResolverImpl  - WEB-INF/classes路径是:file:/D:/git/tiny/fc/org.tinygroup.tinydbflowcomponent/target/test-classes/
2014-05-07 15:09:23,792 -2668 [main] INFO  org.tinygroup.fileresolver.impl.FileResolverImpl  - WEB-INF/lib路径是:file:/D:/git/tiny/fc/org.tinygroup.tinydbflowcomponent/target/test-classes/
2014-05-07 15:09:23,792 -2668 [main] INFO  org.tinygroup.fileresolver.impl.FileResolverImpl  - 查找WEB-INF/classes路径完成。
2014-05-07 15:09:23,793 -2669 [main] WARN  org.tinygroup.fileresolver.impl.FileResolverImpl  - WEBROOT变量找不到
2014-05-07 15:09:23,793 -2669 [main] INFO  org.tinygroup.fileresolver.impl.FileResolverImpl  - 查找Web工程中的jar文件列表开始...
2014-05-07 15:09:23,846 -2722 [main] INFO  org.tinygroup.fileresolver.impl.FileResolverImpl  - 查找Web工程中的jar文件列表完成。
2014-05-07 15:09:23,851 -2727 [file-resolver-threads-file-processor-thread-0] INFO  org.tinygroup.fileresolver.impl.FileResolverImpl  - 正在扫描路径[D:\git\tiny\framework\org.tinygroup.parser\target\classes]...
2014-05-07 15:09:23,856 -2732 [file-resolver-threads-file-processor-thread-0] INFO  org.tinygroup.fileresolver.impl.FileResolverImpl  - 路径[D:\git\tiny\framework\org.tinygroup.parser\target\classes]扫描完成。
2014-05-07 15:09:23,856 -2732 [file-resolver-threads-file-processor-thread-0] INFO  org.tinygroup.fileresolver.impl.FileResolverImpl  - 正在扫描路径[D:\git\tiny\framework\org.tinygroup.order\target\classes]...
2014-05-07 15:09:23,858 -2734 [file-resolver-threads-file-processor-thread-0] INFO  org.tinygroup.fileresolver.impl.FileResolverImpl  - 路径[D:\git\tiny\framework\org.tinygroup.order\target\classes]扫描完成。
2014-05-07 15:09:23,859 -2735 [file-resolver-threads-file-processor-thread-0] INFO  org.tinygroup.fileresolver.impl.FileResolverImpl  - 正在扫描路径[D:\git\tiny\framework\org.tinygroup.binarytree\target\classes]...
2014-05-07 15:09:23,862 -2738 [file-resolver-threads-file-processor-thread-0] INFO  org.tinygroup.fileresolver.impl.FileResolverImpl  - 路径[D:\git\tiny\framework\org.tinygroup.binarytree\target\classes]扫描完成。
2014-05-07 15:09:23,862 -2738 [file-resolver-threads-file-processor-thread-0] INFO  org.tinygroup.fileresolver.impl.FileResolverImpl  - 正在扫描路径[D:\git\tiny\framework\org.tinygroup.commons\target\classes]...
2014-05-07 15:09:23,883 -2759 [file-resolver-threads-file-processor-thread-0] INFO  org.tinygroup.fileresolver.impl.FileResolverImpl  - 路径[D:\git\tiny\framework\org.tinygroup.commons\target\classes]扫描完成。
2014-05-07 15:09:23,883 -2759 [file-resolver-threads-file-processor-thread-0] INFO  org.tinygroup.fileresolver.impl.FileResolverImpl  - 正在扫描路径[D:\git\tiny\framework\org.tinygroup.annotation\target\classes]...
2014-05-07 15:09:23,888 -2764 [file-resolver-threads-file-processor-thread-0] INFO  org.tinygroup.fileresolver.impl.FileResolverImpl  - 路径[D:\git\tiny\framework\org.tinygroup.annotation\target\classes]扫描完成。
2014-05-07 15:09:23,889 -2765 [file-resolver-threads-file-processor-thread-0] INFO  org.tinygroup.fileresolver.impl.FileResolverImpl  - 正在扫描路径[D:\git\tiny\framework\org.tinygroup.threadgroup\target\classes]...
2014-05-07 15:09:23,890 -2766 [file-resolver-threads-file-processor-thread-0] INFO  org.tinygroup.fileresolver.impl.FileResolverImpl  - 路径[D:\git\tiny\framework\org.tinygroup.threadgroup\target\classes]扫描完成。
2014-05-07 15:09:23,890 -2766 [file-resolver-threads-file-processor-thread-0] INFO  org.tinygroup.fileresolver.impl.FileResolverImpl  - 正在扫描路径[D:\git\tiny\framework\org.tinygroup.event\target\classes]...
2014-05-07 15:09:23,892 -2768 [file-resolver-threads-file-processor-thread-0] INFO  org.tinygroup.fileresolver.impl.FileResolverImpl  - 路径[D:\git\tiny\framework\org.tinygroup.event\target\classes]扫描完成。
2014-05-07 15:09:23,892 -2768 [file-resolver-threads-file-processor-thread-0] INFO  org.tinygroup.fileresolver.impl.FileResolverImpl  - 正在扫描路径[D:\git\tiny\fc\org.tinygroup.tinydbflowcomponent\target\test-classes]...
2014-05-07 15:09:23,894 -2770 [file-resolver-threads-file-processor-thread-0] INFO  org.tinygroup.fileresolver.impl.FileResolverImpl  - 路径[D:\git\tiny\fc\org.tinygroup.tinydbflowcomponent\target\test-classes]扫描完成。
2014-05-07 15:09:23,894 -2770 [file-resolver-threads-file-processor-thread-0] INFO  org.tinygroup.fileresolver.impl.FileResolverImpl  - 正在扫描路径[D:\git\tiny\framework\org.tinygroup.fileresolver\target\classes]...
2014-05-07 15:09:23,897 -2773 [file-resolver-threads-file-processor-thread-0] INFO  org.tinygroup.fileresolver.impl.FileResolverImpl  - 路径[D:\git\tiny\framework\org.tinygroup.fileresolver\target\classes]扫描完成。
2014-05-07 15:09:23,897 -2773 [file-resolver-threads-file-processor-thread-0] INFO  org.tinygroup.fileresolver.impl.FileResolverImpl  - 正在扫描路径[D:\git\tiny\framework\org.tinygroup.i18n\target\classes]...
2014-05-07 15:09:23,900 -2776 [file-resolver-threads-file-processor-thread-0] INFO  org.tinygroup.fileresolver.impl.FileResolverImpl  - 路径[D:\git\tiny\framework\org.tinygroup.i18n\target\classes]扫描完成。
2014-05-07 15:09:23,900 -2776 [file-resolver-threads-file-processor-thread-0] INFO  org.tinygroup.fileresolver.impl.FileResolverImpl  - 正在扫描路径[D:\git\tiny\framework\org.tinygroup.vfs\target\classes]...
2014-05-07 15:09:23,904 -2780 [file-resolver-threads-file-processor-thread-0] INFO  org.tinygroup.fileresolver.impl.FileResolverImpl  - 路径[D:\git\tiny\framework\org.tinygroup.vfs\target\classes]扫描完成。
2014-05-07 15:09:23,904 -2780 [file-resolver-threads-file-processor-thread-0] INFO  org.tinygroup.fileresolver.impl.FileResolverImpl  - 正在扫描路径[D:\git\tiny\db\org.tinygroup.database\target\classes]...
2014-05-07 15:09:23,912 -2788 [file-resolver-threads-file-processor-thread-0] INFO  org.tinygroup.fileresolver.impl.FileResolverImpl  - 路径[D:\git\tiny\db\org.tinygroup.database\target\classes]扫描完成。
2014-05-07 15:09:23,913 -2789 [file-resolver-threads-file-processor-thread-0] INFO  org.tinygroup.fileresolver.impl.FileResolverImpl  - 正在扫描路径[D:\git\tiny\framework\org.tinygroup.context\target\classes]...
2014-05-07 15:09:23,914 -2790 [file-resolver-threads-file-processor-thread-0] INFO  org.tinygroup.fileresolver.impl.FileResolverImpl  - 路径[D:\git\tiny\framework\org.tinygroup.context\target\classes]扫描完成。
2014-05-07 15:09:23,914 -2790 [file-resolver-threads-file-processor-thread-0] INFO  org.tinygroup.fileresolver.impl.FileResolverImpl  - 正在扫描路径[D:\git\tiny\db\org.tinygroup.tinydb\target\classes]...
2014-05-07 15:09:23,923 -2799 [file-resolver-threads-file-processor-thread-0] INFO  org.tinygroup.fileresolver.impl.FileResolverImpl  - 路径[D:\git\tiny\db\org.tinygroup.tinydb\target\classes]扫描完成。
2014-05-07 15:09:23,923 -2799 [file-resolver-threads-file-processor-thread-0] INFO  org.tinygroup.fileresolver.impl.FileResolverImpl  - 正在扫描路径[D:\git\tiny\ext\org.tinygroup.elmvel\target\classes]...
2014-05-07 15:09:23,924 -2800 [file-resolver-threads-file-processor-thread-0] INFO  org.tinygroup.fileresolver.impl.FileResolverImpl  - 路径[D:\git\tiny\ext\org.tinygroup.elmvel\target\classes]扫描完成。
2014-05-07 15:09:23,924 -2800 [file-resolver-threads-file-processor-thread-0] INFO  org.tinygroup.fileresolver.impl.FileResolverImpl  - 正在扫描路径[D:\git\tiny\framework\org.tinygroup.springutil\target\classes]...
2014-05-07 15:09:23,925 -2801 [file-resolver-threads-file-processor-thread-0] INFO  org.tinygroup.fileresolver.impl.FileResolverImpl  - 路径[D:\git\tiny\framework\org.tinygroup.springutil\target\classes]扫描完成。
2014-05-07 15:09:23,925 -2801 [file-resolver-threads-file-processor-thread-0] INFO  org.tinygroup.fileresolver.impl.FileResolverImpl  - 正在扫描路径[D:\git\tiny\framework\org.tinygroup.logger\target\classes]...
2014-05-07 15:09:23,926 -2802 [file-resolver-threads-file-processor-thread-0] INFO  org.tinygroup.fileresolver.impl.FileResolverImpl  - 路径[D:\git\tiny\framework\org.tinygroup.logger\target\classes]扫描完成。
2014-05-07 15:09:23,927 -2803 [file-resolver-threads-file-processor-thread-0] INFO  org.tinygroup.fileresolver.impl.FileResolverImpl  - 正在扫描路径[D:\git\tiny\framework\org.tinygroup.xmlparser\target\classes]...
2014-05-07 15:09:23,929 -2805 [file-resolver-threads-file-processor-thread-0] INFO  org.tinygroup.fileresolver.impl.FileResolverImpl  - 路径[D:\git\tiny\framework\org.tinygroup.xmlparser\target\classes]扫描完成。
2014-05-07 15:09:23,929 -2805 [file-resolver-threads-file-processor-thread-0] INFO  org.tinygroup.fileresolver.impl.FileResolverImpl  - 正在扫描路径[D:\git\tiny\framework\org.tinygroup.xstream\target\classes]...
2014-05-07 15:09:23,930 -2806 [file-resolver-threads-file-processor-thread-0] INFO  org.tinygroup.fileresolver.impl.FileResolverImpl  - 路径[D:\git\tiny\framework\org.tinygroup.xstream\target\classes]扫描完成。
2014-05-07 15:09:23,931 -2807 [file-resolver-threads-file-processor-thread-0] INFO  org.tinygroup.fileresolver.impl.FileResolverImpl  - 正在扫描路径[D:\git\tiny\framework\org.tinygroup.el\target\classes]...
2014-05-07 15:09:23,932 -2808 [file-resolver-threads-file-processor-thread-0] INFO  org.tinygroup.fileresolver.impl.FileResolverImpl  - 路径[D:\git\tiny\framework\org.tinygroup.el\target\classes]扫描完成。
2014-05-07 15:09:23,932 -2808 [file-resolver-threads-file-processor-thread-0] INFO  org.tinygroup.fileresolver.impl.FileResolverImpl  - 正在扫描路径[D:\git\tiny\framework\org.tinygroup.flow\target\classes]...
2014-05-07 15:09:23,939 -2815 [file-resolver-threads-file-processor-thread-0] INFO  org.tinygroup.fileresolver.impl.FileResolverImpl  - 路径[D:\git\tiny\framework\org.tinygroup.flow\target\classes]扫描完成。
2014-05-07 15:09:23,940 -2816 [file-resolver-threads-file-processor-thread-0] INFO  org.tinygroup.fileresolver.impl.FileResolverImpl  - 正在扫描路径[D:\git\tiny\framework\org.tinygroup.formater\target\classes]...
2014-05-07 15:09:23,941 -2817 [file-resolver-threads-file-processor-thread-0] INFO  org.tinygroup.fileresolver.impl.FileResolverImpl  - 路径[D:\git\tiny\framework\org.tinygroup.formater\target\classes]扫描完成。
2014-05-07 15:09:23,941 -2817 [file-resolver-threads-file-processor-thread-0] INFO  org.tinygroup.fileresolver.impl.FileResolverImpl  - 正在扫描路径[D:\git\tiny\framework\org.tinygroup.context2object\target\classes]...
2014-05-07 15:09:23,943 -2819 [file-resolver-threads-file-processor-thread-0] INFO  org.tinygroup.fileresolver.impl.FileResolverImpl  - 路径[D:\git\tiny\framework\org.tinygroup.context2object\target\classes]扫描完成。
2014-05-07 15:09:23,944 -2820 [file-resolver-threads-file-processor-thread-0] INFO  org.tinygroup.fileresolver.impl.FileResolverImpl  - 正在扫描路径[D:\git\tiny\framework\org.tinygroup.config\target\classes]...
2014-05-07 15:09:23,945 -2821 [file-resolver-threads-file-processor-thread-0] INFO  org.tinygroup.fileresolver.impl.FileResolverImpl  - 路径[D:\git\tiny\framework\org.tinygroup.config\target\classes]扫描完成。
2014-05-07 15:09:23,945 -2821 [file-resolver-threads-file-processor-thread-0] INFO  org.tinygroup.fileresolver.impl.FileResolverImpl  - 正在扫描路径[D:\git\tiny\framework\org.tinygroup.application\target\classes]...
2014-05-07 15:09:23,946 -2822 [file-resolver-threads-file-processor-thread-0] INFO  org.tinygroup.fileresolver.impl.FileResolverImpl  - 路径[D:\git\tiny\framework\org.tinygroup.application\target\classes]扫描完成。
2014-05-07 15:09:23,947 -2823 [file-resolver-threads-file-processor-thread-0] INFO  org.tinygroup.fileresolver.impl.FileResolverImpl  - 正在扫描路径[D:\git\tiny\framework\org.tinygroup.cache\target\classes]...
2014-05-07 15:09:23,948 -2824 [file-resolver-threads-file-processor-thread-0] INFO  org.tinygroup.fileresolver.impl.FileResolverImpl  - 路径[D:\git\tiny\framework\org.tinygroup.cache\target\classes]扫描完成。
2014-05-07 15:09:23,949 -2825 [file-resolver-threads-file-processor-thread-0] INFO  org.tinygroup.fileresolver.impl.FileResolverImpl  - 正在扫描路径[D:\git\tiny\framework\org.tinygroup.exception\target\classes]...
2014-05-07 15:09:23,949 -2825 [file-resolver-threads-file-processor-thread-0] INFO  org.tinygroup.fileresolver.impl.FileResolverImpl  - 路径[D:\git\tiny\framework\org.tinygroup.exception\target\classes]扫描完成。
2014-05-07 15:09:23,950 -2826 [file-resolver-threads-file-processor-thread-0] INFO  org.tinygroup.fileresolver.impl.FileResolverImpl  - 正在扫描路径[D:\git\tiny\db\org.tinygroup.metadata\target\classes]...
2014-05-07 15:09:23,953 -2829 [file-resolver-threads-file-processor-thread-0] INFO  org.tinygroup.fileresolver.impl.FileResolverImpl  - 路径[D:\git\tiny\db\org.tinygroup.metadata\target\classes]扫描完成。
2014-05-07 15:09:23,954 -2830 [file-resolver-threads-file-processor-thread-0] INFO  org.tinygroup.fileresolver.impl.FileResolverImpl  - 正在扫描路径[D:\git\tiny\fc\org.tinygroup.tinydbflowcomponent\target\classes]...
2014-05-07 15:09:23,955 -2831 [file-resolver-threads-file-processor-thread-0] INFO  org.tinygroup.fileresolver.impl.FileResolverImpl  - 路径[D:\git\tiny\fc\org.tinygroup.tinydbflowcomponent\target\classes]扫描完成。
2014-05-07 15:09:23,955 -2831 [file-resolver-threads-file-processor-thread-0] INFO  org.tinygroup.fileresolver.impl.FileResolverImpl  - 正在扫描路径[D:\git\tiny\framework\org.tinygroup.testutil\target\classes]...
2014-05-07 15:09:23,956 -2832 [file-resolver-threads-file-processor-thread-0] INFO  org.tinygroup.fileresolver.impl.FileResolverImpl  - 路径[D:\git\tiny\framework\org.tinygroup.testutil\target\classes]扫描完成。
2014-05-07 15:09:23,957 -2833 [main] INFO  org.tinygroup.fileresolver.impl.MultiThreadFileProcessor  - 线程组:<file-resolver-threads>执行时间：109
2014-05-07 15:09:23,957 -2833 [main] INFO  org.tinygroup.fileresolver.impl.AbstractFileProcessor  - 找到国际化资源配置文件[D:\git\tiny\framework\org.tinygroup.event\target\classes\i18n\cepcore_en_US.properties]，并开始加载...
2014-05-07 15:09:23,958 -2834 [main] INFO  org.tinygroup.fileresolver.impl.AbstractFileProcessor  - 国际化资源配置文件[D:\git\tiny\framework\org.tinygroup.event\target\classes\i18n\cepcore_en_US.properties]，加载完毕。
2014-05-07 15:09:23,958 -2834 [main] INFO  org.tinygroup.fileresolver.impl.AbstractFileProcessor  - 找到国际化资源配置文件[D:\git\tiny\framework\org.tinygroup.event\target\classes\i18n\cepcore_zh_CN.properties]，并开始加载...
2014-05-07 15:09:23,959 -2835 [main] INFO  org.tinygroup.fileresolver.impl.AbstractFileProcessor  - 国际化资源配置文件[D:\git\tiny\framework\org.tinygroup.event\target\classes\i18n\cepcore_zh_CN.properties]，加载完毕。
2014-05-07 15:09:23,960 -2836 [main] INFO  org.tinygroup.fileresolver.impl.AbstractFileProcessor  - 找到国际化资源配置文件[D:\git\tiny\framework\org.tinygroup.vfs\target\classes\i18n\vfs_en_US.properties]，并开始加载...
2014-05-07 15:09:23,961 -2837 [main] INFO  org.tinygroup.fileresolver.impl.AbstractFileProcessor  - 国际化资源配置文件[D:\git\tiny\framework\org.tinygroup.vfs\target\classes\i18n\vfs_en_US.properties]，加载完毕。
2014-05-07 15:09:23,962 -2838 [main] INFO  org.tinygroup.fileresolver.impl.AbstractFileProcessor  - 找到国际化资源配置文件[D:\git\tiny\db\org.tinygroup.tinydb\target\classes\i18n\tinydb_zh_CN.properties]，并开始加载...
2014-05-07 15:09:23,963 -2839 [main] INFO  org.tinygroup.fileresolver.impl.AbstractFileProcessor  - 国际化资源配置文件[D:\git\tiny\db\org.tinygroup.tinydb\target\classes\i18n\tinydb_zh_CN.properties]，加载完毕。
2014-05-07 15:09:23,964 -2840 [main] INFO  org.tinygroup.fileresolver.impl.AbstractFileProcessor  - 找到国际化资源配置文件[D:\git\tiny\framework\org.tinygroup.flow\target\classes\i18n\flow_zh_CN.properties]，并开始加载...
2014-05-07 15:09:23,964 -2840 [main] INFO  org.tinygroup.fileresolver.impl.AbstractFileProcessor  - 国际化资源配置文件[D:\git\tiny\framework\org.tinygroup.flow\target\classes\i18n\flow_zh_CN.properties]，加载完毕。
2014-05-07 15:09:23,965 -2841 [main] INFO  org.tinygroup.fileresolver.impl.AbstractFileProcessor  - 找到XStream配置文件[D:\git\tiny\framework\org.tinygroup.annotation\target\classes\annotation.xstream.xml]，并开始加载...
2014-05-07 15:09:24,008 -2884 [main] INFO  org.tinygroup.fileresolver.impl.AbstractFileProcessor  - XStream配置文件[D:\git\tiny\framework\org.tinygroup.annotation\target\classes\annotation.xstream.xml]，加载完毕。
2014-05-07 15:09:24,008 -2884 [main] INFO  org.tinygroup.fileresolver.impl.AbstractFileProcessor  - 找到XStream配置文件[D:\git\tiny\framework\org.tinygroup.event\target\classes\event.xstream.xml]，并开始加载...
2014-05-07 15:09:24,017 -2893 [main] INFO  org.tinygroup.fileresolver.impl.AbstractFileProcessor  - XStream配置文件[D:\git\tiny\framework\org.tinygroup.event\target\classes\event.xstream.xml]，加载完毕。
2014-05-07 15:09:24,018 -2894 [main] INFO  org.tinygroup.fileresolver.impl.AbstractFileProcessor  - 找到XStream配置文件[D:\git\tiny\db\org.tinygroup.database\target\classes\Database.xstream.xml]，并开始加载...
2014-05-07 15:09:24,041 -2917 [main] INFO  org.tinygroup.fileresolver.impl.AbstractFileProcessor  - XStream配置文件[D:\git\tiny\db\org.tinygroup.database\target\classes\Database.xstream.xml]，加载完毕。
2014-05-07 15:09:24,041 -2917 [main] INFO  org.tinygroup.fileresolver.impl.AbstractFileProcessor  - 找到XStream配置文件[D:\git\tiny\db\org.tinygroup.database\target\classes\InitData.xstream.xml]，并开始加载...
2014-05-07 15:09:24,066 -2942 [main] INFO  org.tinygroup.fileresolver.impl.AbstractFileProcessor  - XStream配置文件[D:\git\tiny\db\org.tinygroup.database\target\classes\InitData.xstream.xml]，加载完毕。
2014-05-07 15:09:24,066 -2942 [main] INFO  org.tinygroup.fileresolver.impl.AbstractFileProcessor  - 找到XStream配置文件[D:\git\tiny\db\org.tinygroup.database\target\classes\Processor.xstream.xml]，并开始加载...
2014-05-07 15:09:24,074 -2950 [main] INFO  org.tinygroup.fileresolver.impl.AbstractFileProcessor  - XStream配置文件[D:\git\tiny\db\org.tinygroup.database\target\classes\Processor.xstream.xml]，加载完毕。
2014-05-07 15:09:24,074 -2950 [main] INFO  org.tinygroup.fileresolver.impl.AbstractFileProcessor  - 找到XStream配置文件[D:\git\tiny\db\org.tinygroup.database\target\classes\View.xstream.xml]，并开始加载...
2014-05-07 15:09:24,090 -2966 [main] INFO  org.tinygroup.fileresolver.impl.AbstractFileProcessor  - XStream配置文件[D:\git\tiny\db\org.tinygroup.database\target\classes\View.xstream.xml]，加载完毕。
2014-05-07 15:09:24,091 -2967 [main] INFO  org.tinygroup.fileresolver.impl.AbstractFileProcessor  - 找到XStream配置文件[D:\git\tiny\db\org.tinygroup.tinydb\target\classes\tinydb.xstream.xml]，并开始加载...
2014-05-07 15:09:24,096 -2972 [main] INFO  org.tinygroup.fileresolver.impl.AbstractFileProcessor  - XStream配置文件[D:\git\tiny\db\org.tinygroup.tinydb\target\classes\tinydb.xstream.xml]，加载完毕。
2014-05-07 15:09:24,097 -2973 [main] INFO  org.tinygroup.fileresolver.impl.AbstractFileProcessor  - 找到XStream配置文件[D:\git\tiny\framework\org.tinygroup.flow\target\classes\flow.xstream.xml]，并开始加载...
2014-05-07 15:09:24,109 -2985 [main] INFO  org.tinygroup.fileresolver.impl.AbstractFileProcessor  - XStream配置文件[D:\git\tiny\framework\org.tinygroup.flow\target\classes\flow.xstream.xml]，加载完毕。
2014-05-07 15:09:24,109 -2985 [main] INFO  org.tinygroup.fileresolver.impl.AbstractFileProcessor  - 找到XStream配置文件[D:\git\tiny\framework\org.tinygroup.context2object\target\classes\context2object.xstream.xml]，并开始加载...
2014-05-07 15:09:24,115 -2991 [main] INFO  org.tinygroup.fileresolver.impl.AbstractFileProcessor  - XStream配置文件[D:\git\tiny\framework\org.tinygroup.context2object\target\classes\context2object.xstream.xml]，加载完毕。
2014-05-07 15:09:24,115 -2991 [main] INFO  org.tinygroup.fileresolver.impl.AbstractFileProcessor  - 找到XStream配置文件[D:\git\tiny\db\org.tinygroup.metadata\target\classes\metadata.xstream.xml]，并开始加载...
2014-05-07 15:09:24,135 -3011 [main] INFO  org.tinygroup.fileresolver.impl.AbstractFileProcessor  - XStream配置文件[D:\git\tiny\db\org.tinygroup.metadata\target\classes\metadata.xstream.xml]，加载完毕。
2014-05-07 15:09:24,149 -3025 [main] INFO  org.tinygroup.fileresolver.impl.AbstractFileProcessor  - 正在读取逻辑组件fc文件[D:\git\tiny\fc\org.tinygroup.tinydbflowcomponent\target\classes\flowbasiccomponent.fc.xml]
2014-05-07 15:09:24,158 -3034 [main] INFO  org.tinygroup.flow.containers.ComponentContainers  - 添加组件Component[name:tinydbAddService,bean:tinydbAddService]
2014-05-07 15:09:24,158 -3034 [main] INFO  org.tinygroup.flow.containers.ComponentContainers  - 添加组件Component[name:tinydbUpdateService,bean:tinydbUpdateService]
2014-05-07 15:09:24,158 -3034 [main] INFO  org.tinygroup.flow.containers.ComponentContainers  - 添加组件Component[name:tinydbDeleteService,bean:tinydbDeleteService]
2014-05-07 15:09:24,158 -3034 [main] INFO  org.tinygroup.flow.containers.ComponentContainers  - 添加组件Component[name:tinydbQueryService,bean:tinydbQueryService]
2014-05-07 15:09:24,158 -3034 [main] INFO  org.tinygroup.flow.containers.ComponentContainers  - 添加组件Component[name:tinydbQueryServiceWithId,bean:tinydbQueryServiceWithId]
2014-05-07 15:09:24,158 -3034 [main] INFO  org.tinygroup.fileresolver.impl.AbstractFileProcessor  - 读取逻辑组件fc文件[D:\git\tiny\fc\org.tinygroup.tinydbflowcomponent\target\classes\flowbasiccomponent.fc.xml]结束
2014-05-07 15:09:24,159 -3035 [main] INFO  org.tinygroup.fileresolver.impl.AbstractFileProcessor  - 正在读取逻辑流程flow文件[D:\git\tiny\fc\org.tinygroup.tinydbflowcomponent\target\test-classes\addservice.flow.xml]
2014-05-07 15:09:24,162 -3038 [main] INFO  org.tinygroup.flow.impl.FlowExecutorImpl  - 添加flow:[id:addService]
2014-05-07 15:09:24,162 -3038 [main] INFO  org.tinygroup.flow.impl.FlowExecutorImpl  - 添加flow:[Name:addService]
2014-05-07 15:09:24,162 -3038 [main] INFO  org.tinygroup.fileresolver.impl.AbstractFileProcessor  - 读取逻辑流程flow文件[D:\git\tiny\fc\org.tinygroup.tinydbflowcomponent\target\test-classes\addservice.flow.xml]结束
2014-05-07 15:09:24,162 -3038 [main] INFO  org.tinygroup.fileresolver.impl.AbstractFileProcessor  - 正在读取逻辑流程flow文件[D:\git\tiny\fc\org.tinygroup.tinydbflowcomponent\target\test-classes\deleteservice.flow.xml]
2014-05-07 15:09:24,164 -3040 [main] INFO  org.tinygroup.flow.impl.FlowExecutorImpl  - 添加flow:[id:deleteService]
2014-05-07 15:09:24,164 -3040 [main] INFO  org.tinygroup.flow.impl.FlowExecutorImpl  - 添加flow:[Name:deleteService]
2014-05-07 15:09:24,164 -3040 [main] INFO  org.tinygroup.fileresolver.impl.AbstractFileProcessor  - 读取逻辑流程flow文件[D:\git\tiny\fc\org.tinygroup.tinydbflowcomponent\target\test-classes\deleteservice.flow.xml]结束
2014-05-07 15:09:24,165 -3041 [main] INFO  org.tinygroup.fileresolver.impl.AbstractFileProcessor  - 正在读取逻辑流程flow文件[D:\git\tiny\fc\org.tinygroup.tinydbflowcomponent\target\test-classes\queryservice.flow.xml]
2014-05-07 15:09:24,166 -3042 [main] INFO  org.tinygroup.flow.impl.FlowExecutorImpl  - 添加flow:[id:queryService]
2014-05-07 15:09:24,166 -3042 [main] INFO  org.tinygroup.flow.impl.FlowExecutorImpl  - 添加flow:[Name:queryService]
2014-05-07 15:09:24,166 -3042 [main] INFO  org.tinygroup.fileresolver.impl.AbstractFileProcessor  - 读取逻辑流程flow文件[D:\git\tiny\fc\org.tinygroup.tinydbflowcomponent\target\test-classes\queryservice.flow.xml]结束
2014-05-07 15:09:24,166 -3042 [main] INFO  org.tinygroup.fileresolver.impl.AbstractFileProcessor  - 正在读取逻辑流程flow文件[D:\git\tiny\fc\org.tinygroup.tinydbflowcomponent\target\test-classes\querywithidservice.flow.xml]
2014-05-07 15:09:24,168 -3044 [main] INFO  org.tinygroup.flow.impl.FlowExecutorImpl  - 添加flow:[id:queryWithIdService]
2014-05-07 15:09:24,168 -3044 [main] INFO  org.tinygroup.flow.impl.FlowExecutorImpl  - 添加flow:[Name:queryWithIdService]
2014-05-07 15:09:24,168 -3044 [main] INFO  org.tinygroup.fileresolver.impl.AbstractFileProcessor  - 读取逻辑流程flow文件[D:\git\tiny\fc\org.tinygroup.tinydbflowcomponent\target\test-classes\querywithidservice.flow.xml]结束
2014-05-07 15:09:24,168 -3044 [main] INFO  org.tinygroup.fileresolver.impl.AbstractFileProcessor  - 正在读取逻辑流程flow文件[D:\git\tiny\fc\org.tinygroup.tinydbflowcomponent\target\test-classes\updateservice.flow.xml]
2014-05-07 15:09:24,170 -3046 [main] INFO  org.tinygroup.flow.impl.FlowExecutorImpl  - 添加flow:[id:updateService]
2014-05-07 15:09:24,170 -3046 [main] INFO  org.tinygroup.flow.impl.FlowExecutorImpl  - 添加flow:[Name:updateService]
2014-05-07 15:09:24,170 -3046 [main] INFO  org.tinygroup.fileresolver.impl.AbstractFileProcessor  - 读取逻辑流程flow文件[D:\git\tiny\fc\org.tinygroup.tinydbflowcomponent\target\test-classes\updateservice.flow.xml]结束
2014-05-07 15:09:24,171 -3047 [main] INFO  org.tinygroup.fileresolver.impl.AbstractFileProcessor  - 正在读取页面组件pagefc文件[D:\git\tiny\fc\org.tinygroup.tinydbflowcomponent\target\classes\flowbasiccomponent.pagefc.xml]
2014-05-07 15:09:24,176 -3052 [main] INFO  org.tinygroup.flow.containers.ComponentContainers  - 添加组件Component[name:tinydbAddService,bean:tinydbAddService]
2014-05-07 15:09:24,176 -3052 [main] INFO  org.tinygroup.flow.containers.ComponentContainers  - 添加组件Component[name:tinydbUpdateService,bean:tinydbUpdateService]
2014-05-07 15:09:24,176 -3052 [main] INFO  org.tinygroup.flow.containers.ComponentContainers  - 添加组件Component[name:tinydbDeleteService,bean:tinydbDeleteService]
2014-05-07 15:09:24,176 -3052 [main] INFO  org.tinygroup.flow.containers.ComponentContainers  - 添加组件Component[name:tinydbQueryService,bean:tinydbQueryService]
2014-05-07 15:09:24,176 -3052 [main] INFO  org.tinygroup.flow.containers.ComponentContainers  - 添加组件Component[name:tinydbQueryServiceWithId,bean:tinydbQueryServiceWithId]
2014-05-07 15:09:24,176 -3052 [main] INFO  org.tinygroup.fileresolver.impl.AbstractFileProcessor  - 读取页面组件pagefc文件[D:\git\tiny\fc\org.tinygroup.tinydbflowcomponent\target\classes\flowbasiccomponent.pagefc.xml]结束
2014-05-07 15:09:24,177 -3053 [main] INFO  org.tinygroup.fileresolver.impl.FileResolverImpl  - 全路径扫描完成。
2014-05-07 15:09:24,177 -3053 [main] INFO  org.tinygroup.application.impl.ApplicationDefault  - 应用处理器class org.tinygroup.fileresolver.applicationprocessor.FileResolverProcessor启动完毕。
2014-05-07 15:09:27,632 -6508 [main] INFO  org.tinygroup.tinydb.impl.BeanManagerImpl  - 开始扫描schema中的所有表信息
2014-05-07 15:09:27,633 -6509 [main] INFO  org.tinygroup.tinydb.impl.BeanManagerImpl  - 开始扫描schema：opensource
2014-05-07 15:09:27,807 -6683 [main] INFO  org.tinygroup.tinydb.impl.BeanManagerImpl  - 扫描schema结束：opensource
2014-05-07 15:09:27,807 -6683 [main] INFO  org.tinygroup.tinydb.impl.BeanManagerImpl  - 扫描schema中的所有表信息结束
2014-05-07 15:09:27,808 -6684 [main] INFO  org.tinygroup.tinydb.impl.BeanManagerImpl  - 开始获取表格:animal信息
2014-05-07 15:09:27,844 -6720 [main] INFO  org.tinygroup.tinydb.impl.BeanManagerImpl  - 获取表格:animal信息完成
2014-05-07 15:09:27,844 -6720 [main] INFO  org.tinygroup.tinydb.impl.BeanManagerImpl  - 开始获取表格:incrementer信息
2014-05-07 15:09:27,852 -6728 [main] INFO  org.tinygroup.tinydb.impl.BeanManagerImpl  - 获取表格:incrementer信息完成
