2014-05-24 09:12:50,202 -0    [main] INFO  org.tinygroup.fileresolver.impl.FileResolverImpl  - 正在进行全路径扫描....
2014-05-24 09:12:50,211 -9    [main] INFO  org.tinygroup.fileresolver.impl.FileResolverImpl  - 查找WEB-INF/classes路径开始...
2014-05-24 09:12:50,212 -10   [main] INFO  org.tinygroup.fileresolver.impl.FileResolverImpl  - WEB-INF/classes路径是:file:/D:/git/tiny/framework/org.tinygroup.bundle/target/test-classes/
2014-05-24 09:12:50,212 -10   [main] INFO  org.tinygroup.fileresolver.impl.FileResolverImpl  - WEB-INF/lib路径是:file:/D:/git/tiny/framework/org.tinygroup.bundle/target/test-classes/
2014-05-24 09:12:50,212 -10   [main] INFO  org.tinygroup.fileresolver.impl.FileResolverImpl  - 查找WEB-INF/classes路径完成。
2014-05-24 09:12:50,213 -11   [main] WARN  org.tinygroup.fileresolver.impl.FileResolverImpl  - WEBROOT变量找不到
2014-05-24 09:12:50,213 -11   [main] INFO  org.tinygroup.fileresolver.impl.FileResolverImpl  - 查找Web工程中的jar文件列表开始...
2014-05-24 09:12:50,240 -38   [main] INFO  org.tinygroup.fileresolver.impl.FileResolverImpl  - 查找Web工程中的jar文件列表完成。
2014-05-24 09:12:50,249 -47   [file-resolver-threads-file-processor-thread-0] INFO  org.tinygroup.fileresolver.impl.FileResolverImpl  - 正在扫描路径[D:\git\tiny\framework\org.tinygroup.parser\target\classes]...
2014-05-24 09:12:50,253 -51   [file-resolver-threads-file-processor-thread-0] INFO  org.tinygroup.fileresolver.impl.FileResolverImpl  - 路径[D:\git\tiny\framework\org.tinygroup.parser\target\classes]扫描完成。
2014-05-24 09:12:50,253 -51   [file-resolver-threads-file-processor-thread-0] INFO  org.tinygroup.fileresolver.impl.FileResolverImpl  - 正在扫描路径[D:\git\tiny\framework\org.tinygroup.springutil\target\classes]...
2014-05-24 09:12:50,255 -53   [file-resolver-threads-file-processor-thread-0] INFO  org.tinygroup.fileresolver.impl.FileResolverImpl  - 路径[D:\git\tiny\framework\org.tinygroup.springutil\target\classes]扫描完成。
2014-05-24 09:12:50,255 -53   [file-resolver-threads-file-processor-thread-0] INFO  org.tinygroup.fileresolver.impl.FileResolverImpl  - 正在扫描路径[D:\git\tiny\framework\org.tinygroup.order\target\classes]...
2014-05-24 09:12:50,257 -55   [file-resolver-threads-file-processor-thread-0] INFO  org.tinygroup.fileresolver.impl.FileResolverImpl  - 路径[D:\git\tiny\framework\org.tinygroup.order\target\classes]扫描完成。
2014-05-24 09:12:50,258 -56   [file-resolver-threads-file-processor-thread-0] INFO  org.tinygroup.fileresolver.impl.FileResolverImpl  - 正在扫描路径[D:\git\tiny\framework\org.tinygroup.binarytree\target\classes]...
2014-05-24 09:12:50,259 -57   [file-resolver-threads-file-processor-thread-0] INFO  org.tinygroup.fileresolver.impl.FileResolverImpl  - 路径[D:\git\tiny\framework\org.tinygroup.binarytree\target\classes]扫描完成。
2014-05-24 09:12:50,260 -58   [file-resolver-threads-file-processor-thread-0] INFO  org.tinygroup.fileresolver.impl.FileResolverImpl  - 正在扫描路径[D:\git\tiny\framework\org.tinygroup.logger\target\classes]...
2014-05-24 09:12:50,261 -59   [file-resolver-threads-file-processor-thread-0] INFO  org.tinygroup.fileresolver.impl.FileResolverImpl  - 路径[D:\git\tiny\framework\org.tinygroup.logger\target\classes]扫描完成。
2014-05-24 09:12:50,262 -60   [file-resolver-threads-file-processor-thread-0] INFO  org.tinygroup.fileresolver.impl.FileResolverImpl  - 正在扫描路径[D:\git\tiny\framework\org.tinygroup.commons\target\classes]...
2014-05-24 09:12:50,271 -69   [file-resolver-threads-file-processor-thread-0] INFO  org.tinygroup.fileresolver.impl.FileResolverImpl  - 路径[D:\git\tiny\framework\org.tinygroup.commons\target\classes]扫描完成。
2014-05-24 09:12:50,271 -69   [file-resolver-threads-file-processor-thread-0] INFO  org.tinygroup.fileresolver.impl.FileResolverImpl  - 正在扫描路径[D:\git\tiny\framework\org.tinygroup.threadgroup\target\classes]...
2014-05-24 09:12:50,272 -70   [file-resolver-threads-file-processor-thread-0] INFO  org.tinygroup.fileresolver.impl.FileResolverImpl  - 路径[D:\git\tiny\framework\org.tinygroup.threadgroup\target\classes]扫描完成。
2014-05-24 09:12:50,273 -71   [file-resolver-threads-file-processor-thread-0] INFO  org.tinygroup.fileresolver.impl.FileResolverImpl  - 正在扫描路径[D:\git\tiny\framework\org.tinygroup.bundle\target\classes]...
2014-05-24 09:12:50,276 -74   [file-resolver-threads-file-processor-thread-0] INFO  org.tinygroup.fileresolver.impl.FileResolverImpl  - 路径[D:\git\tiny\framework\org.tinygroup.bundle\target\classes]扫描完成。
2014-05-24 09:12:50,276 -74   [file-resolver-threads-file-processor-thread-0] INFO  org.tinygroup.fileresolver.impl.FileResolverImpl  - 正在扫描路径[D:\git\tiny\framework\org.tinygroup.xmlparser\target\classes]...
2014-05-24 09:12:50,278 -76   [file-resolver-threads-file-processor-thread-0] INFO  org.tinygroup.fileresolver.impl.FileResolverImpl  - 路径[D:\git\tiny\framework\org.tinygroup.xmlparser\target\classes]扫描完成。
2014-05-24 09:12:50,278 -76   [file-resolver-threads-file-processor-thread-0] INFO  org.tinygroup.fileresolver.impl.FileResolverImpl  - 正在扫描路径[D:\git\tiny\framework\org.tinygroup.xstream\target\classes]...
2014-05-24 09:12:50,280 -78   [file-resolver-threads-file-processor-thread-0] INFO  org.tinygroup.fileresolver.impl.FileResolverImpl  - 路径[D:\git\tiny\framework\org.tinygroup.xstream\target\classes]扫描完成。
2014-05-24 09:12:50,280 -78   [file-resolver-threads-file-processor-thread-0] INFO  org.tinygroup.fileresolver.impl.FileResolverImpl  - 正在扫描路径[D:\git\tiny\framework\org.tinygroup.fileresolver\target\classes]...
2014-05-24 09:12:50,283 -81   [file-resolver-threads-file-processor-thread-0] INFO  org.tinygroup.fileresolver.impl.FileResolverImpl  - 路径[D:\git\tiny\framework\org.tinygroup.fileresolver\target\classes]扫描完成。
2014-05-24 09:12:50,283 -81   [file-resolver-threads-file-processor-thread-0] INFO  org.tinygroup.fileresolver.impl.FileResolverImpl  - 正在扫描路径[D:\git\tiny\framework\org.tinygroup.formater\target\classes]...
2014-05-24 09:12:50,285 -83   [file-resolver-threads-file-processor-thread-0] INFO  org.tinygroup.fileresolver.impl.FileResolverImpl  - 路径[D:\git\tiny\framework\org.tinygroup.formater\target\classes]扫描完成。
2014-05-24 09:12:50,286 -84   [file-resolver-threads-file-processor-thread-0] INFO  org.tinygroup.fileresolver.impl.FileResolverImpl  - 正在扫描路径[D:\git\tiny\framework\org.tinygroup.application\target\classes]...
2014-05-24 09:12:50,286 -84   [file-resolver-threads-file-processor-thread-0] INFO  org.tinygroup.fileresolver.impl.FileResolverImpl  - 路径[D:\git\tiny\framework\org.tinygroup.application\target\classes]扫描完成。
2014-05-24 09:12:50,287 -85   [file-resolver-threads-file-processor-thread-0] INFO  org.tinygroup.fileresolver.impl.FileResolverImpl  - 正在扫描路径[D:\git\tiny\framework\org.tinygroup.config\target\classes]...
2014-05-24 09:12:50,288 -86   [file-resolver-threads-file-processor-thread-0] INFO  org.tinygroup.fileresolver.impl.FileResolverImpl  - 路径[D:\git\tiny\framework\org.tinygroup.config\target\classes]扫描完成。
2014-05-24 09:12:50,288 -86   [file-resolver-threads-file-processor-thread-0] INFO  org.tinygroup.fileresolver.impl.FileResolverImpl  - 正在扫描路径[D:\git\tiny\framework\org.tinygroup.exception\target\classes]...
2014-05-24 09:12:50,289 -87   [file-resolver-threads-file-processor-thread-0] INFO  org.tinygroup.fileresolver.impl.FileResolverImpl  - 路径[D:\git\tiny\framework\org.tinygroup.exception\target\classes]扫描完成。
2014-05-24 09:12:50,289 -87   [file-resolver-threads-file-processor-thread-0] INFO  org.tinygroup.fileresolver.impl.FileResolverImpl  - 正在扫描路径[D:\git\tiny\framework\org.tinygroup.i18n\target\classes]...
2014-05-24 09:12:50,291 -89   [file-resolver-threads-file-processor-thread-0] INFO  org.tinygroup.fileresolver.impl.FileResolverImpl  - 路径[D:\git\tiny\framework\org.tinygroup.i18n\target\classes]扫描完成。
2014-05-24 09:12:50,292 -90   [file-resolver-threads-file-processor-thread-0] INFO  org.tinygroup.fileresolver.impl.FileResolverImpl  - 正在扫描路径[D:\git\tiny\framework\org.tinygroup.bundle\target\test-classes]...
2014-05-24 09:12:50,312 -110  [file-resolver-threads-file-processor-thread-0] INFO  org.tinygroup.fileresolver.impl.FileResolverImpl  - 路径[D:\git\tiny\framework\org.tinygroup.bundle\target\test-classes]扫描完成。
2014-05-24 09:12:50,313 -111  [file-resolver-threads-file-processor-thread-0] INFO  org.tinygroup.fileresolver.impl.FileResolverImpl  - 正在扫描路径[D:\git\tiny\framework\org.tinygroup.vfs\target\classes]...
2014-05-24 09:12:50,315 -113  [file-resolver-threads-file-processor-thread-0] INFO  org.tinygroup.fileresolver.impl.FileResolverImpl  - 路径[D:\git\tiny\framework\org.tinygroup.vfs\target\classes]扫描完成。
2014-05-24 09:12:50,315 -113  [file-resolver-threads-file-processor-thread-0] INFO  org.tinygroup.fileresolver.impl.FileResolverImpl  - 正在扫描路径[D:\git\tiny\framework\org.tinygroup.context\target\classes]...
2014-05-24 09:12:50,317 -115  [file-resolver-threads-file-processor-thread-0] INFO  org.tinygroup.fileresolver.impl.FileResolverImpl  - 路径[D:\git\tiny\framework\org.tinygroup.context\target\classes]扫描完成。
2014-05-24 09:12:50,318 -116  [file-resolver-threads-file-processor-thread-0] INFO  org.tinygroup.fileresolver.impl.FileResolverImpl  - 正在扫描路径[D:\git\tiny\framework\org.tinygroup.testutil\target\classes]...
2014-05-24 09:12:50,319 -117  [file-resolver-threads-file-processor-thread-0] INFO  org.tinygroup.fileresolver.impl.FileResolverImpl  - 路径[D:\git\tiny\framework\org.tinygroup.testutil\target\classes]扫描完成。
2014-05-24 09:12:50,319 -117  [main] INFO  org.tinygroup.fileresolver.impl.MultiThreadFileProcessor  - 线程组:<file-resolver-threads>执行时间：71
2014-05-24 09:12:50,366 -164  [main] INFO  org.tinygroup.springutil.SpringUtil  - 添加Spring配置文件:file:D:/git/tiny/framework/org.tinygroup.order/target/classes/order.beans.xml
2014-05-24 09:12:50,366 -164  [main] INFO  org.tinygroup.springutil.SpringUtil  - 添加Spring配置文件:file:D:/git/tiny/framework/org.tinygroup.binarytree/target/classes/binarytree.beans.xml
2014-05-24 09:12:50,366 -164  [main] INFO  org.tinygroup.springutil.SpringUtil  - 添加Spring配置文件:file:D:/git/tiny/framework/org.tinygroup.bundle/target/classes/bundle.beans.xml
2014-05-24 09:12:50,367 -165  [main] INFO  org.tinygroup.springutil.SpringUtil  - 添加Spring配置文件:file:D:/git/tiny/framework/org.tinygroup.xstream/target/classes/xstream.beans.xml
2014-05-24 09:12:50,367 -165  [main] INFO  org.tinygroup.springutil.SpringUtil  - 添加Spring配置文件:file:D:/git/tiny/framework/org.tinygroup.fileresolver/target/classes/fileresolver.beans.xml
2014-05-24 09:12:50,367 -165  [main] INFO  org.tinygroup.springutil.SpringUtil  - 添加Spring配置文件:file:D:/git/tiny/framework/org.tinygroup.exception/target/classes/exception.beans.xml
2014-05-24 09:12:50,368 -166  [main] INFO  org.tinygroup.springutil.SpringUtil  - 添加Spring配置文件:file:D:/git/tiny/framework/org.tinygroup.bundle/target/test-classes/Application.springbeans.xml
2014-05-24 09:12:50,369 -167  [main] INFO  org.springframework.context.support.FileSystemXmlApplicationContext  - Refreshing org.springframework.context.support.FileSystemXmlApplicationContext@c876cb0: display name [org.springframework.context.support.FileSystemXmlApplicationContext@c876cb0]; startup date [Sat May 24 09:12:50 CST 2014]; root of context hierarchy
2014-05-24 09:12:50,422 -220  [main] INFO  org.springframework.beans.factory.xml.XmlBeanDefinitionReader  - Loading XML bean definitions from URL [file:D:/git/tiny/framework/org.tinygroup.order/target/classes/order.beans.xml]
2014-05-24 09:12:50,544 -342  [main] INFO  org.springframework.beans.factory.xml.XmlBeanDefinitionReader  - Loading XML bean definitions from URL [file:D:/git/tiny/framework/org.tinygroup.binarytree/target/classes/binarytree.beans.xml]
2014-05-24 09:12:50,572 -370  [main] INFO  org.springframework.beans.factory.xml.XmlBeanDefinitionReader  - Loading XML bean definitions from URL [file:D:/git/tiny/framework/org.tinygroup.bundle/target/classes/bundle.beans.xml]
2014-05-24 09:12:50,614 -412  [main] INFO  org.springframework.beans.factory.xml.XmlBeanDefinitionReader  - Loading XML bean definitions from URL [file:D:/git/tiny/framework/org.tinygroup.xstream/target/classes/xstream.beans.xml]
2014-05-24 09:12:50,637 -435  [main] INFO  org.springframework.beans.factory.xml.XmlBeanDefinitionReader  - Loading XML bean definitions from URL [file:D:/git/tiny/framework/org.tinygroup.fileresolver/target/classes/fileresolver.beans.xml]
2014-05-24 09:12:50,662 -460  [main] INFO  org.springframework.beans.factory.xml.XmlBeanDefinitionReader  - Loading XML bean definitions from URL [file:D:/git/tiny/framework/org.tinygroup.exception/target/classes/exception.beans.xml]
2014-05-24 09:12:50,682 -480  [main] INFO  org.springframework.beans.factory.xml.XmlBeanDefinitionReader  - Loading XML bean definitions from URL [file:D:/git/tiny/framework/org.tinygroup.bundle/target/test-classes/Application.springbeans.xml]
2014-05-24 09:12:50,708 -506  [main] INFO  org.springframework.context.support.FileSystemXmlApplicationContext  - Bean factory for application context [org.springframework.context.support.FileSystemXmlApplicationContext@c876cb0]: org.springframework.beans.factory.support.DefaultListableBeanFactory@21546f3
2014-05-24 09:12:50,741 -539  [main] INFO  org.springframework.beans.factory.support.DefaultListableBeanFactory  - Pre-instantiating singletons in org.springframework.beans.factory.support.DefaultListableBeanFactory@21546f3: defining beans [orderProcessor,avlTreeImpl,bundleFileProcessor,bundleManager,fullContextFileRepository,fullContextFileFinder,i18nFileProcessor,xStreamFileProcessor,orderFileProcessor,springBeansFileProcessor,configurationFileProcessor,fileMonitorProcessor,fileResolver,fileResolverProcessor]; root of factory hierarchy
2014-05-24 09:12:50,845 -643  [main] INFO  org.tinygroup.fileresolver.impl.AbstractFileProcessor  - 开始读取组件配置文件:filefind.config.xml
2014-05-24 09:12:50,848 -646  [main] INFO  org.tinygroup.fileresolver.impl.AbstractFileProcessor  - 读取组件配置文件:filefind.config.xml完成
2014-05-24 09:12:50,849 -647  [main] INFO  org.tinygroup.fileresolver.impl.AbstractFileProcessor  - 开始读取组件配置文件:filemonitor.config.xml
2014-05-24 09:12:50,850 -648  [main] INFO  org.tinygroup.fileresolver.impl.AbstractFileProcessor  - 读取组件配置文件:filemonitor.config.xml完成
2014-05-24 09:12:50,851 -649  [main] INFO  org.tinygroup.fileresolver.impl.AbstractFileProcessor  - 开始读取组件配置文件:fileresolver.config.xml
2014-05-24 09:12:50,852 -650  [main] INFO  org.tinygroup.fileresolver.impl.AbstractFileProcessor  - 读取组件配置文件:fileresolver.config.xml完成
2014-05-24 09:12:50,909 -707  [main] INFO  org.tinygroup.config.impl.ConfigurationManagerImpl  - 正在分发应用配置信息...
2014-05-24 09:12:50,911 -709  [main] INFO  org.tinygroup.config.impl.ConfigurationManagerImpl  - 应用配置信息分发完毕
2014-05-24 09:12:50,911 -709  [main] INFO  org.tinygroup.fileresolver.impl.FileResolverImpl  - 全路径扫描完成。
2014-05-24 09:12:50,911 -709  [main] INFO  org.tinygroup.application.impl.ApplicationDefault  - 启动应用开始...
2014-05-24 09:12:50,911 -709  [main] INFO  org.tinygroup.application.impl.ApplicationDefault  - 应用处理器class org.tinygroup.fileresolver.applicationprocessor.FileResolverProcessor正在启动...
2014-05-24 09:12:50,912 -710  [main] INFO  org.tinygroup.fileresolver.impl.FileResolverImpl  - 正在进行全路径扫描....
2014-05-24 09:12:50,914 -712  [main] INFO  org.tinygroup.fileresolver.impl.FileResolverImpl  - 查找WEB-INF/classes路径开始...
2014-05-24 09:12:50,914 -712  [main] INFO  org.tinygroup.fileresolver.impl.FileResolverImpl  - WEB-INF/classes路径是:file:/D:/git/tiny/framework/org.tinygroup.bundle/target/test-classes/
2014-05-24 09:12:50,914 -712  [main] INFO  org.tinygroup.fileresolver.impl.FileResolverImpl  - WEB-INF/lib路径是:file:/D:/git/tiny/framework/org.tinygroup.bundle/target/test-classes/
2014-05-24 09:12:50,914 -712  [main] INFO  org.tinygroup.fileresolver.impl.FileResolverImpl  - 查找WEB-INF/classes路径完成。
2014-05-24 09:12:50,915 -713  [main] WARN  org.tinygroup.fileresolver.impl.FileResolverImpl  - WEBROOT变量找不到
2014-05-24 09:12:50,915 -713  [main] INFO  org.tinygroup.fileresolver.impl.FileResolverImpl  - 查找Web工程中的jar文件列表开始...
2014-05-24 09:12:50,934 -732  [main] INFO  org.tinygroup.fileresolver.impl.FileResolverImpl  - 查找Web工程中的jar文件列表完成。
2014-05-24 09:12:50,936 -734  [file-resolver-threads-file-processor-thread-0] INFO  org.tinygroup.fileresolver.impl.FileResolverImpl  - 正在扫描路径[D:\git\tiny\framework\org.tinygroup.parser\target\classes]...
2014-05-24 09:12:50,938 -736  [file-resolver-threads-file-processor-thread-0] INFO  org.tinygroup.fileresolver.impl.FileResolverImpl  - 路径[D:\git\tiny\framework\org.tinygroup.parser\target\classes]扫描完成。
2014-05-24 09:12:50,938 -736  [file-resolver-threads-file-processor-thread-0] INFO  org.tinygroup.fileresolver.impl.FileResolverImpl  - 正在扫描路径[D:\git\tiny\framework\org.tinygroup.springutil\target\classes]...
2014-05-24 09:12:50,940 -738  [file-resolver-threads-file-processor-thread-0] INFO  org.tinygroup.fileresolver.impl.FileResolverImpl  - 路径[D:\git\tiny\framework\org.tinygroup.springutil\target\classes]扫描完成。
2014-05-24 09:12:50,940 -738  [file-resolver-threads-file-processor-thread-0] INFO  org.tinygroup.fileresolver.impl.FileResolverImpl  - 正在扫描路径[D:\git\tiny\framework\org.tinygroup.order\target\classes]...
2014-05-24 09:12:50,942 -740  [file-resolver-threads-file-processor-thread-0] INFO  org.tinygroup.fileresolver.impl.FileResolverImpl  - 路径[D:\git\tiny\framework\org.tinygroup.order\target\classes]扫描完成。
2014-05-24 09:12:50,942 -740  [file-resolver-threads-file-processor-thread-0] INFO  org.tinygroup.fileresolver.impl.FileResolverImpl  - 正在扫描路径[D:\git\tiny\framework\org.tinygroup.binarytree\target\classes]...
2014-05-24 09:12:50,943 -741  [file-resolver-threads-file-processor-thread-0] INFO  org.tinygroup.fileresolver.impl.FileResolverImpl  - 路径[D:\git\tiny\framework\org.tinygroup.binarytree\target\classes]扫描完成。
2014-05-24 09:12:50,943 -741  [file-resolver-threads-file-processor-thread-0] INFO  org.tinygroup.fileresolver.impl.FileResolverImpl  - 正在扫描路径[D:\git\tiny\framework\org.tinygroup.logger\target\classes]...
2014-05-24 09:12:50,945 -743  [file-resolver-threads-file-processor-thread-0] INFO  org.tinygroup.fileresolver.impl.FileResolverImpl  - 路径[D:\git\tiny\framework\org.tinygroup.logger\target\classes]扫描完成。
2014-05-24 09:12:50,945 -743  [file-resolver-threads-file-processor-thread-0] INFO  org.tinygroup.fileresolver.impl.FileResolverImpl  - 正在扫描路径[D:\git\tiny\framework\org.tinygroup.commons\target\classes]...
2014-05-24 09:12:50,954 -752  [file-resolver-threads-file-processor-thread-0] INFO  org.tinygroup.fileresolver.impl.FileResolverImpl  - 路径[D:\git\tiny\framework\org.tinygroup.commons\target\classes]扫描完成。
2014-05-24 09:12:50,954 -752  [file-resolver-threads-file-processor-thread-0] INFO  org.tinygroup.fileresolver.impl.FileResolverImpl  - 正在扫描路径[D:\git\tiny\framework\org.tinygroup.threadgroup\target\classes]...
2014-05-24 09:12:50,955 -753  [file-resolver-threads-file-processor-thread-0] INFO  org.tinygroup.fileresolver.impl.FileResolverImpl  - 路径[D:\git\tiny\framework\org.tinygroup.threadgroup\target\classes]扫描完成。
2014-05-24 09:12:50,955 -753  [file-resolver-threads-file-processor-thread-0] INFO  org.tinygroup.fileresolver.impl.FileResolverImpl  - 正在扫描路径[D:\git\tiny\framework\org.tinygroup.bundle\target\classes]...
2014-05-24 09:12:50,957 -755  [file-resolver-threads-file-processor-thread-0] INFO  org.tinygroup.fileresolver.impl.FileResolverImpl  - 路径[D:\git\tiny\framework\org.tinygroup.bundle\target\classes]扫描完成。
2014-05-24 09:12:50,957 -755  [file-resolver-threads-file-processor-thread-0] INFO  org.tinygroup.fileresolver.impl.FileResolverImpl  - 正在扫描路径[D:\git\tiny\framework\org.tinygroup.xmlparser\target\classes]...
2014-05-24 09:12:50,959 -757  [file-resolver-threads-file-processor-thread-0] INFO  org.tinygroup.fileresolver.impl.FileResolverImpl  - 路径[D:\git\tiny\framework\org.tinygroup.xmlparser\target\classes]扫描完成。
2014-05-24 09:12:50,959 -757  [file-resolver-threads-file-processor-thread-0] INFO  org.tinygroup.fileresolver.impl.FileResolverImpl  - 正在扫描路径[D:\git\tiny\framework\org.tinygroup.xstream\target\classes]...
2014-05-24 09:12:50,960 -758  [file-resolver-threads-file-processor-thread-0] INFO  org.tinygroup.fileresolver.impl.FileResolverImpl  - 路径[D:\git\tiny\framework\org.tinygroup.xstream\target\classes]扫描完成。
2014-05-24 09:12:50,960 -758  [file-resolver-threads-file-processor-thread-0] INFO  org.tinygroup.fileresolver.impl.FileResolverImpl  - 正在扫描路径[D:\git\tiny\framework\org.tinygroup.fileresolver\target\classes]...
2014-05-24 09:12:50,962 -760  [file-resolver-threads-file-processor-thread-0] INFO  org.tinygroup.fileresolver.impl.FileResolverImpl  - 路径[D:\git\tiny\framework\org.tinygroup.fileresolver\target\classes]扫描完成。
2014-05-24 09:12:50,963 -761  [file-resolver-threads-file-processor-thread-0] INFO  org.tinygroup.fileresolver.impl.FileResolverImpl  - 正在扫描路径[D:\git\tiny\framework\org.tinygroup.formater\target\classes]...
2014-05-24 09:12:50,965 -763  [file-resolver-threads-file-processor-thread-0] INFO  org.tinygroup.fileresolver.impl.FileResolverImpl  - 路径[D:\git\tiny\framework\org.tinygroup.formater\target\classes]扫描完成。
2014-05-24 09:12:50,965 -763  [file-resolver-threads-file-processor-thread-0] INFO  org.tinygroup.fileresolver.impl.FileResolverImpl  - 正在扫描路径[D:\git\tiny\framework\org.tinygroup.application\target\classes]...
2014-05-24 09:12:50,966 -764  [file-resolver-threads-file-processor-thread-0] INFO  org.tinygroup.fileresolver.impl.FileResolverImpl  - 路径[D:\git\tiny\framework\org.tinygroup.application\target\classes]扫描完成。
2014-05-24 09:12:50,966 -764  [file-resolver-threads-file-processor-thread-0] INFO  org.tinygroup.fileresolver.impl.FileResolverImpl  - 正在扫描路径[D:\git\tiny\framework\org.tinygroup.config\target\classes]...
2014-05-24 09:12:50,968 -766  [file-resolver-threads-file-processor-thread-0] INFO  org.tinygroup.fileresolver.impl.FileResolverImpl  - 路径[D:\git\tiny\framework\org.tinygroup.config\target\classes]扫描完成。
2014-05-24 09:12:50,968 -766  [file-resolver-threads-file-processor-thread-0] INFO  org.tinygroup.fileresolver.impl.FileResolverImpl  - 正在扫描路径[D:\git\tiny\framework\org.tinygroup.exception\target\classes]...
2014-05-24 09:12:50,969 -767  [file-resolver-threads-file-processor-thread-0] INFO  org.tinygroup.fileresolver.impl.FileResolverImpl  - 路径[D:\git\tiny\framework\org.tinygroup.exception\target\classes]扫描完成。
2014-05-24 09:12:50,970 -768  [file-resolver-threads-file-processor-thread-0] INFO  org.tinygroup.fileresolver.impl.FileResolverImpl  - 正在扫描路径[D:\git\tiny\framework\org.tinygroup.i18n\target\classes]...
2014-05-24 09:12:50,972 -770  [file-resolver-threads-file-processor-thread-0] INFO  org.tinygroup.fileresolver.impl.FileResolverImpl  - 路径[D:\git\tiny\framework\org.tinygroup.i18n\target\classes]扫描完成。
2014-05-24 09:12:50,972 -770  [file-resolver-threads-file-processor-thread-0] INFO  org.tinygroup.fileresolver.impl.FileResolverImpl  - 正在扫描路径[D:\git\tiny\framework\org.tinygroup.bundle\target\test-classes]...
2014-05-24 09:12:50,982 -780  [file-resolver-threads-file-processor-thread-0] INFO  org.tinygroup.fileresolver.impl.FileResolverImpl  - 路径[D:\git\tiny\framework\org.tinygroup.bundle\target\test-classes]扫描完成。
2014-05-24 09:12:50,982 -780  [file-resolver-threads-file-processor-thread-0] INFO  org.tinygroup.fileresolver.impl.FileResolverImpl  - 正在扫描路径[D:\git\tiny\framework\org.tinygroup.vfs\target\classes]...
2014-05-24 09:12:50,984 -782  [file-resolver-threads-file-processor-thread-0] INFO  org.tinygroup.fileresolver.impl.FileResolverImpl  - 路径[D:\git\tiny\framework\org.tinygroup.vfs\target\classes]扫描完成。
2014-05-24 09:12:50,984 -782  [file-resolver-threads-file-processor-thread-0] INFO  org.tinygroup.fileresolver.impl.FileResolverImpl  - 正在扫描路径[D:\git\tiny\framework\org.tinygroup.context\target\classes]...
2014-05-24 09:12:50,985 -783  [file-resolver-threads-file-processor-thread-0] INFO  org.tinygroup.fileresolver.impl.FileResolverImpl  - 路径[D:\git\tiny\framework\org.tinygroup.context\target\classes]扫描完成。
2014-05-24 09:12:50,986 -784  [file-resolver-threads-file-processor-thread-0] INFO  org.tinygroup.fileresolver.impl.FileResolverImpl  - 正在扫描路径[D:\git\tiny\framework\org.tinygroup.testutil\target\classes]...
2014-05-24 09:12:50,987 -785  [file-resolver-threads-file-processor-thread-0] INFO  org.tinygroup.fileresolver.impl.FileResolverImpl  - 路径[D:\git\tiny\framework\org.tinygroup.testutil\target\classes]扫描完成。
2014-05-24 09:12:50,987 -785  [main] INFO  org.tinygroup.fileresolver.impl.MultiThreadFileProcessor  - 线程组:<file-resolver-threads>执行时间：52
2014-05-24 09:12:50,987 -785  [main] INFO  org.tinygroup.fileresolver.impl.AbstractFileProcessor  - 找到国际化资源配置文件[D:\git\tiny\framework\org.tinygroup.bundle\target\classes\i18n\plugin_en_US.properties]，并开始加载...
2014-05-24 09:12:50,988 -786  [main] INFO  org.tinygroup.fileresolver.impl.AbstractFileProcessor  - 国际化资源配置文件[D:\git\tiny\framework\org.tinygroup.bundle\target\classes\i18n\plugin_en_US.properties]，加载完毕。
2014-05-24 09:12:50,988 -786  [main] INFO  org.tinygroup.fileresolver.impl.AbstractFileProcessor  - 找到国际化资源配置文件[D:\git\tiny\framework\org.tinygroup.bundle\target\classes\i18n\plugin_zh_CN.properties]，并开始加载...
2014-05-24 09:12:50,989 -787  [main] INFO  org.tinygroup.fileresolver.impl.AbstractFileProcessor  - 国际化资源配置文件[D:\git\tiny\framework\org.tinygroup.bundle\target\classes\i18n\plugin_zh_CN.properties]，加载完毕。
2014-05-24 09:12:50,989 -787  [main] INFO  org.tinygroup.fileresolver.impl.AbstractFileProcessor  - 找到国际化资源配置文件[D:\git\tiny\framework\org.tinygroup.vfs\target\classes\i18n\vfs_en_US.properties]，并开始加载...
2014-05-24 09:12:50,990 -788  [main] INFO  org.tinygroup.fileresolver.impl.AbstractFileProcessor  - 国际化资源配置文件[D:\git\tiny\framework\org.tinygroup.vfs\target\classes\i18n\vfs_en_US.properties]，加载完毕。
2014-05-24 09:12:50,990 -788  [main] INFO  org.tinygroup.fileresolver.impl.AbstractFileProcessor  - 找到XStream配置文件[D:\git\tiny\framework\org.tinygroup.bundle\target\classes\bundle.xstream.xml]，并开始加载...
2014-05-24 09:12:51,018 -816  [main] INFO  org.tinygroup.fileresolver.impl.AbstractFileProcessor  - XStream配置文件[D:\git\tiny\framework\org.tinygroup.bundle\target\classes\bundle.xstream.xml]，加载完毕。
2014-05-24 09:12:51,018 -816  [main] INFO  org.tinygroup.fileresolver.impl.AbstractFileProcessor  - 开始读取Bundle配置文件:test1.bundle.xml
2014-05-24 09:12:51,021 -819  [main] INFO  org.tinygroup.fileresolver.impl.AbstractFileProcessor  - 读取Bundle配置文件:test1.bundle.xml完成
2014-05-24 09:12:51,021 -819  [main] INFO  org.tinygroup.fileresolver.impl.AbstractFileProcessor  - 开始读取Bundle配置文件:test2.bundle.xml
2014-05-24 09:12:51,022 -820  [main] INFO  org.tinygroup.fileresolver.impl.AbstractFileProcessor  - 读取Bundle配置文件:test2.bundle.xml完成
2014-05-24 09:12:51,023 -821  [main] INFO  org.tinygroup.fileresolver.impl.AbstractFileProcessor  - 开始读取Bundle配置文件:test3.bundle.xml
2014-05-24 09:12:51,024 -822  [main] INFO  org.tinygroup.fileresolver.impl.AbstractFileProcessor  - 读取Bundle配置文件:test3.bundle.xml完成
2014-05-24 09:12:51,024 -822  [main] INFO  org.tinygroup.fileresolver.impl.FileResolverImpl  - 全路径扫描完成。
2014-05-24 09:12:51,025 -823  [main] INFO  org.tinygroup.application.impl.ApplicationDefault  - 应用处理器class org.tinygroup.fileresolver.applicationprocessor.FileResolverProcessor启动完毕。
2014-05-24 09:12:51,025 -823  [main] INFO  org.tinygroup.bundle.impl.BundleManagerDefault  - 开始停止所有Bundle
2014-05-24 09:12:51,026 -824  [main] INFO  org.tinygroup.bundle.impl.BundleManagerDefault  - 停止所有Bundle完毕
2014-05-24 09:12:51,026 -824  [main] INFO  org.tinygroup.bundle.impl.BundleManagerDefault  - 开始启动所有Bundle
2014-05-24 09:12:51,026 -824  [main] INFO  org.tinygroup.bundle.impl.BundleManagerDefault  - 开始启动Bundle:test1
2014-05-24 09:12:51,027 -825  [main] INFO  org.tinygroup.bundle.impl.BundleManagerDefault  - 启动Bundle:test1完毕
2014-05-24 09:12:51,027 -825  [main] INFO  org.tinygroup.bundle.impl.BundleManagerDefault  - 开始启动Bundle:test2
2014-05-24 09:12:51,028 -826  [main] INFO  org.tinygroup.bundle.impl.BundleManagerDefault  - 开始启动Bundle:test1
2014-05-24 09:12:51,028 -826  [main] INFO  org.tinygroup.bundle.impl.BundleManagerDefault  - Bundle:test1已启动，无需再次启动
2014-05-24 09:12:51,028 -826  [main] INFO  org.tinygroup.bundle.impl.BundleManagerDefault  - 启动Bundle:test2完毕
2014-05-24 09:12:51,029 -827  [main] INFO  org.tinygroup.bundle.impl.BundleManagerDefault  - 开始启动Bundle:test3
2014-05-24 09:12:51,029 -827  [main] INFO  org.tinygroup.bundle.impl.BundleManagerDefault  - 开始启动Bundle:test1
2014-05-24 09:12:51,029 -827  [main] INFO  org.tinygroup.bundle.impl.BundleManagerDefault  - Bundle:test1已启动，无需再次启动
2014-05-24 09:12:51,030 -828  [main] INFO  org.tinygroup.bundle.impl.BundleManagerDefault  - 启动Bundle:test3完毕
2014-05-24 09:12:51,030 -828  [main] INFO  org.tinygroup.bundle.impl.BundleManagerDefault  - 启动所有Bundle完毕
2014-05-24 09:12:51,035 -833  [main] INFO  org.tinygroup.bundle.impl.BundleManagerDefault  - 开始停止所有Bundle
2014-05-24 09:12:51,035 -833  [main] INFO  org.tinygroup.bundle.impl.BundleManagerDefault  - 开始停止Bundle:test1
2014-05-24 09:12:51,035 -833  [main] INFO  org.tinygroup.bundle.impl.BundleManagerDefault  - 开始停止Bundle:test2
2014-05-24 09:12:51,036 -834  [main] INFO  org.tinygroup.bundle.impl.BundleManagerDefault  - 停止Bundle:test2完毕
2014-05-24 09:12:51,036 -834  [main] INFO  org.tinygroup.bundle.impl.BundleManagerDefault  - 开始停止Bundle:test3
2014-05-24 09:12:51,037 -835  [main] INFO  org.tinygroup.bundle.impl.BundleManagerDefault  - 停止Bundle:test3完毕
2014-05-24 09:12:51,037 -835  [main] INFO  org.tinygroup.bundle.impl.BundleManagerDefault  - 停止Bundle:test1完毕
2014-05-24 09:12:51,037 -835  [main] INFO  org.tinygroup.bundle.impl.BundleManagerDefault  - 停止所有Bundle完毕
2014-05-24 09:12:51,038 -836  [main] INFO  org.tinygroup.bundle.impl.BundleManagerDefault  - 开始启动所有Bundle
2014-05-24 09:12:51,038 -836  [main] INFO  org.tinygroup.bundle.impl.BundleManagerDefault  - 开始启动Bundle:test1
2014-05-24 09:12:51,038 -836  [main] INFO  org.tinygroup.bundle.impl.BundleManagerDefault  - 启动Bundle:test1完毕
2014-05-24 09:12:51,039 -837  [main] INFO  org.tinygroup.bundle.impl.BundleManagerDefault  - 开始启动Bundle:test2
2014-05-24 09:12:51,039 -837  [main] INFO  org.tinygroup.bundle.impl.BundleManagerDefault  - 开始启动Bundle:test1
2014-05-24 09:12:51,039 -837  [main] INFO  org.tinygroup.bundle.impl.BundleManagerDefault  - Bundle:test1已启动，无需再次启动
2014-05-24 09:12:51,040 -838  [main] INFO  org.tinygroup.bundle.impl.BundleManagerDefault  - 启动Bundle:test2完毕
2014-05-24 09:12:51,040 -838  [main] INFO  org.tinygroup.bundle.impl.BundleManagerDefault  - 开始启动Bundle:test3
2014-05-24 09:12:51,040 -838  [main] INFO  org.tinygroup.bundle.impl.BundleManagerDefault  - 开始启动Bundle:test1
2014-05-24 09:12:51,040 -838  [main] INFO  org.tinygroup.bundle.impl.BundleManagerDefault  - Bundle:test1已启动，无需再次启动
2014-05-24 09:12:51,041 -839  [main] INFO  org.tinygroup.bundle.impl.BundleManagerDefault  - 启动Bundle:test3完毕
2014-05-24 09:12:51,041 -839  [main] INFO  org.tinygroup.bundle.impl.BundleManagerDefault  - 启动所有Bundle完毕
2014-05-24 09:12:51,045 -843  [main] INFO  org.tinygroup.bundle.impl.BundleManagerDefault  - 开始移除Bundle:test1
2014-05-24 09:12:51,045 -843  [main] INFO  org.tinygroup.bundle.impl.BundleManagerDefault  - 开始停止Bundle:test1
2014-05-24 09:12:51,046 -844  [main] INFO  org.tinygroup.bundle.impl.BundleManagerDefault  - 开始停止Bundle:test2
2014-05-24 09:12:51,046 -844  [main] INFO  org.tinygroup.bundle.impl.BundleManagerDefault  - 停止Bundle:test2完毕
2014-05-24 09:12:51,046 -844  [main] INFO  org.tinygroup.bundle.impl.BundleManagerDefault  - 开始停止Bundle:test3
2014-05-24 09:12:51,046 -844  [main] INFO  org.tinygroup.bundle.impl.BundleManagerDefault  - 停止Bundle:test3完毕
2014-05-24 09:12:51,046 -844  [main] INFO  org.tinygroup.bundle.impl.BundleManagerDefault  - 停止Bundle:test1完毕
2014-05-24 09:12:51,046 -844  [main] INFO  org.tinygroup.bundle.impl.BundleManagerDefault  - 移除Bundle:test1完毕
2014-05-24 09:12:51,046 -844  [main] INFO  org.tinygroup.bundle.impl.BundleManagerDefault  - 开始停止所有Bundle
2014-05-24 09:12:51,047 -845  [main] INFO  org.tinygroup.bundle.impl.BundleManagerDefault  - 停止所有Bundle完毕
2014-05-24 09:12:51,047 -845  [main] INFO  org.tinygroup.bundle.impl.BundleManagerDefault  - 开始启动所有Bundle
2014-05-24 09:12:51,047 -845  [main] INFO  org.tinygroup.bundle.impl.BundleManagerDefault  - 开始启动Bundle:test2
2014-05-24 09:12:51,047 -845  [main] ERROR org.tinygroup.bundle.impl.BundleManagerDefault  - Bundle:test2所依赖的Bundle:test1不存在，退出启动
2014-05-24 09:12:51,047 -845  [main] INFO  org.tinygroup.bundle.impl.BundleManagerDefault  - 开始启动Bundle:test3
2014-05-24 09:12:51,048 -846  [main] ERROR org.tinygroup.bundle.impl.BundleManagerDefault  - Bundle:test3所依赖的Bundle:test1不存在，退出启动
2014-05-24 09:12:51,048 -846  [main] INFO  org.tinygroup.bundle.impl.BundleManagerDefault  - 启动所有Bundle完毕
