2014-05-07 15:08:27,996 -0    [main] INFO  org.tinygroup.service.registry.impl.ServiceRegistryImpl  - 添加服务[serviceId:PrintContextService]
2014-05-07 15:08:28,000 -4    [main] INFO  org.tinygroup.service.registry.impl.ServiceRegistryImpl  - 添加服务[serviceId:PrintContextService]
2014-05-07 15:08:28,000 -4    [main] INFO  org.tinygroup.service.registry.impl.ServiceRegistryImpl  - 添加服务[serviceId:PrintContextService]
2014-05-07 15:08:28,001 -5    [main] INFO  org.tinygroup.service.registry.impl.ServiceRegistryImpl  - 添加服务[serviceId:PrintContextService]
2014-05-07 15:08:28,001 -5    [main] INFO  org.tinygroup.service.registry.impl.ServiceRegistryImpl  - 添加服务[serviceId:PrintContextService]
2014-05-07 15:08:28,008 -12   [main] INFO  org.tinygroup.service.registry.impl.ServiceRegistryImpl  - 添加服务[serviceId:aaaa]
2014-05-07 15:08:28,008 -12   [main] INFO  org.tinygroup.service.registry.impl.ServiceRegistryImpl  - 添加服务[serviceId:aaaa]
2014-05-07 15:08:28,009 -13   [main] INFO  org.tinygroup.service.registry.impl.ServiceRegistryImpl  - 添加服务[serviceId:aaaa]
2014-05-07 15:08:28,009 -13   [main] INFO  org.tinygroup.service.registry.impl.ServiceRegistryImpl  - 添加服务[serviceId:aaaa]
2014-05-07 15:08:28,009 -13   [main] INFO  org.tinygroup.service.registry.impl.ServiceRegistryImpl  - 添加服务[serviceId:aaaa]
2014-05-07 15:08:28,104 -108  [main] INFO  org.tinygroup.fileresolver.impl.FileResolverImpl  - 正在进行全路径扫描....
2014-05-07 15:08:28,159 -163  [main] INFO  org.tinygroup.fileresolver.impl.FileResolverImpl  - 查找WEB-INF/classes路径开始...
2014-05-07 15:08:28,159 -163  [main] INFO  org.tinygroup.fileresolver.impl.FileResolverImpl  - WEB-INF/classes路径是:file:/D:/git/tiny/framework/org.tinygroup.service/target/test-classes/
2014-05-07 15:08:28,160 -164  [main] INFO  org.tinygroup.fileresolver.impl.FileResolverImpl  - WEB-INF/lib路径是:file:/D:/git/tiny/framework/org.tinygroup.service/target/test-classes/
2014-05-07 15:08:28,161 -165  [main] INFO  org.tinygroup.fileresolver.impl.FileResolverImpl  - 查找WEB-INF/classes路径完成。
2014-05-07 15:08:28,161 -165  [main] WARN  org.tinygroup.fileresolver.impl.FileResolverImpl  - WEBROOT变量找不到
2014-05-07 15:08:28,162 -166  [main] INFO  org.tinygroup.fileresolver.impl.FileResolverImpl  - 查找Web工程中的jar文件列表开始...
2014-05-07 15:08:28,218 -222  [main] INFO  org.tinygroup.fileresolver.impl.FileResolverImpl  - 查找Web工程中的jar文件列表完成。
2014-05-07 15:08:28,245 -249  [file-resolver-threads-file-processor-thread-0] INFO  org.tinygroup.fileresolver.impl.FileResolverImpl  - 正在扫描路径[D:\git\tiny\framework\org.tinygroup.parser\target\classes]...
2014-05-07 15:08:28,248 -252  [file-resolver-threads-file-processor-thread-0] INFO  org.tinygroup.fileresolver.impl.FileResolverImpl  - 路径[D:\git\tiny\framework\org.tinygroup.parser\target\classes]扫描完成。
2014-05-07 15:08:28,248 -252  [file-resolver-threads-file-processor-thread-0] INFO  org.tinygroup.fileresolver.impl.FileResolverImpl  - 正在扫描路径[D:\git\tiny\framework\org.tinygroup.order\target\classes]...
2014-05-07 15:08:28,250 -254  [file-resolver-threads-file-processor-thread-0] INFO  org.tinygroup.fileresolver.impl.FileResolverImpl  - 路径[D:\git\tiny\framework\org.tinygroup.order\target\classes]扫描完成。
2014-05-07 15:08:28,251 -255  [file-resolver-threads-file-processor-thread-0] INFO  org.tinygroup.fileresolver.impl.FileResolverImpl  - 正在扫描路径[D:\git\tiny\framework\org.tinygroup.binarytree\target\classes]...
2014-05-07 15:08:28,253 -257  [file-resolver-threads-file-processor-thread-0] INFO  org.tinygroup.fileresolver.impl.FileResolverImpl  - 路径[D:\git\tiny\framework\org.tinygroup.binarytree\target\classes]扫描完成。
2014-05-07 15:08:28,253 -257  [file-resolver-threads-file-processor-thread-0] INFO  org.tinygroup.fileresolver.impl.FileResolverImpl  - 正在扫描路径[D:\git\tiny\framework\org.tinygroup.commons\target\classes]...
2014-05-07 15:08:28,267 -271  [file-resolver-threads-file-processor-thread-0] INFO  org.tinygroup.fileresolver.impl.FileResolverImpl  - 路径[D:\git\tiny\framework\org.tinygroup.commons\target\classes]扫描完成。
2014-05-07 15:08:28,267 -271  [file-resolver-threads-file-processor-thread-0] INFO  org.tinygroup.fileresolver.impl.FileResolverImpl  - 正在扫描路径[D:\git\tiny\framework\org.tinygroup.annotation\target\classes]...
2014-05-07 15:08:28,272 -276  [file-resolver-threads-file-processor-thread-0] INFO  org.tinygroup.fileresolver.impl.FileResolverImpl  - 路径[D:\git\tiny\framework\org.tinygroup.annotation\target\classes]扫描完成。
2014-05-07 15:08:28,272 -276  [file-resolver-threads-file-processor-thread-0] INFO  org.tinygroup.fileresolver.impl.FileResolverImpl  - 正在扫描路径[D:\git\tiny\framework\org.tinygroup.threadgroup\target\classes]...
2014-05-07 15:08:28,274 -278  [file-resolver-threads-file-processor-thread-0] INFO  org.tinygroup.fileresolver.impl.FileResolverImpl  - 路径[D:\git\tiny\framework\org.tinygroup.threadgroup\target\classes]扫描完成。
2014-05-07 15:08:28,274 -278  [file-resolver-threads-file-processor-thread-0] INFO  org.tinygroup.fileresolver.impl.FileResolverImpl  - 正在扫描路径[D:\git\tiny\framework\org.tinygroup.event\target\classes]...
2014-05-07 15:08:28,277 -281  [file-resolver-threads-file-processor-thread-0] INFO  org.tinygroup.fileresolver.impl.FileResolverImpl  - 路径[D:\git\tiny\framework\org.tinygroup.event\target\classes]扫描完成。
2014-05-07 15:08:28,277 -281  [file-resolver-threads-file-processor-thread-0] INFO  org.tinygroup.fileresolver.impl.FileResolverImpl  - 正在扫描路径[D:\git\tiny\framework\org.tinygroup.service\target\classes]...
2014-05-07 15:08:28,282 -286  [file-resolver-threads-file-processor-thread-0] INFO  org.tinygroup.fileresolver.impl.FileResolverImpl  - 路径[D:\git\tiny\framework\org.tinygroup.service\target\classes]扫描完成。
2014-05-07 15:08:28,282 -286  [file-resolver-threads-file-processor-thread-0] INFO  org.tinygroup.fileresolver.impl.FileResolverImpl  - 正在扫描路径[D:\git\tiny\framework\org.tinygroup.fileresolver\target\classes]...
2014-05-07 15:08:28,286 -290  [file-resolver-threads-file-processor-thread-0] INFO  org.tinygroup.fileresolver.impl.FileResolverImpl  - 路径[D:\git\tiny\framework\org.tinygroup.fileresolver\target\classes]扫描完成。
2014-05-07 15:08:28,286 -290  [file-resolver-threads-file-processor-thread-0] INFO  org.tinygroup.fileresolver.impl.FileResolverImpl  - 正在扫描路径[D:\git\tiny\framework\org.tinygroup.cepcore\target\classes]...
2014-05-07 15:08:28,290 -294  [file-resolver-threads-file-processor-thread-0] INFO  org.tinygroup.fileresolver.impl.FileResolverImpl  - 路径[D:\git\tiny\framework\org.tinygroup.cepcore\target\classes]扫描完成。
2014-05-07 15:08:28,291 -295  [file-resolver-threads-file-processor-thread-0] INFO  org.tinygroup.fileresolver.impl.FileResolverImpl  - 正在扫描路径[D:\git\tiny\framework\org.tinygroup.i18n\target\classes]...
2014-05-07 15:08:28,293 -297  [file-resolver-threads-file-processor-thread-0] INFO  org.tinygroup.fileresolver.impl.FileResolverImpl  - 路径[D:\git\tiny\framework\org.tinygroup.i18n\target\classes]扫描完成。
2014-05-07 15:08:28,294 -298  [file-resolver-threads-file-processor-thread-0] INFO  org.tinygroup.fileresolver.impl.FileResolverImpl  - 正在扫描路径[D:\git\tiny\framework\org.tinygroup.vfs\target\classes]...
2014-05-07 15:08:28,297 -301  [file-resolver-threads-file-processor-thread-0] INFO  org.tinygroup.fileresolver.impl.FileResolverImpl  - 路径[D:\git\tiny\framework\org.tinygroup.vfs\target\classes]扫描完成。
2014-05-07 15:08:28,298 -302  [file-resolver-threads-file-processor-thread-0] INFO  org.tinygroup.fileresolver.impl.FileResolverImpl  - 正在扫描路径[D:\git\tiny\framework\org.tinygroup.exceptionhandler\target\classes]...
2014-05-07 15:08:28,299 -303  [file-resolver-threads-file-processor-thread-0] INFO  org.tinygroup.fileresolver.impl.FileResolverImpl  - 路径[D:\git\tiny\framework\org.tinygroup.exceptionhandler\target\classes]扫描完成。
2014-05-07 15:08:28,300 -304  [file-resolver-threads-file-processor-thread-0] INFO  org.tinygroup.fileresolver.impl.FileResolverImpl  - 正在扫描路径[D:\git\tiny\framework\org.tinygroup.context\target\classes]...
2014-05-07 15:08:28,303 -307  [file-resolver-threads-file-processor-thread-0] INFO  org.tinygroup.fileresolver.impl.FileResolverImpl  - 路径[D:\git\tiny\framework\org.tinygroup.context\target\classes]扫描完成。
2014-05-07 15:08:28,303 -307  [file-resolver-threads-file-processor-thread-0] INFO  org.tinygroup.fileresolver.impl.FileResolverImpl  - 正在扫描路径[D:\git\tiny\ext\org.tinygroup.elmvel\target\classes]...
2014-05-07 15:08:28,304 -308  [file-resolver-threads-file-processor-thread-0] INFO  org.tinygroup.fileresolver.impl.FileResolverImpl  - 路径[D:\git\tiny\ext\org.tinygroup.elmvel\target\classes]扫描完成。
2014-05-07 15:08:28,305 -309  [file-resolver-threads-file-processor-thread-0] INFO  org.tinygroup.fileresolver.impl.FileResolverImpl  - 正在扫描路径[D:\git\tiny\framework\org.tinygroup.validate\target\classes]...
2014-05-07 15:08:28,309 -313  [file-resolver-threads-file-processor-thread-0] INFO  org.tinygroup.fileresolver.impl.FileResolverImpl  - 路径[D:\git\tiny\framework\org.tinygroup.validate\target\classes]扫描完成。
2014-05-07 15:08:28,309 -313  [file-resolver-threads-file-processor-thread-0] INFO  org.tinygroup.fileresolver.impl.FileResolverImpl  - 正在扫描路径[D:\git\tiny\framework\org.tinygroup.springutil\target\classes]...
2014-05-07 15:08:28,311 -315  [file-resolver-threads-file-processor-thread-0] INFO  org.tinygroup.fileresolver.impl.FileResolverImpl  - 路径[D:\git\tiny\framework\org.tinygroup.springutil\target\classes]扫描完成。
2014-05-07 15:08:28,311 -315  [file-resolver-threads-file-processor-thread-0] INFO  org.tinygroup.fileresolver.impl.FileResolverImpl  - 正在扫描路径[D:\git\tiny\framework\org.tinygroup.logger\target\classes]...
2014-05-07 15:08:28,312 -316  [file-resolver-threads-file-processor-thread-0] INFO  org.tinygroup.fileresolver.impl.FileResolverImpl  - 路径[D:\git\tiny\framework\org.tinygroup.logger\target\classes]扫描完成。
2014-05-07 15:08:28,313 -317  [file-resolver-threads-file-processor-thread-0] INFO  org.tinygroup.fileresolver.impl.FileResolverImpl  - 正在扫描路径[D:\git\tiny\framework\org.tinygroup.xmlparser\target\classes]...
2014-05-07 15:08:28,314 -318  [file-resolver-threads-file-processor-thread-0] INFO  org.tinygroup.fileresolver.impl.FileResolverImpl  - 路径[D:\git\tiny\framework\org.tinygroup.xmlparser\target\classes]扫描完成。
2014-05-07 15:08:28,315 -319  [file-resolver-threads-file-processor-thread-0] INFO  org.tinygroup.fileresolver.impl.FileResolverImpl  - 正在扫描路径[D:\git\tiny\framework\org.tinygroup.service\target\test-classes]...
2014-05-07 15:08:28,321 -325  [file-resolver-threads-file-processor-thread-0] INFO  org.tinygroup.fileresolver.impl.FileResolverImpl  - 路径[D:\git\tiny\framework\org.tinygroup.service\target\test-classes]扫描完成。
2014-05-07 15:08:28,321 -325  [file-resolver-threads-file-processor-thread-0] INFO  org.tinygroup.fileresolver.impl.FileResolverImpl  - 正在扫描路径[D:\git\tiny\framework\org.tinygroup.xstream\target\classes]...
2014-05-07 15:08:28,323 -327  [file-resolver-threads-file-processor-thread-0] INFO  org.tinygroup.fileresolver.impl.FileResolverImpl  - 路径[D:\git\tiny\framework\org.tinygroup.xstream\target\classes]扫描完成。
2014-05-07 15:08:28,324 -328  [file-resolver-threads-file-processor-thread-0] INFO  org.tinygroup.fileresolver.impl.FileResolverImpl  - 正在扫描路径[D:\git\tiny\framework\org.tinygroup.el\target\classes]...
2014-05-07 15:08:28,325 -329  [file-resolver-threads-file-processor-thread-0] INFO  org.tinygroup.fileresolver.impl.FileResolverImpl  - 路径[D:\git\tiny\framework\org.tinygroup.el\target\classes]扫描完成。
2014-05-07 15:08:28,326 -330  [file-resolver-threads-file-processor-thread-0] INFO  org.tinygroup.fileresolver.impl.FileResolverImpl  - 正在扫描路径[D:\git\tiny\framework\org.tinygroup.flow\target\classes]...
2014-05-07 15:08:28,331 -335  [file-resolver-threads-file-processor-thread-0] INFO  org.tinygroup.fileresolver.impl.FileResolverImpl  - 路径[D:\git\tiny\framework\org.tinygroup.flow\target\classes]扫描完成。
2014-05-07 15:08:28,332 -336  [file-resolver-threads-file-processor-thread-0] INFO  org.tinygroup.fileresolver.impl.FileResolverImpl  - 正在扫描路径[D:\git\tiny\framework\org.tinygroup.formater\target\classes]...
2014-05-07 15:08:28,334 -338  [file-resolver-threads-file-processor-thread-0] INFO  org.tinygroup.fileresolver.impl.FileResolverImpl  - 路径[D:\git\tiny\framework\org.tinygroup.formater\target\classes]扫描完成。
2014-05-07 15:08:28,335 -339  [file-resolver-threads-file-processor-thread-0] INFO  org.tinygroup.fileresolver.impl.FileResolverImpl  - 正在扫描路径[D:\git\tiny\framework\org.tinygroup.config\target\classes]...
2014-05-07 15:08:28,336 -340  [file-resolver-threads-file-processor-thread-0] INFO  org.tinygroup.fileresolver.impl.FileResolverImpl  - 路径[D:\git\tiny\framework\org.tinygroup.config\target\classes]扫描完成。
2014-05-07 15:08:28,337 -341  [file-resolver-threads-file-processor-thread-0] INFO  org.tinygroup.fileresolver.impl.FileResolverImpl  - 正在扫描路径[D:\git\tiny\framework\org.tinygroup.application\target\classes]...
2014-05-07 15:08:28,338 -342  [file-resolver-threads-file-processor-thread-0] INFO  org.tinygroup.fileresolver.impl.FileResolverImpl  - 路径[D:\git\tiny\framework\org.tinygroup.application\target\classes]扫描完成。
2014-05-07 15:08:28,338 -342  [file-resolver-threads-file-processor-thread-0] INFO  org.tinygroup.fileresolver.impl.FileResolverImpl  - 正在扫描路径[D:\git\tiny\framework\org.tinygroup.context2object\target\classes]...
2014-05-07 15:08:28,341 -345  [file-resolver-threads-file-processor-thread-0] INFO  org.tinygroup.fileresolver.impl.FileResolverImpl  - 路径[D:\git\tiny\framework\org.tinygroup.context2object\target\classes]扫描完成。
2014-05-07 15:08:28,342 -346  [file-resolver-threads-file-processor-thread-0] INFO  org.tinygroup.fileresolver.impl.FileResolverImpl  - 正在扫描路径[D:\git\tiny\framework\org.tinygroup.exception\target\classes]...
2014-05-07 15:08:28,343 -347  [file-resolver-threads-file-processor-thread-0] INFO  org.tinygroup.fileresolver.impl.FileResolverImpl  - 路径[D:\git\tiny\framework\org.tinygroup.exception\target\classes]扫描完成。
2014-05-07 15:08:28,343 -347  [file-resolver-threads-file-processor-thread-0] INFO  org.tinygroup.fileresolver.impl.FileResolverImpl  - 正在扫描路径[D:\git\tiny\framework\org.tinygroup.testutil\target\classes]...
2014-05-07 15:08:28,344 -348  [file-resolver-threads-file-processor-thread-0] INFO  org.tinygroup.fileresolver.impl.FileResolverImpl  - 路径[D:\git\tiny\framework\org.tinygroup.testutil\target\classes]扫描完成。
2014-05-07 15:08:28,345 -349  [main] INFO  org.tinygroup.fileresolver.impl.MultiThreadFileProcessor  - 线程组:<file-resolver-threads>执行时间：101
2014-05-07 15:08:28,415 -419  [main] INFO  org.tinygroup.springutil.SpringUtil  - 添加Spring配置文件:file:D:/git/tiny/framework/org.tinygroup.order/target/classes/order.beans.xml
2014-05-07 15:08:28,415 -419  [main] INFO  org.tinygroup.springutil.SpringUtil  - 添加Spring配置文件:file:D:/git/tiny/framework/org.tinygroup.binarytree/target/classes/binarytree.beans.xml
2014-05-07 15:08:28,416 -420  [main] INFO  org.tinygroup.springutil.SpringUtil  - 添加Spring配置文件:file:D:/git/tiny/framework/org.tinygroup.annotation/target/classes/annotation.beans.xml
2014-05-07 15:08:28,416 -420  [main] INFO  org.tinygroup.springutil.SpringUtil  - 添加Spring配置文件:file:D:/git/tiny/framework/org.tinygroup.service/target/classes/service.beans.xml
2014-05-07 15:08:28,416 -420  [main] INFO  org.tinygroup.springutil.SpringUtil  - 添加Spring配置文件:file:D:/git/tiny/framework/org.tinygroup.fileresolver/target/classes/fileresolver.beans.xml
2014-05-07 15:08:28,416 -420  [main] INFO  org.tinygroup.springutil.SpringUtil  - 添加Spring配置文件:file:D:/git/tiny/framework/org.tinygroup.cepcore/target/classes/cepcore.beans.xml
2014-05-07 15:08:28,417 -421  [main] INFO  org.tinygroup.springutil.SpringUtil  - 添加Spring配置文件:file:D:/git/tiny/framework/org.tinygroup.exceptionhandler/target/classes/exceptionhandler.beans.xml
2014-05-07 15:08:28,417 -421  [main] INFO  org.tinygroup.springutil.SpringUtil  - 添加Spring配置文件:file:D:/git/tiny/ext/org.tinygroup.elmvel/target/classes/el.beans.xml
2014-05-07 15:08:28,417 -421  [main] INFO  org.tinygroup.springutil.SpringUtil  - 添加Spring配置文件:file:D:/git/tiny/framework/org.tinygroup.validate/target/classes/validate.beans.xml
2014-05-07 15:08:28,418 -422  [main] INFO  org.tinygroup.springutil.SpringUtil  - 添加Spring配置文件:file:D:/git/tiny/framework/org.tinygroup.service/target/test-classes/Application.springbeans.xml
2014-05-07 15:08:28,418 -422  [main] INFO  org.tinygroup.springutil.SpringUtil  - 添加Spring配置文件:file:D:/git/tiny/framework/org.tinygroup.service/target/test-classes/UserMangerService.springbeans.xml
2014-05-07 15:08:28,418 -422  [main] INFO  org.tinygroup.springutil.SpringUtil  - 添加Spring配置文件:file:D:/git/tiny/framework/org.tinygroup.service/target/test-classes/validate.beans.xml
2014-05-07 15:08:28,419 -423  [main] INFO  org.tinygroup.springutil.SpringUtil  - 添加Spring配置文件:file:D:/git/tiny/framework/org.tinygroup.xstream/target/classes/xstream.beans.xml
2014-05-07 15:08:28,419 -423  [main] INFO  org.tinygroup.springutil.SpringUtil  - 添加Spring配置文件:file:D:/git/tiny/framework/org.tinygroup.flow/target/classes/flow.beans.xml
2014-05-07 15:08:28,419 -423  [main] INFO  org.tinygroup.springutil.SpringUtil  - 添加Spring配置文件:file:D:/git/tiny/framework/org.tinygroup.context2object/target/classes/context2object.beans.xml
2014-05-07 15:08:28,419 -423  [main] INFO  org.tinygroup.springutil.SpringUtil  - 添加Spring配置文件:file:D:/git/tiny/framework/org.tinygroup.exception/target/classes/exception.beans.xml
2014-05-07 15:08:28,423 -427  [main] INFO  org.springframework.context.support.FileSystemXmlApplicationContext  - Refreshing org.springframework.context.support.FileSystemXmlApplicationContext@12da44a7: display name [org.springframework.context.support.FileSystemXmlApplicationContext@12da44a7]; startup date [Wed May 07 15:08:28 CST 2014]; root of context hierarchy
2014-05-07 15:08:28,540 -544  [main] INFO  org.springframework.beans.factory.xml.XmlBeanDefinitionReader  - Loading XML bean definitions from URL [file:D:/git/tiny/framework/org.tinygroup.order/target/classes/order.beans.xml]
2014-05-07 15:08:28,703 -707  [main] INFO  org.springframework.beans.factory.xml.XmlBeanDefinitionReader  - Loading XML bean definitions from URL [file:D:/git/tiny/framework/org.tinygroup.binarytree/target/classes/binarytree.beans.xml]
2014-05-07 15:08:28,732 -736  [main] INFO  org.springframework.beans.factory.xml.XmlBeanDefinitionReader  - Loading XML bean definitions from URL [file:D:/git/tiny/framework/org.tinygroup.annotation/target/classes/annotation.beans.xml]
2014-05-07 15:08:28,768 -772  [main] INFO  org.springframework.beans.factory.xml.XmlBeanDefinitionReader  - Loading XML bean definitions from URL [file:D:/git/tiny/framework/org.tinygroup.service/target/classes/service.beans.xml]
2014-05-07 15:08:28,799 -803  [main] INFO  org.springframework.beans.factory.xml.XmlBeanDefinitionReader  - Loading XML bean definitions from URL [file:D:/git/tiny/framework/org.tinygroup.fileresolver/target/classes/fileresolver.beans.xml]
2014-05-07 15:08:28,829 -833  [main] INFO  org.springframework.beans.factory.xml.XmlBeanDefinitionReader  - Loading XML bean definitions from URL [file:D:/git/tiny/framework/org.tinygroup.cepcore/target/classes/cepcore.beans.xml]
2014-05-07 15:08:28,866 -870  [main] INFO  org.springframework.beans.factory.xml.XmlBeanDefinitionReader  - Loading XML bean definitions from URL [file:D:/git/tiny/framework/org.tinygroup.exceptionhandler/target/classes/exceptionhandler.beans.xml]
2014-05-07 15:08:28,895 -899  [main] INFO  org.springframework.beans.factory.xml.XmlBeanDefinitionReader  - Loading XML bean definitions from URL [file:D:/git/tiny/ext/org.tinygroup.elmvel/target/classes/el.beans.xml]
2014-05-07 15:08:28,918 -922  [main] INFO  org.springframework.beans.factory.xml.XmlBeanDefinitionReader  - Loading XML bean definitions from URL [file:D:/git/tiny/framework/org.tinygroup.validate/target/classes/validate.beans.xml]
2014-05-07 15:08:28,961 -965  [main] INFO  org.springframework.beans.factory.xml.XmlBeanDefinitionReader  - Loading XML bean definitions from URL [file:D:/git/tiny/framework/org.tinygroup.service/target/test-classes/Application.springbeans.xml]
2014-05-07 15:08:28,983 -987  [main] INFO  org.springframework.beans.factory.xml.XmlBeanDefinitionReader  - Loading XML bean definitions from URL [file:D:/git/tiny/framework/org.tinygroup.service/target/test-classes/UserMangerService.springbeans.xml]
2014-05-07 15:08:29,003 -1007 [main] INFO  org.springframework.beans.factory.xml.XmlBeanDefinitionReader  - Loading XML bean definitions from URL [file:D:/git/tiny/framework/org.tinygroup.service/target/test-classes/validate.beans.xml]
2014-05-07 15:08:29,023 -1027 [main] INFO  org.springframework.beans.factory.xml.XmlBeanDefinitionReader  - Loading XML bean definitions from URL [file:D:/git/tiny/framework/org.tinygroup.xstream/target/classes/xstream.beans.xml]
2014-05-07 15:08:29,047 -1051 [main] INFO  org.springframework.beans.factory.xml.XmlBeanDefinitionReader  - Loading XML bean definitions from URL [file:D:/git/tiny/framework/org.tinygroup.flow/target/classes/flow.beans.xml]
2014-05-07 15:08:29,074 -1078 [main] INFO  org.springframework.beans.factory.xml.XmlBeanDefinitionReader  - Loading XML bean definitions from URL [file:D:/git/tiny/framework/org.tinygroup.context2object/target/classes/context2object.beans.xml]
2014-05-07 15:08:29,097 -1101 [main] INFO  org.springframework.beans.factory.xml.XmlBeanDefinitionReader  - Loading XML bean definitions from URL [file:D:/git/tiny/framework/org.tinygroup.exception/target/classes/exception.beans.xml]
2014-05-07 15:08:29,119 -1123 [main] INFO  org.springframework.context.support.FileSystemXmlApplicationContext  - Bean factory for application context [org.springframework.context.support.FileSystemXmlApplicationContext@12da44a7]: org.springframework.beans.factory.support.DefaultListableBeanFactory@6d9532fe
2014-05-07 15:08:29,272 -1276 [main] INFO  org.springframework.beans.factory.support.DefaultListableBeanFactory  - Pre-instantiating singletons in org.springframework.beans.factory.support.DefaultListableBeanFactory@6d9532fe: defining beans [orderProcessor,avlTreeImpl,annotationExcuteManager,annotationFileProcessor,annotationClassFileProcessor,serviceRegistry,service,annotationLoader,serviceComponentClassAction,xmlSysServiceFileProcessor,xmlServiceFileProcessor,serviceParamValidate,serviceMappingManager,serviceMappingFileProcessor,fullContextFileRepository,fullContextFileFinder,i18nFileProcessor,xStreamFileProcessor,orderFileProcessor,springBeansFileProcessor,configurationFileProcessor,fileMonitorProcessor,cepcore,cepCoreManagerCentral,nodeWeightPloyStrategy,cepCoreManagerNode,cepcore_aop_bean,requestParamValidate,exceptionProcessor,cepCoreAopConfig,CEPProcessor,exceptionHandlerManager,el,validatorMapStorage,validatorManagerWrapper,annotationValidatorManager,xmlValidatorManager,complexValidatorManager,validatorClassFieldAction,validatorFieldAnnotaionAction,validateMapFileProcessor,validateFileProcessor,validateComponent,enumValidator,equalsValidator,falseValidator,notEqualsValidator,notNullValidator,nullValidator,trueValidator,integerRangeValidator,doubleRangeValidator,floatRangeValidator,patternValidator,sizeValidator,fileResolver,fileResolverProcessor,exceptionService,UserManagerService,UserManagerAnnotationService,InterfaceDef2Impl,InterfaceDefImpl,InterfaceDefImpl2,GeneratorService,ServiceUser,validateAddress,validateUser,validateService,flowExecutor,flowFileProcessor,flowComponentProcessor,pageFlowExecutor,pageFlowFileProcessor,pageFlowComponentProcessor,flowComponentAnnotationAction,pageFlowComponentAnnotationAction,classNameObjectGenerator,generatorFileProcessor]; root of factory hierarchy
2014-05-07 15:08:29,411 -1415 [main] INFO  org.tinygroup.fileresolver.impl.AbstractFileProcessor  - 开始读取组件配置文件:annotation.config.xml
2014-05-07 15:08:29,412 -1416 [main] INFO  org.tinygroup.fileresolver.impl.AbstractFileProcessor  - 读取组件配置文件:annotation.config.xml完成
2014-05-07 15:08:29,413 -1417 [main] INFO  org.tinygroup.fileresolver.impl.AbstractFileProcessor  - 开始读取组件配置文件:filefind.config.xml
2014-05-07 15:08:29,415 -1419 [main] INFO  org.tinygroup.fileresolver.impl.AbstractFileProcessor  - 读取组件配置文件:filefind.config.xml完成
2014-05-07 15:08:29,415 -1419 [main] INFO  org.tinygroup.fileresolver.impl.AbstractFileProcessor  - 开始读取组件配置文件:filemonitor.config.xml
2014-05-07 15:08:29,417 -1421 [main] INFO  org.tinygroup.fileresolver.impl.AbstractFileProcessor  - 读取组件配置文件:filemonitor.config.xml完成
2014-05-07 15:08:29,417 -1421 [main] INFO  org.tinygroup.fileresolver.impl.AbstractFileProcessor  - 开始读取组件配置文件:fileresolver.config.xml
2014-05-07 15:08:29,418 -1422 [main] INFO  org.tinygroup.fileresolver.impl.AbstractFileProcessor  - 读取组件配置文件:fileresolver.config.xml完成
2014-05-07 15:08:29,418 -1422 [main] INFO  org.tinygroup.fileresolver.impl.AbstractFileProcessor  - 开始读取组件配置文件:cepcoreaop.config.xml
2014-05-07 15:08:29,419 -1423 [main] INFO  org.tinygroup.fileresolver.impl.AbstractFileProcessor  - 读取组件配置文件:cepcoreaop.config.xml完成
2014-05-07 15:08:29,420 -1424 [main] INFO  org.tinygroup.fileresolver.impl.AbstractFileProcessor  - 开始读取组件配置文件:exceptionhandler.config.xml
2014-05-07 15:08:29,421 -1425 [main] INFO  org.tinygroup.fileresolver.impl.AbstractFileProcessor  - 读取组件配置文件:exceptionhandler.config.xml完成
2014-05-07 15:08:29,574 -1578 [main] INFO  org.tinygroup.config.impl.ConfigurationManagerImpl  - 正在分发应用配置信息...
2014-05-07 15:08:29,576 -1580 [main] INFO  org.tinygroup.cepcore.aop.impl.CEPCoreAopManagerImpl  - 开始初始化AOP配置
2014-05-07 15:08:29,577 -1581 [main] INFO  org.tinygroup.cepcore.aop.impl.CEPCoreAopManagerImpl  - 初始化AOP配置完成
2014-05-07 15:08:29,578 -1582 [main] INFO  org.tinygroup.config.impl.ConfigurationManagerImpl  - 应用配置信息分发完毕
2014-05-07 15:08:29,578 -1582 [main] INFO  org.tinygroup.fileresolver.impl.FileResolverImpl  - 全路径扫描完成。
2014-05-07 15:08:29,578 -1582 [main] INFO  org.tinygroup.application.impl.ApplicationDefault  - 启动应用开始...
2014-05-07 15:08:29,579 -1583 [main] INFO  org.tinygroup.application.impl.ApplicationDefault  - 应用处理器class org.tinygroup.fileresolver.applicationprocessor.FileResolverProcessor正在启动...
2014-05-07 15:08:29,579 -1583 [main] INFO  org.tinygroup.fileresolver.impl.FileResolverImpl  - 正在进行全路径扫描....
2014-05-07 15:08:29,581 -1585 [main] INFO  org.tinygroup.fileresolver.impl.FileResolverImpl  - 查找WEB-INF/classes路径开始...
2014-05-07 15:08:29,582 -1586 [main] INFO  org.tinygroup.fileresolver.impl.FileResolverImpl  - WEB-INF/classes路径是:file:/D:/git/tiny/framework/org.tinygroup.service/target/test-classes/
2014-05-07 15:08:29,582 -1586 [main] INFO  org.tinygroup.fileresolver.impl.FileResolverImpl  - WEB-INF/lib路径是:file:/D:/git/tiny/framework/org.tinygroup.service/target/test-classes/
2014-05-07 15:08:29,582 -1586 [main] INFO  org.tinygroup.fileresolver.impl.FileResolverImpl  - 查找WEB-INF/classes路径完成。
2014-05-07 15:08:29,582 -1586 [main] WARN  org.tinygroup.fileresolver.impl.FileResolverImpl  - WEBROOT变量找不到
2014-05-07 15:08:29,582 -1586 [main] INFO  org.tinygroup.fileresolver.impl.FileResolverImpl  - 查找Web工程中的jar文件列表开始...
2014-05-07 15:08:29,604 -1608 [main] INFO  org.tinygroup.fileresolver.impl.FileResolverImpl  - 查找Web工程中的jar文件列表完成。
2014-05-07 15:08:29,605 -1609 [file-resolver-threads-file-processor-thread-0] INFO  org.tinygroup.fileresolver.impl.FileResolverImpl  - 正在扫描路径[D:\git\tiny\framework\org.tinygroup.parser\target\classes]...
2014-05-07 15:08:29,608 -1612 [file-resolver-threads-file-processor-thread-0] INFO  org.tinygroup.fileresolver.impl.FileResolverImpl  - 路径[D:\git\tiny\framework\org.tinygroup.parser\target\classes]扫描完成。
2014-05-07 15:08:29,609 -1613 [file-resolver-threads-file-processor-thread-0] INFO  org.tinygroup.fileresolver.impl.FileResolverImpl  - 正在扫描路径[D:\git\tiny\framework\org.tinygroup.order\target\classes]...
2014-05-07 15:08:29,611 -1615 [file-resolver-threads-file-processor-thread-0] INFO  org.tinygroup.fileresolver.impl.FileResolverImpl  - 路径[D:\git\tiny\framework\org.tinygroup.order\target\classes]扫描完成。
2014-05-07 15:08:29,611 -1615 [file-resolver-threads-file-processor-thread-0] INFO  org.tinygroup.fileresolver.impl.FileResolverImpl  - 正在扫描路径[D:\git\tiny\framework\org.tinygroup.binarytree\target\classes]...
2014-05-07 15:08:29,613 -1617 [file-resolver-threads-file-processor-thread-0] INFO  org.tinygroup.fileresolver.impl.FileResolverImpl  - 路径[D:\git\tiny\framework\org.tinygroup.binarytree\target\classes]扫描完成。
2014-05-07 15:08:29,614 -1618 [file-resolver-threads-file-processor-thread-0] INFO  org.tinygroup.fileresolver.impl.FileResolverImpl  - 正在扫描路径[D:\git\tiny\framework\org.tinygroup.commons\target\classes]...
2014-05-07 15:08:29,627 -1631 [file-resolver-threads-file-processor-thread-0] INFO  org.tinygroup.fileresolver.impl.FileResolverImpl  - 路径[D:\git\tiny\framework\org.tinygroup.commons\target\classes]扫描完成。
2014-05-07 15:08:29,627 -1631 [file-resolver-threads-file-processor-thread-0] INFO  org.tinygroup.fileresolver.impl.FileResolverImpl  - 正在扫描路径[D:\git\tiny\framework\org.tinygroup.annotation\target\classes]...
2014-05-07 15:08:29,631 -1635 [file-resolver-threads-file-processor-thread-0] INFO  org.tinygroup.fileresolver.impl.FileResolverImpl  - 路径[D:\git\tiny\framework\org.tinygroup.annotation\target\classes]扫描完成。
2014-05-07 15:08:29,631 -1635 [file-resolver-threads-file-processor-thread-0] INFO  org.tinygroup.fileresolver.impl.FileResolverImpl  - 正在扫描路径[D:\git\tiny\framework\org.tinygroup.threadgroup\target\classes]...
2014-05-07 15:08:29,632 -1636 [file-resolver-threads-file-processor-thread-0] INFO  org.tinygroup.fileresolver.impl.FileResolverImpl  - 路径[D:\git\tiny\framework\org.tinygroup.threadgroup\target\classes]扫描完成。
2014-05-07 15:08:29,632 -1636 [file-resolver-threads-file-processor-thread-0] INFO  org.tinygroup.fileresolver.impl.FileResolverImpl  - 正在扫描路径[D:\git\tiny\framework\org.tinygroup.event\target\classes]...
2014-05-07 15:08:29,635 -1639 [file-resolver-threads-file-processor-thread-0] INFO  org.tinygroup.fileresolver.impl.FileResolverImpl  - 路径[D:\git\tiny\framework\org.tinygroup.event\target\classes]扫描完成。
2014-05-07 15:08:29,635 -1639 [file-resolver-threads-file-processor-thread-0] INFO  org.tinygroup.fileresolver.impl.FileResolverImpl  - 正在扫描路径[D:\git\tiny\framework\org.tinygroup.service\target\classes]...
2014-05-07 15:08:29,642 -1646 [file-resolver-threads-file-processor-thread-0] INFO  org.tinygroup.fileresolver.impl.FileResolverImpl  - 路径[D:\git\tiny\framework\org.tinygroup.service\target\classes]扫描完成。
2014-05-07 15:08:29,642 -1646 [file-resolver-threads-file-processor-thread-0] INFO  org.tinygroup.fileresolver.impl.FileResolverImpl  - 正在扫描路径[D:\git\tiny\framework\org.tinygroup.fileresolver\target\classes]...
2014-05-07 15:08:29,645 -1649 [file-resolver-threads-file-processor-thread-0] INFO  org.tinygroup.fileresolver.impl.FileResolverImpl  - 路径[D:\git\tiny\framework\org.tinygroup.fileresolver\target\classes]扫描完成。
2014-05-07 15:08:29,646 -1650 [file-resolver-threads-file-processor-thread-0] INFO  org.tinygroup.fileresolver.impl.FileResolverImpl  - 正在扫描路径[D:\git\tiny\framework\org.tinygroup.cepcore\target\classes]...
2014-05-07 15:08:29,651 -1655 [file-resolver-threads-file-processor-thread-0] INFO  org.tinygroup.fileresolver.impl.FileResolverImpl  - 路径[D:\git\tiny\framework\org.tinygroup.cepcore\target\classes]扫描完成。
2014-05-07 15:08:29,651 -1655 [file-resolver-threads-file-processor-thread-0] INFO  org.tinygroup.fileresolver.impl.FileResolverImpl  - 正在扫描路径[D:\git\tiny\framework\org.tinygroup.i18n\target\classes]...
2014-05-07 15:08:29,653 -1657 [file-resolver-threads-file-processor-thread-0] INFO  org.tinygroup.fileresolver.impl.FileResolverImpl  - 路径[D:\git\tiny\framework\org.tinygroup.i18n\target\classes]扫描完成。
2014-05-07 15:08:29,653 -1657 [file-resolver-threads-file-processor-thread-0] INFO  org.tinygroup.fileresolver.impl.FileResolverImpl  - 正在扫描路径[D:\git\tiny\framework\org.tinygroup.vfs\target\classes]...
2014-05-07 15:08:29,657 -1661 [file-resolver-threads-file-processor-thread-0] INFO  org.tinygroup.fileresolver.impl.FileResolverImpl  - 路径[D:\git\tiny\framework\org.tinygroup.vfs\target\classes]扫描完成。
2014-05-07 15:08:29,657 -1661 [file-resolver-threads-file-processor-thread-0] INFO  org.tinygroup.fileresolver.impl.FileResolverImpl  - 正在扫描路径[D:\git\tiny\framework\org.tinygroup.exceptionhandler\target\classes]...
2014-05-07 15:08:29,658 -1662 [file-resolver-threads-file-processor-thread-0] INFO  org.tinygroup.fileresolver.impl.FileResolverImpl  - 路径[D:\git\tiny\framework\org.tinygroup.exceptionhandler\target\classes]扫描完成。
2014-05-07 15:08:29,659 -1663 [file-resolver-threads-file-processor-thread-0] INFO  org.tinygroup.fileresolver.impl.FileResolverImpl  - 正在扫描路径[D:\git\tiny\framework\org.tinygroup.context\target\classes]...
2014-05-07 15:08:29,660 -1664 [file-resolver-threads-file-processor-thread-0] INFO  org.tinygroup.fileresolver.impl.FileResolverImpl  - 路径[D:\git\tiny\framework\org.tinygroup.context\target\classes]扫描完成。
2014-05-07 15:08:29,661 -1665 [file-resolver-threads-file-processor-thread-0] INFO  org.tinygroup.fileresolver.impl.FileResolverImpl  - 正在扫描路径[D:\git\tiny\ext\org.tinygroup.elmvel\target\classes]...
2014-05-07 15:08:29,661 -1665 [file-resolver-threads-file-processor-thread-0] INFO  org.tinygroup.fileresolver.impl.FileResolverImpl  - 路径[D:\git\tiny\ext\org.tinygroup.elmvel\target\classes]扫描完成。
2014-05-07 15:08:29,662 -1666 [file-resolver-threads-file-processor-thread-0] INFO  org.tinygroup.fileresolver.impl.FileResolverImpl  - 正在扫描路径[D:\git\tiny\framework\org.tinygroup.validate\target\classes]...
2014-05-07 15:08:29,667 -1671 [file-resolver-threads-file-processor-thread-0] INFO  org.tinygroup.fileresolver.impl.FileResolverImpl  - 路径[D:\git\tiny\framework\org.tinygroup.validate\target\classes]扫描完成。
2014-05-07 15:08:29,668 -1672 [file-resolver-threads-file-processor-thread-0] INFO  org.tinygroup.fileresolver.impl.FileResolverImpl  - 正在扫描路径[D:\git\tiny\framework\org.tinygroup.springutil\target\classes]...
2014-05-07 15:08:29,669 -1673 [file-resolver-threads-file-processor-thread-0] INFO  org.tinygroup.fileresolver.impl.FileResolverImpl  - 路径[D:\git\tiny\framework\org.tinygroup.springutil\target\classes]扫描完成。
2014-05-07 15:08:29,669 -1673 [file-resolver-threads-file-processor-thread-0] INFO  org.tinygroup.fileresolver.impl.FileResolverImpl  - 正在扫描路径[D:\git\tiny\framework\org.tinygroup.logger\target\classes]...
2014-05-07 15:08:29,670 -1674 [file-resolver-threads-file-processor-thread-0] INFO  org.tinygroup.fileresolver.impl.FileResolverImpl  - 路径[D:\git\tiny\framework\org.tinygroup.logger\target\classes]扫描完成。
2014-05-07 15:08:29,671 -1675 [file-resolver-threads-file-processor-thread-0] INFO  org.tinygroup.fileresolver.impl.FileResolverImpl  - 正在扫描路径[D:\git\tiny\framework\org.tinygroup.xmlparser\target\classes]...
2014-05-07 15:08:29,674 -1678 [file-resolver-threads-file-processor-thread-0] INFO  org.tinygroup.fileresolver.impl.FileResolverImpl  - 路径[D:\git\tiny\framework\org.tinygroup.xmlparser\target\classes]扫描完成。
2014-05-07 15:08:29,674 -1678 [file-resolver-threads-file-processor-thread-0] INFO  org.tinygroup.fileresolver.impl.FileResolverImpl  - 正在扫描路径[D:\git\tiny\framework\org.tinygroup.service\target\test-classes]...
2014-05-07 15:08:29,679 -1683 [file-resolver-threads-file-processor-thread-0] INFO  org.tinygroup.fileresolver.impl.FileResolverImpl  - 路径[D:\git\tiny\framework\org.tinygroup.service\target\test-classes]扫描完成。
2014-05-07 15:08:29,679 -1683 [file-resolver-threads-file-processor-thread-0] INFO  org.tinygroup.fileresolver.impl.FileResolverImpl  - 正在扫描路径[D:\git\tiny\framework\org.tinygroup.xstream\target\classes]...
2014-05-07 15:08:29,681 -1685 [file-resolver-threads-file-processor-thread-0] INFO  org.tinygroup.fileresolver.impl.FileResolverImpl  - 路径[D:\git\tiny\framework\org.tinygroup.xstream\target\classes]扫描完成。
2014-05-07 15:08:29,681 -1685 [file-resolver-threads-file-processor-thread-0] INFO  org.tinygroup.fileresolver.impl.FileResolverImpl  - 正在扫描路径[D:\git\tiny\framework\org.tinygroup.el\target\classes]...
2014-05-07 15:08:29,682 -1686 [file-resolver-threads-file-processor-thread-0] INFO  org.tinygroup.fileresolver.impl.FileResolverImpl  - 路径[D:\git\tiny\framework\org.tinygroup.el\target\classes]扫描完成。
2014-05-07 15:08:29,683 -1687 [file-resolver-threads-file-processor-thread-0] INFO  org.tinygroup.fileresolver.impl.FileResolverImpl  - 正在扫描路径[D:\git\tiny\framework\org.tinygroup.flow\target\classes]...
2014-05-07 15:08:29,688 -1692 [file-resolver-threads-file-processor-thread-0] INFO  org.tinygroup.fileresolver.impl.FileResolverImpl  - 路径[D:\git\tiny\framework\org.tinygroup.flow\target\classes]扫描完成。
2014-05-07 15:08:29,689 -1693 [file-resolver-threads-file-processor-thread-0] INFO  org.tinygroup.fileresolver.impl.FileResolverImpl  - 正在扫描路径[D:\git\tiny\framework\org.tinygroup.formater\target\classes]...
2014-05-07 15:08:29,691 -1695 [file-resolver-threads-file-processor-thread-0] INFO  org.tinygroup.fileresolver.impl.FileResolverImpl  - 路径[D:\git\tiny\framework\org.tinygroup.formater\target\classes]扫描完成。
2014-05-07 15:08:29,692 -1696 [file-resolver-threads-file-processor-thread-0] INFO  org.tinygroup.fileresolver.impl.FileResolverImpl  - 正在扫描路径[D:\git\tiny\framework\org.tinygroup.config\target\classes]...
2014-05-07 15:08:29,693 -1697 [file-resolver-threads-file-processor-thread-0] INFO  org.tinygroup.fileresolver.impl.FileResolverImpl  - 路径[D:\git\tiny\framework\org.tinygroup.config\target\classes]扫描完成。
2014-05-07 15:08:29,693 -1697 [file-resolver-threads-file-processor-thread-0] INFO  org.tinygroup.fileresolver.impl.FileResolverImpl  - 正在扫描路径[D:\git\tiny\framework\org.tinygroup.application\target\classes]...
2014-05-07 15:08:29,694 -1698 [file-resolver-threads-file-processor-thread-0] INFO  org.tinygroup.fileresolver.impl.FileResolverImpl  - 路径[D:\git\tiny\framework\org.tinygroup.application\target\classes]扫描完成。
2014-05-07 15:08:29,694 -1698 [file-resolver-threads-file-processor-thread-0] INFO  org.tinygroup.fileresolver.impl.FileResolverImpl  - 正在扫描路径[D:\git\tiny\framework\org.tinygroup.context2object\target\classes]...
2014-05-07 15:08:29,697 -1701 [file-resolver-threads-file-processor-thread-0] INFO  org.tinygroup.fileresolver.impl.FileResolverImpl  - 路径[D:\git\tiny\framework\org.tinygroup.context2object\target\classes]扫描完成。
2014-05-07 15:08:29,697 -1701 [file-resolver-threads-file-processor-thread-0] INFO  org.tinygroup.fileresolver.impl.FileResolverImpl  - 正在扫描路径[D:\git\tiny\framework\org.tinygroup.exception\target\classes]...
2014-05-07 15:08:29,698 -1702 [file-resolver-threads-file-processor-thread-0] INFO  org.tinygroup.fileresolver.impl.FileResolverImpl  - 路径[D:\git\tiny\framework\org.tinygroup.exception\target\classes]扫描完成。
2014-05-07 15:08:29,699 -1703 [file-resolver-threads-file-processor-thread-0] INFO  org.tinygroup.fileresolver.impl.FileResolverImpl  - 正在扫描路径[D:\git\tiny\framework\org.tinygroup.testutil\target\classes]...
2014-05-07 15:08:29,700 -1704 [file-resolver-threads-file-processor-thread-0] INFO  org.tinygroup.fileresolver.impl.FileResolverImpl  - 路径[D:\git\tiny\framework\org.tinygroup.testutil\target\classes]扫描完成。
2014-05-07 15:08:29,700 -1704 [main] INFO  org.tinygroup.fileresolver.impl.MultiThreadFileProcessor  - 线程组:<file-resolver-threads>执行时间：95
2014-05-07 15:08:29,700 -1704 [main] INFO  org.tinygroup.fileresolver.impl.AbstractFileProcessor  - 找到国际化资源配置文件[D:\git\tiny\framework\org.tinygroup.event\target\classes\i18n\cepcore_en_US.properties]，并开始加载...
2014-05-07 15:08:29,701 -1705 [main] INFO  org.tinygroup.fileresolver.impl.AbstractFileProcessor  - 国际化资源配置文件[D:\git\tiny\framework\org.tinygroup.event\target\classes\i18n\cepcore_en_US.properties]，加载完毕。
2014-05-07 15:08:29,701 -1705 [main] INFO  org.tinygroup.fileresolver.impl.AbstractFileProcessor  - 找到国际化资源配置文件[D:\git\tiny\framework\org.tinygroup.event\target\classes\i18n\cepcore_zh_CN.properties]，并开始加载...
2014-05-07 15:08:29,702 -1706 [main] INFO  org.tinygroup.fileresolver.impl.AbstractFileProcessor  - 国际化资源配置文件[D:\git\tiny\framework\org.tinygroup.event\target\classes\i18n\cepcore_zh_CN.properties]，加载完毕。
2014-05-07 15:08:29,703 -1707 [main] INFO  org.tinygroup.fileresolver.impl.AbstractFileProcessor  - 找到国际化资源配置文件[D:\git\tiny\framework\org.tinygroup.service\target\classes\i18n\service_zh_CN.properties]，并开始加载...
2014-05-07 15:08:29,703 -1707 [main] INFO  org.tinygroup.fileresolver.impl.AbstractFileProcessor  - 国际化资源配置文件[D:\git\tiny\framework\org.tinygroup.service\target\classes\i18n\service_zh_CN.properties]，加载完毕。
2014-05-07 15:08:29,704 -1708 [main] INFO  org.tinygroup.fileresolver.impl.AbstractFileProcessor  - 找到国际化资源配置文件[D:\git\tiny\framework\org.tinygroup.cepcore\target\classes\i18n\cepcore_en_US.properties]，并开始加载...
2014-05-07 15:08:29,705 -1709 [main] INFO  org.tinygroup.fileresolver.impl.AbstractFileProcessor  - 国际化资源配置文件[D:\git\tiny\framework\org.tinygroup.cepcore\target\classes\i18n\cepcore_en_US.properties]，加载完毕。
2014-05-07 15:08:29,705 -1709 [main] INFO  org.tinygroup.fileresolver.impl.AbstractFileProcessor  - 找到国际化资源配置文件[D:\git\tiny\framework\org.tinygroup.cepcore\target\classes\i18n\cepcore_zh_CN.properties]，并开始加载...
2014-05-07 15:08:29,707 -1711 [main] INFO  org.tinygroup.fileresolver.impl.AbstractFileProcessor  - 国际化资源配置文件[D:\git\tiny\framework\org.tinygroup.cepcore\target\classes\i18n\cepcore_zh_CN.properties]，加载完毕。
2014-05-07 15:08:29,707 -1711 [main] INFO  org.tinygroup.fileresolver.impl.AbstractFileProcessor  - 找到国际化资源配置文件[D:\git\tiny\framework\org.tinygroup.vfs\target\classes\i18n\vfs_en_US.properties]，并开始加载...
2014-05-07 15:08:29,708 -1712 [main] INFO  org.tinygroup.fileresolver.impl.AbstractFileProcessor  - 国际化资源配置文件[D:\git\tiny\framework\org.tinygroup.vfs\target\classes\i18n\vfs_en_US.properties]，加载完毕。
2014-05-07 15:08:29,708 -1712 [main] INFO  org.tinygroup.fileresolver.impl.AbstractFileProcessor  - 找到国际化资源配置文件[D:\git\tiny\framework\org.tinygroup.validate\target\classes\i18n\validate_zh_CN.properties]，并开始加载...
2014-05-07 15:08:29,709 -1713 [main] INFO  org.tinygroup.fileresolver.impl.AbstractFileProcessor  - 国际化资源配置文件[D:\git\tiny\framework\org.tinygroup.validate\target\classes\i18n\validate_zh_CN.properties]，加载完毕。
2014-05-07 15:08:29,709 -1713 [main] INFO  org.tinygroup.fileresolver.impl.AbstractFileProcessor  - 找到国际化资源配置文件[D:\git\tiny\framework\org.tinygroup.service\target\test-classes\i18n\exception_zh_CN.properties]，并开始加载...
2014-05-07 15:08:29,710 -1714 [main] INFO  org.tinygroup.fileresolver.impl.AbstractFileProcessor  - 国际化资源配置文件[D:\git\tiny\framework\org.tinygroup.service\target\test-classes\i18n\exception_zh_CN.properties]，加载完毕。
2014-05-07 15:08:29,710 -1714 [main] INFO  org.tinygroup.fileresolver.impl.AbstractFileProcessor  - 找到国际化资源配置文件[D:\git\tiny\framework\org.tinygroup.flow\target\classes\i18n\flow_zh_CN.properties]，并开始加载...
2014-05-07 15:08:29,711 -1715 [main] INFO  org.tinygroup.fileresolver.impl.AbstractFileProcessor  - 国际化资源配置文件[D:\git\tiny\framework\org.tinygroup.flow\target\classes\i18n\flow_zh_CN.properties]，加载完毕。
2014-05-07 15:08:29,711 -1715 [main] INFO  org.tinygroup.fileresolver.impl.AbstractFileProcessor  - 找到XStream配置文件[D:\git\tiny\framework\org.tinygroup.annotation\target\classes\annotation.xstream.xml]，并开始加载...
2014-05-07 15:08:29,754 -1758 [main] INFO  org.tinygroup.fileresolver.impl.AbstractFileProcessor  - XStream配置文件[D:\git\tiny\framework\org.tinygroup.annotation\target\classes\annotation.xstream.xml]，加载完毕。
2014-05-07 15:08:29,754 -1758 [main] INFO  org.tinygroup.fileresolver.impl.AbstractFileProcessor  - 找到XStream配置文件[D:\git\tiny\framework\org.tinygroup.event\target\classes\event.xstream.xml]，并开始加载...
2014-05-07 15:08:29,762 -1766 [main] INFO  org.tinygroup.fileresolver.impl.AbstractFileProcessor  - XStream配置文件[D:\git\tiny\framework\org.tinygroup.event\target\classes\event.xstream.xml]，加载完毕。
2014-05-07 15:08:29,763 -1767 [main] INFO  org.tinygroup.fileresolver.impl.AbstractFileProcessor  - 找到XStream配置文件[D:\git\tiny\framework\org.tinygroup.service\target\classes\service.xstream.xml]，并开始加载...
2014-05-07 15:08:29,778 -1782 [main] INFO  org.tinygroup.fileresolver.impl.AbstractFileProcessor  - XStream配置文件[D:\git\tiny\framework\org.tinygroup.service\target\classes\service.xstream.xml]，加载完毕。
2014-05-07 15:08:29,778 -1782 [main] INFO  org.tinygroup.fileresolver.impl.AbstractFileProcessor  - 找到XStream配置文件[D:\git\tiny\framework\org.tinygroup.validate\target\classes\validate.xstream.xml]，并开始加载...
2014-05-07 15:08:29,790 -1794 [main] INFO  org.tinygroup.fileresolver.impl.AbstractFileProcessor  - XStream配置文件[D:\git\tiny\framework\org.tinygroup.validate\target\classes\validate.xstream.xml]，加载完毕。
2014-05-07 15:08:29,790 -1794 [main] INFO  org.tinygroup.fileresolver.impl.AbstractFileProcessor  - 找到XStream配置文件[D:\git\tiny\framework\org.tinygroup.flow\target\classes\flow.xstream.xml]，并开始加载...
2014-05-07 15:08:29,809 -1813 [main] INFO  org.tinygroup.fileresolver.impl.AbstractFileProcessor  - XStream配置文件[D:\git\tiny\framework\org.tinygroup.flow\target\classes\flow.xstream.xml]，加载完毕。
2014-05-07 15:08:29,809 -1813 [main] INFO  org.tinygroup.fileresolver.impl.AbstractFileProcessor  - 找到XStream配置文件[D:\git\tiny\framework\org.tinygroup.context2object\target\classes\context2object.xstream.xml]，并开始加载...
2014-05-07 15:08:29,817 -1821 [main] INFO  org.tinygroup.fileresolver.impl.AbstractFileProcessor  - XStream配置文件[D:\git\tiny\framework\org.tinygroup.context2object\target\classes\context2object.xstream.xml]，加载完毕。
2014-05-07 15:08:29,827 -1831 [main] INFO  org.tinygroup.service.fileresolver.XmlServiceFileProcessor  - 正在读取Service文件[D:\git\tiny\framework\org.tinygroup.service\target\test-classes\exception.service.xml]
2014-05-07 15:08:29,833 -1837 [main] INFO  org.tinygroup.service.fileresolver.XmlServiceFileProcessor  - 读取Service文件[D:\git\tiny\framework\org.tinygroup.service\target\test-classes\exception.service.xml]结束
2014-05-07 15:08:29,833 -1837 [main] INFO  org.tinygroup.service.fileresolver.XmlServiceFileProcessor  - 正在读取Service文件[D:\git\tiny\framework\org.tinygroup.service\target\test-classes\generator.service.xml]
2014-05-07 15:08:29,837 -1841 [main] INFO  org.tinygroup.service.fileresolver.XmlServiceFileProcessor  - 读取Service文件[D:\git\tiny\framework\org.tinygroup.service\target\test-classes\generator.service.xml]结束
2014-05-07 15:08:29,837 -1841 [main] INFO  org.tinygroup.service.fileresolver.XmlServiceFileProcessor  - 正在读取Service文件[D:\git\tiny\framework\org.tinygroup.service\target\test-classes\Interface.service.xml]
2014-05-07 15:08:29,839 -1843 [main] INFO  org.tinygroup.service.fileresolver.XmlServiceFileProcessor  - 读取Service文件[D:\git\tiny\framework\org.tinygroup.service\target\test-classes\Interface.service.xml]结束
2014-05-07 15:08:29,840 -1844 [main] INFO  org.tinygroup.service.fileresolver.XmlServiceFileProcessor  - 正在读取Service文件[D:\git\tiny\framework\org.tinygroup.service\target\test-classes\UserMangerService.service.xml]
2014-05-07 15:08:29,846 -1850 [main] INFO  org.tinygroup.service.fileresolver.XmlServiceFileProcessor  - 读取Service文件[D:\git\tiny\framework\org.tinygroup.service\target\test-classes\UserMangerService.service.xml]结束
2014-05-07 15:08:29,846 -1850 [main] INFO  org.tinygroup.service.fileresolver.XmlServiceFileProcessor  - 正在读取Service文件[D:\git\tiny\framework\org.tinygroup.service\target\test-classes\validate.service.xml]
2014-05-07 15:08:29,848 -1852 [main] INFO  org.tinygroup.service.fileresolver.XmlServiceFileProcessor  - 读取Service文件[D:\git\tiny\framework\org.tinygroup.service\target\test-classes\validate.service.xml]结束
2014-05-07 15:08:29,849 -1853 [main] INFO  org.tinygroup.service.fileresolver.XmlServiceFileProcessor  - 正在注册Service
2014-05-07 15:08:29,851 -1855 [main] INFO  org.tinygroup.service.registry.impl.ServiceRegistryImpl  - 添加服务[serviceId:exception1]
2014-05-07 15:08:29,851 -1855 [main] INFO  org.tinygroup.service.registry.impl.ServiceRegistryImpl  - 添加服务[serviceId:exception2]
2014-05-07 15:08:29,852 -1856 [main] INFO  org.tinygroup.service.registry.impl.ServiceRegistryImpl  - 添加服务[serviceId:exception3]
2014-05-07 15:08:29,852 -1856 [main] INFO  org.tinygroup.service.registry.impl.ServiceRegistryImpl  - 添加服务[serviceId:exception4]
2014-05-07 15:08:29,852 -1856 [main] INFO  org.tinygroup.service.registry.impl.ServiceRegistryImpl  - 添加服务[serviceId:serviceUserObject]
2014-05-07 15:08:29,852 -1856 [main] INFO  org.tinygroup.service.registry.impl.ServiceRegistryImpl  - 添加服务[serviceId:serviceUserList]
2014-05-07 15:08:29,853 -1857 [main] INFO  org.tinygroup.service.registry.impl.ServiceRegistryImpl  - 添加服务[serviceId:serviceUserArray]
2014-05-07 15:08:29,853 -1857 [main] INFO  org.tinygroup.service.registry.impl.ServiceRegistryImpl  - 添加服务[serviceId:serviceTestInterface]
2014-05-07 15:08:29,854 -1858 [main] INFO  org.tinygroup.service.registry.impl.ServiceRegistryImpl  - 添加服务[serviceId:serviceTestInterface2]
2014-05-07 15:08:29,855 -1859 [main] INFO  org.tinygroup.service.registry.impl.ServiceRegistryImpl  - 添加服务[serviceId:serviceAddServiceUser]
2014-05-07 15:08:29,856 -1860 [main] INFO  org.tinygroup.service.registry.impl.ServiceRegistryImpl  - 添加服务[serviceId:serviceAddServiceUserByName]
2014-05-07 15:08:29,856 -1860 [main] INFO  org.tinygroup.service.registry.impl.ServiceRegistryImpl  - 添加服务[serviceId:serviceGetServiceUserAge]
2014-05-07 15:08:29,856 -1860 [main] INFO  org.tinygroup.service.registry.impl.ServiceRegistryImpl  - 添加服务[serviceId:serviceSetServiceUserAge]
2014-05-07 15:08:29,856 -1860 [main] INFO  org.tinygroup.service.registry.impl.ServiceRegistryImpl  - 添加服务[serviceId:serviceSetServiceUserAgeInt]
2014-05-07 15:08:29,856 -1860 [main] INFO  org.tinygroup.service.registry.impl.ServiceRegistryImpl  - 添加服务[serviceId:serviceSetServiceUserAgeArray]
2014-05-07 15:08:29,864 -1868 [main] INFO  org.tinygroup.service.registry.impl.ServiceRegistryImpl  - 添加服务[serviceId:validateServiceAdd]
2014-05-07 15:08:29,864 -1868 [main] INFO  org.tinygroup.service.fileresolver.XmlServiceFileProcessor  - 注册Service结束
2014-05-07 15:08:29,864 -1868 [main] INFO  org.tinygroup.fileresolver.impl.AbstractFileProcessor  - 正在加载注解配置文件[D:\git\tiny\framework\org.tinygroup.service\target\classes\service.annotation.xml]
2014-05-07 15:08:29,867 -1871 [main] INFO  org.tinygroup.fileresolver.impl.AbstractFileProcessor  - 加载注解配置文件[D:\git\tiny\framework\org.tinygroup.service\target\classes\service.annotation.xml]结束
2014-05-07 15:08:29,867 -1871 [main] INFO  org.tinygroup.fileresolver.impl.AbstractFileProcessor  - 正在加载注解配置文件[D:\git\tiny\framework\org.tinygroup.validate\target\classes\validate.annotation.xml]
2014-05-07 15:08:29,869 -1873 [main] INFO  org.tinygroup.fileresolver.impl.AbstractFileProcessor  - 加载注解配置文件[D:\git\tiny\framework\org.tinygroup.validate\target\classes\validate.annotation.xml]结束
2014-05-07 15:08:29,869 -1873 [main] INFO  org.tinygroup.fileresolver.impl.AbstractFileProcessor  - 正在加载注解配置文件[D:\git\tiny\framework\org.tinygroup.flow\target\classes\flowcomponent.annotation.xml]
2014-05-07 15:08:29,873 -1877 [main] INFO  org.tinygroup.fileresolver.impl.AbstractFileProcessor  - 加载注解配置文件[D:\git\tiny\framework\org.tinygroup.flow\target\classes\flowcomponent.annotation.xml]结束
2014-05-07 15:08:29,975 -1979 [annotation-muti-file-processor-thread-0] INFO  org.tinygroup.service.annotation.AbstractAnnotationServiceLoader  - 从org.tinygroup.service.test.service.UserManagerAnnotationService中查找ServiceAnnotation
2014-05-07 15:08:29,975 -1979 [annotation-muti-file-processor-thread-0] INFO  org.tinygroup.service.annotation.AbstractAnnotationServiceLoader  - 读取ServiceComponent: org.tinygroup.service.test.service.UserManagerAnnotationService
2014-05-07 15:08:29,980 -1984 [annotation-muti-file-processor-thread-0] INFO  org.tinygroup.service.annotation.AbstractAnnotationServiceLoader  - 开始加载方法addServiceUser为服务
2014-05-07 15:08:29,983 -1987 [annotation-muti-file-processor-thread-0] INFO  org.tinygroup.service.annotation.AbstractAnnotationServiceLoader  - 方法对应服务serviceId:serviceAddServiceUserAnnotation
2014-05-07 15:08:29,984 -1988 [annotation-muti-file-processor-thread-0] INFO  org.tinygroup.service.annotation.AbstractAnnotationServiceLoader  - 开始加载方法对应的服务入参,方法addServiceUser,服务:serviceAddServiceUserAnnotation
2014-05-07 15:08:30,050 -2054 [annotation-muti-file-processor-thread-0] INFO  org.tinygroup.service.annotation.AbstractAnnotationServiceLoader  - 加载方法对应的服务入参完毕,方法addServiceUser,服务:serviceAddServiceUserAnnotation
2014-05-07 15:08:30,050 -2054 [annotation-muti-file-processor-thread-0] INFO  org.tinygroup.service.annotation.AbstractAnnotationServiceLoader  - 开始加载方法对应的服务出参,方法addServiceUser,服务:serviceAddServiceUserAnnotation
2014-05-07 15:08:30,050 -2054 [annotation-muti-file-processor-thread-0] INFO  org.tinygroup.service.annotation.AbstractAnnotationServiceLoader  - 服务出参type:org.tinygroup.service.test.base.ServiceUser
2014-05-07 15:08:30,050 -2054 [annotation-muti-file-processor-thread-0] INFO  org.tinygroup.service.annotation.AbstractAnnotationServiceLoader  - 服务出参name:user2
2014-05-07 15:08:30,051 -2055 [annotation-muti-file-processor-thread-0] INFO  org.tinygroup.service.annotation.AbstractAnnotationServiceLoader  - 加载方法对应的服务出参完毕,方法addServiceUser,服务:serviceAddServiceUserAnnotation
2014-05-07 15:08:30,051 -2055 [annotation-muti-file-processor-thread-0] INFO  org.tinygroup.service.registry.impl.ServiceRegistryImpl  - 添加服务[serviceId:serviceAddServiceUserAnnotation]
2014-05-07 15:08:30,051 -2055 [annotation-muti-file-processor-thread-0] INFO  org.tinygroup.service.annotation.AbstractAnnotationServiceLoader  - 加载方法addServiceUser为服务完毕
2014-05-07 15:08:30,052 -2056 [annotation-muti-file-processor-thread-0] INFO  org.tinygroup.service.annotation.AbstractAnnotationServiceLoader  - 开始加载方法addServiceUser为服务
2014-05-07 15:08:30,052 -2056 [annotation-muti-file-processor-thread-0] INFO  org.tinygroup.service.annotation.AbstractAnnotationServiceLoader  - 方法对应服务serviceId:serviceAddServiceUserByNameAnnotation
2014-05-07 15:08:30,053 -2057 [annotation-muti-file-processor-thread-0] INFO  org.tinygroup.service.annotation.AbstractAnnotationServiceLoader  - 开始加载方法对应的服务入参,方法addServiceUser,服务:serviceAddServiceUserByNameAnnotation
2014-05-07 15:08:30,055 -2059 [annotation-muti-file-processor-thread-0] INFO  org.tinygroup.service.annotation.AbstractAnnotationServiceLoader  - 加载方法对应的服务入参完毕,方法addServiceUser,服务:serviceAddServiceUserByNameAnnotation
2014-05-07 15:08:30,055 -2059 [annotation-muti-file-processor-thread-0] INFO  org.tinygroup.service.annotation.AbstractAnnotationServiceLoader  - 开始加载方法对应的服务出参,方法addServiceUser,服务:serviceAddServiceUserByNameAnnotation
2014-05-07 15:08:30,055 -2059 [annotation-muti-file-processor-thread-0] INFO  org.tinygroup.service.annotation.AbstractAnnotationServiceLoader  - 服务出参type:org.tinygroup.service.test.base.ServiceUser
2014-05-07 15:08:30,055 -2059 [annotation-muti-file-processor-thread-0] INFO  org.tinygroup.service.annotation.AbstractAnnotationServiceLoader  - 服务出参name:user2
2014-05-07 15:08:30,056 -2060 [annotation-muti-file-processor-thread-0] INFO  org.tinygroup.service.annotation.AbstractAnnotationServiceLoader  - 加载方法对应的服务出参完毕,方法addServiceUser,服务:serviceAddServiceUserByNameAnnotation
2014-05-07 15:08:30,056 -2060 [annotation-muti-file-processor-thread-0] INFO  org.tinygroup.service.registry.impl.ServiceRegistryImpl  - 添加服务[serviceId:serviceAddServiceUserByNameAnnotation]
2014-05-07 15:08:30,056 -2060 [annotation-muti-file-processor-thread-0] INFO  org.tinygroup.service.annotation.AbstractAnnotationServiceLoader  - 加载方法addServiceUser为服务完毕
2014-05-07 15:08:30,057 -2061 [annotation-muti-file-processor-thread-0] INFO  org.tinygroup.service.annotation.AbstractAnnotationServiceLoader  - 开始加载方法setServiceUserAge为服务
2014-05-07 15:08:30,058 -2062 [annotation-muti-file-processor-thread-0] INFO  org.tinygroup.service.annotation.AbstractAnnotationServiceLoader  - 方法对应服务serviceId:serviceSetServiceUserAgeIntAnnotation
2014-05-07 15:08:30,059 -2063 [annotation-muti-file-processor-thread-0] INFO  org.tinygroup.service.annotation.AbstractAnnotationServiceLoader  - 开始加载方法对应的服务入参,方法setServiceUserAge,服务:serviceSetServiceUserAgeIntAnnotation
2014-05-07 15:08:30,060 -2064 [annotation-muti-file-processor-thread-0] INFO  org.tinygroup.service.annotation.AbstractAnnotationServiceLoader  - 加载方法对应的服务入参完毕,方法setServiceUserAge,服务:serviceSetServiceUserAgeIntAnnotation
2014-05-07 15:08:30,061 -2065 [annotation-muti-file-processor-thread-0] INFO  org.tinygroup.service.annotation.AbstractAnnotationServiceLoader  - 开始加载方法对应的服务出参,方法setServiceUserAge,服务:serviceSetServiceUserAgeIntAnnotation
2014-05-07 15:08:30,061 -2065 [annotation-muti-file-processor-thread-0] INFO  org.tinygroup.service.annotation.AbstractAnnotationServiceLoader  - 服务出参type:void
2014-05-07 15:08:30,061 -2065 [annotation-muti-file-processor-thread-0] INFO  org.tinygroup.service.annotation.AbstractAnnotationServiceLoader  - 服务出参未配置
2014-05-07 15:08:30,061 -2065 [annotation-muti-file-processor-thread-0] INFO  org.tinygroup.service.annotation.AbstractAnnotationServiceLoader  - 加载方法对应的服务出参完毕,方法setServiceUserAge,服务:serviceSetServiceUserAgeIntAnnotation
2014-05-07 15:08:30,062 -2066 [annotation-muti-file-processor-thread-0] INFO  org.tinygroup.service.registry.impl.ServiceRegistryImpl  - 添加服务[serviceId:serviceSetServiceUserAgeIntAnnotation]
2014-05-07 15:08:30,062 -2066 [annotation-muti-file-processor-thread-0] INFO  org.tinygroup.service.annotation.AbstractAnnotationServiceLoader  - 加载方法setServiceUserAge为服务完毕
2014-05-07 15:08:30,062 -2066 [annotation-muti-file-processor-thread-0] INFO  org.tinygroup.service.annotation.AbstractAnnotationServiceLoader  - 开始加载方法setServiceUserAge为服务
2014-05-07 15:08:30,063 -2067 [annotation-muti-file-processor-thread-0] INFO  org.tinygroup.service.annotation.AbstractAnnotationServiceLoader  - 方法对应服务serviceId:serviceSetServiceUserAgeArrayAnnotation
2014-05-07 15:08:30,064 -2068 [annotation-muti-file-processor-thread-0] INFO  org.tinygroup.service.annotation.AbstractAnnotationServiceLoader  - 开始加载方法对应的服务入参,方法setServiceUserAge,服务:serviceSetServiceUserAgeArrayAnnotation
2014-05-07 15:08:30,065 -2069 [annotation-muti-file-processor-thread-0] INFO  org.tinygroup.service.annotation.AbstractAnnotationServiceLoader  - 加载方法对应的服务入参完毕,方法setServiceUserAge,服务:serviceSetServiceUserAgeArrayAnnotation
2014-05-07 15:08:30,065 -2069 [annotation-muti-file-processor-thread-0] INFO  org.tinygroup.service.annotation.AbstractAnnotationServiceLoader  - 开始加载方法对应的服务出参,方法setServiceUserAge,服务:serviceSetServiceUserAgeArrayAnnotation
2014-05-07 15:08:30,066 -2070 [annotation-muti-file-processor-thread-0] INFO  org.tinygroup.service.annotation.AbstractAnnotationServiceLoader  - 服务出参type:int
2014-05-07 15:08:30,066 -2070 [annotation-muti-file-processor-thread-0] INFO  org.tinygroup.service.annotation.AbstractAnnotationServiceLoader  - 服务出参name:length
2014-05-07 15:08:30,066 -2070 [annotation-muti-file-processor-thread-0] INFO  org.tinygroup.service.annotation.AbstractAnnotationServiceLoader  - 加载方法对应的服务出参完毕,方法setServiceUserAge,服务:serviceSetServiceUserAgeArrayAnnotation
2014-05-07 15:08:30,066 -2070 [annotation-muti-file-processor-thread-0] INFO  org.tinygroup.service.registry.impl.ServiceRegistryImpl  - 添加服务[serviceId:serviceSetServiceUserAgeArrayAnnotation]
2014-05-07 15:08:30,067 -2071 [annotation-muti-file-processor-thread-0] INFO  org.tinygroup.service.annotation.AbstractAnnotationServiceLoader  - 加载方法setServiceUserAge为服务完毕
2014-05-07 15:08:30,067 -2071 [annotation-muti-file-processor-thread-0] INFO  org.tinygroup.service.annotation.AbstractAnnotationServiceLoader  - 开始加载方法setServiceUserAge为服务
2014-05-07 15:08:30,067 -2071 [annotation-muti-file-processor-thread-0] INFO  org.tinygroup.service.annotation.AbstractAnnotationServiceLoader  - 方法对应服务serviceId:serviceSetServiceUserAgeAnnotation
2014-05-07 15:08:30,068 -2072 [annotation-muti-file-processor-thread-0] INFO  org.tinygroup.service.annotation.AbstractAnnotationServiceLoader  - 开始加载方法对应的服务入参,方法setServiceUserAge,服务:serviceSetServiceUserAgeAnnotation
2014-05-07 15:08:30,069 -2073 [annotation-muti-file-processor-thread-0] INFO  org.tinygroup.service.annotation.AbstractAnnotationServiceLoader  - 加载方法对应的服务入参完毕,方法setServiceUserAge,服务:serviceSetServiceUserAgeAnnotation
2014-05-07 15:08:30,069 -2073 [annotation-muti-file-processor-thread-0] INFO  org.tinygroup.service.annotation.AbstractAnnotationServiceLoader  - 开始加载方法对应的服务出参,方法setServiceUserAge,服务:serviceSetServiceUserAgeAnnotation
2014-05-07 15:08:30,069 -2073 [annotation-muti-file-processor-thread-0] INFO  org.tinygroup.service.annotation.AbstractAnnotationServiceLoader  - 服务出参type:int
2014-05-07 15:08:30,069 -2073 [annotation-muti-file-processor-thread-0] INFO  org.tinygroup.service.annotation.AbstractAnnotationServiceLoader  - 服务出参name:i
2014-05-07 15:08:30,070 -2074 [annotation-muti-file-processor-thread-0] INFO  org.tinygroup.service.annotation.AbstractAnnotationServiceLoader  - 加载方法对应的服务出参完毕,方法setServiceUserAge,服务:serviceSetServiceUserAgeAnnotation
2014-05-07 15:08:30,070 -2074 [annotation-muti-file-processor-thread-0] INFO  org.tinygroup.service.registry.impl.ServiceRegistryImpl  - 添加服务[serviceId:serviceSetServiceUserAgeAnnotation]
2014-05-07 15:08:30,070 -2074 [annotation-muti-file-processor-thread-0] INFO  org.tinygroup.service.annotation.AbstractAnnotationServiceLoader  - 加载方法setServiceUserAge为服务完毕
2014-05-07 15:08:30,071 -2075 [annotation-muti-file-processor-thread-0] INFO  org.tinygroup.service.annotation.AbstractAnnotationServiceLoader  - 开始加载方法addServiceUserList为服务
2014-05-07 15:08:30,071 -2075 [annotation-muti-file-processor-thread-0] INFO  org.tinygroup.service.annotation.AbstractAnnotationServiceLoader  - 方法对应服务serviceId:serviceAddServiceUserListAnnotation
2014-05-07 15:08:30,072 -2076 [annotation-muti-file-processor-thread-0] INFO  org.tinygroup.service.annotation.AbstractAnnotationServiceLoader  - 开始加载方法对应的服务入参,方法addServiceUserList,服务:serviceAddServiceUserListAnnotation
2014-05-07 15:08:30,073 -2077 [annotation-muti-file-processor-thread-0] INFO  org.tinygroup.service.annotation.AbstractAnnotationServiceLoader  - 加载方法对应的服务入参完毕,方法addServiceUserList,服务:serviceAddServiceUserListAnnotation
2014-05-07 15:08:30,073 -2077 [annotation-muti-file-processor-thread-0] INFO  org.tinygroup.service.annotation.AbstractAnnotationServiceLoader  - 开始加载方法对应的服务出参,方法addServiceUserList,服务:serviceAddServiceUserListAnnotation
2014-05-07 15:08:30,073 -2077 [annotation-muti-file-processor-thread-0] INFO  org.tinygroup.service.annotation.AbstractAnnotationServiceLoader  - 服务出参type:java.util.List
2014-05-07 15:08:30,074 -2078 [annotation-muti-file-processor-thread-0] INFO  org.tinygroup.service.annotation.AbstractAnnotationServiceLoader  - 服务出参name:userList
2014-05-07 15:08:30,074 -2078 [annotation-muti-file-processor-thread-0] INFO  org.tinygroup.service.annotation.AbstractAnnotationServiceLoader  - 加载方法对应的服务出参完毕,方法addServiceUserList,服务:serviceAddServiceUserListAnnotation
2014-05-07 15:08:30,074 -2078 [annotation-muti-file-processor-thread-0] INFO  org.tinygroup.service.registry.impl.ServiceRegistryImpl  - 添加服务[serviceId:serviceAddServiceUserListAnnotation]
2014-05-07 15:08:30,075 -2079 [annotation-muti-file-processor-thread-0] INFO  org.tinygroup.service.annotation.AbstractAnnotationServiceLoader  - 加载方法addServiceUserList为服务完毕
2014-05-07 15:08:30,075 -2079 [annotation-muti-file-processor-thread-0] INFO  org.tinygroup.service.annotation.AbstractAnnotationServiceLoader  - 开始加载方法addServiceUserNoResultName为服务
2014-05-07 15:08:30,078 -2082 [annotation-muti-file-processor-thread-0] INFO  org.tinygroup.service.annotation.AbstractAnnotationServiceLoader  - 方法对应服务serviceId:userManagerAnnotationService.addServiceUserNoResultName
2014-05-07 15:08:30,079 -2083 [annotation-muti-file-processor-thread-0] INFO  org.tinygroup.service.annotation.AbstractAnnotationServiceLoader  - 开始加载方法对应的服务入参,方法addServiceUserNoResultName,服务:userManagerAnnotationService.addServiceUserNoResultName
2014-05-07 15:08:30,079 -2083 [annotation-muti-file-processor-thread-0] INFO  org.tinygroup.service.annotation.AbstractAnnotationServiceLoader  - 加载方法对应的服务入参完毕,方法addServiceUserNoResultName,服务:userManagerAnnotationService.addServiceUserNoResultName
2014-05-07 15:08:30,080 -2084 [annotation-muti-file-processor-thread-0] INFO  org.tinygroup.service.annotation.AbstractAnnotationServiceLoader  - 开始加载方法对应的服务出参,方法addServiceUserNoResultName,服务:userManagerAnnotationService.addServiceUserNoResultName
2014-05-07 15:08:30,080 -2084 [annotation-muti-file-processor-thread-0] INFO  org.tinygroup.service.annotation.AbstractAnnotationServiceLoader  - 服务出参type:org.tinygroup.service.test.base.ServiceUser
2014-05-07 15:08:30,080 -2084 [annotation-muti-file-processor-thread-0] INFO  org.tinygroup.service.annotation.AbstractAnnotationServiceLoader  - 服务出参name:userManagerAnnotationService_addServiceUserNoResultName_result
2014-05-07 15:08:30,080 -2084 [annotation-muti-file-processor-thread-0] INFO  org.tinygroup.service.annotation.AbstractAnnotationServiceLoader  - 加载方法对应的服务出参完毕,方法addServiceUserNoResultName,服务:userManagerAnnotationService.addServiceUserNoResultName
2014-05-07 15:08:30,081 -2085 [annotation-muti-file-processor-thread-0] INFO  org.tinygroup.service.registry.impl.ServiceRegistryImpl  - 添加服务[serviceId:userManagerAnnotationService.addServiceUserNoResultName]
2014-05-07 15:08:30,081 -2085 [annotation-muti-file-processor-thread-0] INFO  org.tinygroup.service.annotation.AbstractAnnotationServiceLoader  - 加载方法addServiceUserNoResultName为服务完毕
2014-05-07 15:08:30,089 -2093 [main] INFO  org.tinygroup.fileresolver.impl.MultiThreadFileProcessor  - 线程组:<annotation-muti>执行时间：208
2014-05-07 15:08:30,098 -2102 [main] INFO  org.tinygroup.context2object.fileresolver.GeneratorFileProcessor  - 开始读取generator配置文件:context2object.generatorconfig.xml
2014-05-07 15:08:30,101 -2105 [main] INFO  org.tinygroup.context2object.fileresolver.GeneratorFileProcessor  - 开始读取generator配置TypeConverter
2014-05-07 15:08:30,101 -2105 [main] INFO  org.tinygroup.context2object.fileresolver.GeneratorFileProcessor  - 处理TypeConverter,beanName:,className:org.tinygroup.context2object.impl.BigDecimalConverter
2014-05-07 15:08:30,102 -2106 [main] INFO  org.tinygroup.context2object.fileresolver.GeneratorFileProcessor  - 读取generator配置TypeConverter完成
2014-05-07 15:08:30,103 -2107 [main] INFO  org.tinygroup.context2object.fileresolver.GeneratorFileProcessor  - 开始读取generator配置TypeCreator
2014-05-07 15:08:30,103 -2107 [main] INFO  org.tinygroup.context2object.fileresolver.GeneratorFileProcessor  - 处理TypeCreator,beanName:,className:org.tinygroup.context2object.impl.ListTypeCreator
2014-05-07 15:08:30,104 -2108 [main] INFO  org.tinygroup.context2object.fileresolver.GeneratorFileProcessor  - 读取generator配置TypeCreator完成
2014-05-07 15:08:30,104 -2108 [main] INFO  org.tinygroup.context2object.fileresolver.GeneratorFileProcessor  - 读取generator配置文件:context2object.generatorconfig.xml完成
2014-05-07 15:08:30,260 -2264 [main] INFO  org.tinygroup.fileresolver.impl.FileResolverImpl  - 全路径扫描完成。
2014-05-07 15:08:30,260 -2264 [main] INFO  org.tinygroup.application.impl.ApplicationDefault  - 应用处理器class org.tinygroup.fileresolver.applicationprocessor.FileResolverProcessor启动完毕。
2014-05-07 15:08:30,261 -2265 [main] INFO  org.tinygroup.cepcore.aop.impl.CEPCoreAopManagerImpl  - 初始化AOP,bean:requestParamValidate,position:before-local
2014-05-07 15:08:30,271 -2275 [main] INFO  org.tinygroup.cepcore.aop.impl.CEPCoreAopManagerImpl  - 初始化AOP,bean:requestParamValidate,position:before-local完成
2014-05-07 15:08:30,272 -2276 [main] INFO  org.tinygroup.cepcore.impl.CEPcoreImpl  - 注册事件处理器[id:org.tinygroup.service.util.EventProcessorForValidate]
2014-05-07 15:08:30,275 -2279 [main] WARN  org.tinygroup.context2object.impl.ClassNameObjectGenerator  - No bean named 'user' is defined
2014-05-07 15:08:30,287 -2291 [main] WARN  org.tinygroup.context2object.impl.ClassNameObjectGenerator  - No bean named 'user' is defined
2014-05-07 15:08:30,296 -2300 [main] INFO  org.tinygroup.service.test.service.UserManagerAnnotationService  - 添加了一名新用户testName(对象添加)
2014-05-07 15:08:30,301 -2305 [main] WARN  org.tinygroup.context2object.impl.ClassNameObjectGenerator  - No bean named 'user' is defined
2014-05-07 15:08:30,302 -2306 [main] INFO  org.tinygroup.service.test.service.UserManagerAnnotationService  - 参数未传递,自行创建新用户user2
2014-05-07 15:08:30,302 -2306 [main] INFO  org.tinygroup.service.test.service.UserManagerAnnotationService  - 添加了一名新用户user2(对象添加)
2014-05-07 15:08:30,304 -2308 [main] INFO  org.tinygroup.service.test.service.UserManagerAnnotationService  - 
2014-05-07 15:08:30,305 -2309 [main] INFO  org.tinygroup.service.test.service.UserManagerAnnotationService  - 设置用户testuser的年龄为1(Integer调用)
2014-05-07 15:08:30,305 -2309 [main] INFO  org.tinygroup.service.test.service.UserManagerAnnotationService  - 
2014-05-07 15:08:30,306 -2310 [main] INFO  org.tinygroup.service.test.service.UserManagerAnnotationService  - 设置用户testuser的年龄为1(Integer调用)
2014-05-07 15:08:30,306 -2310 [main] INFO  org.tinygroup.service.test.service.UserManagerAnnotationService  - 设置用户null的年龄为0(Integer调用)
2014-05-07 15:08:30,308 -2312 [main] INFO  org.tinygroup.service.test.service.UserManagerService  - 添加了一名新用户testName(对象添加)
2014-05-07 15:08:30,308 -2312 [main] WARN  org.tinygroup.context2object.impl.ClassNameObjectGenerator  - No bean named 'user' is defined
2014-05-07 15:08:30,309 -2313 [main] INFO  org.tinygroup.service.test.service.UserManagerService  - 参数未传递,自行创建新用户user2
2014-05-07 15:08:30,310 -2314 [main] INFO  org.tinygroup.service.test.service.UserManagerService  - 添加了一名新用户user2(对象添加)
2014-05-07 15:08:30,310 -2314 [main] INFO  org.tinygroup.service.test.service.UserManagerService  - 设置用户testuser的年龄为1(Integer调用)
2014-05-07 15:08:30,311 -2315 [main] INFO  org.tinygroup.service.test.service.UserManagerService  - 
2014-05-07 15:08:30,312 -2316 [main] INFO  org.tinygroup.service.test.service.UserManagerService  - 设置用户testuser的年龄为1(Integer调用)
2014-05-07 15:08:30,312 -2316 [main] INFO  org.tinygroup.service.test.service.UserManagerService  - 设置用户null的年龄为0(Integer调用)
2014-05-07 15:08:30,379 -2383 [main] INFO  org.tinygroup.cepcore.impl.CEPcoreImpl  - CEP开始处理请求:serviceId:validateServiceAdd
2014-05-07 15:08:30,380 -2384 [main] INFO  org.tinygroup.cepcore.impl.CEPcoreImpl  - 当前请求指定的执行节点为:null
2014-05-07 15:08:30,387 -2391 [main] INFO  org.tinygroup.cepcore.impl.CEPcoreImpl  - CEP开始处理请求:serviceId:validateServiceAdd
2014-05-07 15:08:30,388 -2392 [main] INFO  org.tinygroup.cepcore.impl.CEPcoreImpl  - 当前请求指定的执行节点为:null
2014-05-07 15:08:30,390 -2394 [main] INFO  org.tinygroup.cepcore.impl.CEPcoreImpl  - CEP开始处理请求:serviceId:validateServiceAdd
2014-05-07 15:08:30,390 -2394 [main] INFO  org.tinygroup.cepcore.impl.CEPcoreImpl  - 当前请求指定的执行节点为:null
2014-05-07 15:08:30,392 -2396 [main] INFO  org.tinygroup.cepcore.impl.CEPcoreImpl  - CEP开始处理请求:serviceId:validateServiceAdd
2014-05-07 15:08:30,392 -2396 [main] INFO  org.tinygroup.cepcore.impl.CEPcoreImpl  - 当前请求指定的执行节点为:null
