2014-05-24 08:10:04,157 -0    [main] WARN  org.apache.commons.httpclient.HttpMethodBase  - Cookie rejected: "$Version=0; __cfduid=d5e1f5ed7b71b236b4c23f9737b6159051400890203835; $Path=/; $Domain=.envirra.com". Illegal domain attribute ".envirra.com". Domain of origin: "envirra.com"
2014-05-24 08:10:04,159 -2    [main] WARN  org.apache.commons.httpclient.HttpMethodBase  - Going to buffer response body of large or unknown size. Using getResponseBodyAsStream instead is recommended.
2014-05-24 08:10:04,303 -146  [main] WARN  org.apache.commons.httpclient.HttpMethodBase  - Cookie rejected: "$Version=0; __cfduid=dbc1e46c201c62f0081653baa15292c551400890203986; $Path=/; $Domain=.envirra.com". Illegal domain attribute ".envirra.com". Domain of origin: "envirra.com"
2014-05-24 08:10:04,303 -146  [main] WARN  org.apache.commons.httpclient.HttpMethodBase  - Going to buffer response body of large or unknown size. Using getResponseBodyAsStream instead is recommended.
2014-05-24 08:10:04,445 -288  [main] WARN  org.apache.commons.httpclient.HttpMethodBase  - Cookie rejected: "$Version=0; __cfduid=dbb248e41a1a48f791f1bd9e6be283cb61400890204128; $Path=/; $Domain=.envirra.com". Illegal domain attribute ".envirra.com". Domain of origin: "envirra.com"
2014-05-24 08:10:04,446 -289  [main] WARN  org.apache.commons.httpclient.HttpMethodBase  - Going to buffer response body of large or unknown size. Using getResponseBodyAsStream instead is recommended.
2014-05-24 08:10:04,622 -465  [main] WARN  org.apache.commons.httpclient.HttpMethodBase  - Cookie rejected: "$Version=0; __cfduid=d85d15ba0ac69f4cdd309fcd21f71fc251400890204305; $Path=/; $Domain=.envirra.com". Illegal domain attribute ".envirra.com". Domain of origin: "envirra.com"
2014-05-24 08:10:04,622 -465  [main] WARN  org.apache.commons.httpclient.HttpMethodBase  - Going to buffer response body of large or unknown size. Using getResponseBodyAsStream instead is recommended.
2014-05-24 08:10:04,774 -617  [main] WARN  org.apache.commons.httpclient.HttpMethodBase  - Cookie rejected: "$Version=0; __cfduid=d3c36587c1cbab0701282d3767fd0207a1400890204447; $Path=/; $Domain=.envirra.com". Illegal domain attribute ".envirra.com". Domain of origin: "envirra.com"
2014-05-24 08:10:04,775 -618  [main] WARN  org.apache.commons.httpclient.HttpMethodBase  - Going to buffer response body of large or unknown size. Using getResponseBodyAsStream instead is recommended.
2014-05-24 08:10:04,928 -771  [main] WARN  org.apache.commons.httpclient.HttpMethodBase  - Cookie rejected: "$Version=0; __cfduid=d8e7e0b5aeb7631a3731d4785bae1c4e61400890204608; $Path=/; $Domain=.envirra.com". Illegal domain attribute ".envirra.com". Domain of origin: "envirra.com"
2014-05-24 08:10:04,928 -771  [main] WARN  org.apache.commons.httpclient.HttpMethodBase  - Going to buffer response body of large or unknown size. Using getResponseBodyAsStream instead is recommended.
2014-05-24 08:10:05,085 -928  [main] WARN  org.apache.commons.httpclient.HttpMethodBase  - Cookie rejected: "$Version=0; __cfduid=d8f5bd38b1fd5fc90f308924470940a691400890204767; $Path=/; $Domain=.envirra.com". Illegal domain attribute ".envirra.com". Domain of origin: "envirra.com"
2014-05-24 08:10:05,086 -929  [main] WARN  org.apache.commons.httpclient.HttpMethodBase  - Going to buffer response body of large or unknown size. Using getResponseBodyAsStream instead is recommended.
2014-05-24 08:10:05,229 -1072 [main] WARN  org.apache.commons.httpclient.HttpMethodBase  - Cookie rejected: "$Version=0; __cfduid=de7fd1d09686877b449bc5797a321d76b1400890204910; $Path=/; $Domain=.envirra.com". Illegal domain attribute ".envirra.com". Domain of origin: "envirra.com"
2014-05-24 08:10:05,230 -1073 [main] WARN  org.apache.commons.httpclient.HttpMethodBase  - Going to buffer response body of large or unknown size. Using getResponseBodyAsStream instead is recommended.
2014-05-24 08:10:05,403 -1246 [main] WARN  org.apache.commons.httpclient.HttpMethodBase  - Cookie rejected: "$Version=0; __cfduid=dc9121c770362b4c0c8d59cb71faa06e81400890205078; $Path=/; $Domain=.envirra.com". Illegal domain attribute ".envirra.com". Domain of origin: "envirra.com"
2014-05-24 08:10:05,403 -1246 [main] WARN  org.apache.commons.httpclient.HttpMethodBase  - Going to buffer response body of large or unknown size. Using getResponseBodyAsStream instead is recommended.
2014-05-24 08:10:05,578 -1421 [main] WARN  org.apache.commons.httpclient.HttpMethodBase  - Cookie rejected: "$Version=0; __cfduid=d62d701d64e48ba8162bcd90f49b4f13c1400890205258; $Path=/; $Domain=.envirra.com". Illegal domain attribute ".envirra.com". Domain of origin: "envirra.com"
2014-05-24 08:10:05,578 -1421 [main] WARN  org.apache.commons.httpclient.HttpMethodBase  - Going to buffer response body of large or unknown size. Using getResponseBodyAsStream instead is recommended.
2014-05-24 08:10:05,905 -1748 [main] WARN  org.apache.commons.httpclient.HttpMethodBase  - Cookie rejected: "$Version=0; __cfduid=df1e8117ff5b8f42893da9bd11edab7761400890205587; $Path=/; $Domain=.envirra.com". Illegal domain attribute ".envirra.com". Domain of origin: "envirra.com"
2014-05-24 08:10:05,905 -1748 [main] WARN  org.apache.commons.httpclient.HttpMethodBase  - Going to buffer response body of large or unknown size. Using getResponseBodyAsStream instead is recommended.
2014-05-24 08:10:06,221 -2064 [main] WARN  org.apache.commons.httpclient.HttpMethodBase  - Cookie rejected: "$Version=0; __cfduid=d3d02f6b186c6cee4ea8524bd9bdf096f1400890205906; $Path=/; $Domain=.envirra.com". Illegal domain attribute ".envirra.com". Domain of origin: "envirra.com"
2014-05-24 08:10:06,222 -2065 [main] WARN  org.apache.commons.httpclient.HttpMethodBase  - Going to buffer response body of large or unknown size. Using getResponseBodyAsStream instead is recommended.
2014-05-24 08:10:06,374 -2217 [main] WARN  org.apache.commons.httpclient.HttpMethodBase  - Cookie rejected: "$Version=0; __cfduid=d8dc7d713e677aa6d61f3ec8b7c2917db1400890206049; $Path=/; $Domain=.envirra.com". Illegal domain attribute ".envirra.com". Domain of origin: "envirra.com"
2014-05-24 08:10:06,375 -2218 [main] WARN  org.apache.commons.httpclient.HttpMethodBase  - Going to buffer response body of large or unknown size. Using getResponseBodyAsStream instead is recommended.
2014-05-24 08:10:06,518 -2361 [main] WARN  org.apache.commons.httpclient.HttpMethodBase  - Cookie rejected: "$Version=0; __cfduid=d442dec1c0d60863eeb303d2b245405921400890206202; $Path=/; $Domain=.envirra.com". Illegal domain attribute ".envirra.com". Domain of origin: "envirra.com"
2014-05-24 08:10:06,519 -2362 [main] WARN  org.apache.commons.httpclient.HttpMethodBase  - Going to buffer response body of large or unknown size. Using getResponseBodyAsStream instead is recommended.
2014-05-24 08:10:06,665 -2508 [main] WARN  org.apache.commons.httpclient.HttpMethodBase  - Cookie rejected: "$Version=0; __cfduid=de4b51f62995d6377413b17db67e2a7b81400890206349; $Path=/; $Domain=.envirra.com". Illegal domain attribute ".envirra.com". Domain of origin: "envirra.com"
2014-05-24 08:10:06,665 -2508 [main] WARN  org.apache.commons.httpclient.HttpMethodBase  - Going to buffer response body of large or unknown size. Using getResponseBodyAsStream instead is recommended.
2014-05-24 08:10:06,815 -2658 [main] WARN  org.apache.commons.httpclient.HttpMethodBase  - Cookie rejected: "$Version=0; __cfduid=df36bc9c34109a4587282354ad6ca79bb1400890206490; $Path=/; $Domain=.envirra.com". Illegal domain attribute ".envirra.com". Domain of origin: "envirra.com"
2014-05-24 08:10:06,815 -2658 [main] WARN  org.apache.commons.httpclient.HttpMethodBase  - Going to buffer response body of large or unknown size. Using getResponseBodyAsStream instead is recommended.
2014-05-24 08:10:06,958 -2801 [main] WARN  org.apache.commons.httpclient.HttpMethodBase  - Cookie rejected: "$Version=0; __cfduid=d6a9466836868701db4d3903f82e00ead1400890206640; $Path=/; $Domain=.envirra.com". Illegal domain attribute ".envirra.com". Domain of origin: "envirra.com"
2014-05-24 08:10:06,959 -2802 [main] WARN  org.apache.commons.httpclient.HttpMethodBase  - Going to buffer response body of large or unknown size. Using getResponseBodyAsStream instead is recommended.
2014-05-24 08:10:07,108 -2951 [main] WARN  org.apache.commons.httpclient.HttpMethodBase  - Cookie rejected: "$Version=0; __cfduid=d844bf83c7d4ee0b78f5c330e295341df1400890206784; $Path=/; $Domain=.envirra.com". Illegal domain attribute ".envirra.com". Domain of origin: "envirra.com"
2014-05-24 08:10:07,108 -2951 [main] WARN  org.apache.commons.httpclient.HttpMethodBase  - Going to buffer response body of large or unknown size. Using getResponseBodyAsStream instead is recommended.
2014-05-24 08:10:07,253 -3096 [main] WARN  org.apache.commons.httpclient.HttpMethodBase  - Cookie rejected: "$Version=0; __cfduid=d888731d7d82393cba0d659cb37a4612a1400890206935; $Path=/; $Domain=.envirra.com". Illegal domain attribute ".envirra.com". Domain of origin: "envirra.com"
2014-05-24 08:10:07,253 -3096 [main] WARN  org.apache.commons.httpclient.HttpMethodBase  - Going to buffer response body of large or unknown size. Using getResponseBodyAsStream instead is recommended.
2014-05-24 08:10:07,411 -3254 [main] WARN  org.apache.commons.httpclient.HttpMethodBase  - Cookie rejected: "$Version=0; __cfduid=d875b7c0e310fb61dbbf2451592f8b24c1400890207084; $Path=/; $Domain=.envirra.com". Illegal domain attribute ".envirra.com". Domain of origin: "envirra.com"
2014-05-24 08:10:07,412 -3255 [main] WARN  org.apache.commons.httpclient.HttpMethodBase  - Going to buffer response body of large or unknown size. Using getResponseBodyAsStream instead is recommended.
2014-05-24 08:10:07,554 -3397 [main] WARN  org.apache.commons.httpclient.HttpMethodBase  - Cookie rejected: "$Version=0; __cfduid=d42d7721d3dc3898ddb15ce3f9e6f1aab1400890207237; $Path=/; $Domain=.envirra.com". Illegal domain attribute ".envirra.com". Domain of origin: "envirra.com"
2014-05-24 08:10:07,554 -3397 [main] WARN  org.apache.commons.httpclient.HttpMethodBase  - Going to buffer response body of large or unknown size. Using getResponseBodyAsStream instead is recommended.
2014-05-24 08:10:07,704 -3547 [main] WARN  org.apache.commons.httpclient.HttpMethodBase  - Cookie rejected: "$Version=0; __cfduid=de566f3e7be273217299624252d5aa7f01400890207380; $Path=/; $Domain=.envirra.com". Illegal domain attribute ".envirra.com". Domain of origin: "envirra.com"
2014-05-24 08:10:07,704 -3547 [main] WARN  org.apache.commons.httpclient.HttpMethodBase  - Going to buffer response body of large or unknown size. Using getResponseBodyAsStream instead is recommended.
2014-05-24 08:10:07,847 -3690 [main] WARN  org.apache.commons.httpclient.HttpMethodBase  - Cookie rejected: "$Version=0; __cfduid=d3aecb1aa100322c89063cc67773a5ea41400890207532; $Path=/; $Domain=.envirra.com". Illegal domain attribute ".envirra.com". Domain of origin: "envirra.com"
2014-05-24 08:10:07,848 -3691 [main] WARN  org.apache.commons.httpclient.HttpMethodBase  - Going to buffer response body of large or unknown size. Using getResponseBodyAsStream instead is recommended.
2014-05-24 08:10:08,000 -3843 [main] WARN  org.apache.commons.httpclient.HttpMethodBase  - Cookie rejected: "$Version=0; __cfduid=d439313a6b768502b454eee7e479b00ba1400890207678; $Path=/; $Domain=.envirra.com". Illegal domain attribute ".envirra.com". Domain of origin: "envirra.com"
2014-05-24 08:10:08,001 -3844 [main] WARN  org.apache.commons.httpclient.HttpMethodBase  - Going to buffer response body of large or unknown size. Using getResponseBodyAsStream instead is recommended.
2014-05-24 08:10:08,161 -4004 [main] WARN  org.apache.commons.httpclient.HttpMethodBase  - Cookie rejected: "$Version=0; __cfduid=d0392a0ddf779fa78d51061765d76faa71400890207836; $Path=/; $Domain=.envirra.com". Illegal domain attribute ".envirra.com". Domain of origin: "envirra.com"
2014-05-24 08:10:08,162 -4005 [main] WARN  org.apache.commons.httpclient.HttpMethodBase  - Going to buffer response body of large or unknown size. Using getResponseBodyAsStream instead is recommended.
2014-05-24 08:10:08,315 -4158 [main] WARN  org.apache.commons.httpclient.HttpMethodBase  - Cookie rejected: "$Version=0; __cfduid=d379c8ac27d8e56f1e65e2dab5a9439301400890207987; $Path=/; $Domain=.envirra.com". Illegal domain attribute ".envirra.com". Domain of origin: "envirra.com"
2014-05-24 08:10:08,316 -4159 [main] WARN  org.apache.commons.httpclient.HttpMethodBase  - Going to buffer response body of large or unknown size. Using getResponseBodyAsStream instead is recommended.
2014-05-24 08:10:08,460 -4303 [main] WARN  org.apache.commons.httpclient.HttpMethodBase  - Cookie rejected: "$Version=0; __cfduid=d413d88790f0c43c3160e371c774c70671400890208141; $Path=/; $Domain=.envirra.com". Illegal domain attribute ".envirra.com". Domain of origin: "envirra.com"
2014-05-24 08:10:08,460 -4303 [main] WARN  org.apache.commons.httpclient.HttpMethodBase  - Going to buffer response body of large or unknown size. Using getResponseBodyAsStream instead is recommended.
2014-05-24 08:10:08,608 -4451 [main] WARN  org.apache.commons.httpclient.HttpMethodBase  - Cookie rejected: "$Version=0; __cfduid=d70aa0e28970ea167cf0975d3fbca18591400890208288; $Path=/; $Domain=.envirra.com". Illegal domain attribute ".envirra.com". Domain of origin: "envirra.com"
2014-05-24 08:10:08,609 -4452 [main] WARN  org.apache.commons.httpclient.HttpMethodBase  - Going to buffer response body of large or unknown size. Using getResponseBodyAsStream instead is recommended.
2014-05-24 08:10:08,755 -4598 [main] WARN  org.apache.commons.httpclient.HttpMethodBase  - Cookie rejected: "$Version=0; __cfduid=dbe61fd7b34015b9c2a847be4377d894c1400890208441; $Path=/; $Domain=.envirra.com". Illegal domain attribute ".envirra.com". Domain of origin: "envirra.com"
2014-05-24 08:10:08,758 -4601 [main] WARN  org.apache.commons.httpclient.HttpMethodBase  - Going to buffer response body of large or unknown size. Using getResponseBodyAsStream instead is recommended.
2014-05-24 08:10:08,904 -4747 [main] WARN  org.apache.commons.httpclient.HttpMethodBase  - Cookie rejected: "$Version=0; __cfduid=de9c5f2cdefada9c691d12f835714808f1400890208583; $Path=/; $Domain=.envirra.com". Illegal domain attribute ".envirra.com". Domain of origin: "envirra.com"
2014-05-24 08:10:08,905 -4748 [main] WARN  org.apache.commons.httpclient.HttpMethodBase  - Going to buffer response body of large or unknown size. Using getResponseBodyAsStream instead is recommended.
2014-05-24 08:10:09,059 -4902 [main] WARN  org.apache.commons.httpclient.HttpMethodBase  - Cookie rejected: "$Version=0; __cfduid=de8f47f9cb19cd8dbc73180c3d2548aea1400890208731; $Path=/; $Domain=.envirra.com". Illegal domain attribute ".envirra.com". Domain of origin: "envirra.com"
2014-05-24 08:10:09,059 -4902 [main] WARN  org.apache.commons.httpclient.HttpMethodBase  - Going to buffer response body of large or unknown size. Using getResponseBodyAsStream instead is recommended.
2014-05-24 08:10:09,205 -5048 [main] WARN  org.apache.commons.httpclient.HttpMethodBase  - Cookie rejected: "$Version=0; __cfduid=d37bff8430a8e4ab9f9549c9db1dc89741400890208883; $Path=/; $Domain=.envirra.com". Illegal domain attribute ".envirra.com". Domain of origin: "envirra.com"
2014-05-24 08:10:09,205 -5048 [main] WARN  org.apache.commons.httpclient.HttpMethodBase  - Going to buffer response body of large or unknown size. Using getResponseBodyAsStream instead is recommended.
2014-05-24 08:10:09,356 -5199 [main] WARN  org.apache.commons.httpclient.HttpMethodBase  - Cookie rejected: "$Version=0; __cfduid=d039a4608d13c78ab45fc7234c651396b1400890209037; $Path=/; $Domain=.envirra.com". Illegal domain attribute ".envirra.com". Domain of origin: "envirra.com"
2014-05-24 08:10:09,356 -5199 [main] WARN  org.apache.commons.httpclient.HttpMethodBase  - Going to buffer response body of large or unknown size. Using getResponseBodyAsStream instead is recommended.
2014-05-24 08:10:09,516 -5359 [main] WARN  org.apache.commons.httpclient.HttpMethodBase  - Cookie rejected: "$Version=0; __cfduid=dd2ac226959e2034979c123b166913e401400890209189; $Path=/; $Domain=.envirra.com". Illegal domain attribute ".envirra.com". Domain of origin: "envirra.com"
2014-05-24 08:10:09,517 -5360 [main] WARN  org.apache.commons.httpclient.HttpMethodBase  - Going to buffer response body of large or unknown size. Using getResponseBodyAsStream instead is recommended.
2014-05-24 08:10:09,666 -5509 [main] WARN  org.apache.commons.httpclient.HttpMethodBase  - Cookie rejected: "$Version=0; __cfduid=d8cac663da8e4682798441b0fa26ad9151400890209344; $Path=/; $Domain=.envirra.com". Illegal domain attribute ".envirra.com". Domain of origin: "envirra.com"
2014-05-24 08:10:09,667 -5510 [main] WARN  org.apache.commons.httpclient.HttpMethodBase  - Going to buffer response body of large or unknown size. Using getResponseBodyAsStream instead is recommended.
2014-05-24 08:10:09,845 -5688 [main] WARN  org.apache.commons.httpclient.HttpMethodBase  - Cookie rejected: "$Version=0; __cfduid=d79432103eb9b78779b415953b25e78a51400890209519; $Path=/; $Domain=.envirra.com". Illegal domain attribute ".envirra.com". Domain of origin: "envirra.com"
2014-05-24 08:10:09,846 -5689 [main] WARN  org.apache.commons.httpclient.HttpMethodBase  - Going to buffer response body of large or unknown size. Using getResponseBodyAsStream instead is recommended.
