2014-05-07 15:09:18,124 -0    [main] INFO  org.tinygroup.fileresolver.impl.FileResolverImpl  - 正在进行全路径扫描....
2014-05-07 15:09:18,164 -40   [main] INFO  org.tinygroup.fileresolver.impl.FileResolverImpl  - 查找WEB-INF/classes路径开始...
2014-05-07 15:09:18,165 -41   [main] INFO  org.tinygroup.fileresolver.impl.FileResolverImpl  - WEB-INF/classes路径是:file:/D:/git/tiny/fc/org.tinygroup.flowbasiccomponent/target/test-classes/
2014-05-07 15:09:18,165 -41   [main] INFO  org.tinygroup.fileresolver.impl.FileResolverImpl  - WEB-INF/lib路径是:file:/D:/git/tiny/fc/org.tinygroup.flowbasiccomponent/target/test-classes/
2014-05-07 15:09:18,166 -42   [main] INFO  org.tinygroup.fileresolver.impl.FileResolverImpl  - 查找WEB-INF/classes路径完成。
2014-05-07 15:09:18,166 -42   [main] WARN  org.tinygroup.fileresolver.impl.FileResolverImpl  - WEBROOT变量找不到
2014-05-07 15:09:18,167 -43   [main] INFO  org.tinygroup.fileresolver.impl.FileResolverImpl  - 查找Web工程中的jar文件列表开始...
2014-05-07 15:09:18,202 -78   [main] INFO  org.tinygroup.fileresolver.impl.FileResolverImpl  - 查找Web工程中的jar文件列表完成。
2014-05-07 15:09:18,210 -86   [file-resolver-threads-file-processor-thread-0] INFO  org.tinygroup.fileresolver.impl.FileResolverImpl  - 正在扫描路径[D:\git\tiny\framework\org.tinygroup.parser\target\classes]...
2014-05-07 15:09:18,212 -88   [file-resolver-threads-file-processor-thread-0] INFO  org.tinygroup.fileresolver.impl.FileResolverImpl  - 路径[D:\git\tiny\framework\org.tinygroup.parser\target\classes]扫描完成。
2014-05-07 15:09:18,213 -89   [file-resolver-threads-file-processor-thread-0] INFO  org.tinygroup.fileresolver.impl.FileResolverImpl  - 正在扫描路径[D:\git\tiny\framework\org.tinygroup.order\target\classes]...
2014-05-07 15:09:18,216 -92   [file-resolver-threads-file-processor-thread-0] INFO  org.tinygroup.fileresolver.impl.FileResolverImpl  - 路径[D:\git\tiny\framework\org.tinygroup.order\target\classes]扫描完成。
2014-05-07 15:09:18,216 -92   [file-resolver-threads-file-processor-thread-0] INFO  org.tinygroup.fileresolver.impl.FileResolverImpl  - 正在扫描路径[D:\git\tiny\framework\org.tinygroup.binarytree\target\classes]...
2014-05-07 15:09:18,218 -94   [file-resolver-threads-file-processor-thread-0] INFO  org.tinygroup.fileresolver.impl.FileResolverImpl  - 路径[D:\git\tiny\framework\org.tinygroup.binarytree\target\classes]扫描完成。
2014-05-07 15:09:18,218 -94   [file-resolver-threads-file-processor-thread-0] INFO  org.tinygroup.fileresolver.impl.FileResolverImpl  - 正在扫描路径[D:\git\tiny\framework\org.tinygroup.commons\target\classes]...
2014-05-07 15:09:18,226 -102  [file-resolver-threads-file-processor-thread-0] INFO  org.tinygroup.fileresolver.impl.FileResolverImpl  - 路径[D:\git\tiny\framework\org.tinygroup.commons\target\classes]扫描完成。
2014-05-07 15:09:18,226 -102  [file-resolver-threads-file-processor-thread-0] INFO  org.tinygroup.fileresolver.impl.FileResolverImpl  - 正在扫描路径[D:\git\tiny\framework\org.tinygroup.annotation\target\classes]...
2014-05-07 15:09:18,229 -105  [file-resolver-threads-file-processor-thread-0] INFO  org.tinygroup.fileresolver.impl.FileResolverImpl  - 路径[D:\git\tiny\framework\org.tinygroup.annotation\target\classes]扫描完成。
2014-05-07 15:09:18,230 -106  [file-resolver-threads-file-processor-thread-0] INFO  org.tinygroup.fileresolver.impl.FileResolverImpl  - 正在扫描路径[D:\git\tiny\framework\org.tinygroup.threadgroup\target\classes]...
2014-05-07 15:09:18,231 -107  [file-resolver-threads-file-processor-thread-0] INFO  org.tinygroup.fileresolver.impl.FileResolverImpl  - 路径[D:\git\tiny\framework\org.tinygroup.threadgroup\target\classes]扫描完成。
2014-05-07 15:09:18,231 -107  [file-resolver-threads-file-processor-thread-0] INFO  org.tinygroup.fileresolver.impl.FileResolverImpl  - 正在扫描路径[D:\git\tiny\framework\org.tinygroup.event\target\classes]...
2014-05-07 15:09:18,233 -109  [file-resolver-threads-file-processor-thread-0] INFO  org.tinygroup.fileresolver.impl.FileResolverImpl  - 路径[D:\git\tiny\framework\org.tinygroup.event\target\classes]扫描完成。
2014-05-07 15:09:18,234 -110  [file-resolver-threads-file-processor-thread-0] INFO  org.tinygroup.fileresolver.impl.FileResolverImpl  - 正在扫描路径[D:\git\tiny\framework\org.tinygroup.fileresolver\target\classes]...
2014-05-07 15:09:18,236 -112  [file-resolver-threads-file-processor-thread-0] INFO  org.tinygroup.fileresolver.impl.FileResolverImpl  - 路径[D:\git\tiny\framework\org.tinygroup.fileresolver\target\classes]扫描完成。
2014-05-07 15:09:18,236 -112  [file-resolver-threads-file-processor-thread-0] INFO  org.tinygroup.fileresolver.impl.FileResolverImpl  - 正在扫描路径[D:\git\tiny\fc\org.tinygroup.flowbasiccomponent\target\test-classes]...
2014-05-07 15:09:18,240 -116  [file-resolver-threads-file-processor-thread-0] INFO  org.tinygroup.fileresolver.impl.FileResolverImpl  - 路径[D:\git\tiny\fc\org.tinygroup.flowbasiccomponent\target\test-classes]扫描完成。
2014-05-07 15:09:18,240 -116  [file-resolver-threads-file-processor-thread-0] INFO  org.tinygroup.fileresolver.impl.FileResolverImpl  - 正在扫描路径[D:\git\tiny\framework\org.tinygroup.i18n\target\classes]...
2014-05-07 15:09:18,242 -118  [file-resolver-threads-file-processor-thread-0] INFO  org.tinygroup.fileresolver.impl.FileResolverImpl  - 路径[D:\git\tiny\framework\org.tinygroup.i18n\target\classes]扫描完成。
2014-05-07 15:09:18,243 -119  [file-resolver-threads-file-processor-thread-0] INFO  org.tinygroup.fileresolver.impl.FileResolverImpl  - 正在扫描路径[D:\git\tiny\framework\org.tinygroup.vfs\target\classes]...
2014-05-07 15:09:18,245 -121  [file-resolver-threads-file-processor-thread-0] INFO  org.tinygroup.fileresolver.impl.FileResolverImpl  - 路径[D:\git\tiny\framework\org.tinygroup.vfs\target\classes]扫描完成。
2014-05-07 15:09:18,246 -122  [file-resolver-threads-file-processor-thread-0] INFO  org.tinygroup.fileresolver.impl.FileResolverImpl  - 正在扫描路径[D:\git\tiny\framework\org.tinygroup.context\target\classes]...
2014-05-07 15:09:18,248 -124  [file-resolver-threads-file-processor-thread-0] INFO  org.tinygroup.fileresolver.impl.FileResolverImpl  - 路径[D:\git\tiny\framework\org.tinygroup.context\target\classes]扫描完成。
2014-05-07 15:09:18,248 -124  [file-resolver-threads-file-processor-thread-0] INFO  org.tinygroup.fileresolver.impl.FileResolverImpl  - 正在扫描路径[D:\git\tiny\ext\org.tinygroup.elmvel\target\classes]...
2014-05-07 15:09:18,249 -125  [file-resolver-threads-file-processor-thread-0] INFO  org.tinygroup.fileresolver.impl.FileResolverImpl  - 路径[D:\git\tiny\ext\org.tinygroup.elmvel\target\classes]扫描完成。
2014-05-07 15:09:18,250 -126  [file-resolver-threads-file-processor-thread-0] INFO  org.tinygroup.fileresolver.impl.FileResolverImpl  - 正在扫描路径[D:\git\tiny\framework\org.tinygroup.springutil\target\classes]...
2014-05-07 15:09:18,252 -128  [file-resolver-threads-file-processor-thread-0] INFO  org.tinygroup.fileresolver.impl.FileResolverImpl  - 路径[D:\git\tiny\framework\org.tinygroup.springutil\target\classes]扫描完成。
2014-05-07 15:09:18,252 -128  [file-resolver-threads-file-processor-thread-0] INFO  org.tinygroup.fileresolver.impl.FileResolverImpl  - 正在扫描路径[D:\git\tiny\framework\org.tinygroup.logger\target\classes]...
2014-05-07 15:09:18,254 -130  [file-resolver-threads-file-processor-thread-0] INFO  org.tinygroup.fileresolver.impl.FileResolverImpl  - 路径[D:\git\tiny\framework\org.tinygroup.logger\target\classes]扫描完成。
2014-05-07 15:09:18,255 -131  [file-resolver-threads-file-processor-thread-0] INFO  org.tinygroup.fileresolver.impl.FileResolverImpl  - 正在扫描路径[D:\git\tiny\framework\org.tinygroup.xmlparser\target\classes]...
2014-05-07 15:09:18,257 -133  [file-resolver-threads-file-processor-thread-0] INFO  org.tinygroup.fileresolver.impl.FileResolverImpl  - 路径[D:\git\tiny\framework\org.tinygroup.xmlparser\target\classes]扫描完成。
2014-05-07 15:09:18,258 -134  [file-resolver-threads-file-processor-thread-0] INFO  org.tinygroup.fileresolver.impl.FileResolverImpl  - 正在扫描路径[D:\git\tiny\framework\org.tinygroup.xstream\target\classes]...
2014-05-07 15:09:18,260 -136  [file-resolver-threads-file-processor-thread-0] INFO  org.tinygroup.fileresolver.impl.FileResolverImpl  - 路径[D:\git\tiny\framework\org.tinygroup.xstream\target\classes]扫描完成。
2014-05-07 15:09:18,260 -136  [file-resolver-threads-file-processor-thread-0] INFO  org.tinygroup.fileresolver.impl.FileResolverImpl  - 正在扫描路径[D:\git\tiny\framework\org.tinygroup.el\target\classes]...
2014-05-07 15:09:18,262 -138  [file-resolver-threads-file-processor-thread-0] INFO  org.tinygroup.fileresolver.impl.FileResolverImpl  - 路径[D:\git\tiny\framework\org.tinygroup.el\target\classes]扫描完成。
2014-05-07 15:09:18,262 -138  [file-resolver-threads-file-processor-thread-0] INFO  org.tinygroup.fileresolver.impl.FileResolverImpl  - 正在扫描路径[D:\git\tiny\framework\org.tinygroup.flow\target\classes]...
2014-05-07 15:09:18,266 -142  [file-resolver-threads-file-processor-thread-0] INFO  org.tinygroup.fileresolver.impl.FileResolverImpl  - 路径[D:\git\tiny\framework\org.tinygroup.flow\target\classes]扫描完成。
2014-05-07 15:09:18,267 -143  [file-resolver-threads-file-processor-thread-0] INFO  org.tinygroup.fileresolver.impl.FileResolverImpl  - 正在扫描路径[D:\git\tiny\framework\org.tinygroup.formater\target\classes]...
2014-05-07 15:09:18,269 -145  [file-resolver-threads-file-processor-thread-0] INFO  org.tinygroup.fileresolver.impl.FileResolverImpl  - 路径[D:\git\tiny\framework\org.tinygroup.formater\target\classes]扫描完成。
2014-05-07 15:09:18,269 -145  [file-resolver-threads-file-processor-thread-0] INFO  org.tinygroup.fileresolver.impl.FileResolverImpl  - 正在扫描路径[D:\git\tiny\framework\org.tinygroup.context2object\target\classes]...
2014-05-07 15:09:18,271 -147  [file-resolver-threads-file-processor-thread-0] INFO  org.tinygroup.fileresolver.impl.FileResolverImpl  - 路径[D:\git\tiny\framework\org.tinygroup.context2object\target\classes]扫描完成。
2014-05-07 15:09:18,272 -148  [file-resolver-threads-file-processor-thread-0] INFO  org.tinygroup.fileresolver.impl.FileResolverImpl  - 正在扫描路径[D:\git\tiny\framework\org.tinygroup.config\target\classes]...
2014-05-07 15:09:18,274 -150  [file-resolver-threads-file-processor-thread-0] INFO  org.tinygroup.fileresolver.impl.FileResolverImpl  - 路径[D:\git\tiny\framework\org.tinygroup.config\target\classes]扫描完成。
2014-05-07 15:09:18,274 -150  [file-resolver-threads-file-processor-thread-0] INFO  org.tinygroup.fileresolver.impl.FileResolverImpl  - 正在扫描路径[D:\git\tiny\framework\org.tinygroup.application\target\classes]...
2014-05-07 15:09:18,276 -152  [file-resolver-threads-file-processor-thread-0] INFO  org.tinygroup.fileresolver.impl.FileResolverImpl  - 路径[D:\git\tiny\framework\org.tinygroup.application\target\classes]扫描完成。
2014-05-07 15:09:18,276 -152  [file-resolver-threads-file-processor-thread-0] INFO  org.tinygroup.fileresolver.impl.FileResolverImpl  - 正在扫描路径[D:\git\tiny\framework\org.tinygroup.exception\target\classes]...
2014-05-07 15:09:18,278 -154  [file-resolver-threads-file-processor-thread-0] INFO  org.tinygroup.fileresolver.impl.FileResolverImpl  - 路径[D:\git\tiny\framework\org.tinygroup.exception\target\classes]扫描完成。
2014-05-07 15:09:18,278 -154  [file-resolver-threads-file-processor-thread-0] INFO  org.tinygroup.fileresolver.impl.FileResolverImpl  - 正在扫描路径[D:\git\tiny\framework\org.tinygroup.testutil\target\classes]...
2014-05-07 15:09:18,279 -155  [file-resolver-threads-file-processor-thread-0] INFO  org.tinygroup.fileresolver.impl.FileResolverImpl  - 路径[D:\git\tiny\framework\org.tinygroup.testutil\target\classes]扫描完成。
2014-05-07 15:09:18,280 -156  [file-resolver-threads-file-processor-thread-0] INFO  org.tinygroup.fileresolver.impl.FileResolverImpl  - 正在扫描路径[D:\git\tiny\fc\org.tinygroup.flowbasiccomponent\target\classes]...
2014-05-07 15:09:18,282 -158  [file-resolver-threads-file-processor-thread-0] INFO  org.tinygroup.fileresolver.impl.FileResolverImpl  - 路径[D:\git\tiny\fc\org.tinygroup.flowbasiccomponent\target\classes]扫描完成。
2014-05-07 15:09:18,282 -158  [main] INFO  org.tinygroup.fileresolver.impl.MultiThreadFileProcessor  - 线程组:<file-resolver-threads>执行时间：72
2014-05-07 15:09:18,397 -273  [main] INFO  org.tinygroup.springutil.SpringUtil  - 添加Spring配置文件:file:D:/git/tiny/framework/org.tinygroup.order/target/classes/order.beans.xml
2014-05-07 15:09:18,398 -274  [main] INFO  org.tinygroup.springutil.SpringUtil  - 添加Spring配置文件:file:D:/git/tiny/framework/org.tinygroup.binarytree/target/classes/binarytree.beans.xml
2014-05-07 15:09:18,398 -274  [main] INFO  org.tinygroup.springutil.SpringUtil  - 添加Spring配置文件:file:D:/git/tiny/framework/org.tinygroup.annotation/target/classes/annotation.beans.xml
2014-05-07 15:09:18,398 -274  [main] INFO  org.tinygroup.springutil.SpringUtil  - 添加Spring配置文件:file:D:/git/tiny/framework/org.tinygroup.fileresolver/target/classes/fileresolver.beans.xml
2014-05-07 15:09:18,398 -274  [main] INFO  org.tinygroup.springutil.SpringUtil  - 添加Spring配置文件:file:D:/git/tiny/fc/org.tinygroup.flowbasiccomponent/target/test-classes/Application.springbeans.xml
2014-05-07 15:09:18,399 -275  [main] INFO  org.tinygroup.springutil.SpringUtil  - 添加Spring配置文件:file:D:/git/tiny/fc/org.tinygroup.flowbasiccomponent/target/test-classes/flowBasicComponent.springbeans.xml
2014-05-07 15:09:18,399 -275  [main] INFO  org.tinygroup.springutil.SpringUtil  - 添加Spring配置文件:file:D:/git/tiny/ext/org.tinygroup.elmvel/target/classes/el.beans.xml
2014-05-07 15:09:18,399 -275  [main] INFO  org.tinygroup.springutil.SpringUtil  - 添加Spring配置文件:file:D:/git/tiny/framework/org.tinygroup.xstream/target/classes/xstream.beans.xml
2014-05-07 15:09:18,400 -276  [main] INFO  org.tinygroup.springutil.SpringUtil  - 添加Spring配置文件:file:D:/git/tiny/framework/org.tinygroup.flow/target/classes/flow.beans.xml
2014-05-07 15:09:18,400 -276  [main] INFO  org.tinygroup.springutil.SpringUtil  - 添加Spring配置文件:file:D:/git/tiny/framework/org.tinygroup.context2object/target/classes/context2object.beans.xml
2014-05-07 15:09:18,400 -276  [main] INFO  org.tinygroup.springutil.SpringUtil  - 添加Spring配置文件:file:D:/git/tiny/framework/org.tinygroup.exception/target/classes/exception.beans.xml
2014-05-07 15:09:18,400 -276  [main] INFO  org.tinygroup.springutil.SpringUtil  - 添加Spring配置文件:file:D:/git/tiny/fc/org.tinygroup.flowbasiccomponent/target/classes/flowbasiccomponent.springbeans.xml
2014-05-07 15:09:18,404 -280  [main] INFO  org.springframework.context.support.FileSystemXmlApplicationContext  - Refreshing org.springframework.context.support.FileSystemXmlApplicationContext@74e312e: display name [org.springframework.context.support.FileSystemXmlApplicationContext@74e312e]; startup date [Wed May 07 15:09:18 CST 2014]; root of context hierarchy
2014-05-07 15:09:18,495 -371  [main] INFO  org.springframework.beans.factory.xml.XmlBeanDefinitionReader  - Loading XML bean definitions from URL [file:D:/git/tiny/framework/org.tinygroup.order/target/classes/order.beans.xml]
2014-05-07 15:09:18,709 -585  [main] INFO  org.springframework.beans.factory.xml.XmlBeanDefinitionReader  - Loading XML bean definitions from URL [file:D:/git/tiny/framework/org.tinygroup.binarytree/target/classes/binarytree.beans.xml]
2014-05-07 15:09:18,742 -618  [main] INFO  org.springframework.beans.factory.xml.XmlBeanDefinitionReader  - Loading XML bean definitions from URL [file:D:/git/tiny/framework/org.tinygroup.annotation/target/classes/annotation.beans.xml]
2014-05-07 15:09:18,774 -650  [main] INFO  org.springframework.beans.factory.xml.XmlBeanDefinitionReader  - Loading XML bean definitions from URL [file:D:/git/tiny/framework/org.tinygroup.fileresolver/target/classes/fileresolver.beans.xml]
2014-05-07 15:09:18,805 -681  [main] INFO  org.springframework.beans.factory.xml.XmlBeanDefinitionReader  - Loading XML bean definitions from URL [file:D:/git/tiny/fc/org.tinygroup.flowbasiccomponent/target/test-classes/Application.springbeans.xml]
2014-05-07 15:09:18,835 -711  [main] INFO  org.springframework.beans.factory.xml.XmlBeanDefinitionReader  - Loading XML bean definitions from URL [file:D:/git/tiny/fc/org.tinygroup.flowbasiccomponent/target/test-classes/flowBasicComponent.springbeans.xml]
2014-05-07 15:09:18,865 -741  [main] INFO  org.springframework.beans.factory.xml.XmlBeanDefinitionReader  - Loading XML bean definitions from URL [file:D:/git/tiny/ext/org.tinygroup.elmvel/target/classes/el.beans.xml]
2014-05-07 15:09:18,892 -768  [main] INFO  org.springframework.beans.factory.xml.XmlBeanDefinitionReader  - Loading XML bean definitions from URL [file:D:/git/tiny/framework/org.tinygroup.xstream/target/classes/xstream.beans.xml]
2014-05-07 15:09:18,915 -791  [main] INFO  org.springframework.beans.factory.xml.XmlBeanDefinitionReader  - Loading XML bean definitions from URL [file:D:/git/tiny/framework/org.tinygroup.flow/target/classes/flow.beans.xml]
2014-05-07 15:09:18,948 -824  [main] INFO  org.springframework.beans.factory.xml.XmlBeanDefinitionReader  - Loading XML bean definitions from URL [file:D:/git/tiny/framework/org.tinygroup.context2object/target/classes/context2object.beans.xml]
2014-05-07 15:09:18,974 -850  [main] INFO  org.springframework.beans.factory.xml.XmlBeanDefinitionReader  - Loading XML bean definitions from URL [file:D:/git/tiny/framework/org.tinygroup.exception/target/classes/exception.beans.xml]
2014-05-07 15:09:18,995 -871  [main] INFO  org.springframework.beans.factory.xml.XmlBeanDefinitionReader  - Loading XML bean definitions from URL [file:D:/git/tiny/fc/org.tinygroup.flowbasiccomponent/target/classes/flowbasiccomponent.springbeans.xml]
2014-05-07 15:09:19,040 -916  [main] INFO  org.springframework.context.support.FileSystemXmlApplicationContext  - Bean factory for application context [org.springframework.context.support.FileSystemXmlApplicationContext@74e312e]: org.springframework.beans.factory.support.DefaultListableBeanFactory@52188a54
2014-05-07 15:09:19,138 -1014 [main] INFO  org.springframework.beans.factory.support.DefaultListableBeanFactory  - Pre-instantiating singletons in org.springframework.beans.factory.support.DefaultListableBeanFactory@52188a54: defining beans [orderProcessor,avlTreeImpl,annotationExcuteManager,annotationFileProcessor,annotationClassFileProcessor,fullContextFileRepository,fullContextFileFinder,i18nFileProcessor,xStreamFileProcessor,orderFileProcessor,springBeansFileProcessor,configurationFileProcessor,fileMonitorProcessor,fileResolver,fileResolverProcessor,beanMethod,BaseBean,el,flowExecutor,flowFileProcessor,flowComponentProcessor,pageFlowExecutor,pageFlowFileProcessor,pageFlowComponentProcessor,flowComponentAnnotationAction,pageFlowComponentAnnotationAction,classNameObjectGenerator,generatorFileProcessor,context2ObjectComponent,queryAllFlowComponent,callMethodComponent,keyChangeComponent,callElComponent]; root of factory hierarchy
2014-05-07 15:09:19,191 -1067 [main] INFO  org.tinygroup.fileresolver.impl.AbstractFileProcessor  - 开始读取组件配置文件:annotation.config.xml
2014-05-07 15:09:19,194 -1070 [main] INFO  org.tinygroup.fileresolver.impl.AbstractFileProcessor  - 读取组件配置文件:annotation.config.xml完成
2014-05-07 15:09:19,194 -1070 [main] INFO  org.tinygroup.fileresolver.impl.AbstractFileProcessor  - 开始读取组件配置文件:filefind.config.xml
2014-05-07 15:09:19,197 -1073 [main] INFO  org.tinygroup.fileresolver.impl.AbstractFileProcessor  - 读取组件配置文件:filefind.config.xml完成
2014-05-07 15:09:19,197 -1073 [main] INFO  org.tinygroup.fileresolver.impl.AbstractFileProcessor  - 开始读取组件配置文件:filemonitor.config.xml
2014-05-07 15:09:19,199 -1075 [main] INFO  org.tinygroup.fileresolver.impl.AbstractFileProcessor  - 读取组件配置文件:filemonitor.config.xml完成
2014-05-07 15:09:19,199 -1075 [main] INFO  org.tinygroup.fileresolver.impl.AbstractFileProcessor  - 开始读取组件配置文件:fileresolver.config.xml
2014-05-07 15:09:19,201 -1077 [main] INFO  org.tinygroup.fileresolver.impl.AbstractFileProcessor  - 读取组件配置文件:fileresolver.config.xml完成
2014-05-07 15:09:19,372 -1248 [main] INFO  org.tinygroup.config.impl.ConfigurationManagerImpl  - 正在分发应用配置信息...
2014-05-07 15:09:19,374 -1250 [main] INFO  org.tinygroup.config.impl.ConfigurationManagerImpl  - 应用配置信息分发完毕
2014-05-07 15:09:19,374 -1250 [main] INFO  org.tinygroup.fileresolver.impl.FileResolverImpl  - 全路径扫描完成。
2014-05-07 15:09:19,375 -1251 [main] INFO  org.tinygroup.application.impl.ApplicationDefault  - 启动应用开始...
2014-05-07 15:09:19,375 -1251 [main] INFO  org.tinygroup.application.impl.ApplicationDefault  - 应用处理器class org.tinygroup.fileresolver.applicationprocessor.FileResolverProcessor正在启动...
2014-05-07 15:09:19,375 -1251 [main] INFO  org.tinygroup.fileresolver.impl.FileResolverImpl  - 正在进行全路径扫描....
2014-05-07 15:09:19,379 -1255 [main] INFO  org.tinygroup.fileresolver.impl.FileResolverImpl  - 查找WEB-INF/classes路径开始...
2014-05-07 15:09:19,379 -1255 [main] INFO  org.tinygroup.fileresolver.impl.FileResolverImpl  - WEB-INF/classes路径是:file:/D:/git/tiny/fc/org.tinygroup.flowbasiccomponent/target/test-classes/
2014-05-07 15:09:19,379 -1255 [main] INFO  org.tinygroup.fileresolver.impl.FileResolverImpl  - WEB-INF/lib路径是:file:/D:/git/tiny/fc/org.tinygroup.flowbasiccomponent/target/test-classes/
2014-05-07 15:09:19,379 -1255 [main] INFO  org.tinygroup.fileresolver.impl.FileResolverImpl  - 查找WEB-INF/classes路径完成。
2014-05-07 15:09:19,379 -1255 [main] WARN  org.tinygroup.fileresolver.impl.FileResolverImpl  - WEBROOT变量找不到
2014-05-07 15:09:19,380 -1256 [main] INFO  org.tinygroup.fileresolver.impl.FileResolverImpl  - 查找Web工程中的jar文件列表开始...
2014-05-07 15:09:19,404 -1280 [main] INFO  org.tinygroup.fileresolver.impl.FileResolverImpl  - 查找Web工程中的jar文件列表完成。
2014-05-07 15:09:19,405 -1281 [file-resolver-threads-file-processor-thread-0] INFO  org.tinygroup.fileresolver.impl.FileResolverImpl  - 正在扫描路径[D:\git\tiny\framework\org.tinygroup.parser\target\classes]...
2014-05-07 15:09:19,407 -1283 [file-resolver-threads-file-processor-thread-0] INFO  org.tinygroup.fileresolver.impl.FileResolverImpl  - 路径[D:\git\tiny\framework\org.tinygroup.parser\target\classes]扫描完成。
2014-05-07 15:09:19,407 -1283 [file-resolver-threads-file-processor-thread-0] INFO  org.tinygroup.fileresolver.impl.FileResolverImpl  - 正在扫描路径[D:\git\tiny\framework\org.tinygroup.order\target\classes]...
2014-05-07 15:09:19,408 -1284 [file-resolver-threads-file-processor-thread-0] INFO  org.tinygroup.fileresolver.impl.FileResolverImpl  - 路径[D:\git\tiny\framework\org.tinygroup.order\target\classes]扫描完成。
2014-05-07 15:09:19,408 -1284 [file-resolver-threads-file-processor-thread-0] INFO  org.tinygroup.fileresolver.impl.FileResolverImpl  - 正在扫描路径[D:\git\tiny\framework\org.tinygroup.binarytree\target\classes]...
2014-05-07 15:09:19,410 -1286 [file-resolver-threads-file-processor-thread-0] INFO  org.tinygroup.fileresolver.impl.FileResolverImpl  - 路径[D:\git\tiny\framework\org.tinygroup.binarytree\target\classes]扫描完成。
2014-05-07 15:09:19,410 -1286 [file-resolver-threads-file-processor-thread-0] INFO  org.tinygroup.fileresolver.impl.FileResolverImpl  - 正在扫描路径[D:\git\tiny\framework\org.tinygroup.commons\target\classes]...
2014-05-07 15:09:19,419 -1295 [file-resolver-threads-file-processor-thread-0] INFO  org.tinygroup.fileresolver.impl.FileResolverImpl  - 路径[D:\git\tiny\framework\org.tinygroup.commons\target\classes]扫描完成。
2014-05-07 15:09:19,419 -1295 [file-resolver-threads-file-processor-thread-0] INFO  org.tinygroup.fileresolver.impl.FileResolverImpl  - 正在扫描路径[D:\git\tiny\framework\org.tinygroup.annotation\target\classes]...
2014-05-07 15:09:19,421 -1297 [file-resolver-threads-file-processor-thread-0] INFO  org.tinygroup.fileresolver.impl.FileResolverImpl  - 路径[D:\git\tiny\framework\org.tinygroup.annotation\target\classes]扫描完成。
2014-05-07 15:09:19,422 -1298 [file-resolver-threads-file-processor-thread-0] INFO  org.tinygroup.fileresolver.impl.FileResolverImpl  - 正在扫描路径[D:\git\tiny\framework\org.tinygroup.threadgroup\target\classes]...
2014-05-07 15:09:19,423 -1299 [file-resolver-threads-file-processor-thread-0] INFO  org.tinygroup.fileresolver.impl.FileResolverImpl  - 路径[D:\git\tiny\framework\org.tinygroup.threadgroup\target\classes]扫描完成。
2014-05-07 15:09:19,423 -1299 [file-resolver-threads-file-processor-thread-0] INFO  org.tinygroup.fileresolver.impl.FileResolverImpl  - 正在扫描路径[D:\git\tiny\framework\org.tinygroup.event\target\classes]...
2014-05-07 15:09:19,424 -1300 [file-resolver-threads-file-processor-thread-0] INFO  org.tinygroup.fileresolver.impl.FileResolverImpl  - 路径[D:\git\tiny\framework\org.tinygroup.event\target\classes]扫描完成。
2014-05-07 15:09:19,425 -1301 [file-resolver-threads-file-processor-thread-0] INFO  org.tinygroup.fileresolver.impl.FileResolverImpl  - 正在扫描路径[D:\git\tiny\framework\org.tinygroup.fileresolver\target\classes]...
2014-05-07 15:09:19,428 -1304 [file-resolver-threads-file-processor-thread-0] INFO  org.tinygroup.fileresolver.impl.FileResolverImpl  - 路径[D:\git\tiny\framework\org.tinygroup.fileresolver\target\classes]扫描完成。
2014-05-07 15:09:19,428 -1304 [file-resolver-threads-file-processor-thread-0] INFO  org.tinygroup.fileresolver.impl.FileResolverImpl  - 正在扫描路径[D:\git\tiny\fc\org.tinygroup.flowbasiccomponent\target\test-classes]...
2014-05-07 15:09:19,431 -1307 [file-resolver-threads-file-processor-thread-0] INFO  org.tinygroup.fileresolver.impl.FileResolverImpl  - 路径[D:\git\tiny\fc\org.tinygroup.flowbasiccomponent\target\test-classes]扫描完成。
2014-05-07 15:09:19,432 -1308 [file-resolver-threads-file-processor-thread-0] INFO  org.tinygroup.fileresolver.impl.FileResolverImpl  - 正在扫描路径[D:\git\tiny\framework\org.tinygroup.i18n\target\classes]...
2014-05-07 15:09:19,434 -1310 [file-resolver-threads-file-processor-thread-0] INFO  org.tinygroup.fileresolver.impl.FileResolverImpl  - 路径[D:\git\tiny\framework\org.tinygroup.i18n\target\classes]扫描完成。
2014-05-07 15:09:19,434 -1310 [file-resolver-threads-file-processor-thread-0] INFO  org.tinygroup.fileresolver.impl.FileResolverImpl  - 正在扫描路径[D:\git\tiny\framework\org.tinygroup.vfs\target\classes]...
2014-05-07 15:09:19,437 -1313 [file-resolver-threads-file-processor-thread-0] INFO  org.tinygroup.fileresolver.impl.FileResolverImpl  - 路径[D:\git\tiny\framework\org.tinygroup.vfs\target\classes]扫描完成。
2014-05-07 15:09:19,437 -1313 [file-resolver-threads-file-processor-thread-0] INFO  org.tinygroup.fileresolver.impl.FileResolverImpl  - 正在扫描路径[D:\git\tiny\framework\org.tinygroup.context\target\classes]...
2014-05-07 15:09:19,438 -1314 [file-resolver-threads-file-processor-thread-0] INFO  org.tinygroup.fileresolver.impl.FileResolverImpl  - 路径[D:\git\tiny\framework\org.tinygroup.context\target\classes]扫描完成。
2014-05-07 15:09:19,438 -1314 [file-resolver-threads-file-processor-thread-0] INFO  org.tinygroup.fileresolver.impl.FileResolverImpl  - 正在扫描路径[D:\git\tiny\ext\org.tinygroup.elmvel\target\classes]...
2014-05-07 15:09:19,439 -1315 [file-resolver-threads-file-processor-thread-0] INFO  org.tinygroup.fileresolver.impl.FileResolverImpl  - 路径[D:\git\tiny\ext\org.tinygroup.elmvel\target\classes]扫描完成。
2014-05-07 15:09:19,439 -1315 [file-resolver-threads-file-processor-thread-0] INFO  org.tinygroup.fileresolver.impl.FileResolverImpl  - 正在扫描路径[D:\git\tiny\framework\org.tinygroup.springutil\target\classes]...
2014-05-07 15:09:19,441 -1317 [file-resolver-threads-file-processor-thread-0] INFO  org.tinygroup.fileresolver.impl.FileResolverImpl  - 路径[D:\git\tiny\framework\org.tinygroup.springutil\target\classes]扫描完成。
2014-05-07 15:09:19,441 -1317 [file-resolver-threads-file-processor-thread-0] INFO  org.tinygroup.fileresolver.impl.FileResolverImpl  - 正在扫描路径[D:\git\tiny\framework\org.tinygroup.logger\target\classes]...
2014-05-07 15:09:19,442 -1318 [file-resolver-threads-file-processor-thread-0] INFO  org.tinygroup.fileresolver.impl.FileResolverImpl  - 路径[D:\git\tiny\framework\org.tinygroup.logger\target\classes]扫描完成。
2014-05-07 15:09:19,442 -1318 [file-resolver-threads-file-processor-thread-0] INFO  org.tinygroup.fileresolver.impl.FileResolverImpl  - 正在扫描路径[D:\git\tiny\framework\org.tinygroup.xmlparser\target\classes]...
2014-05-07 15:09:19,444 -1320 [file-resolver-threads-file-processor-thread-0] INFO  org.tinygroup.fileresolver.impl.FileResolverImpl  - 路径[D:\git\tiny\framework\org.tinygroup.xmlparser\target\classes]扫描完成。
2014-05-07 15:09:19,444 -1320 [file-resolver-threads-file-processor-thread-0] INFO  org.tinygroup.fileresolver.impl.FileResolverImpl  - 正在扫描路径[D:\git\tiny\framework\org.tinygroup.xstream\target\classes]...
2014-05-07 15:09:19,446 -1322 [file-resolver-threads-file-processor-thread-0] INFO  org.tinygroup.fileresolver.impl.FileResolverImpl  - 路径[D:\git\tiny\framework\org.tinygroup.xstream\target\classes]扫描完成。
2014-05-07 15:09:19,446 -1322 [file-resolver-threads-file-processor-thread-0] INFO  org.tinygroup.fileresolver.impl.FileResolverImpl  - 正在扫描路径[D:\git\tiny\framework\org.tinygroup.el\target\classes]...
2014-05-07 15:09:19,447 -1323 [file-resolver-threads-file-processor-thread-0] INFO  org.tinygroup.fileresolver.impl.FileResolverImpl  - 路径[D:\git\tiny\framework\org.tinygroup.el\target\classes]扫描完成。
2014-05-07 15:09:19,447 -1323 [file-resolver-threads-file-processor-thread-0] INFO  org.tinygroup.fileresolver.impl.FileResolverImpl  - 正在扫描路径[D:\git\tiny\framework\org.tinygroup.flow\target\classes]...
2014-05-07 15:09:19,451 -1327 [file-resolver-threads-file-processor-thread-0] INFO  org.tinygroup.fileresolver.impl.FileResolverImpl  - 路径[D:\git\tiny\framework\org.tinygroup.flow\target\classes]扫描完成。
2014-05-07 15:09:19,452 -1328 [file-resolver-threads-file-processor-thread-0] INFO  org.tinygroup.fileresolver.impl.FileResolverImpl  - 正在扫描路径[D:\git\tiny\framework\org.tinygroup.formater\target\classes]...
2014-05-07 15:09:19,454 -1330 [file-resolver-threads-file-processor-thread-0] INFO  org.tinygroup.fileresolver.impl.FileResolverImpl  - 路径[D:\git\tiny\framework\org.tinygroup.formater\target\classes]扫描完成。
2014-05-07 15:09:19,454 -1330 [file-resolver-threads-file-processor-thread-0] INFO  org.tinygroup.fileresolver.impl.FileResolverImpl  - 正在扫描路径[D:\git\tiny\framework\org.tinygroup.context2object\target\classes]...
2014-05-07 15:09:19,456 -1332 [file-resolver-threads-file-processor-thread-0] INFO  org.tinygroup.fileresolver.impl.FileResolverImpl  - 路径[D:\git\tiny\framework\org.tinygroup.context2object\target\classes]扫描完成。
2014-05-07 15:09:19,457 -1333 [file-resolver-threads-file-processor-thread-0] INFO  org.tinygroup.fileresolver.impl.FileResolverImpl  - 正在扫描路径[D:\git\tiny\framework\org.tinygroup.config\target\classes]...
2014-05-07 15:09:19,458 -1334 [file-resolver-threads-file-processor-thread-0] INFO  org.tinygroup.fileresolver.impl.FileResolverImpl  - 路径[D:\git\tiny\framework\org.tinygroup.config\target\classes]扫描完成。
2014-05-07 15:09:19,458 -1334 [file-resolver-threads-file-processor-thread-0] INFO  org.tinygroup.fileresolver.impl.FileResolverImpl  - 正在扫描路径[D:\git\tiny\framework\org.tinygroup.application\target\classes]...
2014-05-07 15:09:19,460 -1336 [file-resolver-threads-file-processor-thread-0] INFO  org.tinygroup.fileresolver.impl.FileResolverImpl  - 路径[D:\git\tiny\framework\org.tinygroup.application\target\classes]扫描完成。
2014-05-07 15:09:19,460 -1336 [file-resolver-threads-file-processor-thread-0] INFO  org.tinygroup.fileresolver.impl.FileResolverImpl  - 正在扫描路径[D:\git\tiny\framework\org.tinygroup.exception\target\classes]...
2014-05-07 15:09:19,461 -1337 [file-resolver-threads-file-processor-thread-0] INFO  org.tinygroup.fileresolver.impl.FileResolverImpl  - 路径[D:\git\tiny\framework\org.tinygroup.exception\target\classes]扫描完成。
2014-05-07 15:09:19,461 -1337 [file-resolver-threads-file-processor-thread-0] INFO  org.tinygroup.fileresolver.impl.FileResolverImpl  - 正在扫描路径[D:\git\tiny\framework\org.tinygroup.testutil\target\classes]...
2014-05-07 15:09:19,462 -1338 [file-resolver-threads-file-processor-thread-0] INFO  org.tinygroup.fileresolver.impl.FileResolverImpl  - 路径[D:\git\tiny\framework\org.tinygroup.testutil\target\classes]扫描完成。
2014-05-07 15:09:19,462 -1338 [file-resolver-threads-file-processor-thread-0] INFO  org.tinygroup.fileresolver.impl.FileResolverImpl  - 正在扫描路径[D:\git\tiny\fc\org.tinygroup.flowbasiccomponent\target\classes]...
2014-05-07 15:09:19,463 -1339 [file-resolver-threads-file-processor-thread-0] INFO  org.tinygroup.fileresolver.impl.FileResolverImpl  - 路径[D:\git\tiny\fc\org.tinygroup.flowbasiccomponent\target\classes]扫描完成。
2014-05-07 15:09:19,464 -1340 [main] INFO  org.tinygroup.fileresolver.impl.MultiThreadFileProcessor  - 线程组:<file-resolver-threads>执行时间：59
2014-05-07 15:09:19,464 -1340 [main] INFO  org.tinygroup.fileresolver.impl.AbstractFileProcessor  - 找到国际化资源配置文件[D:\git\tiny\framework\org.tinygroup.event\target\classes\i18n\cepcore_en_US.properties]，并开始加载...
2014-05-07 15:09:19,465 -1341 [main] INFO  org.tinygroup.fileresolver.impl.AbstractFileProcessor  - 国际化资源配置文件[D:\git\tiny\framework\org.tinygroup.event\target\classes\i18n\cepcore_en_US.properties]，加载完毕。
2014-05-07 15:09:19,465 -1341 [main] INFO  org.tinygroup.fileresolver.impl.AbstractFileProcessor  - 找到国际化资源配置文件[D:\git\tiny\framework\org.tinygroup.event\target\classes\i18n\cepcore_zh_CN.properties]，并开始加载...
2014-05-07 15:09:19,466 -1342 [main] INFO  org.tinygroup.fileresolver.impl.AbstractFileProcessor  - 国际化资源配置文件[D:\git\tiny\framework\org.tinygroup.event\target\classes\i18n\cepcore_zh_CN.properties]，加载完毕。
2014-05-07 15:09:19,466 -1342 [main] INFO  org.tinygroup.fileresolver.impl.AbstractFileProcessor  - 找到国际化资源配置文件[D:\git\tiny\framework\org.tinygroup.vfs\target\classes\i18n\vfs_en_US.properties]，并开始加载...
2014-05-07 15:09:19,467 -1343 [main] INFO  org.tinygroup.fileresolver.impl.AbstractFileProcessor  - 国际化资源配置文件[D:\git\tiny\framework\org.tinygroup.vfs\target\classes\i18n\vfs_en_US.properties]，加载完毕。
2014-05-07 15:09:19,467 -1343 [main] INFO  org.tinygroup.fileresolver.impl.AbstractFileProcessor  - 找到国际化资源配置文件[D:\git\tiny\framework\org.tinygroup.flow\target\classes\i18n\flow_zh_CN.properties]，并开始加载...
2014-05-07 15:09:19,468 -1344 [main] INFO  org.tinygroup.fileresolver.impl.AbstractFileProcessor  - 国际化资源配置文件[D:\git\tiny\framework\org.tinygroup.flow\target\classes\i18n\flow_zh_CN.properties]，加载完毕。
2014-05-07 15:09:19,468 -1344 [main] INFO  org.tinygroup.fileresolver.impl.AbstractFileProcessor  - 找到XStream配置文件[D:\git\tiny\framework\org.tinygroup.annotation\target\classes\annotation.xstream.xml]，并开始加载...
2014-05-07 15:09:19,504 -1380 [main] INFO  org.tinygroup.fileresolver.impl.AbstractFileProcessor  - XStream配置文件[D:\git\tiny\framework\org.tinygroup.annotation\target\classes\annotation.xstream.xml]，加载完毕。
2014-05-07 15:09:19,504 -1380 [main] INFO  org.tinygroup.fileresolver.impl.AbstractFileProcessor  - 找到XStream配置文件[D:\git\tiny\framework\org.tinygroup.event\target\classes\event.xstream.xml]，并开始加载...
2014-05-07 15:09:19,514 -1390 [main] INFO  org.tinygroup.fileresolver.impl.AbstractFileProcessor  - XStream配置文件[D:\git\tiny\framework\org.tinygroup.event\target\classes\event.xstream.xml]，加载完毕。
2014-05-07 15:09:19,515 -1391 [main] INFO  org.tinygroup.fileresolver.impl.AbstractFileProcessor  - 找到XStream配置文件[D:\git\tiny\framework\org.tinygroup.flow\target\classes\flow.xstream.xml]，并开始加载...
2014-05-07 15:09:19,532 -1408 [main] INFO  org.tinygroup.fileresolver.impl.AbstractFileProcessor  - XStream配置文件[D:\git\tiny\framework\org.tinygroup.flow\target\classes\flow.xstream.xml]，加载完毕。
2014-05-07 15:09:19,533 -1409 [main] INFO  org.tinygroup.fileresolver.impl.AbstractFileProcessor  - 找到XStream配置文件[D:\git\tiny\framework\org.tinygroup.context2object\target\classes\context2object.xstream.xml]，并开始加载...
2014-05-07 15:09:19,544 -1420 [main] INFO  org.tinygroup.fileresolver.impl.AbstractFileProcessor  - XStream配置文件[D:\git\tiny\framework\org.tinygroup.context2object\target\classes\context2object.xstream.xml]，加载完毕。
2014-05-07 15:09:19,550 -1426 [main] INFO  org.tinygroup.fileresolver.impl.AbstractFileProcessor  - 正在读取逻辑组件fc文件[D:\git\tiny\fc\org.tinygroup.flowbasiccomponent\target\classes\flowbasiccomponent.fc.xml]
2014-05-07 15:09:19,563 -1439 [main] INFO  org.tinygroup.flow.containers.ComponentContainers  - 添加组件Component[name:queryAllFlowComponent,bean:queryAllFlowComponent]
2014-05-07 15:09:19,563 -1439 [main] INFO  org.tinygroup.flow.containers.ComponentContainers  - 添加组件Component[name:context2ObjectComponent,bean:context2ObjectComponent]
2014-05-07 15:09:19,563 -1439 [main] INFO  org.tinygroup.flow.containers.ComponentContainers  - 添加组件Component[name:keyChangeComponent,bean:keyChangeComponent]
2014-05-07 15:09:19,564 -1440 [main] INFO  org.tinygroup.flow.containers.ComponentContainers  - 添加组件Component[name:callMethodComponent,bean:callMethodComponent]
2014-05-07 15:09:19,564 -1440 [main] INFO  org.tinygroup.flow.containers.ComponentContainers  - 添加组件Component[name:callElComponent,bean:callElComponent]
2014-05-07 15:09:19,564 -1440 [main] INFO  org.tinygroup.fileresolver.impl.AbstractFileProcessor  - 读取逻辑组件fc文件[D:\git\tiny\fc\org.tinygroup.flowbasiccomponent\target\classes\flowbasiccomponent.fc.xml]结束
2014-05-07 15:09:19,565 -1441 [main] INFO  org.tinygroup.fileresolver.impl.AbstractFileProcessor  - 正在读取逻辑流程flow文件[D:\git\tiny\fc\org.tinygroup.flowbasiccomponent\target\test-classes\callBeanMethod.flow.xml]
2014-05-07 15:09:19,574 -1450 [main] INFO  org.tinygroup.flow.impl.FlowExecutorImpl  - 添加flow:[id:callBeanMethod]
2014-05-07 15:09:19,574 -1450 [main] INFO  org.tinygroup.flow.impl.FlowExecutorImpl  - 添加flow:[Name:callBeanMethod]
2014-05-07 15:09:19,574 -1450 [main] INFO  org.tinygroup.fileresolver.impl.AbstractFileProcessor  - 读取逻辑流程flow文件[D:\git\tiny\fc\org.tinygroup.flowbasiccomponent\target\test-classes\callBeanMethod.flow.xml]结束
2014-05-07 15:09:19,574 -1450 [main] INFO  org.tinygroup.fileresolver.impl.AbstractFileProcessor  - 正在读取逻辑流程flow文件[D:\git\tiny\fc\org.tinygroup.flowbasiccomponent\target\test-classes\callComputePlus.flow.xml]
2014-05-07 15:09:19,578 -1454 [main] INFO  org.tinygroup.flow.impl.FlowExecutorImpl  - 添加flow:[id:callComputePlus]
2014-05-07 15:09:19,578 -1454 [main] INFO  org.tinygroup.flow.impl.FlowExecutorImpl  - 添加flow:[Name:callComputePlus]
2014-05-07 15:09:19,578 -1454 [main] INFO  org.tinygroup.fileresolver.impl.AbstractFileProcessor  - 读取逻辑流程flow文件[D:\git\tiny\fc\org.tinygroup.flowbasiccomponent\target\test-classes\callComputePlus.flow.xml]结束
2014-05-07 15:09:19,578 -1454 [main] INFO  org.tinygroup.fileresolver.impl.AbstractFileProcessor  - 正在读取逻辑流程flow文件[D:\git\tiny\fc\org.tinygroup.flowbasiccomponent\target\test-classes\callEl.flow.xml]
2014-05-07 15:09:19,581 -1457 [main] INFO  org.tinygroup.flow.impl.FlowExecutorImpl  - 添加flow:[id:callEl]
2014-05-07 15:09:19,581 -1457 [main] INFO  org.tinygroup.flow.impl.FlowExecutorImpl  - 添加flow:[Name:callEl]
2014-05-07 15:09:19,581 -1457 [main] INFO  org.tinygroup.fileresolver.impl.AbstractFileProcessor  - 读取逻辑流程flow文件[D:\git\tiny\fc\org.tinygroup.flowbasiccomponent\target\test-classes\callEl.flow.xml]结束
2014-05-07 15:09:19,581 -1457 [main] INFO  org.tinygroup.fileresolver.impl.AbstractFileProcessor  - 正在读取逻辑流程flow文件[D:\git\tiny\fc\org.tinygroup.flowbasiccomponent\target\test-classes\context2Object.flow.xml]
2014-05-07 15:09:19,583 -1459 [main] INFO  org.tinygroup.flow.impl.FlowExecutorImpl  - 添加flow:[id:flowContext2Object]
2014-05-07 15:09:19,583 -1459 [main] INFO  org.tinygroup.flow.impl.FlowExecutorImpl  - 添加flow:[Name:flowContext2Object]
2014-05-07 15:09:19,583 -1459 [main] INFO  org.tinygroup.fileresolver.impl.AbstractFileProcessor  - 读取逻辑流程flow文件[D:\git\tiny\fc\org.tinygroup.flowbasiccomponent\target\test-classes\context2Object.flow.xml]结束
2014-05-07 15:09:19,583 -1459 [main] INFO  org.tinygroup.fileresolver.impl.AbstractFileProcessor  - 正在读取逻辑流程flow文件[D:\git\tiny\fc\org.tinygroup.flowbasiccomponent\target\test-classes\queryAllFlow.flow.xml]
2014-05-07 15:09:19,584 -1460 [main] INFO  org.tinygroup.flow.impl.FlowExecutorImpl  - 添加flow:[id:flowQueryAllFlow]
2014-05-07 15:09:19,584 -1460 [main] INFO  org.tinygroup.flow.impl.FlowExecutorImpl  - 添加flow:[Name:flowQueryAllFlow]
2014-05-07 15:09:19,584 -1460 [main] INFO  org.tinygroup.fileresolver.impl.AbstractFileProcessor  - 读取逻辑流程flow文件[D:\git\tiny\fc\org.tinygroup.flowbasiccomponent\target\test-classes\queryAllFlow.flow.xml]结束
2014-05-07 15:09:19,585 -1461 [main] INFO  org.tinygroup.fileresolver.impl.AbstractFileProcessor  - 正在读取页面组件pagefc文件[D:\git\tiny\fc\org.tinygroup.flowbasiccomponent\target\classes\flowbasiccomponent.pagefc.xml]
2014-05-07 15:09:19,590 -1466 [main] INFO  org.tinygroup.flow.containers.ComponentContainers  - 添加组件Component[name:queryAllFlowComponent,bean:queryAllFlowComponent]
2014-05-07 15:09:19,590 -1466 [main] INFO  org.tinygroup.flow.containers.ComponentContainers  - 添加组件Component[name:context2ObjectComponent,bean:context2ObjectComponent]
2014-05-07 15:09:19,590 -1466 [main] INFO  org.tinygroup.flow.containers.ComponentContainers  - 添加组件Component[name:keyChangeComponent,bean:keyChangeComponent]
2014-05-07 15:09:19,591 -1467 [main] INFO  org.tinygroup.flow.containers.ComponentContainers  - 添加组件Component[name:callMethodComponent,bean:callMethodComponent]
2014-05-07 15:09:19,591 -1467 [main] INFO  org.tinygroup.flow.containers.ComponentContainers  - 添加组件Component[name:callElComponent,bean:callElComponent]
2014-05-07 15:09:19,591 -1467 [main] INFO  org.tinygroup.fileresolver.impl.AbstractFileProcessor  - 读取页面组件pagefc文件[D:\git\tiny\fc\org.tinygroup.flowbasiccomponent\target\classes\flowbasiccomponent.pagefc.xml]结束
2014-05-07 15:09:19,591 -1467 [main] INFO  org.tinygroup.fileresolver.impl.AbstractFileProcessor  - 正在读取页面流程pageflow文件[D:\git\tiny\fc\org.tinygroup.flowbasiccomponent\target\test-classes\callBeanMethod.pageflow.xml]
2014-05-07 15:09:19,594 -1470 [main] INFO  org.tinygroup.flow.impl.FlowExecutorImpl  - 添加flow:[id:callBeanMethod]
2014-05-07 15:09:19,594 -1470 [main] INFO  org.tinygroup.flow.impl.FlowExecutorImpl  - 添加flow:[Name:callBeanMethod]
2014-05-07 15:09:19,594 -1470 [main] INFO  org.tinygroup.fileresolver.impl.AbstractFileProcessor  - 读取页面流程pageflow文件[D:\git\tiny\fc\org.tinygroup.flowbasiccomponent\target\test-classes\callBeanMethod.pageflow.xml]结束
2014-05-07 15:09:19,595 -1471 [main] INFO  org.tinygroup.fileresolver.impl.AbstractFileProcessor  - 正在读取页面流程pageflow文件[D:\git\tiny\fc\org.tinygroup.flowbasiccomponent\target\test-classes\callComputePlus.pageflow.xml]
2014-05-07 15:09:19,597 -1473 [main] INFO  org.tinygroup.flow.impl.FlowExecutorImpl  - 添加flow:[id:callComputePlus]
2014-05-07 15:09:19,597 -1473 [main] INFO  org.tinygroup.flow.impl.FlowExecutorImpl  - 添加flow:[Name:callComputePlus]
2014-05-07 15:09:19,597 -1473 [main] INFO  org.tinygroup.fileresolver.impl.AbstractFileProcessor  - 读取页面流程pageflow文件[D:\git\tiny\fc\org.tinygroup.flowbasiccomponent\target\test-classes\callComputePlus.pageflow.xml]结束
2014-05-07 15:09:19,597 -1473 [main] INFO  org.tinygroup.fileresolver.impl.AbstractFileProcessor  - 正在读取页面流程pageflow文件[D:\git\tiny\fc\org.tinygroup.flowbasiccomponent\target\test-classes\callEl.pageflow.xml]
2014-05-07 15:09:19,599 -1475 [main] INFO  org.tinygroup.flow.impl.FlowExecutorImpl  - 添加flow:[id:callEl]
2014-05-07 15:09:19,600 -1476 [main] INFO  org.tinygroup.flow.impl.FlowExecutorImpl  - 添加flow:[Name:callEl]
2014-05-07 15:09:19,600 -1476 [main] INFO  org.tinygroup.fileresolver.impl.AbstractFileProcessor  - 读取页面流程pageflow文件[D:\git\tiny\fc\org.tinygroup.flowbasiccomponent\target\test-classes\callEl.pageflow.xml]结束
2014-05-07 15:09:19,600 -1476 [main] INFO  org.tinygroup.fileresolver.impl.AbstractFileProcessor  - 正在读取页面流程pageflow文件[D:\git\tiny\fc\org.tinygroup.flowbasiccomponent\target\test-classes\context2Object.pageflow.xml]
2014-05-07 15:09:19,602 -1478 [main] INFO  org.tinygroup.flow.impl.FlowExecutorImpl  - 添加flow:[id:flowContext2Object]
2014-05-07 15:09:19,603 -1479 [main] INFO  org.tinygroup.flow.impl.FlowExecutorImpl  - 添加flow:[Name:flowContext2Object]
2014-05-07 15:09:19,603 -1479 [main] INFO  org.tinygroup.fileresolver.impl.AbstractFileProcessor  - 读取页面流程pageflow文件[D:\git\tiny\fc\org.tinygroup.flowbasiccomponent\target\test-classes\context2Object.pageflow.xml]结束
2014-05-07 15:09:19,603 -1479 [main] INFO  org.tinygroup.fileresolver.impl.FileResolverImpl  - 全路径扫描完成。
2014-05-07 15:09:19,604 -1480 [main] INFO  org.tinygroup.application.impl.ApplicationDefault  - 应用处理器class org.tinygroup.fileresolver.applicationprocessor.FileResolverProcessor启动完毕。
