2014-05-07 15:08:08,522 -0    [main] INFO  org.tinygroup.fileresolver.impl.FileResolverImpl  - 正在进行全路径扫描....
2014-05-07 15:08:08,550 -28   [main] INFO  org.tinygroup.fileresolver.impl.FileResolverImpl  - 查找WEB-INF/classes路径开始...
2014-05-07 15:08:08,551 -29   [main] INFO  org.tinygroup.fileresolver.impl.FileResolverImpl  - WEB-INF/classes路径是:file:/D:/git/tiny/framework/org.tinygroup.cepcore/target/test-classes/
2014-05-07 15:08:08,551 -29   [main] INFO  org.tinygroup.fileresolver.impl.FileResolverImpl  - WEB-INF/lib路径是:file:/D:/git/tiny/framework/org.tinygroup.cepcore/target/test-classes/
2014-05-07 15:08:08,552 -30   [main] INFO  org.tinygroup.fileresolver.impl.FileResolverImpl  - 查找WEB-INF/classes路径完成。
2014-05-07 15:08:08,553 -31   [main] WARN  org.tinygroup.fileresolver.impl.FileResolverImpl  - WEBROOT变量找不到
2014-05-07 15:08:08,553 -31   [main] INFO  org.tinygroup.fileresolver.impl.FileResolverImpl  - 查找Web工程中的jar文件列表开始...
2014-05-07 15:08:08,598 -76   [main] INFO  org.tinygroup.fileresolver.impl.FileResolverImpl  - 查找Web工程中的jar文件列表完成。
2014-05-07 15:08:08,611 -89   [file-resolver-threads-file-processor-thread-0] INFO  org.tinygroup.fileresolver.impl.FileResolverImpl  - 正在扫描路径[D:\git\tiny\framework\org.tinygroup.parser\target\classes]...
2014-05-07 15:08:08,616 -94   [file-resolver-threads-file-processor-thread-0] INFO  org.tinygroup.fileresolver.impl.FileResolverImpl  - 路径[D:\git\tiny\framework\org.tinygroup.parser\target\classes]扫描完成。
2014-05-07 15:08:08,617 -95   [file-resolver-threads-file-processor-thread-0] INFO  org.tinygroup.fileresolver.impl.FileResolverImpl  - 正在扫描路径[D:\git\tiny\framework\org.tinygroup.order\target\classes]...
2014-05-07 15:08:08,620 -98   [file-resolver-threads-file-processor-thread-0] INFO  org.tinygroup.fileresolver.impl.FileResolverImpl  - 路径[D:\git\tiny\framework\org.tinygroup.order\target\classes]扫描完成。
2014-05-07 15:08:08,622 -100  [file-resolver-threads-file-processor-thread-0] INFO  org.tinygroup.fileresolver.impl.FileResolverImpl  - 正在扫描路径[D:\git\tiny\framework\org.tinygroup.binarytree\target\classes]...
2014-05-07 15:08:08,623 -101  [file-resolver-threads-file-processor-thread-0] INFO  org.tinygroup.fileresolver.impl.FileResolverImpl  - 路径[D:\git\tiny\framework\org.tinygroup.binarytree\target\classes]扫描完成。
2014-05-07 15:08:08,624 -102  [file-resolver-threads-file-processor-thread-0] INFO  org.tinygroup.fileresolver.impl.FileResolverImpl  - 正在扫描路径[D:\git\tiny\framework\org.tinygroup.commons\target\classes]...
2014-05-07 15:08:08,633 -111  [file-resolver-threads-file-processor-thread-0] INFO  org.tinygroup.fileresolver.impl.FileResolverImpl  - 路径[D:\git\tiny\framework\org.tinygroup.commons\target\classes]扫描完成。
2014-05-07 15:08:08,634 -112  [file-resolver-threads-file-processor-thread-0] INFO  org.tinygroup.fileresolver.impl.FileResolverImpl  - 正在扫描路径[D:\git\tiny\framework\org.tinygroup.annotation\target\classes]...
2014-05-07 15:08:08,636 -114  [file-resolver-threads-file-processor-thread-0] INFO  org.tinygroup.fileresolver.impl.FileResolverImpl  - 路径[D:\git\tiny\framework\org.tinygroup.annotation\target\classes]扫描完成。
2014-05-07 15:08:08,637 -115  [file-resolver-threads-file-processor-thread-0] INFO  org.tinygroup.fileresolver.impl.FileResolverImpl  - 正在扫描路径[D:\git\tiny\framework\org.tinygroup.threadgroup\target\classes]...
2014-05-07 15:08:08,639 -117  [file-resolver-threads-file-processor-thread-0] INFO  org.tinygroup.fileresolver.impl.FileResolverImpl  - 路径[D:\git\tiny\framework\org.tinygroup.threadgroup\target\classes]扫描完成。
2014-05-07 15:08:08,640 -118  [file-resolver-threads-file-processor-thread-0] INFO  org.tinygroup.fileresolver.impl.FileResolverImpl  - 正在扫描路径[D:\git\tiny\framework\org.tinygroup.event\target\classes]...
2014-05-07 15:08:08,642 -120  [file-resolver-threads-file-processor-thread-0] INFO  org.tinygroup.fileresolver.impl.FileResolverImpl  - 路径[D:\git\tiny\framework\org.tinygroup.event\target\classes]扫描完成。
2014-05-07 15:08:08,642 -120  [file-resolver-threads-file-processor-thread-0] INFO  org.tinygroup.fileresolver.impl.FileResolverImpl  - 正在扫描路径[D:\git\tiny\framework\org.tinygroup.cepcore\target\test-classes]...
2014-05-07 15:08:08,647 -125  [file-resolver-threads-file-processor-thread-0] INFO  org.tinygroup.fileresolver.impl.FileResolverImpl  - 路径[D:\git\tiny\framework\org.tinygroup.cepcore\target\test-classes]扫描完成。
2014-05-07 15:08:08,647 -125  [file-resolver-threads-file-processor-thread-0] INFO  org.tinygroup.fileresolver.impl.FileResolverImpl  - 正在扫描路径[D:\git\tiny\framework\org.tinygroup.fileresolver\target\classes]...
2014-05-07 15:08:08,650 -128  [file-resolver-threads-file-processor-thread-0] INFO  org.tinygroup.fileresolver.impl.FileResolverImpl  - 路径[D:\git\tiny\framework\org.tinygroup.fileresolver\target\classes]扫描完成。
2014-05-07 15:08:08,651 -129  [file-resolver-threads-file-processor-thread-0] INFO  org.tinygroup.fileresolver.impl.FileResolverImpl  - 正在扫描路径[D:\git\tiny\framework\org.tinygroup.cepcore\target\classes]...
2014-05-07 15:08:08,655 -133  [file-resolver-threads-file-processor-thread-0] INFO  org.tinygroup.fileresolver.impl.FileResolverImpl  - 路径[D:\git\tiny\framework\org.tinygroup.cepcore\target\classes]扫描完成。
2014-05-07 15:08:08,656 -134  [file-resolver-threads-file-processor-thread-0] INFO  org.tinygroup.fileresolver.impl.FileResolverImpl  - 正在扫描路径[D:\git\tiny\framework\org.tinygroup.i18n\target\classes]...
2014-05-07 15:08:08,658 -136  [file-resolver-threads-file-processor-thread-0] INFO  org.tinygroup.fileresolver.impl.FileResolverImpl  - 路径[D:\git\tiny\framework\org.tinygroup.i18n\target\classes]扫描完成。
2014-05-07 15:08:08,658 -136  [file-resolver-threads-file-processor-thread-0] INFO  org.tinygroup.fileresolver.impl.FileResolverImpl  - 正在扫描路径[D:\git\tiny\framework\org.tinygroup.vfs\target\classes]...
2014-05-07 15:08:08,660 -138  [file-resolver-threads-file-processor-thread-0] INFO  org.tinygroup.fileresolver.impl.FileResolverImpl  - 路径[D:\git\tiny\framework\org.tinygroup.vfs\target\classes]扫描完成。
2014-05-07 15:08:08,661 -139  [file-resolver-threads-file-processor-thread-0] INFO  org.tinygroup.fileresolver.impl.FileResolverImpl  - 正在扫描路径[D:\git\tiny\framework\org.tinygroup.exceptionhandler\target\classes]...
2014-05-07 15:08:08,662 -140  [file-resolver-threads-file-processor-thread-0] INFO  org.tinygroup.fileresolver.impl.FileResolverImpl  - 路径[D:\git\tiny\framework\org.tinygroup.exceptionhandler\target\classes]扫描完成。
2014-05-07 15:08:08,662 -140  [file-resolver-threads-file-processor-thread-0] INFO  org.tinygroup.fileresolver.impl.FileResolverImpl  - 正在扫描路径[D:\git\tiny\framework\org.tinygroup.context\target\classes]...
2014-05-07 15:08:08,664 -142  [file-resolver-threads-file-processor-thread-0] INFO  org.tinygroup.fileresolver.impl.FileResolverImpl  - 路径[D:\git\tiny\framework\org.tinygroup.context\target\classes]扫描完成。
2014-05-07 15:08:08,664 -142  [file-resolver-threads-file-processor-thread-0] INFO  org.tinygroup.fileresolver.impl.FileResolverImpl  - 正在扫描路径[D:\git\tiny\ext\org.tinygroup.elmvel\target\classes]...
2014-05-07 15:08:08,665 -143  [file-resolver-threads-file-processor-thread-0] INFO  org.tinygroup.fileresolver.impl.FileResolverImpl  - 路径[D:\git\tiny\ext\org.tinygroup.elmvel\target\classes]扫描完成。
2014-05-07 15:08:08,665 -143  [file-resolver-threads-file-processor-thread-0] INFO  org.tinygroup.fileresolver.impl.FileResolverImpl  - 正在扫描路径[D:\git\tiny\framework\org.tinygroup.validate\target\classes]...
2014-05-07 15:08:08,675 -153  [file-resolver-threads-file-processor-thread-0] INFO  org.tinygroup.fileresolver.impl.FileResolverImpl  - 路径[D:\git\tiny\framework\org.tinygroup.validate\target\classes]扫描完成。
2014-05-07 15:08:08,675 -153  [file-resolver-threads-file-processor-thread-0] INFO  org.tinygroup.fileresolver.impl.FileResolverImpl  - 正在扫描路径[D:\git\tiny\ext\org.tinygroup.jcscache\target\classes]...
2014-05-07 15:08:08,677 -155  [file-resolver-threads-file-processor-thread-0] INFO  org.tinygroup.fileresolver.impl.FileResolverImpl  - 路径[D:\git\tiny\ext\org.tinygroup.jcscache\target\classes]扫描完成。
2014-05-07 15:08:08,678 -156  [file-resolver-threads-file-processor-thread-0] INFO  org.tinygroup.fileresolver.impl.FileResolverImpl  - 正在扫描路径[D:\git\tiny\framework\org.tinygroup.springutil\target\classes]...
2014-05-07 15:08:08,679 -157  [file-resolver-threads-file-processor-thread-0] INFO  org.tinygroup.fileresolver.impl.FileResolverImpl  - 路径[D:\git\tiny\framework\org.tinygroup.springutil\target\classes]扫描完成。
2014-05-07 15:08:08,680 -158  [file-resolver-threads-file-processor-thread-0] INFO  org.tinygroup.fileresolver.impl.FileResolverImpl  - 正在扫描路径[D:\git\tiny\framework\org.tinygroup.logger\target\classes]...
2014-05-07 15:08:08,681 -159  [file-resolver-threads-file-processor-thread-0] INFO  org.tinygroup.fileresolver.impl.FileResolverImpl  - 路径[D:\git\tiny\framework\org.tinygroup.logger\target\classes]扫描完成。
2014-05-07 15:08:08,682 -160  [file-resolver-threads-file-processor-thread-0] INFO  org.tinygroup.fileresolver.impl.FileResolverImpl  - 正在扫描路径[D:\git\tiny\framework\org.tinygroup.xmlparser\target\classes]...
2014-05-07 15:08:08,683 -161  [file-resolver-threads-file-processor-thread-0] INFO  org.tinygroup.fileresolver.impl.FileResolverImpl  - 路径[D:\git\tiny\framework\org.tinygroup.xmlparser\target\classes]扫描完成。
2014-05-07 15:08:08,684 -162  [file-resolver-threads-file-processor-thread-0] INFO  org.tinygroup.fileresolver.impl.FileResolverImpl  - 正在扫描路径[D:\git\tiny\framework\org.tinygroup.xstream\target\classes]...
2014-05-07 15:08:08,685 -163  [file-resolver-threads-file-processor-thread-0] INFO  org.tinygroup.fileresolver.impl.FileResolverImpl  - 路径[D:\git\tiny\framework\org.tinygroup.xstream\target\classes]扫描完成。
2014-05-07 15:08:08,685 -163  [file-resolver-threads-file-processor-thread-0] INFO  org.tinygroup.fileresolver.impl.FileResolverImpl  - 正在扫描路径[D:\git\tiny\framework\org.tinygroup.el\target\classes]...
2014-05-07 15:08:08,686 -164  [file-resolver-threads-file-processor-thread-0] INFO  org.tinygroup.fileresolver.impl.FileResolverImpl  - 路径[D:\git\tiny\framework\org.tinygroup.el\target\classes]扫描完成。
2014-05-07 15:08:08,687 -165  [file-resolver-threads-file-processor-thread-0] INFO  org.tinygroup.fileresolver.impl.FileResolverImpl  - 正在扫描路径[D:\git\tiny\framework\org.tinygroup.flow\target\classes]...
2014-05-07 15:08:08,691 -169  [file-resolver-threads-file-processor-thread-0] INFO  org.tinygroup.fileresolver.impl.FileResolverImpl  - 路径[D:\git\tiny\framework\org.tinygroup.flow\target\classes]扫描完成。
2014-05-07 15:08:08,692 -170  [file-resolver-threads-file-processor-thread-0] INFO  org.tinygroup.fileresolver.impl.FileResolverImpl  - 正在扫描路径[D:\git\tiny\framework\org.tinygroup.formater\target\classes]...
2014-05-07 15:08:08,694 -172  [file-resolver-threads-file-processor-thread-0] INFO  org.tinygroup.fileresolver.impl.FileResolverImpl  - 路径[D:\git\tiny\framework\org.tinygroup.formater\target\classes]扫描完成。
2014-05-07 15:08:08,694 -172  [file-resolver-threads-file-processor-thread-0] INFO  org.tinygroup.fileresolver.impl.FileResolverImpl  - 正在扫描路径[D:\git\tiny\framework\org.tinygroup.application\target\classes]...
2014-05-07 15:08:08,695 -173  [file-resolver-threads-file-processor-thread-0] INFO  org.tinygroup.fileresolver.impl.FileResolverImpl  - 路径[D:\git\tiny\framework\org.tinygroup.application\target\classes]扫描完成。
2014-05-07 15:08:08,696 -174  [file-resolver-threads-file-processor-thread-0] INFO  org.tinygroup.fileresolver.impl.FileResolverImpl  - 正在扫描路径[D:\git\tiny\framework\org.tinygroup.context2object\target\classes]...
2014-05-07 15:08:08,699 -177  [file-resolver-threads-file-processor-thread-0] INFO  org.tinygroup.fileresolver.impl.FileResolverImpl  - 路径[D:\git\tiny\framework\org.tinygroup.context2object\target\classes]扫描完成。
2014-05-07 15:08:08,699 -177  [file-resolver-threads-file-processor-thread-0] INFO  org.tinygroup.fileresolver.impl.FileResolverImpl  - 正在扫描路径[D:\git\tiny\framework\org.tinygroup.config\target\classes]...
2014-05-07 15:08:08,701 -179  [file-resolver-threads-file-processor-thread-0] INFO  org.tinygroup.fileresolver.impl.FileResolverImpl  - 路径[D:\git\tiny\framework\org.tinygroup.config\target\classes]扫描完成。
2014-05-07 15:08:08,702 -180  [file-resolver-threads-file-processor-thread-0] INFO  org.tinygroup.fileresolver.impl.FileResolverImpl  - 正在扫描路径[D:\git\tiny\framework\org.tinygroup.cache\target\classes]...
2014-05-07 15:08:08,704 -182  [file-resolver-threads-file-processor-thread-0] INFO  org.tinygroup.fileresolver.impl.FileResolverImpl  - 路径[D:\git\tiny\framework\org.tinygroup.cache\target\classes]扫描完成。
2014-05-07 15:08:08,705 -183  [file-resolver-threads-file-processor-thread-0] INFO  org.tinygroup.fileresolver.impl.FileResolverImpl  - 正在扫描路径[D:\git\tiny\framework\org.tinygroup.exception\target\classes]...
2014-05-07 15:08:08,706 -184  [file-resolver-threads-file-processor-thread-0] INFO  org.tinygroup.fileresolver.impl.FileResolverImpl  - 路径[D:\git\tiny\framework\org.tinygroup.exception\target\classes]扫描完成。
2014-05-07 15:08:08,707 -185  [file-resolver-threads-file-processor-thread-0] INFO  org.tinygroup.fileresolver.impl.FileResolverImpl  - 正在扫描路径[D:\git\tiny\framework\org.tinygroup.testutil\target\classes]...
2014-05-07 15:08:08,708 -186  [file-resolver-threads-file-processor-thread-0] INFO  org.tinygroup.fileresolver.impl.FileResolverImpl  - 路径[D:\git\tiny\framework\org.tinygroup.testutil\target\classes]扫描完成。
2014-05-07 15:08:08,709 -187  [main] INFO  org.tinygroup.fileresolver.impl.MultiThreadFileProcessor  - 线程组:<file-resolver-threads>执行时间：99
2014-05-07 15:08:08,777 -255  [main] INFO  org.tinygroup.springutil.SpringUtil  - 添加Spring配置文件:file:D:/git/tiny/framework/org.tinygroup.order/target/classes/order.beans.xml
2014-05-07 15:08:08,777 -255  [main] INFO  org.tinygroup.springutil.SpringUtil  - 添加Spring配置文件:file:D:/git/tiny/framework/org.tinygroup.binarytree/target/classes/binarytree.beans.xml
2014-05-07 15:08:08,778 -256  [main] INFO  org.tinygroup.springutil.SpringUtil  - 添加Spring配置文件:file:D:/git/tiny/framework/org.tinygroup.annotation/target/classes/annotation.beans.xml
2014-05-07 15:08:08,778 -256  [main] INFO  org.tinygroup.springutil.SpringUtil  - 添加Spring配置文件:file:D:/git/tiny/framework/org.tinygroup.cepcore/target/test-classes/aop.beans.xml
2014-05-07 15:08:08,778 -256  [main] INFO  org.tinygroup.springutil.SpringUtil  - 添加Spring配置文件:file:D:/git/tiny/framework/org.tinygroup.cepcore/target/test-classes/Application.springbeans.xml
2014-05-07 15:08:08,778 -256  [main] INFO  org.tinygroup.springutil.SpringUtil  - 添加Spring配置文件:file:D:/git/tiny/framework/org.tinygroup.cepcore/target/test-classes/validate.beans.xml
2014-05-07 15:08:08,779 -257  [main] INFO  org.tinygroup.springutil.SpringUtil  - 添加Spring配置文件:file:D:/git/tiny/framework/org.tinygroup.fileresolver/target/classes/fileresolver.beans.xml
2014-05-07 15:08:08,779 -257  [main] INFO  org.tinygroup.springutil.SpringUtil  - 添加Spring配置文件:file:D:/git/tiny/framework/org.tinygroup.cepcore/target/classes/cepcore.beans.xml
2014-05-07 15:08:08,779 -257  [main] INFO  org.tinygroup.springutil.SpringUtil  - 添加Spring配置文件:file:D:/git/tiny/framework/org.tinygroup.exceptionhandler/target/classes/exceptionhandler.beans.xml
2014-05-07 15:08:08,780 -258  [main] INFO  org.tinygroup.springutil.SpringUtil  - 添加Spring配置文件:file:D:/git/tiny/ext/org.tinygroup.elmvel/target/classes/el.beans.xml
2014-05-07 15:08:08,780 -258  [main] INFO  org.tinygroup.springutil.SpringUtil  - 添加Spring配置文件:file:D:/git/tiny/framework/org.tinygroup.validate/target/classes/validate.beans.xml
2014-05-07 15:08:08,780 -258  [main] INFO  org.tinygroup.springutil.SpringUtil  - 添加Spring配置文件:file:D:/git/tiny/ext/org.tinygroup.jcscache/target/classes/Cache.beans.xml
2014-05-07 15:08:08,781 -259  [main] INFO  org.tinygroup.springutil.SpringUtil  - 添加Spring配置文件:file:D:/git/tiny/framework/org.tinygroup.xstream/target/classes/xstream.beans.xml
2014-05-07 15:08:08,781 -259  [main] INFO  org.tinygroup.springutil.SpringUtil  - 添加Spring配置文件:file:D:/git/tiny/framework/org.tinygroup.flow/target/classes/flow.beans.xml
2014-05-07 15:08:08,781 -259  [main] INFO  org.tinygroup.springutil.SpringUtil  - 添加Spring配置文件:file:D:/git/tiny/framework/org.tinygroup.context2object/target/classes/context2object.beans.xml
2014-05-07 15:08:08,782 -260  [main] INFO  org.tinygroup.springutil.SpringUtil  - 添加Spring配置文件:file:D:/git/tiny/framework/org.tinygroup.cache/target/classes/Cache.beans.xml
2014-05-07 15:08:08,782 -260  [main] INFO  org.tinygroup.springutil.SpringUtil  - 添加Spring配置文件:file:D:/git/tiny/framework/org.tinygroup.exception/target/classes/exception.beans.xml
2014-05-07 15:08:08,785 -263  [main] INFO  org.springframework.context.support.FileSystemXmlApplicationContext  - Refreshing org.springframework.context.support.FileSystemXmlApplicationContext@35a33e9f: display name [org.springframework.context.support.FileSystemXmlApplicationContext@35a33e9f]; startup date [Wed May 07 15:08:08 CST 2014]; root of context hierarchy
2014-05-07 15:08:08,868 -346  [main] INFO  org.springframework.beans.factory.xml.XmlBeanDefinitionReader  - Loading XML bean definitions from URL [file:D:/git/tiny/framework/org.tinygroup.order/target/classes/order.beans.xml]
2014-05-07 15:08:09,016 -494  [main] INFO  org.springframework.beans.factory.xml.XmlBeanDefinitionReader  - Loading XML bean definitions from URL [file:D:/git/tiny/framework/org.tinygroup.binarytree/target/classes/binarytree.beans.xml]
2014-05-07 15:08:09,055 -533  [main] INFO  org.springframework.beans.factory.xml.XmlBeanDefinitionReader  - Loading XML bean definitions from URL [file:D:/git/tiny/framework/org.tinygroup.annotation/target/classes/annotation.beans.xml]
2014-05-07 15:08:09,082 -560  [main] INFO  org.springframework.beans.factory.xml.XmlBeanDefinitionReader  - Loading XML bean definitions from URL [file:D:/git/tiny/framework/org.tinygroup.cepcore/target/test-classes/aop.beans.xml]
2014-05-07 15:08:09,109 -587  [main] INFO  org.springframework.beans.factory.xml.XmlBeanDefinitionReader  - Loading XML bean definitions from URL [file:D:/git/tiny/framework/org.tinygroup.cepcore/target/test-classes/Application.springbeans.xml]
2014-05-07 15:08:09,136 -614  [main] INFO  org.springframework.beans.factory.xml.XmlBeanDefinitionReader  - Loading XML bean definitions from URL [file:D:/git/tiny/framework/org.tinygroup.cepcore/target/test-classes/validate.beans.xml]
2014-05-07 15:08:09,167 -645  [main] INFO  org.springframework.beans.factory.xml.XmlBeanDefinitionReader  - Loading XML bean definitions from URL [file:D:/git/tiny/framework/org.tinygroup.fileresolver/target/classes/fileresolver.beans.xml]
2014-05-07 15:08:09,201 -679  [main] INFO  org.springframework.beans.factory.xml.XmlBeanDefinitionReader  - Loading XML bean definitions from URL [file:D:/git/tiny/framework/org.tinygroup.cepcore/target/classes/cepcore.beans.xml]
2014-05-07 15:08:09,229 -707  [main] INFO  org.springframework.beans.factory.xml.XmlBeanDefinitionReader  - Loading XML bean definitions from URL [file:D:/git/tiny/framework/org.tinygroup.exceptionhandler/target/classes/exceptionhandler.beans.xml]
2014-05-07 15:08:09,255 -733  [main] INFO  org.springframework.beans.factory.xml.XmlBeanDefinitionReader  - Loading XML bean definitions from URL [file:D:/git/tiny/ext/org.tinygroup.elmvel/target/classes/el.beans.xml]
2014-05-07 15:08:09,281 -759  [main] INFO  org.springframework.beans.factory.xml.XmlBeanDefinitionReader  - Loading XML bean definitions from URL [file:D:/git/tiny/framework/org.tinygroup.validate/target/classes/validate.beans.xml]
2014-05-07 15:08:09,321 -799  [main] INFO  org.springframework.beans.factory.xml.XmlBeanDefinitionReader  - Loading XML bean definitions from URL [file:D:/git/tiny/ext/org.tinygroup.jcscache/target/classes/Cache.beans.xml]
2014-05-07 15:08:09,355 -833  [main] INFO  org.springframework.beans.factory.xml.XmlBeanDefinitionReader  - Loading XML bean definitions from URL [file:D:/git/tiny/framework/org.tinygroup.xstream/target/classes/xstream.beans.xml]
2014-05-07 15:08:09,378 -856  [main] INFO  org.springframework.beans.factory.xml.XmlBeanDefinitionReader  - Loading XML bean definitions from URL [file:D:/git/tiny/framework/org.tinygroup.flow/target/classes/flow.beans.xml]
2014-05-07 15:08:09,404 -882  [main] INFO  org.springframework.beans.factory.xml.XmlBeanDefinitionReader  - Loading XML bean definitions from URL [file:D:/git/tiny/framework/org.tinygroup.context2object/target/classes/context2object.beans.xml]
2014-05-07 15:08:09,425 -903  [main] INFO  org.springframework.beans.factory.xml.XmlBeanDefinitionReader  - Loading XML bean definitions from URL [file:D:/git/tiny/framework/org.tinygroup.cache/target/classes/Cache.beans.xml]
2014-05-07 15:08:09,442 -920  [main] INFO  org.springframework.beans.factory.xml.XmlBeanDefinitionReader  - Loading XML bean definitions from URL [file:D:/git/tiny/framework/org.tinygroup.exception/target/classes/exception.beans.xml]
2014-05-07 15:08:09,462 -940  [main] INFO  org.springframework.context.support.FileSystemXmlApplicationContext  - Bean factory for application context [org.springframework.context.support.FileSystemXmlApplicationContext@35a33e9f]: org.springframework.beans.factory.support.DefaultListableBeanFactory@1a29f594
2014-05-07 15:08:09,563 -1041 [main] INFO  org.springframework.beans.factory.support.DefaultListableBeanFactory  - Pre-instantiating singletons in org.springframework.beans.factory.support.DefaultListableBeanFactory@1a29f594: defining beans [orderProcessor,avlTreeImpl,annotationExcuteManager,annotationFileProcessor,annotationClassFileProcessor,aopTestAdapter,fileResolver,fileResolverProcessor,validateAddress,validateUser,validateService,exceptionService,fullContextFileRepository,fullContextFileFinder,i18nFileProcessor,xStreamFileProcessor,orderFileProcessor,springBeansFileProcessor,configurationFileProcessor,fileMonitorProcessor,cepcore,cepCoreManagerCentral,nodeWeightPloyStrategy,cepCoreManagerNode,cepcore_aop_bean,requestParamValidate,exceptionProcessor,cepCoreAopConfig,CEPProcessor,exceptionHandlerManager,el,validatorMapStorage,validatorManagerWrapper,annotationValidatorManager,xmlValidatorManager,complexValidatorManager,validatorClassFieldAction,validatorFieldAnnotaionAction,validateMapFileProcessor,validateFileProcessor,validateComponent,enumValidator,equalsValidator,falseValidator,notEqualsValidator,notNullValidator,nullValidator,trueValidator,integerRangeValidator,doubleRangeValidator,floatRangeValidator,patternValidator,sizeValidator,jcsCache,jcsCacheProcessor,flowExecutor,flowFileProcessor,flowComponentProcessor,pageFlowExecutor,pageFlowFileProcessor,pageFlowComponentProcessor,flowComponentAnnotationAction,pageFlowComponentAnnotationAction,classNameObjectGenerator,generatorFileProcessor,cacheInitConfig]; root of factory hierarchy
2014-05-07 15:08:09,629 -1107 [main] INFO  org.tinygroup.fileresolver.impl.AbstractFileProcessor  - 开始读取组件配置文件:annotation.config.xml
2014-05-07 15:08:09,631 -1109 [main] INFO  org.tinygroup.fileresolver.impl.AbstractFileProcessor  - 读取组件配置文件:annotation.config.xml完成
2014-05-07 15:08:09,631 -1109 [main] INFO  org.tinygroup.fileresolver.impl.AbstractFileProcessor  - 开始读取组件配置文件:filefind.config.xml
2014-05-07 15:08:09,634 -1112 [main] INFO  org.tinygroup.fileresolver.impl.AbstractFileProcessor  - 读取组件配置文件:filefind.config.xml完成
2014-05-07 15:08:09,634 -1112 [main] INFO  org.tinygroup.fileresolver.impl.AbstractFileProcessor  - 开始读取组件配置文件:filemonitor.config.xml
2014-05-07 15:08:09,635 -1113 [main] INFO  org.tinygroup.fileresolver.impl.AbstractFileProcessor  - 读取组件配置文件:filemonitor.config.xml完成
2014-05-07 15:08:09,636 -1114 [main] INFO  org.tinygroup.fileresolver.impl.AbstractFileProcessor  - 开始读取组件配置文件:fileresolver.config.xml
2014-05-07 15:08:09,637 -1115 [main] INFO  org.tinygroup.fileresolver.impl.AbstractFileProcessor  - 读取组件配置文件:fileresolver.config.xml完成
2014-05-07 15:08:09,637 -1115 [main] INFO  org.tinygroup.fileresolver.impl.AbstractFileProcessor  - 开始读取组件配置文件:cepcoreaop.config.xml
2014-05-07 15:08:09,638 -1116 [main] INFO  org.tinygroup.fileresolver.impl.AbstractFileProcessor  - 读取组件配置文件:cepcoreaop.config.xml完成
2014-05-07 15:08:09,638 -1116 [main] INFO  org.tinygroup.fileresolver.impl.AbstractFileProcessor  - 开始读取组件配置文件:exceptionhandler.config.xml
2014-05-07 15:08:09,639 -1117 [main] INFO  org.tinygroup.fileresolver.impl.AbstractFileProcessor  - 读取组件配置文件:exceptionhandler.config.xml完成
2014-05-07 15:08:09,639 -1117 [main] INFO  org.tinygroup.fileresolver.impl.AbstractFileProcessor  - 开始读取组件配置文件:jcscache.config.xml
2014-05-07 15:08:09,640 -1118 [main] INFO  org.tinygroup.fileresolver.impl.AbstractFileProcessor  - 读取组件配置文件:jcscache.config.xml完成
2014-05-07 15:08:09,640 -1118 [main] INFO  org.tinygroup.fileresolver.impl.AbstractFileProcessor  - 开始读取组件配置文件:cacheinit.config.xml
2014-05-07 15:08:09,641 -1119 [main] INFO  org.tinygroup.fileresolver.impl.AbstractFileProcessor  - 读取组件配置文件:cacheinit.config.xml完成
2014-05-07 15:08:09,865 -1343 [main] INFO  org.tinygroup.config.impl.ConfigurationManagerImpl  - 正在分发应用配置信息...
2014-05-07 15:08:09,867 -1345 [main] INFO  org.tinygroup.cepcore.aop.impl.CEPCoreAopManagerImpl  - 开始初始化AOP配置
2014-05-07 15:08:09,867 -1345 [main] INFO  org.tinygroup.cepcore.aop.impl.CEPCoreAopManagerImpl  - 初始化AOP配置完成
2014-05-07 15:08:09,868 -1346 [main] INFO  org.tinygroup.config.impl.ConfigurationManagerImpl  - 应用配置信息分发完毕
2014-05-07 15:08:09,868 -1346 [main] INFO  org.tinygroup.fileresolver.impl.FileResolverImpl  - 全路径扫描完成。
2014-05-07 15:08:09,868 -1346 [main] INFO  org.tinygroup.application.impl.ApplicationDefault  - 启动应用开始...
2014-05-07 15:08:09,869 -1347 [main] INFO  org.tinygroup.application.impl.ApplicationDefault  - 应用处理器class org.tinygroup.fileresolver.applicationprocessor.FileResolverProcessor正在启动...
2014-05-07 15:08:09,869 -1347 [main] INFO  org.tinygroup.fileresolver.impl.FileResolverImpl  - 正在进行全路径扫描....
2014-05-07 15:08:09,871 -1349 [main] INFO  org.tinygroup.fileresolver.impl.FileResolverImpl  - 查找WEB-INF/classes路径开始...
2014-05-07 15:08:09,871 -1349 [main] INFO  org.tinygroup.fileresolver.impl.FileResolverImpl  - WEB-INF/classes路径是:file:/D:/git/tiny/framework/org.tinygroup.cepcore/target/test-classes/
2014-05-07 15:08:09,872 -1350 [main] INFO  org.tinygroup.fileresolver.impl.FileResolverImpl  - WEB-INF/lib路径是:file:/D:/git/tiny/framework/org.tinygroup.cepcore/target/test-classes/
2014-05-07 15:08:09,872 -1350 [main] INFO  org.tinygroup.fileresolver.impl.FileResolverImpl  - 查找WEB-INF/classes路径完成。
2014-05-07 15:08:09,872 -1350 [main] WARN  org.tinygroup.fileresolver.impl.FileResolverImpl  - WEBROOT变量找不到
2014-05-07 15:08:09,872 -1350 [main] INFO  org.tinygroup.fileresolver.impl.FileResolverImpl  - 查找Web工程中的jar文件列表开始...
2014-05-07 15:08:09,896 -1374 [main] INFO  org.tinygroup.fileresolver.impl.FileResolverImpl  - 查找Web工程中的jar文件列表完成。
2014-05-07 15:08:09,897 -1375 [file-resolver-threads-file-processor-thread-0] INFO  org.tinygroup.fileresolver.impl.FileResolverImpl  - 正在扫描路径[D:\git\tiny\framework\org.tinygroup.parser\target\classes]...
2014-05-07 15:08:09,899 -1377 [file-resolver-threads-file-processor-thread-0] INFO  org.tinygroup.fileresolver.impl.FileResolverImpl  - 路径[D:\git\tiny\framework\org.tinygroup.parser\target\classes]扫描完成。
2014-05-07 15:08:09,899 -1377 [file-resolver-threads-file-processor-thread-0] INFO  org.tinygroup.fileresolver.impl.FileResolverImpl  - 正在扫描路径[D:\git\tiny\framework\org.tinygroup.order\target\classes]...
2014-05-07 15:08:09,901 -1379 [file-resolver-threads-file-processor-thread-0] INFO  org.tinygroup.fileresolver.impl.FileResolverImpl  - 路径[D:\git\tiny\framework\org.tinygroup.order\target\classes]扫描完成。
2014-05-07 15:08:09,901 -1379 [file-resolver-threads-file-processor-thread-0] INFO  org.tinygroup.fileresolver.impl.FileResolverImpl  - 正在扫描路径[D:\git\tiny\framework\org.tinygroup.binarytree\target\classes]...
2014-05-07 15:08:09,903 -1381 [file-resolver-threads-file-processor-thread-0] INFO  org.tinygroup.fileresolver.impl.FileResolverImpl  - 路径[D:\git\tiny\framework\org.tinygroup.binarytree\target\classes]扫描完成。
2014-05-07 15:08:09,903 -1381 [file-resolver-threads-file-processor-thread-0] INFO  org.tinygroup.fileresolver.impl.FileResolverImpl  - 正在扫描路径[D:\git\tiny\framework\org.tinygroup.commons\target\classes]...
2014-05-07 15:08:09,910 -1388 [file-resolver-threads-file-processor-thread-0] INFO  org.tinygroup.fileresolver.impl.FileResolverImpl  - 路径[D:\git\tiny\framework\org.tinygroup.commons\target\classes]扫描完成。
2014-05-07 15:08:09,910 -1388 [file-resolver-threads-file-processor-thread-0] INFO  org.tinygroup.fileresolver.impl.FileResolverImpl  - 正在扫描路径[D:\git\tiny\framework\org.tinygroup.annotation\target\classes]...
2014-05-07 15:08:09,913 -1391 [file-resolver-threads-file-processor-thread-0] INFO  org.tinygroup.fileresolver.impl.FileResolverImpl  - 路径[D:\git\tiny\framework\org.tinygroup.annotation\target\classes]扫描完成。
2014-05-07 15:08:09,913 -1391 [file-resolver-threads-file-processor-thread-0] INFO  org.tinygroup.fileresolver.impl.FileResolverImpl  - 正在扫描路径[D:\git\tiny\framework\org.tinygroup.threadgroup\target\classes]...
2014-05-07 15:08:09,914 -1392 [file-resolver-threads-file-processor-thread-0] INFO  org.tinygroup.fileresolver.impl.FileResolverImpl  - 路径[D:\git\tiny\framework\org.tinygroup.threadgroup\target\classes]扫描完成。
2014-05-07 15:08:09,914 -1392 [file-resolver-threads-file-processor-thread-0] INFO  org.tinygroup.fileresolver.impl.FileResolverImpl  - 正在扫描路径[D:\git\tiny\framework\org.tinygroup.event\target\classes]...
2014-05-07 15:08:09,916 -1394 [file-resolver-threads-file-processor-thread-0] INFO  org.tinygroup.fileresolver.impl.FileResolverImpl  - 路径[D:\git\tiny\framework\org.tinygroup.event\target\classes]扫描完成。
2014-05-07 15:08:09,916 -1394 [file-resolver-threads-file-processor-thread-0] INFO  org.tinygroup.fileresolver.impl.FileResolverImpl  - 正在扫描路径[D:\git\tiny\framework\org.tinygroup.cepcore\target\test-classes]...
2014-05-07 15:08:09,921 -1399 [file-resolver-threads-file-processor-thread-0] INFO  org.tinygroup.fileresolver.impl.FileResolverImpl  - 路径[D:\git\tiny\framework\org.tinygroup.cepcore\target\test-classes]扫描完成。
2014-05-07 15:08:09,922 -1400 [file-resolver-threads-file-processor-thread-0] INFO  org.tinygroup.fileresolver.impl.FileResolverImpl  - 正在扫描路径[D:\git\tiny\framework\org.tinygroup.fileresolver\target\classes]...
2014-05-07 15:08:09,924 -1402 [file-resolver-threads-file-processor-thread-0] INFO  org.tinygroup.fileresolver.impl.FileResolverImpl  - 路径[D:\git\tiny\framework\org.tinygroup.fileresolver\target\classes]扫描完成。
2014-05-07 15:08:09,924 -1402 [file-resolver-threads-file-processor-thread-0] INFO  org.tinygroup.fileresolver.impl.FileResolverImpl  - 正在扫描路径[D:\git\tiny\framework\org.tinygroup.cepcore\target\classes]...
2014-05-07 15:08:09,927 -1405 [file-resolver-threads-file-processor-thread-0] INFO  org.tinygroup.fileresolver.impl.FileResolverImpl  - 路径[D:\git\tiny\framework\org.tinygroup.cepcore\target\classes]扫描完成。
2014-05-07 15:08:09,928 -1406 [file-resolver-threads-file-processor-thread-0] INFO  org.tinygroup.fileresolver.impl.FileResolverImpl  - 正在扫描路径[D:\git\tiny\framework\org.tinygroup.i18n\target\classes]...
2014-05-07 15:08:09,930 -1408 [file-resolver-threads-file-processor-thread-0] INFO  org.tinygroup.fileresolver.impl.FileResolverImpl  - 路径[D:\git\tiny\framework\org.tinygroup.i18n\target\classes]扫描完成。
2014-05-07 15:08:09,930 -1408 [file-resolver-threads-file-processor-thread-0] INFO  org.tinygroup.fileresolver.impl.FileResolverImpl  - 正在扫描路径[D:\git\tiny\framework\org.tinygroup.vfs\target\classes]...
2014-05-07 15:08:09,932 -1410 [file-resolver-threads-file-processor-thread-0] INFO  org.tinygroup.fileresolver.impl.FileResolverImpl  - 路径[D:\git\tiny\framework\org.tinygroup.vfs\target\classes]扫描完成。
2014-05-07 15:08:09,932 -1410 [file-resolver-threads-file-processor-thread-0] INFO  org.tinygroup.fileresolver.impl.FileResolverImpl  - 正在扫描路径[D:\git\tiny\framework\org.tinygroup.exceptionhandler\target\classes]...
2014-05-07 15:08:09,934 -1412 [file-resolver-threads-file-processor-thread-0] INFO  org.tinygroup.fileresolver.impl.FileResolverImpl  - 路径[D:\git\tiny\framework\org.tinygroup.exceptionhandler\target\classes]扫描完成。
2014-05-07 15:08:09,934 -1412 [file-resolver-threads-file-processor-thread-0] INFO  org.tinygroup.fileresolver.impl.FileResolverImpl  - 正在扫描路径[D:\git\tiny\framework\org.tinygroup.context\target\classes]...
2014-05-07 15:08:09,935 -1413 [file-resolver-threads-file-processor-thread-0] INFO  org.tinygroup.fileresolver.impl.FileResolverImpl  - 路径[D:\git\tiny\framework\org.tinygroup.context\target\classes]扫描完成。
2014-05-07 15:08:09,936 -1414 [file-resolver-threads-file-processor-thread-0] INFO  org.tinygroup.fileresolver.impl.FileResolverImpl  - 正在扫描路径[D:\git\tiny\ext\org.tinygroup.elmvel\target\classes]...
2014-05-07 15:08:09,936 -1414 [file-resolver-threads-file-processor-thread-0] INFO  org.tinygroup.fileresolver.impl.FileResolverImpl  - 路径[D:\git\tiny\ext\org.tinygroup.elmvel\target\classes]扫描完成。
2014-05-07 15:08:09,937 -1415 [file-resolver-threads-file-processor-thread-0] INFO  org.tinygroup.fileresolver.impl.FileResolverImpl  - 正在扫描路径[D:\git\tiny\framework\org.tinygroup.validate\target\classes]...
2014-05-07 15:08:09,940 -1418 [file-resolver-threads-file-processor-thread-0] INFO  org.tinygroup.fileresolver.impl.FileResolverImpl  - 路径[D:\git\tiny\framework\org.tinygroup.validate\target\classes]扫描完成。
2014-05-07 15:08:09,940 -1418 [file-resolver-threads-file-processor-thread-0] INFO  org.tinygroup.fileresolver.impl.FileResolverImpl  - 正在扫描路径[D:\git\tiny\ext\org.tinygroup.jcscache\target\classes]...
2014-05-07 15:08:09,942 -1420 [file-resolver-threads-file-processor-thread-0] INFO  org.tinygroup.fileresolver.impl.FileResolverImpl  - 路径[D:\git\tiny\ext\org.tinygroup.jcscache\target\classes]扫描完成。
2014-05-07 15:08:09,942 -1420 [file-resolver-threads-file-processor-thread-0] INFO  org.tinygroup.fileresolver.impl.FileResolverImpl  - 正在扫描路径[D:\git\tiny\framework\org.tinygroup.springutil\target\classes]...
2014-05-07 15:08:09,943 -1421 [file-resolver-threads-file-processor-thread-0] INFO  org.tinygroup.fileresolver.impl.FileResolverImpl  - 路径[D:\git\tiny\framework\org.tinygroup.springutil\target\classes]扫描完成。
2014-05-07 15:08:09,943 -1421 [file-resolver-threads-file-processor-thread-0] INFO  org.tinygroup.fileresolver.impl.FileResolverImpl  - 正在扫描路径[D:\git\tiny\framework\org.tinygroup.logger\target\classes]...
2014-05-07 15:08:09,945 -1423 [file-resolver-threads-file-processor-thread-0] INFO  org.tinygroup.fileresolver.impl.FileResolverImpl  - 路径[D:\git\tiny\framework\org.tinygroup.logger\target\classes]扫描完成。
2014-05-07 15:08:09,945 -1423 [file-resolver-threads-file-processor-thread-0] INFO  org.tinygroup.fileresolver.impl.FileResolverImpl  - 正在扫描路径[D:\git\tiny\framework\org.tinygroup.xmlparser\target\classes]...
2014-05-07 15:08:09,946 -1424 [file-resolver-threads-file-processor-thread-0] INFO  org.tinygroup.fileresolver.impl.FileResolverImpl  - 路径[D:\git\tiny\framework\org.tinygroup.xmlparser\target\classes]扫描完成。
2014-05-07 15:08:09,946 -1424 [file-resolver-threads-file-processor-thread-0] INFO  org.tinygroup.fileresolver.impl.FileResolverImpl  - 正在扫描路径[D:\git\tiny\framework\org.tinygroup.xstream\target\classes]...
2014-05-07 15:08:09,947 -1425 [file-resolver-threads-file-processor-thread-0] INFO  org.tinygroup.fileresolver.impl.FileResolverImpl  - 路径[D:\git\tiny\framework\org.tinygroup.xstream\target\classes]扫描完成。
2014-05-07 15:08:09,947 -1425 [file-resolver-threads-file-processor-thread-0] INFO  org.tinygroup.fileresolver.impl.FileResolverImpl  - 正在扫描路径[D:\git\tiny\framework\org.tinygroup.el\target\classes]...
2014-05-07 15:08:09,948 -1426 [file-resolver-threads-file-processor-thread-0] INFO  org.tinygroup.fileresolver.impl.FileResolverImpl  - 路径[D:\git\tiny\framework\org.tinygroup.el\target\classes]扫描完成。
2014-05-07 15:08:09,948 -1426 [file-resolver-threads-file-processor-thread-0] INFO  org.tinygroup.fileresolver.impl.FileResolverImpl  - 正在扫描路径[D:\git\tiny\framework\org.tinygroup.flow\target\classes]...
2014-05-07 15:08:09,951 -1429 [file-resolver-threads-file-processor-thread-0] INFO  org.tinygroup.fileresolver.impl.FileResolverImpl  - 路径[D:\git\tiny\framework\org.tinygroup.flow\target\classes]扫描完成。
2014-05-07 15:08:09,952 -1430 [file-resolver-threads-file-processor-thread-0] INFO  org.tinygroup.fileresolver.impl.FileResolverImpl  - 正在扫描路径[D:\git\tiny\framework\org.tinygroup.formater\target\classes]...
2014-05-07 15:08:09,953 -1431 [file-resolver-threads-file-processor-thread-0] INFO  org.tinygroup.fileresolver.impl.FileResolverImpl  - 路径[D:\git\tiny\framework\org.tinygroup.formater\target\classes]扫描完成。
2014-05-07 15:08:09,953 -1431 [file-resolver-threads-file-processor-thread-0] INFO  org.tinygroup.fileresolver.impl.FileResolverImpl  - 正在扫描路径[D:\git\tiny\framework\org.tinygroup.application\target\classes]...
2014-05-07 15:08:09,954 -1432 [file-resolver-threads-file-processor-thread-0] INFO  org.tinygroup.fileresolver.impl.FileResolverImpl  - 路径[D:\git\tiny\framework\org.tinygroup.application\target\classes]扫描完成。
2014-05-07 15:08:09,955 -1433 [file-resolver-threads-file-processor-thread-0] INFO  org.tinygroup.fileresolver.impl.FileResolverImpl  - 正在扫描路径[D:\git\tiny\framework\org.tinygroup.context2object\target\classes]...
2014-05-07 15:08:09,956 -1434 [file-resolver-threads-file-processor-thread-0] INFO  org.tinygroup.fileresolver.impl.FileResolverImpl  - 路径[D:\git\tiny\framework\org.tinygroup.context2object\target\classes]扫描完成。
2014-05-07 15:08:09,956 -1434 [file-resolver-threads-file-processor-thread-0] INFO  org.tinygroup.fileresolver.impl.FileResolverImpl  - 正在扫描路径[D:\git\tiny\framework\org.tinygroup.config\target\classes]...
2014-05-07 15:08:09,957 -1435 [file-resolver-threads-file-processor-thread-0] INFO  org.tinygroup.fileresolver.impl.FileResolverImpl  - 路径[D:\git\tiny\framework\org.tinygroup.config\target\classes]扫描完成。
2014-05-07 15:08:09,958 -1436 [file-resolver-threads-file-processor-thread-0] INFO  org.tinygroup.fileresolver.impl.FileResolverImpl  - 正在扫描路径[D:\git\tiny\framework\org.tinygroup.cache\target\classes]...
2014-05-07 15:08:09,959 -1437 [file-resolver-threads-file-processor-thread-0] INFO  org.tinygroup.fileresolver.impl.FileResolverImpl  - 路径[D:\git\tiny\framework\org.tinygroup.cache\target\classes]扫描完成。
2014-05-07 15:08:09,959 -1437 [file-resolver-threads-file-processor-thread-0] INFO  org.tinygroup.fileresolver.impl.FileResolverImpl  - 正在扫描路径[D:\git\tiny\framework\org.tinygroup.exception\target\classes]...
2014-05-07 15:08:09,960 -1438 [file-resolver-threads-file-processor-thread-0] INFO  org.tinygroup.fileresolver.impl.FileResolverImpl  - 路径[D:\git\tiny\framework\org.tinygroup.exception\target\classes]扫描完成。
2014-05-07 15:08:09,960 -1438 [file-resolver-threads-file-processor-thread-0] INFO  org.tinygroup.fileresolver.impl.FileResolverImpl  - 正在扫描路径[D:\git\tiny\framework\org.tinygroup.testutil\target\classes]...
2014-05-07 15:08:09,961 -1439 [file-resolver-threads-file-processor-thread-0] INFO  org.tinygroup.fileresolver.impl.FileResolverImpl  - 路径[D:\git\tiny\framework\org.tinygroup.testutil\target\classes]扫描完成。
2014-05-07 15:08:09,962 -1440 [main] INFO  org.tinygroup.fileresolver.impl.MultiThreadFileProcessor  - 线程组:<file-resolver-threads>执行时间：65
2014-05-07 15:08:09,962 -1440 [main] INFO  org.tinygroup.fileresolver.impl.AbstractFileProcessor  - 找到国际化资源配置文件[D:\git\tiny\framework\org.tinygroup.event\target\classes\i18n\cepcore_en_US.properties]，并开始加载...
2014-05-07 15:08:09,964 -1442 [main] INFO  org.tinygroup.fileresolver.impl.AbstractFileProcessor  - 国际化资源配置文件[D:\git\tiny\framework\org.tinygroup.event\target\classes\i18n\cepcore_en_US.properties]，加载完毕。
2014-05-07 15:08:09,964 -1442 [main] INFO  org.tinygroup.fileresolver.impl.AbstractFileProcessor  - 找到国际化资源配置文件[D:\git\tiny\framework\org.tinygroup.event\target\classes\i18n\cepcore_zh_CN.properties]，并开始加载...
2014-05-07 15:08:09,965 -1443 [main] INFO  org.tinygroup.fileresolver.impl.AbstractFileProcessor  - 国际化资源配置文件[D:\git\tiny\framework\org.tinygroup.event\target\classes\i18n\cepcore_zh_CN.properties]，加载完毕。
2014-05-07 15:08:09,965 -1443 [main] INFO  org.tinygroup.fileresolver.impl.AbstractFileProcessor  - 找到国际化资源配置文件[D:\git\tiny\framework\org.tinygroup.cepcore\target\classes\i18n\cepcore_en_US.properties]，并开始加载...
2014-05-07 15:08:09,966 -1444 [main] INFO  org.tinygroup.fileresolver.impl.AbstractFileProcessor  - 国际化资源配置文件[D:\git\tiny\framework\org.tinygroup.cepcore\target\classes\i18n\cepcore_en_US.properties]，加载完毕。
2014-05-07 15:08:09,966 -1444 [main] INFO  org.tinygroup.fileresolver.impl.AbstractFileProcessor  - 找到国际化资源配置文件[D:\git\tiny\framework\org.tinygroup.cepcore\target\classes\i18n\cepcore_zh_CN.properties]，并开始加载...
2014-05-07 15:08:09,967 -1445 [main] INFO  org.tinygroup.fileresolver.impl.AbstractFileProcessor  - 国际化资源配置文件[D:\git\tiny\framework\org.tinygroup.cepcore\target\classes\i18n\cepcore_zh_CN.properties]，加载完毕。
2014-05-07 15:08:09,967 -1445 [main] INFO  org.tinygroup.fileresolver.impl.AbstractFileProcessor  - 找到国际化资源配置文件[D:\git\tiny\framework\org.tinygroup.vfs\target\classes\i18n\vfs_en_US.properties]，并开始加载...
2014-05-07 15:08:09,968 -1446 [main] INFO  org.tinygroup.fileresolver.impl.AbstractFileProcessor  - 国际化资源配置文件[D:\git\tiny\framework\org.tinygroup.vfs\target\classes\i18n\vfs_en_US.properties]，加载完毕。
2014-05-07 15:08:09,968 -1446 [main] INFO  org.tinygroup.fileresolver.impl.AbstractFileProcessor  - 找到国际化资源配置文件[D:\git\tiny\framework\org.tinygroup.validate\target\classes\i18n\validate_zh_CN.properties]，并开始加载...
2014-05-07 15:08:09,969 -1447 [main] INFO  org.tinygroup.fileresolver.impl.AbstractFileProcessor  - 国际化资源配置文件[D:\git\tiny\framework\org.tinygroup.validate\target\classes\i18n\validate_zh_CN.properties]，加载完毕。
2014-05-07 15:08:09,969 -1447 [main] INFO  org.tinygroup.fileresolver.impl.AbstractFileProcessor  - 找到国际化资源配置文件[D:\git\tiny\framework\org.tinygroup.flow\target\classes\i18n\flow_zh_CN.properties]，并开始加载...
2014-05-07 15:08:09,970 -1448 [main] INFO  org.tinygroup.fileresolver.impl.AbstractFileProcessor  - 国际化资源配置文件[D:\git\tiny\framework\org.tinygroup.flow\target\classes\i18n\flow_zh_CN.properties]，加载完毕。
2014-05-07 15:08:09,970 -1448 [main] INFO  org.tinygroup.fileresolver.impl.AbstractFileProcessor  - 找到XStream配置文件[D:\git\tiny\framework\org.tinygroup.annotation\target\classes\annotation.xstream.xml]，并开始加载...
2014-05-07 15:08:10,011 -1489 [main] INFO  org.tinygroup.fileresolver.impl.AbstractFileProcessor  - XStream配置文件[D:\git\tiny\framework\org.tinygroup.annotation\target\classes\annotation.xstream.xml]，加载完毕。
2014-05-07 15:08:10,011 -1489 [main] INFO  org.tinygroup.fileresolver.impl.AbstractFileProcessor  - 找到XStream配置文件[D:\git\tiny\framework\org.tinygroup.event\target\classes\event.xstream.xml]，并开始加载...
2014-05-07 15:08:10,019 -1497 [main] INFO  org.tinygroup.fileresolver.impl.AbstractFileProcessor  - XStream配置文件[D:\git\tiny\framework\org.tinygroup.event\target\classes\event.xstream.xml]，加载完毕。
2014-05-07 15:08:10,019 -1497 [main] INFO  org.tinygroup.fileresolver.impl.AbstractFileProcessor  - 找到XStream配置文件[D:\git\tiny\framework\org.tinygroup.validate\target\classes\validate.xstream.xml]，并开始加载...
2014-05-07 15:08:10,038 -1516 [main] INFO  org.tinygroup.fileresolver.impl.AbstractFileProcessor  - XStream配置文件[D:\git\tiny\framework\org.tinygroup.validate\target\classes\validate.xstream.xml]，加载完毕。
2014-05-07 15:08:10,038 -1516 [main] INFO  org.tinygroup.fileresolver.impl.AbstractFileProcessor  - 找到XStream配置文件[D:\git\tiny\framework\org.tinygroup.flow\target\classes\flow.xstream.xml]，并开始加载...
2014-05-07 15:08:10,056 -1534 [main] INFO  org.tinygroup.fileresolver.impl.AbstractFileProcessor  - XStream配置文件[D:\git\tiny\framework\org.tinygroup.flow\target\classes\flow.xstream.xml]，加载完毕。
2014-05-07 15:08:10,056 -1534 [main] INFO  org.tinygroup.fileresolver.impl.AbstractFileProcessor  - 找到XStream配置文件[D:\git\tiny\framework\org.tinygroup.context2object\target\classes\context2object.xstream.xml]，并开始加载...
2014-05-07 15:08:10,064 -1542 [main] INFO  org.tinygroup.fileresolver.impl.AbstractFileProcessor  - XStream配置文件[D:\git\tiny\framework\org.tinygroup.context2object\target\classes\context2object.xstream.xml]，加载完毕。
2014-05-07 15:08:10,065 -1543 [main] INFO  org.tinygroup.fileresolver.impl.FileResolverImpl  - 全路径扫描完成。
2014-05-07 15:08:10,065 -1543 [main] INFO  org.tinygroup.application.impl.ApplicationDefault  - 应用处理器class org.tinygroup.fileresolver.applicationprocessor.FileResolverProcessor启动完毕。
2014-05-07 15:08:10,065 -1543 [main] INFO  org.tinygroup.cepcore.aop.impl.CEPCoreAopManagerImpl  - 初始化AOP,bean:aopTestAdapter,position:before-local
2014-05-07 15:08:10,070 -1548 [main] INFO  org.tinygroup.cepcore.aop.impl.CEPCoreAopManagerImpl  - 初始化AOP,bean:aopTestAdapter,position:before-local完成
2014-05-07 15:08:10,070 -1548 [main] INFO  org.tinygroup.cepcore.aop.impl.CEPCoreAopManagerImpl  - 初始化AOP,bean:requestParamValidate,position:before-local
2014-05-07 15:08:10,075 -1553 [main] INFO  org.tinygroup.cepcore.aop.impl.CEPCoreAopManagerImpl  - 初始化AOP,bean:requestParamValidate,position:before-local完成
2014-05-07 15:08:10,078 -1556 [main] INFO  org.tinygroup.cepcore.impl.CEPcoreImpl  - 注册事件处理器[id:org.tinygroup.cepcore.test.aop.EventProcessor1]
2014-05-07 15:08:10,079 -1557 [main] INFO  org.tinygroup.cepcore.impl.CEPcoreImpl  - 注册事件处理器[id:aa]
2014-05-07 15:08:10,081 -1559 [main] INFO  org.tinygroup.cepcore.impl.CEPcoreImpl  - 注册事件处理器[id:dd]
2014-05-07 15:08:10,081 -1559 [main] INFO  org.tinygroup.cepcore.impl.CEPcoreImpl  - 注册事件处理器[id:channel1]
2014-05-07 15:08:10,150 -1628 [main] INFO  org.tinygroup.cepcore.impl.CEPcoreImpl  - CEP开始处理请求:serviceId:1111
2014-05-07 15:08:10,150 -1628 [main] INFO  org.tinygroup.cepcore.impl.CEPcoreImpl  - 当前请求指定的执行节点为:null
2014-05-07 15:08:10,153 -1631 [main] INFO  org.tinygroup.cepcore.impl.CEPcoreImpl  - Event的处理器是逻辑处理器,EventId=4,处理器Id=aa
2014-05-07 15:08:10,154 -1632 [main] INFO  org.tinygroup.cepcore.impl.CEPcoreImpl  - 注册事件处理器[id:aa]
2014-05-07 15:08:10,155 -1633 [main] INFO  org.tinygroup.cepcore.impl.CEPcoreImpl  - 注册事件处理器[id:dd]
2014-05-07 15:08:10,155 -1633 [main] INFO  org.tinygroup.cepcore.impl.CEPcoreImpl  - 注册事件处理器[id:channel1]
2014-05-07 15:08:10,155 -1633 [main] INFO  org.tinygroup.cepcore.impl.CEPcoreImpl  - CEP开始处理请求:serviceId:1111
2014-05-07 15:08:10,155 -1633 [main] INFO  org.tinygroup.cepcore.impl.CEPcoreImpl  - 当前请求指定的执行节点为:null
2014-05-07 15:08:10,155 -1633 [main] INFO  org.tinygroup.cepcore.impl.CEPcoreImpl  - Event的处理器是逻辑处理器,EventId=1,处理器Id=aa
2014-05-07 15:08:10,156 -1634 [main] INFO  org.tinygroup.cepcore.impl.CEPcoreImpl  - 注册事件处理器[id:aa]
2014-05-07 15:08:10,156 -1634 [main] INFO  org.tinygroup.cepcore.impl.CEPcoreImpl  - 注册事件处理器[id:dd]
2014-05-07 15:08:10,156 -1634 [main] INFO  org.tinygroup.cepcore.impl.CEPcoreImpl  - 注册事件处理器[id:channel1]
2014-05-07 15:08:10,156 -1634 [main] INFO  org.tinygroup.cepcore.impl.CEPcoreImpl  - CEP开始处理请求:serviceId:3333
2014-05-07 15:08:10,156 -1634 [main] INFO  org.tinygroup.cepcore.impl.CEPcoreImpl  - 当前请求指定的执行节点为:null
2014-05-07 15:08:10,157 -1635 [main] INFO  org.tinygroup.cepcore.impl.CEPcoreImpl  - Event的处理器是逻辑处理器,EventId=3,处理器Id=dd
2014-05-07 15:08:10,157 -1635 [main] INFO  org.tinygroup.cepcore.impl.CEPcoreImpl  - 注册事件处理器[id:aa]
2014-05-07 15:08:10,157 -1635 [main] INFO  org.tinygroup.cepcore.impl.CEPcoreImpl  - 注册事件处理器[id:dd]
2014-05-07 15:08:10,158 -1636 [main] INFO  org.tinygroup.cepcore.impl.CEPcoreImpl  - 注册事件处理器[id:channel1]
2014-05-07 15:08:10,158 -1636 [main] INFO  org.tinygroup.cepcore.impl.CEPcoreImpl  - CEP开始处理请求:serviceId:2222
2014-05-07 15:08:10,158 -1636 [main] INFO  org.tinygroup.cepcore.impl.CEPcoreImpl  - 当前请求指定的执行节点为:null
2014-05-07 15:08:10,158 -1636 [main] INFO  org.tinygroup.cepcore.impl.CEPcoreImpl  - Event的处理器是逻辑处理器,EventId=2,处理器Id=dd
2014-05-07 15:08:13,164 -4642 [main] INFO  org.tinygroup.cepcore.impl.CEPcoreImpl  - CEP开始处理请求:serviceId:exceptionService
2014-05-07 15:08:13,164 -4642 [main] INFO  org.tinygroup.cepcore.impl.CEPcoreImpl  - 当前请求指定的执行节点为:null
2014-05-07 15:08:13,165 -4643 [main] INFO  org.tinygroup.cepcore.impl.CEPcoreImpl  - Event的处理器是逻辑处理器,EventId=aaaa,处理器Id=org.tinygroup.cepcore.test.aop.EventProcessor1
2014-05-07 15:08:13,167 -4645 [main] INFO  org.tinygroup.cepcore.impl.CEPcoreImpl  - CEP开始处理请求:serviceId:aoptest
2014-05-07 15:08:13,167 -4645 [main] INFO  org.tinygroup.cepcore.impl.CEPcoreImpl  - 当前请求指定的执行节点为:null
2014-05-07 15:08:13,168 -4646 [main] INFO  org.tinygroup.cepcore.test.aop.adapter.AopTestAdapter  - ====================================
2014-05-07 15:08:13,168 -4646 [main] INFO  org.tinygroup.cepcore.test.aop.adapter.AopTestAdapter  - aopTest:aoptest
2014-05-07 15:08:13,168 -4646 [main] INFO  org.tinygroup.cepcore.test.aop.adapter.AopTestAdapter  - ====================================
2014-05-07 15:08:13,206 -4684 [main] WARN  org.tinygroup.validate.impl.AnnotationValidatorManagerImpl  - 不存在简单类型验证规则:buyNum
2014-05-07 15:08:13,207 -4685 [main] INFO  org.tinygroup.cepcore.test.aop.testcase.TestValidateParam  - 
2014-05-07 15:08:13,208 -4686 [main] INFO  org.tinygroup.cepcore.test.aop.testcase.TestValidateParam  - 不存在简单类型验证规则:buyNum
