2014-05-07 15:08:03,368 -0    [main] INFO  org.tinygroup.fileresolver.impl.FileResolverImpl  - 正在进行全路径扫描....
2014-05-07 15:08:03,396 -28   [main] INFO  org.tinygroup.fileresolver.impl.FileResolverImpl  - 查找WEB-INF/classes路径开始...
2014-05-07 15:08:03,397 -29   [main] INFO  org.tinygroup.fileresolver.impl.FileResolverImpl  - WEB-INF/classes路径是:file:/D:/git/tiny/framework/org.tinygroup.flow/target/test-classes/
2014-05-07 15:08:03,398 -30   [main] INFO  org.tinygroup.fileresolver.impl.FileResolverImpl  - WEB-INF/lib路径是:file:/D:/git/tiny/framework/org.tinygroup.flow/target/test-classes/
2014-05-07 15:08:03,398 -30   [main] INFO  org.tinygroup.fileresolver.impl.FileResolverImpl  - 查找WEB-INF/classes路径完成。
2014-05-07 15:08:03,398 -30   [main] WARN  org.tinygroup.fileresolver.impl.FileResolverImpl  - WEBROOT变量找不到
2014-05-07 15:08:03,399 -31   [main] INFO  org.tinygroup.fileresolver.impl.FileResolverImpl  - 查找Web工程中的jar文件列表开始...
2014-05-07 15:08:03,435 -67   [main] INFO  org.tinygroup.fileresolver.impl.FileResolverImpl  - 查找Web工程中的jar文件列表完成。
2014-05-07 15:08:03,444 -76   [file-resolver-threads-file-processor-thread-0] INFO  org.tinygroup.fileresolver.impl.FileResolverImpl  - 正在扫描路径[D:\git\tiny\framework\org.tinygroup.order\target\classes]...
2014-05-07 15:08:03,446 -78   [file-resolver-threads-file-processor-thread-0] INFO  org.tinygroup.fileresolver.impl.FileResolverImpl  - 路径[D:\git\tiny\framework\org.tinygroup.order\target\classes]扫描完成。
2014-05-07 15:08:03,447 -79   [file-resolver-threads-file-processor-thread-0] INFO  org.tinygroup.fileresolver.impl.FileResolverImpl  - 正在扫描路径[D:\git\tiny\framework\org.tinygroup.parser\target\classes]...
2014-05-07 15:08:03,449 -81   [file-resolver-threads-file-processor-thread-0] INFO  org.tinygroup.fileresolver.impl.FileResolverImpl  - 路径[D:\git\tiny\framework\org.tinygroup.parser\target\classes]扫描完成。
2014-05-07 15:08:03,450 -82   [file-resolver-threads-file-processor-thread-0] INFO  org.tinygroup.fileresolver.impl.FileResolverImpl  - 正在扫描路径[D:\git\tiny\framework\org.tinygroup.springutil\target\classes]...
2014-05-07 15:08:03,451 -83   [file-resolver-threads-file-processor-thread-0] INFO  org.tinygroup.fileresolver.impl.FileResolverImpl  - 路径[D:\git\tiny\framework\org.tinygroup.springutil\target\classes]扫描完成。
2014-05-07 15:08:03,452 -84   [file-resolver-threads-file-processor-thread-0] INFO  org.tinygroup.fileresolver.impl.FileResolverImpl  - 正在扫描路径[D:\git\tiny\framework\org.tinygroup.binarytree\target\classes]...
2014-05-07 15:08:03,454 -86   [file-resolver-threads-file-processor-thread-0] INFO  org.tinygroup.fileresolver.impl.FileResolverImpl  - 路径[D:\git\tiny\framework\org.tinygroup.binarytree\target\classes]扫描完成。
2014-05-07 15:08:03,455 -87   [file-resolver-threads-file-processor-thread-0] INFO  org.tinygroup.fileresolver.impl.FileResolverImpl  - 正在扫描路径[D:\git\tiny\framework\org.tinygroup.logger\target\classes]...
2014-05-07 15:08:03,456 -88   [file-resolver-threads-file-processor-thread-0] INFO  org.tinygroup.fileresolver.impl.FileResolverImpl  - 路径[D:\git\tiny\framework\org.tinygroup.logger\target\classes]扫描完成。
2014-05-07 15:08:03,456 -88   [file-resolver-threads-file-processor-thread-0] INFO  org.tinygroup.fileresolver.impl.FileResolverImpl  - 正在扫描路径[D:\git\tiny\framework\org.tinygroup.commons\target\classes]...
2014-05-07 15:08:03,463 -95   [file-resolver-threads-file-processor-thread-0] INFO  org.tinygroup.fileresolver.impl.FileResolverImpl  - 路径[D:\git\tiny\framework\org.tinygroup.commons\target\classes]扫描完成。
2014-05-07 15:08:03,464 -96   [file-resolver-threads-file-processor-thread-0] INFO  org.tinygroup.fileresolver.impl.FileResolverImpl  - 正在扫描路径[D:\git\tiny\framework\org.tinygroup.annotation\target\classes]...
2014-05-07 15:08:03,467 -99   [file-resolver-threads-file-processor-thread-0] INFO  org.tinygroup.fileresolver.impl.FileResolverImpl  - 路径[D:\git\tiny\framework\org.tinygroup.annotation\target\classes]扫描完成。
2014-05-07 15:08:03,467 -99   [file-resolver-threads-file-processor-thread-0] INFO  org.tinygroup.fileresolver.impl.FileResolverImpl  - 正在扫描路径[D:\git\tiny\framework\org.tinygroup.threadgroup\target\classes]...
2014-05-07 15:08:03,468 -100  [file-resolver-threads-file-processor-thread-0] INFO  org.tinygroup.fileresolver.impl.FileResolverImpl  - 路径[D:\git\tiny\framework\org.tinygroup.threadgroup\target\classes]扫描完成。
2014-05-07 15:08:03,469 -101  [file-resolver-threads-file-processor-thread-0] INFO  org.tinygroup.fileresolver.impl.FileResolverImpl  - 正在扫描路径[D:\git\tiny\framework\org.tinygroup.event\target\classes]...
2014-05-07 15:08:03,471 -103  [file-resolver-threads-file-processor-thread-0] INFO  org.tinygroup.fileresolver.impl.FileResolverImpl  - 路径[D:\git\tiny\framework\org.tinygroup.event\target\classes]扫描完成。
2014-05-07 15:08:03,471 -103  [file-resolver-threads-file-processor-thread-0] INFO  org.tinygroup.fileresolver.impl.FileResolverImpl  - 正在扫描路径[D:\git\tiny\framework\org.tinygroup.xmlparser\target\classes]...
2014-05-07 15:08:03,473 -105  [file-resolver-threads-file-processor-thread-0] INFO  org.tinygroup.fileresolver.impl.FileResolverImpl  - 路径[D:\git\tiny\framework\org.tinygroup.xmlparser\target\classes]扫描完成。
2014-05-07 15:08:03,473 -105  [file-resolver-threads-file-processor-thread-0] INFO  org.tinygroup.fileresolver.impl.FileResolverImpl  - 正在扫描路径[D:\git\tiny\framework\org.tinygroup.xstream\target\classes]...
2014-05-07 15:08:03,474 -106  [file-resolver-threads-file-processor-thread-0] INFO  org.tinygroup.fileresolver.impl.FileResolverImpl  - 路径[D:\git\tiny\framework\org.tinygroup.xstream\target\classes]扫描完成。
2014-05-07 15:08:03,475 -107  [file-resolver-threads-file-processor-thread-0] INFO  org.tinygroup.fileresolver.impl.FileResolverImpl  - 正在扫描路径[D:\git\tiny\framework\org.tinygroup.el\target\classes]...
2014-05-07 15:08:03,476 -108  [file-resolver-threads-file-processor-thread-0] INFO  org.tinygroup.fileresolver.impl.FileResolverImpl  - 路径[D:\git\tiny\framework\org.tinygroup.el\target\classes]扫描完成。
2014-05-07 15:08:03,476 -108  [file-resolver-threads-file-processor-thread-0] INFO  org.tinygroup.fileresolver.impl.FileResolverImpl  - 正在扫描路径[D:\git\tiny\framework\org.tinygroup.flow\target\classes]...
2014-05-07 15:08:03,480 -112  [file-resolver-threads-file-processor-thread-0] INFO  org.tinygroup.fileresolver.impl.FileResolverImpl  - 路径[D:\git\tiny\framework\org.tinygroup.flow\target\classes]扫描完成。
2014-05-07 15:08:03,480 -112  [file-resolver-threads-file-processor-thread-0] INFO  org.tinygroup.fileresolver.impl.FileResolverImpl  - 正在扫描路径[D:\git\tiny\framework\org.tinygroup.fileresolver\target\classes]...
2014-05-07 15:08:03,483 -115  [file-resolver-threads-file-processor-thread-0] INFO  org.tinygroup.fileresolver.impl.FileResolverImpl  - 路径[D:\git\tiny\framework\org.tinygroup.fileresolver\target\classes]扫描完成。
2014-05-07 15:08:03,483 -115  [file-resolver-threads-file-processor-thread-0] INFO  org.tinygroup.fileresolver.impl.FileResolverImpl  - 正在扫描路径[D:\git\tiny\framework\org.tinygroup.flow\target\test-classes]...
2014-05-07 15:08:03,491 -123  [file-resolver-threads-file-processor-thread-0] INFO  org.tinygroup.fileresolver.impl.FileResolverImpl  - 路径[D:\git\tiny\framework\org.tinygroup.flow\target\test-classes]扫描完成。
2014-05-07 15:08:03,492 -124  [file-resolver-threads-file-processor-thread-0] INFO  org.tinygroup.fileresolver.impl.FileResolverImpl  - 正在扫描路径[D:\git\tiny\framework\org.tinygroup.formater\target\classes]...
2014-05-07 15:08:03,494 -126  [file-resolver-threads-file-processor-thread-0] INFO  org.tinygroup.fileresolver.impl.FileResolverImpl  - 路径[D:\git\tiny\framework\org.tinygroup.formater\target\classes]扫描完成。
2014-05-07 15:08:03,494 -126  [file-resolver-threads-file-processor-thread-0] INFO  org.tinygroup.fileresolver.impl.FileResolverImpl  - 正在扫描路径[D:\git\tiny\framework\org.tinygroup.config\target\classes]...
2014-05-07 15:08:03,496 -128  [file-resolver-threads-file-processor-thread-0] INFO  org.tinygroup.fileresolver.impl.FileResolverImpl  - 路径[D:\git\tiny\framework\org.tinygroup.config\target\classes]扫描完成。
2014-05-07 15:08:03,497 -129  [file-resolver-threads-file-processor-thread-0] INFO  org.tinygroup.fileresolver.impl.FileResolverImpl  - 正在扫描路径[D:\git\tiny\framework\org.tinygroup.application\target\classes]...
2014-05-07 15:08:03,498 -130  [file-resolver-threads-file-processor-thread-0] INFO  org.tinygroup.fileresolver.impl.FileResolverImpl  - 路径[D:\git\tiny\framework\org.tinygroup.application\target\classes]扫描完成。
2014-05-07 15:08:03,499 -131  [file-resolver-threads-file-processor-thread-0] INFO  org.tinygroup.fileresolver.impl.FileResolverImpl  - 正在扫描路径[D:\git\tiny\framework\org.tinygroup.context2object\target\classes]...
2014-05-07 15:08:03,501 -133  [file-resolver-threads-file-processor-thread-0] INFO  org.tinygroup.fileresolver.impl.FileResolverImpl  - 路径[D:\git\tiny\framework\org.tinygroup.context2object\target\classes]扫描完成。
2014-05-07 15:08:03,501 -133  [file-resolver-threads-file-processor-thread-0] INFO  org.tinygroup.fileresolver.impl.FileResolverImpl  - 正在扫描路径[D:\git\tiny\framework\org.tinygroup.exception\target\classes]...
2014-05-07 15:08:03,502 -134  [file-resolver-threads-file-processor-thread-0] INFO  org.tinygroup.fileresolver.impl.FileResolverImpl  - 路径[D:\git\tiny\framework\org.tinygroup.exception\target\classes]扫描完成。
2014-05-07 15:08:03,503 -135  [file-resolver-threads-file-processor-thread-0] INFO  org.tinygroup.fileresolver.impl.FileResolverImpl  - 正在扫描路径[D:\git\tiny\framework\org.tinygroup.i18n\target\classes]...
2014-05-07 15:08:03,504 -136  [file-resolver-threads-file-processor-thread-0] INFO  org.tinygroup.fileresolver.impl.FileResolverImpl  - 路径[D:\git\tiny\framework\org.tinygroup.i18n\target\classes]扫描完成。
2014-05-07 15:08:03,505 -137  [file-resolver-threads-file-processor-thread-0] INFO  org.tinygroup.fileresolver.impl.FileResolverImpl  - 正在扫描路径[D:\git\tiny\framework\org.tinygroup.vfs\target\classes]...
2014-05-07 15:08:03,506 -138  [file-resolver-threads-file-processor-thread-0] INFO  org.tinygroup.fileresolver.impl.FileResolverImpl  - 路径[D:\git\tiny\framework\org.tinygroup.vfs\target\classes]扫描完成。
2014-05-07 15:08:03,507 -139  [file-resolver-threads-file-processor-thread-0] INFO  org.tinygroup.fileresolver.impl.FileResolverImpl  - 正在扫描路径[D:\git\tiny\framework\org.tinygroup.context\target\classes]...
2014-05-07 15:08:03,509 -141  [file-resolver-threads-file-processor-thread-0] INFO  org.tinygroup.fileresolver.impl.FileResolverImpl  - 路径[D:\git\tiny\framework\org.tinygroup.context\target\classes]扫描完成。
2014-05-07 15:08:03,509 -141  [file-resolver-threads-file-processor-thread-0] INFO  org.tinygroup.fileresolver.impl.FileResolverImpl  - 正在扫描路径[D:\git\tiny\ext\org.tinygroup.elmvel\target\classes]...
2014-05-07 15:08:03,510 -142  [file-resolver-threads-file-processor-thread-0] INFO  org.tinygroup.fileresolver.impl.FileResolverImpl  - 路径[D:\git\tiny\ext\org.tinygroup.elmvel\target\classes]扫描完成。
2014-05-07 15:08:03,511 -143  [file-resolver-threads-file-processor-thread-0] INFO  org.tinygroup.fileresolver.impl.FileResolverImpl  - 正在扫描路径[D:\git\tiny\framework\org.tinygroup.testutil\target\classes]...
2014-05-07 15:08:03,512 -144  [file-resolver-threads-file-processor-thread-0] INFO  org.tinygroup.fileresolver.impl.FileResolverImpl  - 路径[D:\git\tiny\framework\org.tinygroup.testutil\target\classes]扫描完成。
2014-05-07 15:08:03,514 -146  [main] INFO  org.tinygroup.fileresolver.impl.MultiThreadFileProcessor  - 线程组:<file-resolver-threads>执行时间：71
2014-05-07 15:08:03,575 -207  [main] INFO  org.tinygroup.springutil.SpringUtil  - 添加Spring配置文件:file:D:/git/tiny/framework/org.tinygroup.order/target/classes/order.beans.xml
2014-05-07 15:08:03,575 -207  [main] INFO  org.tinygroup.springutil.SpringUtil  - 添加Spring配置文件:file:D:/git/tiny/framework/org.tinygroup.binarytree/target/classes/binarytree.beans.xml
2014-05-07 15:08:03,575 -207  [main] INFO  org.tinygroup.springutil.SpringUtil  - 添加Spring配置文件:file:D:/git/tiny/framework/org.tinygroup.annotation/target/classes/annotation.beans.xml
2014-05-07 15:08:03,576 -208  [main] INFO  org.tinygroup.springutil.SpringUtil  - 添加Spring配置文件:file:D:/git/tiny/framework/org.tinygroup.xstream/target/classes/xstream.beans.xml
2014-05-07 15:08:03,576 -208  [main] INFO  org.tinygroup.springutil.SpringUtil  - 添加Spring配置文件:file:D:/git/tiny/framework/org.tinygroup.flow/target/classes/flow.beans.xml
2014-05-07 15:08:03,576 -208  [main] INFO  org.tinygroup.springutil.SpringUtil  - 添加Spring配置文件:file:D:/git/tiny/framework/org.tinygroup.fileresolver/target/classes/fileresolver.beans.xml
2014-05-07 15:08:03,577 -209  [main] INFO  org.tinygroup.springutil.SpringUtil  - 添加Spring配置文件:file:D:/git/tiny/framework/org.tinygroup.flow/target/test-classes/Application.springbeans.xml
2014-05-07 15:08:03,577 -209  [main] INFO  org.tinygroup.springutil.SpringUtil  - 添加Spring配置文件:file:D:/git/tiny/framework/org.tinygroup.flow/target/test-classes/Testflowcomponent.springbeans.xml
2014-05-07 15:08:03,577 -209  [main] INFO  org.tinygroup.springutil.SpringUtil  - 添加Spring配置文件:file:D:/git/tiny/framework/org.tinygroup.context2object/target/classes/context2object.beans.xml
2014-05-07 15:08:03,577 -209  [main] INFO  org.tinygroup.springutil.SpringUtil  - 添加Spring配置文件:file:D:/git/tiny/framework/org.tinygroup.exception/target/classes/exception.beans.xml
2014-05-07 15:08:03,578 -210  [main] INFO  org.tinygroup.springutil.SpringUtil  - 添加Spring配置文件:file:D:/git/tiny/ext/org.tinygroup.elmvel/target/classes/el.beans.xml
2014-05-07 15:08:03,580 -212  [main] INFO  org.springframework.context.support.FileSystemXmlApplicationContext  - Refreshing org.springframework.context.support.FileSystemXmlApplicationContext@4f961bac: display name [org.springframework.context.support.FileSystemXmlApplicationContext@4f961bac]; startup date [Wed May 07 15:08:03 CST 2014]; root of context hierarchy
2014-05-07 15:08:03,639 -271  [main] INFO  org.springframework.beans.factory.xml.XmlBeanDefinitionReader  - Loading XML bean definitions from URL [file:D:/git/tiny/framework/org.tinygroup.order/target/classes/order.beans.xml]
2014-05-07 15:08:03,780 -412  [main] INFO  org.springframework.beans.factory.xml.XmlBeanDefinitionReader  - Loading XML bean definitions from URL [file:D:/git/tiny/framework/org.tinygroup.binarytree/target/classes/binarytree.beans.xml]
2014-05-07 15:08:03,807 -439  [main] INFO  org.springframework.beans.factory.xml.XmlBeanDefinitionReader  - Loading XML bean definitions from URL [file:D:/git/tiny/framework/org.tinygroup.annotation/target/classes/annotation.beans.xml]
2014-05-07 15:08:03,841 -473  [main] INFO  org.springframework.beans.factory.xml.XmlBeanDefinitionReader  - Loading XML bean definitions from URL [file:D:/git/tiny/framework/org.tinygroup.xstream/target/classes/xstream.beans.xml]
2014-05-07 15:08:03,864 -496  [main] INFO  org.springframework.beans.factory.xml.XmlBeanDefinitionReader  - Loading XML bean definitions from URL [file:D:/git/tiny/framework/org.tinygroup.flow/target/classes/flow.beans.xml]
2014-05-07 15:08:03,899 -531  [main] INFO  org.springframework.beans.factory.xml.XmlBeanDefinitionReader  - Loading XML bean definitions from URL [file:D:/git/tiny/framework/org.tinygroup.fileresolver/target/classes/fileresolver.beans.xml]
2014-05-07 15:08:03,934 -566  [main] INFO  org.springframework.beans.factory.xml.XmlBeanDefinitionReader  - Loading XML bean definitions from URL [file:D:/git/tiny/framework/org.tinygroup.flow/target/test-classes/Application.springbeans.xml]
2014-05-07 15:08:03,961 -593  [main] INFO  org.springframework.beans.factory.xml.XmlBeanDefinitionReader  - Loading XML bean definitions from URL [file:D:/git/tiny/framework/org.tinygroup.flow/target/test-classes/Testflowcomponent.springbeans.xml]
2014-05-07 15:08:03,994 -626  [main] INFO  org.springframework.beans.factory.xml.XmlBeanDefinitionReader  - Loading XML bean definitions from URL [file:D:/git/tiny/framework/org.tinygroup.context2object/target/classes/context2object.beans.xml]
2014-05-07 15:08:04,020 -652  [main] INFO  org.springframework.beans.factory.xml.XmlBeanDefinitionReader  - Loading XML bean definitions from URL [file:D:/git/tiny/framework/org.tinygroup.exception/target/classes/exception.beans.xml]
2014-05-07 15:08:04,043 -675  [main] INFO  org.springframework.beans.factory.xml.XmlBeanDefinitionReader  - Loading XML bean definitions from URL [file:D:/git/tiny/ext/org.tinygroup.elmvel/target/classes/el.beans.xml]
2014-05-07 15:08:04,062 -694  [main] INFO  org.springframework.context.support.FileSystemXmlApplicationContext  - Bean factory for application context [org.springframework.context.support.FileSystemXmlApplicationContext@4f961bac]: org.springframework.beans.factory.support.DefaultListableBeanFactory@12567513
2014-05-07 15:08:04,124 -756  [main] INFO  org.springframework.beans.factory.support.DefaultListableBeanFactory  - Pre-instantiating singletons in org.springframework.beans.factory.support.DefaultListableBeanFactory@12567513: defining beans [orderProcessor,avlTreeImpl,annotationExcuteManager,annotationFileProcessor,annotationClassFileProcessor,flowExecutor,flowFileProcessor,flowComponentProcessor,pageFlowExecutor,pageFlowFileProcessor,pageFlowComponentProcessor,flowComponentAnnotationAction,pageFlowComponentAnnotationAction,fullContextFileRepository,fullContextFileFinder,i18nFileProcessor,xStreamFileProcessor,orderFileProcessor,springBeansFileProcessor,configurationFileProcessor,fileMonitorProcessor,fileResolver,fileResolverProcessor,helloflow,myExceptionComponent,printflow,keyprintflow,exceptionFlowComponent,ExceptionDealComponent,exceptionFlowComponent2,computeComponent,flowUser,helloWorldAnnoComponent,classNameObjectGenerator,generatorFileProcessor,el]; root of factory hierarchy
2014-05-07 15:08:04,126 -758  [main] INFO  org.tinygroup.fileresolver.impl.AbstractFileProcessor  - 开始读取组件配置文件:annotation.config.xml
2014-05-07 15:08:04,127 -759  [main] INFO  org.tinygroup.fileresolver.impl.AbstractFileProcessor  - 读取组件配置文件:annotation.config.xml完成
2014-05-07 15:08:04,128 -760  [main] INFO  org.tinygroup.fileresolver.impl.AbstractFileProcessor  - 开始读取组件配置文件:filefind.config.xml
2014-05-07 15:08:04,130 -762  [main] INFO  org.tinygroup.fileresolver.impl.AbstractFileProcessor  - 读取组件配置文件:filefind.config.xml完成
2014-05-07 15:08:04,130 -762  [main] INFO  org.tinygroup.fileresolver.impl.AbstractFileProcessor  - 开始读取组件配置文件:filemonitor.config.xml
2014-05-07 15:08:04,131 -763  [main] INFO  org.tinygroup.fileresolver.impl.AbstractFileProcessor  - 读取组件配置文件:filemonitor.config.xml完成
2014-05-07 15:08:04,132 -764  [main] INFO  org.tinygroup.fileresolver.impl.AbstractFileProcessor  - 开始读取组件配置文件:fileresolver.config.xml
2014-05-07 15:08:04,133 -765  [main] INFO  org.tinygroup.fileresolver.impl.AbstractFileProcessor  - 读取组件配置文件:fileresolver.config.xml完成
2014-05-07 15:08:04,331 -963  [main] INFO  org.tinygroup.config.impl.ConfigurationManagerImpl  - 正在分发应用配置信息...
2014-05-07 15:08:04,333 -965  [main] INFO  org.tinygroup.config.impl.ConfigurationManagerImpl  - 应用配置信息分发完毕
2014-05-07 15:08:04,334 -966  [main] INFO  org.tinygroup.fileresolver.impl.FileResolverImpl  - 全路径扫描完成。
2014-05-07 15:08:04,334 -966  [main] INFO  org.tinygroup.application.impl.ApplicationDefault  - 启动应用开始...
2014-05-07 15:08:04,335 -967  [main] INFO  org.tinygroup.application.impl.ApplicationDefault  - 应用处理器class org.tinygroup.fileresolver.applicationprocessor.FileResolverProcessor正在启动...
2014-05-07 15:08:04,336 -968  [main] INFO  org.tinygroup.fileresolver.impl.FileResolverImpl  - 正在进行全路径扫描....
2014-05-07 15:08:04,339 -971  [main] INFO  org.tinygroup.fileresolver.impl.FileResolverImpl  - 查找WEB-INF/classes路径开始...
2014-05-07 15:08:04,339 -971  [main] INFO  org.tinygroup.fileresolver.impl.FileResolverImpl  - WEB-INF/classes路径是:file:/D:/git/tiny/framework/org.tinygroup.flow/target/test-classes/
2014-05-07 15:08:04,339 -971  [main] INFO  org.tinygroup.fileresolver.impl.FileResolverImpl  - WEB-INF/lib路径是:file:/D:/git/tiny/framework/org.tinygroup.flow/target/test-classes/
2014-05-07 15:08:04,340 -972  [main] INFO  org.tinygroup.fileresolver.impl.FileResolverImpl  - 查找WEB-INF/classes路径完成。
2014-05-07 15:08:04,340 -972  [main] WARN  org.tinygroup.fileresolver.impl.FileResolverImpl  - WEBROOT变量找不到
2014-05-07 15:08:04,340 -972  [main] INFO  org.tinygroup.fileresolver.impl.FileResolverImpl  - 查找Web工程中的jar文件列表开始...
2014-05-07 15:08:04,363 -995  [main] INFO  org.tinygroup.fileresolver.impl.FileResolverImpl  - 查找Web工程中的jar文件列表完成。
2014-05-07 15:08:04,365 -997  [file-resolver-threads-file-processor-thread-0] INFO  org.tinygroup.fileresolver.impl.FileResolverImpl  - 正在扫描路径[D:\git\tiny\framework\org.tinygroup.order\target\classes]...
2014-05-07 15:08:04,366 -998  [file-resolver-threads-file-processor-thread-0] INFO  org.tinygroup.fileresolver.impl.FileResolverImpl  - 路径[D:\git\tiny\framework\org.tinygroup.order\target\classes]扫描完成。
2014-05-07 15:08:04,366 -998  [file-resolver-threads-file-processor-thread-0] INFO  org.tinygroup.fileresolver.impl.FileResolverImpl  - 正在扫描路径[D:\git\tiny\framework\org.tinygroup.parser\target\classes]...
2014-05-07 15:08:04,370 -1002 [file-resolver-threads-file-processor-thread-0] INFO  org.tinygroup.fileresolver.impl.FileResolverImpl  - 路径[D:\git\tiny\framework\org.tinygroup.parser\target\classes]扫描完成。
2014-05-07 15:08:04,371 -1003 [file-resolver-threads-file-processor-thread-0] INFO  org.tinygroup.fileresolver.impl.FileResolverImpl  - 正在扫描路径[D:\git\tiny\framework\org.tinygroup.springutil\target\classes]...
2014-05-07 15:08:04,372 -1004 [file-resolver-threads-file-processor-thread-0] INFO  org.tinygroup.fileresolver.impl.FileResolverImpl  - 路径[D:\git\tiny\framework\org.tinygroup.springutil\target\classes]扫描完成。
2014-05-07 15:08:04,373 -1005 [file-resolver-threads-file-processor-thread-0] INFO  org.tinygroup.fileresolver.impl.FileResolverImpl  - 正在扫描路径[D:\git\tiny\framework\org.tinygroup.binarytree\target\classes]...
2014-05-07 15:08:04,374 -1006 [file-resolver-threads-file-processor-thread-0] INFO  org.tinygroup.fileresolver.impl.FileResolverImpl  - 路径[D:\git\tiny\framework\org.tinygroup.binarytree\target\classes]扫描完成。
2014-05-07 15:08:04,375 -1007 [file-resolver-threads-file-processor-thread-0] INFO  org.tinygroup.fileresolver.impl.FileResolverImpl  - 正在扫描路径[D:\git\tiny\framework\org.tinygroup.logger\target\classes]...
2014-05-07 15:08:04,376 -1008 [file-resolver-threads-file-processor-thread-0] INFO  org.tinygroup.fileresolver.impl.FileResolverImpl  - 路径[D:\git\tiny\framework\org.tinygroup.logger\target\classes]扫描完成。
2014-05-07 15:08:04,377 -1009 [file-resolver-threads-file-processor-thread-0] INFO  org.tinygroup.fileresolver.impl.FileResolverImpl  - 正在扫描路径[D:\git\tiny\framework\org.tinygroup.commons\target\classes]...
2014-05-07 15:08:04,389 -1021 [file-resolver-threads-file-processor-thread-0] INFO  org.tinygroup.fileresolver.impl.FileResolverImpl  - 路径[D:\git\tiny\framework\org.tinygroup.commons\target\classes]扫描完成。
2014-05-07 15:08:04,389 -1021 [file-resolver-threads-file-processor-thread-0] INFO  org.tinygroup.fileresolver.impl.FileResolverImpl  - 正在扫描路径[D:\git\tiny\framework\org.tinygroup.annotation\target\classes]...
2014-05-07 15:08:04,392 -1024 [file-resolver-threads-file-processor-thread-0] INFO  org.tinygroup.fileresolver.impl.FileResolverImpl  - 路径[D:\git\tiny\framework\org.tinygroup.annotation\target\classes]扫描完成。
2014-05-07 15:08:04,392 -1024 [file-resolver-threads-file-processor-thread-0] INFO  org.tinygroup.fileresolver.impl.FileResolverImpl  - 正在扫描路径[D:\git\tiny\framework\org.tinygroup.threadgroup\target\classes]...
2014-05-07 15:08:04,393 -1025 [file-resolver-threads-file-processor-thread-0] INFO  org.tinygroup.fileresolver.impl.FileResolverImpl  - 路径[D:\git\tiny\framework\org.tinygroup.threadgroup\target\classes]扫描完成。
2014-05-07 15:08:04,393 -1025 [file-resolver-threads-file-processor-thread-0] INFO  org.tinygroup.fileresolver.impl.FileResolverImpl  - 正在扫描路径[D:\git\tiny\framework\org.tinygroup.event\target\classes]...
2014-05-07 15:08:04,395 -1027 [file-resolver-threads-file-processor-thread-0] INFO  org.tinygroup.fileresolver.impl.FileResolverImpl  - 路径[D:\git\tiny\framework\org.tinygroup.event\target\classes]扫描完成。
2014-05-07 15:08:04,395 -1027 [file-resolver-threads-file-processor-thread-0] INFO  org.tinygroup.fileresolver.impl.FileResolverImpl  - 正在扫描路径[D:\git\tiny\framework\org.tinygroup.xmlparser\target\classes]...
2014-05-07 15:08:04,397 -1029 [file-resolver-threads-file-processor-thread-0] INFO  org.tinygroup.fileresolver.impl.FileResolverImpl  - 路径[D:\git\tiny\framework\org.tinygroup.xmlparser\target\classes]扫描完成。
2014-05-07 15:08:04,397 -1029 [file-resolver-threads-file-processor-thread-0] INFO  org.tinygroup.fileresolver.impl.FileResolverImpl  - 正在扫描路径[D:\git\tiny\framework\org.tinygroup.xstream\target\classes]...
2014-05-07 15:08:04,399 -1031 [file-resolver-threads-file-processor-thread-0] INFO  org.tinygroup.fileresolver.impl.FileResolverImpl  - 路径[D:\git\tiny\framework\org.tinygroup.xstream\target\classes]扫描完成。
2014-05-07 15:08:04,399 -1031 [file-resolver-threads-file-processor-thread-0] INFO  org.tinygroup.fileresolver.impl.FileResolverImpl  - 正在扫描路径[D:\git\tiny\framework\org.tinygroup.el\target\classes]...
2014-05-07 15:08:04,400 -1032 [file-resolver-threads-file-processor-thread-0] INFO  org.tinygroup.fileresolver.impl.FileResolverImpl  - 路径[D:\git\tiny\framework\org.tinygroup.el\target\classes]扫描完成。
2014-05-07 15:08:04,400 -1032 [file-resolver-threads-file-processor-thread-0] INFO  org.tinygroup.fileresolver.impl.FileResolverImpl  - 正在扫描路径[D:\git\tiny\framework\org.tinygroup.flow\target\classes]...
2014-05-07 15:08:04,404 -1036 [file-resolver-threads-file-processor-thread-0] INFO  org.tinygroup.fileresolver.impl.FileResolverImpl  - 路径[D:\git\tiny\framework\org.tinygroup.flow\target\classes]扫描完成。
2014-05-07 15:08:04,404 -1036 [file-resolver-threads-file-processor-thread-0] INFO  org.tinygroup.fileresolver.impl.FileResolverImpl  - 正在扫描路径[D:\git\tiny\framework\org.tinygroup.fileresolver\target\classes]...
2014-05-07 15:08:04,407 -1039 [file-resolver-threads-file-processor-thread-0] INFO  org.tinygroup.fileresolver.impl.FileResolverImpl  - 路径[D:\git\tiny\framework\org.tinygroup.fileresolver\target\classes]扫描完成。
2014-05-07 15:08:04,407 -1039 [file-resolver-threads-file-processor-thread-0] INFO  org.tinygroup.fileresolver.impl.FileResolverImpl  - 正在扫描路径[D:\git\tiny\framework\org.tinygroup.flow\target\test-classes]...
2014-05-07 15:08:04,415 -1047 [file-resolver-threads-file-processor-thread-0] INFO  org.tinygroup.fileresolver.impl.FileResolverImpl  - 路径[D:\git\tiny\framework\org.tinygroup.flow\target\test-classes]扫描完成。
2014-05-07 15:08:04,415 -1047 [file-resolver-threads-file-processor-thread-0] INFO  org.tinygroup.fileresolver.impl.FileResolverImpl  - 正在扫描路径[D:\git\tiny\framework\org.tinygroup.formater\target\classes]...
2014-05-07 15:08:04,418 -1050 [file-resolver-threads-file-processor-thread-0] INFO  org.tinygroup.fileresolver.impl.FileResolverImpl  - 路径[D:\git\tiny\framework\org.tinygroup.formater\target\classes]扫描完成。
2014-05-07 15:08:04,418 -1050 [file-resolver-threads-file-processor-thread-0] INFO  org.tinygroup.fileresolver.impl.FileResolverImpl  - 正在扫描路径[D:\git\tiny\framework\org.tinygroup.config\target\classes]...
2014-05-07 15:08:04,420 -1052 [file-resolver-threads-file-processor-thread-0] INFO  org.tinygroup.fileresolver.impl.FileResolverImpl  - 路径[D:\git\tiny\framework\org.tinygroup.config\target\classes]扫描完成。
2014-05-07 15:08:04,420 -1052 [file-resolver-threads-file-processor-thread-0] INFO  org.tinygroup.fileresolver.impl.FileResolverImpl  - 正在扫描路径[D:\git\tiny\framework\org.tinygroup.application\target\classes]...
2014-05-07 15:08:04,421 -1053 [file-resolver-threads-file-processor-thread-0] INFO  org.tinygroup.fileresolver.impl.FileResolverImpl  - 路径[D:\git\tiny\framework\org.tinygroup.application\target\classes]扫描完成。
2014-05-07 15:08:04,422 -1054 [file-resolver-threads-file-processor-thread-0] INFO  org.tinygroup.fileresolver.impl.FileResolverImpl  - 正在扫描路径[D:\git\tiny\framework\org.tinygroup.context2object\target\classes]...
2014-05-07 15:08:04,424 -1056 [file-resolver-threads-file-processor-thread-0] INFO  org.tinygroup.fileresolver.impl.FileResolverImpl  - 路径[D:\git\tiny\framework\org.tinygroup.context2object\target\classes]扫描完成。
2014-05-07 15:08:04,425 -1057 [file-resolver-threads-file-processor-thread-0] INFO  org.tinygroup.fileresolver.impl.FileResolverImpl  - 正在扫描路径[D:\git\tiny\framework\org.tinygroup.exception\target\classes]...
2014-05-07 15:08:04,426 -1058 [file-resolver-threads-file-processor-thread-0] INFO  org.tinygroup.fileresolver.impl.FileResolverImpl  - 路径[D:\git\tiny\framework\org.tinygroup.exception\target\classes]扫描完成。
2014-05-07 15:08:04,426 -1058 [file-resolver-threads-file-processor-thread-0] INFO  org.tinygroup.fileresolver.impl.FileResolverImpl  - 正在扫描路径[D:\git\tiny\framework\org.tinygroup.i18n\target\classes]...
2014-05-07 15:08:04,428 -1060 [file-resolver-threads-file-processor-thread-0] INFO  org.tinygroup.fileresolver.impl.FileResolverImpl  - 路径[D:\git\tiny\framework\org.tinygroup.i18n\target\classes]扫描完成。
2014-05-07 15:08:04,428 -1060 [file-resolver-threads-file-processor-thread-0] INFO  org.tinygroup.fileresolver.impl.FileResolverImpl  - 正在扫描路径[D:\git\tiny\framework\org.tinygroup.vfs\target\classes]...
2014-05-07 15:08:04,431 -1063 [file-resolver-threads-file-processor-thread-0] INFO  org.tinygroup.fileresolver.impl.FileResolverImpl  - 路径[D:\git\tiny\framework\org.tinygroup.vfs\target\classes]扫描完成。
2014-05-07 15:08:04,432 -1064 [file-resolver-threads-file-processor-thread-0] INFO  org.tinygroup.fileresolver.impl.FileResolverImpl  - 正在扫描路径[D:\git\tiny\framework\org.tinygroup.context\target\classes]...
2014-05-07 15:08:04,433 -1065 [file-resolver-threads-file-processor-thread-0] INFO  org.tinygroup.fileresolver.impl.FileResolverImpl  - 路径[D:\git\tiny\framework\org.tinygroup.context\target\classes]扫描完成。
2014-05-07 15:08:04,434 -1066 [file-resolver-threads-file-processor-thread-0] INFO  org.tinygroup.fileresolver.impl.FileResolverImpl  - 正在扫描路径[D:\git\tiny\ext\org.tinygroup.elmvel\target\classes]...
2014-05-07 15:08:04,435 -1067 [file-resolver-threads-file-processor-thread-0] INFO  org.tinygroup.fileresolver.impl.FileResolverImpl  - 路径[D:\git\tiny\ext\org.tinygroup.elmvel\target\classes]扫描完成。
2014-05-07 15:08:04,435 -1067 [file-resolver-threads-file-processor-thread-0] INFO  org.tinygroup.fileresolver.impl.FileResolverImpl  - 正在扫描路径[D:\git\tiny\framework\org.tinygroup.testutil\target\classes]...
2014-05-07 15:08:04,436 -1068 [file-resolver-threads-file-processor-thread-0] INFO  org.tinygroup.fileresolver.impl.FileResolverImpl  - 路径[D:\git\tiny\framework\org.tinygroup.testutil\target\classes]扫描完成。
2014-05-07 15:08:04,436 -1068 [main] INFO  org.tinygroup.fileresolver.impl.MultiThreadFileProcessor  - 线程组:<file-resolver-threads>执行时间：72
2014-05-07 15:08:04,437 -1069 [main] INFO  org.tinygroup.fileresolver.impl.AbstractFileProcessor  - 找到国际化资源配置文件[D:\git\tiny\framework\org.tinygroup.event\target\classes\i18n\cepcore_en_US.properties]，并开始加载...
2014-05-07 15:08:04,438 -1070 [main] INFO  org.tinygroup.fileresolver.impl.AbstractFileProcessor  - 国际化资源配置文件[D:\git\tiny\framework\org.tinygroup.event\target\classes\i18n\cepcore_en_US.properties]，加载完毕。
2014-05-07 15:08:04,438 -1070 [main] INFO  org.tinygroup.fileresolver.impl.AbstractFileProcessor  - 找到国际化资源配置文件[D:\git\tiny\framework\org.tinygroup.event\target\classes\i18n\cepcore_zh_CN.properties]，并开始加载...
2014-05-07 15:08:04,438 -1070 [main] INFO  org.tinygroup.fileresolver.impl.AbstractFileProcessor  - 国际化资源配置文件[D:\git\tiny\framework\org.tinygroup.event\target\classes\i18n\cepcore_zh_CN.properties]，加载完毕。
2014-05-07 15:08:04,439 -1071 [main] INFO  org.tinygroup.fileresolver.impl.AbstractFileProcessor  - 找到国际化资源配置文件[D:\git\tiny\framework\org.tinygroup.flow\target\classes\i18n\flow_zh_CN.properties]，并开始加载...
2014-05-07 15:08:04,440 -1072 [main] INFO  org.tinygroup.fileresolver.impl.AbstractFileProcessor  - 国际化资源配置文件[D:\git\tiny\framework\org.tinygroup.flow\target\classes\i18n\flow_zh_CN.properties]，加载完毕。
2014-05-07 15:08:04,440 -1072 [main] INFO  org.tinygroup.fileresolver.impl.AbstractFileProcessor  - 找到国际化资源配置文件[D:\git\tiny\framework\org.tinygroup.vfs\target\classes\i18n\vfs_en_US.properties]，并开始加载...
2014-05-07 15:08:04,440 -1072 [main] INFO  org.tinygroup.fileresolver.impl.AbstractFileProcessor  - 国际化资源配置文件[D:\git\tiny\framework\org.tinygroup.vfs\target\classes\i18n\vfs_en_US.properties]，加载完毕。
2014-05-07 15:08:04,441 -1073 [main] INFO  org.tinygroup.fileresolver.impl.AbstractFileProcessor  - 找到XStream配置文件[D:\git\tiny\framework\org.tinygroup.annotation\target\classes\annotation.xstream.xml]，并开始加载...
2014-05-07 15:08:04,475 -1107 [main] INFO  org.tinygroup.fileresolver.impl.AbstractFileProcessor  - XStream配置文件[D:\git\tiny\framework\org.tinygroup.annotation\target\classes\annotation.xstream.xml]，加载完毕。
2014-05-07 15:08:04,475 -1107 [main] INFO  org.tinygroup.fileresolver.impl.AbstractFileProcessor  - 找到XStream配置文件[D:\git\tiny\framework\org.tinygroup.event\target\classes\event.xstream.xml]，并开始加载...
2014-05-07 15:08:04,483 -1115 [main] INFO  org.tinygroup.fileresolver.impl.AbstractFileProcessor  - XStream配置文件[D:\git\tiny\framework\org.tinygroup.event\target\classes\event.xstream.xml]，加载完毕。
2014-05-07 15:08:04,484 -1116 [main] INFO  org.tinygroup.fileresolver.impl.AbstractFileProcessor  - 找到XStream配置文件[D:\git\tiny\framework\org.tinygroup.flow\target\classes\flow.xstream.xml]，并开始加载...
2014-05-07 15:08:04,503 -1135 [main] INFO  org.tinygroup.fileresolver.impl.AbstractFileProcessor  - XStream配置文件[D:\git\tiny\framework\org.tinygroup.flow\target\classes\flow.xstream.xml]，加载完毕。
2014-05-07 15:08:04,504 -1136 [main] INFO  org.tinygroup.fileresolver.impl.AbstractFileProcessor  - 找到XStream配置文件[D:\git\tiny\framework\org.tinygroup.context2object\target\classes\context2object.xstream.xml]，并开始加载...
2014-05-07 15:08:04,511 -1143 [main] INFO  org.tinygroup.fileresolver.impl.AbstractFileProcessor  - XStream配置文件[D:\git\tiny\framework\org.tinygroup.context2object\target\classes\context2object.xstream.xml]，加载完毕。
2014-05-07 15:08:04,511 -1143 [main] INFO  org.tinygroup.fileresolver.impl.AbstractFileProcessor  - 正在加载注解配置文件[D:\git\tiny\framework\org.tinygroup.flow\target\classes\flowcomponent.annotation.xml]
2014-05-07 15:08:04,518 -1150 [main] INFO  org.tinygroup.fileresolver.impl.AbstractFileProcessor  - 加载注解配置文件[D:\git\tiny\framework\org.tinygroup.flow\target\classes\flowcomponent.annotation.xml]结束
2014-05-07 15:08:04,578 -1210 [annotation-muti-file-processor-thread-0] INFO  org.tinygroup.flow.containers.ComponentContainers  - 添加组件Component[name:helloWorldAnnoComponent,bean:helloWorldAnnoComponent]
2014-05-07 15:08:04,585 -1217 [annotation-muti-file-processor-thread-0] INFO  org.tinygroup.flow.containers.ComponentContainers  - 添加组件Component[name:helloWorldAnnoComponent,bean:helloWorldAnnoComponent]
2014-05-07 15:08:04,591 -1223 [main] INFO  org.tinygroup.fileresolver.impl.MultiThreadFileProcessor  - 线程组:<annotation-muti>执行时间：71
2014-05-07 15:08:04,592 -1224 [main] INFO  org.tinygroup.fileresolver.impl.AbstractFileProcessor  - 正在读取逻辑组件fc文件[D:\git\tiny\framework\org.tinygroup.flow\target\test-classes\TestFlowComponent.fc.xml]
2014-05-07 15:08:04,598 -1230 [main] INFO  org.tinygroup.flow.containers.ComponentContainers  - 添加组件Component[name:helloflow,bean:helloflow]
2014-05-07 15:08:04,598 -1230 [main] INFO  org.tinygroup.flow.containers.ComponentContainers  - 添加组件Component[name:printflow,bean:printflow]
2014-05-07 15:08:04,598 -1230 [main] INFO  org.tinygroup.flow.containers.ComponentContainers  - 添加组件Component[name:keyprintflow,bean:keyprintflow]
2014-05-07 15:08:04,599 -1231 [main] INFO  org.tinygroup.flow.containers.ComponentContainers  - 添加组件Component[name:exceptionFlowComponent,bean:exceptionFlowComponent]
2014-05-07 15:08:04,599 -1231 [main] INFO  org.tinygroup.flow.containers.ComponentContainers  - 添加组件Component[name:exceptionFlowComponent2,bean:exceptionFlowComponent2]
2014-05-07 15:08:04,599 -1231 [main] INFO  org.tinygroup.flow.containers.ComponentContainers  - 添加组件Component[name:ExceptionDealComponent,bean:ExceptionDealComponent]
2014-05-07 15:08:04,599 -1231 [main] INFO  org.tinygroup.flow.containers.ComponentContainers  - 添加组件Component[name:myExceptionComponent,bean:myExceptionComponent]
2014-05-07 15:08:04,599 -1231 [main] INFO  org.tinygroup.flow.containers.ComponentContainers  - 添加组件Component[name:computeComponent,bean:computeComponent]
2014-05-07 15:08:04,600 -1232 [main] INFO  org.tinygroup.fileresolver.impl.AbstractFileProcessor  - 读取逻辑组件fc文件[D:\git\tiny\framework\org.tinygroup.flow\target\test-classes\TestFlowComponent.fc.xml]结束
2014-05-07 15:08:04,600 -1232 [main] INFO  org.tinygroup.fileresolver.impl.AbstractFileProcessor  - 正在读取逻辑流程flow文件[D:\git\tiny\framework\org.tinygroup.flow\target\test-classes\annotation\helloworld.flow.xml]
2014-05-07 15:08:04,604 -1236 [main] INFO  org.tinygroup.flow.impl.FlowExecutorImpl  - 添加flow:[id:helloworld]
2014-05-07 15:08:04,605 -1237 [main] INFO  org.tinygroup.flow.impl.FlowExecutorImpl  - 添加flow:[Name:aa]
2014-05-07 15:08:04,605 -1237 [main] INFO  org.tinygroup.fileresolver.impl.AbstractFileProcessor  - 读取逻辑流程flow文件[D:\git\tiny\framework\org.tinygroup.flow\target\test-classes\annotation\helloworld.flow.xml]结束
2014-05-07 15:08:04,605 -1237 [main] INFO  org.tinygroup.fileresolver.impl.AbstractFileProcessor  - 正在读取逻辑流程flow文件[D:\git\tiny\framework\org.tinygroup.flow\target\test-classes\Context2ObjectTest.flow.xml]
2014-05-07 15:08:04,609 -1241 [main] INFO  org.tinygroup.flow.impl.FlowExecutorImpl  - 添加flow:[id:context2objectTest]
2014-05-07 15:08:04,609 -1241 [main] INFO  org.tinygroup.flow.impl.FlowExecutorImpl  - 添加flow:[Name:business_template]
2014-05-07 15:08:04,609 -1241 [main] INFO  org.tinygroup.fileresolver.impl.AbstractFileProcessor  - 读取逻辑流程flow文件[D:\git\tiny\framework\org.tinygroup.flow\target\test-classes\Context2ObjectTest.flow.xml]结束
2014-05-07 15:08:04,609 -1241 [main] INFO  org.tinygroup.fileresolver.impl.AbstractFileProcessor  - 正在读取逻辑流程flow文件[D:\git\tiny\framework\org.tinygroup.flow\target\test-classes\CustomBegin.flow.xml]
2014-05-07 15:08:04,610 -1242 [main] ERROR org.tinygroup.flow.impl.FlowExecutorImpl  - flow:[name:aa]已经存在！
2014-05-07 15:08:04,611 -1243 [main] INFO  org.tinygroup.flow.impl.FlowExecutorImpl  - 添加flow:[id:CustomBegin]
2014-05-07 15:08:04,611 -1243 [main] INFO  org.tinygroup.flow.impl.FlowExecutorImpl  - 添加flow:[Name:aa]
2014-05-07 15:08:04,611 -1243 [main] INFO  org.tinygroup.fileresolver.impl.AbstractFileProcessor  - 读取逻辑流程flow文件[D:\git\tiny\framework\org.tinygroup.flow\target\test-classes\CustomBegin.flow.xml]结束
2014-05-07 15:08:04,611 -1243 [main] INFO  org.tinygroup.fileresolver.impl.AbstractFileProcessor  - 正在读取逻辑流程flow文件[D:\git\tiny\framework\org.tinygroup.flow\target\test-classes\exception\FlowExceptionProcess.flow.xml]
2014-05-07 15:08:04,613 -1245 [main] INFO  org.tinygroup.flow.impl.FlowExecutorImpl  - 添加flow:[id:flowException2]
2014-05-07 15:08:04,614 -1246 [main] INFO  org.tinygroup.flow.impl.FlowExecutorImpl  - 添加flow:[Name:flowExceptionTest]
2014-05-07 15:08:04,614 -1246 [main] INFO  org.tinygroup.fileresolver.impl.AbstractFileProcessor  - 读取逻辑流程flow文件[D:\git\tiny\framework\org.tinygroup.flow\target\test-classes\exception\FlowExceptionProcess.flow.xml]结束
2014-05-07 15:08:04,614 -1246 [main] INFO  org.tinygroup.fileresolver.impl.AbstractFileProcessor  - 正在读取逻辑流程flow文件[D:\git\tiny\framework\org.tinygroup.flow\target\test-classes\ExceptionFlow.flow.xml]
2014-05-07 15:08:04,616 -1248 [main] INFO  org.tinygroup.flow.impl.FlowExecutorImpl  - 添加flow:[id:ExceptionFlow]
2014-05-07 15:08:04,616 -1248 [main] INFO  org.tinygroup.flow.impl.FlowExecutorImpl  - 添加flow:[Name:ExceptionFlow]
2014-05-07 15:08:04,616 -1248 [main] INFO  org.tinygroup.fileresolver.impl.AbstractFileProcessor  - 读取逻辑流程flow文件[D:\git\tiny\framework\org.tinygroup.flow\target\test-classes\ExceptionFlow.flow.xml]结束
2014-05-07 15:08:04,616 -1248 [main] INFO  org.tinygroup.fileresolver.impl.AbstractFileProcessor  - 正在读取逻辑流程flow文件[D:\git\tiny\framework\org.tinygroup.flow\target\test-classes\ExceptionTest.flow.xml]
2014-05-07 15:08:04,621 -1253 [main] INFO  org.tinygroup.flow.impl.FlowExecutorImpl  - 添加flow:[id:myTestException]
2014-05-07 15:08:04,622 -1254 [main] INFO  org.tinygroup.flow.impl.FlowExecutorImpl  - 添加flow:[Name:myTestException]
2014-05-07 15:08:04,622 -1254 [main] INFO  org.tinygroup.fileresolver.impl.AbstractFileProcessor  - 读取逻辑流程flow文件[D:\git\tiny\framework\org.tinygroup.flow\target\test-classes\ExceptionTest.flow.xml]结束
2014-05-07 15:08:04,622 -1254 [main] INFO  org.tinygroup.fileresolver.impl.AbstractFileProcessor  - 正在读取逻辑流程flow文件[D:\git\tiny\framework\org.tinygroup.flow\target\test-classes\ExceptionTest2.flow.xml]
2014-05-07 15:08:04,626 -1258 [main] INFO  org.tinygroup.flow.impl.FlowExecutorImpl  - 添加flow:[id:myTestException2]
2014-05-07 15:08:04,626 -1258 [main] INFO  org.tinygroup.flow.impl.FlowExecutorImpl  - 添加flow:[Name:myTestException2]
2014-05-07 15:08:04,627 -1259 [main] INFO  org.tinygroup.fileresolver.impl.AbstractFileProcessor  - 读取逻辑流程flow文件[D:\git\tiny\framework\org.tinygroup.flow\target\test-classes\ExceptionTest2.flow.xml]结束
2014-05-07 15:08:04,627 -1259 [main] INFO  org.tinygroup.fileresolver.impl.AbstractFileProcessor  - 正在读取逻辑流程flow文件[D:\git\tiny\framework\org.tinygroup.flow\target\test-classes\ExceptionWithFlow.flow.xml]
2014-05-07 15:08:04,629 -1261 [main] INFO  org.tinygroup.flow.impl.FlowExecutorImpl  - 添加flow:[id:exceptionWithFlow]
2014-05-07 15:08:04,629 -1261 [main] INFO  org.tinygroup.flow.impl.FlowExecutorImpl  - 添加flow:[Name:exceptionWithFlow]
2014-05-07 15:08:04,629 -1261 [main] INFO  org.tinygroup.fileresolver.impl.AbstractFileProcessor  - 读取逻辑流程flow文件[D:\git\tiny\framework\org.tinygroup.flow\target\test-classes\ExceptionWithFlow.flow.xml]结束
2014-05-07 15:08:04,630 -1262 [main] INFO  org.tinygroup.fileresolver.impl.AbstractFileProcessor  - 正在读取逻辑流程flow文件[D:\git\tiny\framework\org.tinygroup.flow\target\test-classes\ExceptionWithNode.flow.xml]
2014-05-07 15:08:04,633 -1265 [main] INFO  org.tinygroup.flow.impl.FlowExecutorImpl  - 添加flow:[id:exceptionWithNode]
2014-05-07 15:08:04,633 -1265 [main] INFO  org.tinygroup.flow.impl.FlowExecutorImpl  - 添加flow:[Name:exceptionWithNode]
2014-05-07 15:08:04,633 -1265 [main] INFO  org.tinygroup.fileresolver.impl.AbstractFileProcessor  - 读取逻辑流程flow文件[D:\git\tiny\framework\org.tinygroup.flow\target\test-classes\ExceptionWithNode.flow.xml]结束
2014-05-07 15:08:04,633 -1265 [main] INFO  org.tinygroup.fileresolver.impl.AbstractFileProcessor  - 正在读取逻辑流程flow文件[D:\git\tiny\framework\org.tinygroup.flow\target\test-classes\Flow123.flow.flow.xml]
2014-05-07 15:08:04,636 -1268 [main] ERROR org.tinygroup.flow.impl.FlowExecutorImpl  - flow:[name:business_template]已经存在！
2014-05-07 15:08:04,637 -1269 [main] INFO  org.tinygroup.flow.impl.FlowExecutorImpl  - 添加flow:[id:00002]
2014-05-07 15:08:04,637 -1269 [main] INFO  org.tinygroup.flow.impl.FlowExecutorImpl  - 添加flow:[Name:business_template]
2014-05-07 15:08:04,637 -1269 [main] INFO  org.tinygroup.fileresolver.impl.AbstractFileProcessor  - 读取逻辑流程flow文件[D:\git\tiny\framework\org.tinygroup.flow\target\test-classes\Flow123.flow.flow.xml]结束
2014-05-07 15:08:04,637 -1269 [main] INFO  org.tinygroup.fileresolver.impl.AbstractFileProcessor  - 正在读取逻辑流程flow文件[D:\git\tiny\framework\org.tinygroup.flow\target\test-classes\FlowDefaultBegin.flow.xml]
2014-05-07 15:08:04,640 -1272 [main] INFO  org.tinygroup.flow.impl.FlowExecutorImpl  - 添加flow:[id:FlowDefaultBegin]
2014-05-07 15:08:04,641 -1273 [main] INFO  org.tinygroup.flow.impl.FlowExecutorImpl  - 添加flow:[Name:Hello]
2014-05-07 15:08:04,641 -1273 [main] INFO  org.tinygroup.fileresolver.impl.AbstractFileProcessor  - 读取逻辑流程flow文件[D:\git\tiny\framework\org.tinygroup.flow\target\test-classes\FlowDefaultBegin.flow.xml]结束
2014-05-07 15:08:04,641 -1273 [main] INFO  org.tinygroup.fileresolver.impl.AbstractFileProcessor  - 正在读取逻辑流程flow文件[D:\git\tiny\framework\org.tinygroup.flow\target\test-classes\FlowDefaultEnd.flow.xml]
2014-05-07 15:08:04,643 -1275 [main] ERROR org.tinygroup.flow.impl.FlowExecutorImpl  - flow:[name:aa]已经存在！
2014-05-07 15:08:04,643 -1275 [main] INFO  org.tinygroup.flow.impl.FlowExecutorImpl  - 添加flow:[id:FlowDefaultEnd]
2014-05-07 15:08:04,643 -1275 [main] INFO  org.tinygroup.flow.impl.FlowExecutorImpl  - 添加flow:[Name:aa]
2014-05-07 15:08:04,643 -1275 [main] INFO  org.tinygroup.fileresolver.impl.AbstractFileProcessor  - 读取逻辑流程flow文件[D:\git\tiny\framework\org.tinygroup.flow\target\test-classes\FlowDefaultEnd.flow.xml]结束
2014-05-07 15:08:04,644 -1276 [main] INFO  org.tinygroup.fileresolver.impl.AbstractFileProcessor  - 正在读取逻辑流程flow文件[D:\git\tiny\framework\org.tinygroup.flow\target\test-classes\FlowExceptionProcess.flow.xml]
2014-05-07 15:08:04,646 -1278 [main] ERROR org.tinygroup.flow.impl.FlowExecutorImpl  - flow:[id:flowExceptionTest]已经存在！
2014-05-07 15:08:04,646 -1278 [main] ERROR org.tinygroup.flow.impl.FlowExecutorImpl  - flow:[name:flowExceptionTest]已经存在！
2014-05-07 15:08:04,646 -1278 [main] INFO  org.tinygroup.flow.impl.FlowExecutorImpl  - 添加flow:[id:flowExceptionTest]
2014-05-07 15:08:04,646 -1278 [main] INFO  org.tinygroup.flow.impl.FlowExecutorImpl  - 添加flow:[Name:flowExceptionTest]
2014-05-07 15:08:04,646 -1278 [main] INFO  org.tinygroup.fileresolver.impl.AbstractFileProcessor  - 读取逻辑流程flow文件[D:\git\tiny\framework\org.tinygroup.flow\target\test-classes\FlowExceptionProcess.flow.xml]结束
2014-05-07 15:08:04,646 -1278 [main] INFO  org.tinygroup.fileresolver.impl.AbstractFileProcessor  - 正在读取逻辑流程flow文件[D:\git\tiny\framework\org.tinygroup.flow\target\test-classes\FlowParent.flow.xml]
2014-05-07 15:08:04,650 -1282 [main] ERROR org.tinygroup.flow.impl.FlowExecutorImpl  - flow:[name:business_template]已经存在！
2014-05-07 15:08:04,650 -1282 [main] INFO  org.tinygroup.flow.impl.FlowExecutorImpl  - 添加flow:[id:00001]
2014-05-07 15:08:04,650 -1282 [main] INFO  org.tinygroup.flow.impl.FlowExecutorImpl  - 添加flow:[Name:business_template]
2014-05-07 15:08:04,650 -1282 [main] INFO  org.tinygroup.fileresolver.impl.AbstractFileProcessor  - 读取逻辑流程flow文件[D:\git\tiny\framework\org.tinygroup.flow\target\test-classes\FlowParent.flow.xml]结束
2014-05-07 15:08:04,650 -1282 [main] INFO  org.tinygroup.fileresolver.impl.AbstractFileProcessor  - 正在读取逻辑流程flow文件[D:\git\tiny\framework\org.tinygroup.flow\target\test-classes\FlowParent2.flow.xml]
2014-05-07 15:08:04,653 -1285 [main] ERROR org.tinygroup.flow.impl.FlowExecutorImpl  - flow:[id:00002]已经存在！
2014-05-07 15:08:04,654 -1286 [main] INFO  org.tinygroup.flow.impl.FlowExecutorImpl  - 添加flow:[id:00002]
2014-05-07 15:08:04,654 -1286 [main] INFO  org.tinygroup.flow.impl.FlowExecutorImpl  - 添加flow:[Name:business_template1]
2014-05-07 15:08:04,654 -1286 [main] INFO  org.tinygroup.fileresolver.impl.AbstractFileProcessor  - 读取逻辑流程flow文件[D:\git\tiny\framework\org.tinygroup.flow\target\test-classes\FlowParent2.flow.xml]结束
2014-05-07 15:08:04,654 -1286 [main] INFO  org.tinygroup.fileresolver.impl.AbstractFileProcessor  - 正在读取逻辑流程flow文件[D:\git\tiny\framework\org.tinygroup.flow\target\test-classes\FlowPropertyWithEl.flow.xml]
2014-05-07 15:08:04,658 -1290 [main] INFO  org.tinygroup.flow.impl.FlowExecutorImpl  - 添加flow:[id:nextNodeByEl]
2014-05-07 15:08:04,659 -1291 [main] INFO  org.tinygroup.flow.impl.FlowExecutorImpl  - 添加flow:[Name:nextNodeByEl]
2014-05-07 15:08:04,659 -1291 [main] INFO  org.tinygroup.fileresolver.impl.AbstractFileProcessor  - 读取逻辑流程flow文件[D:\git\tiny\framework\org.tinygroup.flow\target\test-classes\FlowPropertyWithEl.flow.xml]结束
2014-05-07 15:08:04,659 -1291 [main] INFO  org.tinygroup.fileresolver.impl.AbstractFileProcessor  - 正在读取逻辑流程flow文件[D:\git\tiny\framework\org.tinygroup.flow\target\test-classes\FlowSub1.flow.xml]
2014-05-07 15:08:04,660 -1292 [main] INFO  org.tinygroup.flow.impl.FlowExecutorImpl  - 添加flow:[id:00001:01]
2014-05-07 15:08:04,660 -1292 [main] INFO  org.tinygroup.flow.impl.FlowExecutorImpl  - 添加flow:[Name:01business]
2014-05-07 15:08:04,660 -1292 [main] INFO  org.tinygroup.fileresolver.impl.AbstractFileProcessor  - 读取逻辑流程flow文件[D:\git\tiny\framework\org.tinygroup.flow\target\test-classes\FlowSub1.flow.xml]结束
2014-05-07 15:08:04,661 -1293 [main] INFO  org.tinygroup.fileresolver.impl.AbstractFileProcessor  - 正在读取逻辑流程flow文件[D:\git\tiny\framework\org.tinygroup.flow\target\test-classes\FlowSub2.flow.xml]
2014-05-07 15:08:04,662 -1294 [main] INFO  org.tinygroup.flow.impl.FlowExecutorImpl  - 添加flow:[id:00002:01]
2014-05-07 15:08:04,662 -1294 [main] INFO  org.tinygroup.flow.impl.FlowExecutorImpl  - 添加flow:[Name:02business]
2014-05-07 15:08:04,662 -1294 [main] INFO  org.tinygroup.fileresolver.impl.AbstractFileProcessor  - 读取逻辑流程flow文件[D:\git\tiny\framework\org.tinygroup.flow\target\test-classes\FlowSub2.flow.xml]结束
2014-05-07 15:08:04,662 -1294 [main] INFO  org.tinygroup.fileresolver.impl.AbstractFileProcessor  - 正在读取逻辑流程flow文件[D:\git\tiny\framework\org.tinygroup.flow\target\test-classes\FlowWithBegin.flow.xml]
2014-05-07 15:08:04,664 -1296 [main] INFO  org.tinygroup.flow.impl.FlowExecutorImpl  - 添加flow:[id:FlowWithBegin]
2014-05-07 15:08:04,664 -1296 [main] INFO  org.tinygroup.flow.impl.FlowExecutorImpl  - 添加flow:[Name:bb]
2014-05-07 15:08:04,664 -1296 [main] INFO  org.tinygroup.fileresolver.impl.AbstractFileProcessor  - 读取逻辑流程flow文件[D:\git\tiny\framework\org.tinygroup.flow\target\test-classes\FlowWithBegin.flow.xml]结束
2014-05-07 15:08:04,665 -1297 [main] INFO  org.tinygroup.fileresolver.impl.AbstractFileProcessor  - 正在读取逻辑流程flow文件[D:\git\tiny\framework\org.tinygroup.flow\target\test-classes\FlowWithBegin1.flow.xml]
2014-05-07 15:08:04,667 -1299 [main] ERROR org.tinygroup.flow.impl.FlowExecutorImpl  - flow:[name:aa]已经存在！
2014-05-07 15:08:04,667 -1299 [main] INFO  org.tinygroup.flow.impl.FlowExecutorImpl  - 添加flow:[id:FlowWithBegin1]
2014-05-07 15:08:04,667 -1299 [main] INFO  org.tinygroup.flow.impl.FlowExecutorImpl  - 添加flow:[Name:aa]
2014-05-07 15:08:04,667 -1299 [main] INFO  org.tinygroup.fileresolver.impl.AbstractFileProcessor  - 读取逻辑流程flow文件[D:\git\tiny\framework\org.tinygroup.flow\target\test-classes\FlowWithBegin1.flow.xml]结束
2014-05-07 15:08:04,668 -1300 [main] INFO  org.tinygroup.fileresolver.impl.AbstractFileProcessor  - 正在读取逻辑流程flow文件[D:\git\tiny\framework\org.tinygroup.flow\target\test-classes\nextNodeByEl.flow.xml]
2014-05-07 15:08:04,672 -1304 [main] INFO  org.tinygroup.flow.impl.FlowExecutorImpl  - 添加flow:[id:NextNodeByEl]
2014-05-07 15:08:04,672 -1304 [main] INFO  org.tinygroup.flow.impl.FlowExecutorImpl  - 添加flow:[Name:NextNodeByEl]
2014-05-07 15:08:04,672 -1304 [main] INFO  org.tinygroup.fileresolver.impl.AbstractFileProcessor  - 读取逻辑流程flow文件[D:\git\tiny\framework\org.tinygroup.flow\target\test-classes\nextNodeByEl.flow.xml]结束
2014-05-07 15:08:04,673 -1305 [main] INFO  org.tinygroup.fileresolver.impl.AbstractFileProcessor  - 正在读取逻辑流程flow文件[D:\git\tiny\framework\org.tinygroup.flow\target\test-classes\NextNodeByNullEl.flow.xml]
2014-05-07 15:08:04,677 -1309 [main] INFO  org.tinygroup.flow.impl.FlowExecutorImpl  - 添加flow:[id:NextNodeByNullEl]
2014-05-07 15:08:04,677 -1309 [main] INFO  org.tinygroup.flow.impl.FlowExecutorImpl  - 添加flow:[Name:NextNodeByNullEl]
2014-05-07 15:08:04,678 -1310 [main] INFO  org.tinygroup.fileresolver.impl.AbstractFileProcessor  - 读取逻辑流程flow文件[D:\git\tiny\framework\org.tinygroup.flow\target\test-classes\NextNodeByNullEl.flow.xml]结束
2014-05-07 15:08:04,678 -1310 [main] INFO  org.tinygroup.fileresolver.impl.AbstractFileProcessor  - 正在读取页面组件pagefc文件[D:\git\tiny\framework\org.tinygroup.flow\target\test-classes\TestFlowComponent.pagefc.xml]
2014-05-07 15:08:04,681 -1313 [main] INFO  org.tinygroup.flow.containers.ComponentContainers  - 添加组件Component[name:helloflow,bean:helloflow]
2014-05-07 15:08:04,682 -1314 [main] INFO  org.tinygroup.flow.containers.ComponentContainers  - 添加组件Component[name:printflow,bean:printflow]
2014-05-07 15:08:04,682 -1314 [main] INFO  org.tinygroup.flow.containers.ComponentContainers  - 添加组件Component[name:keyprintflow,bean:keyprintflow]
2014-05-07 15:08:04,682 -1314 [main] INFO  org.tinygroup.flow.containers.ComponentContainers  - 添加组件Component[name:exceptionFlowComponent,bean:exceptionFlowComponent]
2014-05-07 15:08:04,682 -1314 [main] INFO  org.tinygroup.flow.containers.ComponentContainers  - 添加组件Component[name:ExceptionDealComponent,bean:ExceptionDealComponent]
2014-05-07 15:08:04,683 -1315 [main] INFO  org.tinygroup.flow.containers.ComponentContainers  - 添加组件Component[name:computeComponent,bean:computeComponent]
2014-05-07 15:08:04,683 -1315 [main] INFO  org.tinygroup.fileresolver.impl.AbstractFileProcessor  - 读取页面组件pagefc文件[D:\git\tiny\framework\org.tinygroup.flow\target\test-classes\TestFlowComponent.pagefc.xml]结束
2014-05-07 15:08:04,683 -1315 [main] INFO  org.tinygroup.fileresolver.impl.AbstractFileProcessor  - 正在读取页面流程pageflow文件[D:\git\tiny\framework\org.tinygroup.flow\target\test-classes\CustomBegin.pageflow.xml]
2014-05-07 15:08:04,685 -1317 [main] INFO  org.tinygroup.flow.impl.FlowExecutorImpl  - 添加flow:[id:CustomBegin]
2014-05-07 15:08:04,685 -1317 [main] INFO  org.tinygroup.flow.impl.FlowExecutorImpl  - 添加flow:[Name:aa]
2014-05-07 15:08:04,685 -1317 [main] INFO  org.tinygroup.fileresolver.impl.AbstractFileProcessor  - 读取页面流程pageflow文件[D:\git\tiny\framework\org.tinygroup.flow\target\test-classes\CustomBegin.pageflow.xml]结束
2014-05-07 15:08:04,686 -1318 [main] INFO  org.tinygroup.fileresolver.impl.AbstractFileProcessor  - 正在读取页面流程pageflow文件[D:\git\tiny\framework\org.tinygroup.flow\target\test-classes\ExceptionFlow.pageflow.xml]
2014-05-07 15:08:04,688 -1320 [main] INFO  org.tinygroup.flow.impl.FlowExecutorImpl  - 添加flow:[id:ExceptionFlow]
2014-05-07 15:08:04,688 -1320 [main] INFO  org.tinygroup.flow.impl.FlowExecutorImpl  - 添加flow:[Name:ExceptionFlow]
2014-05-07 15:08:04,688 -1320 [main] INFO  org.tinygroup.fileresolver.impl.AbstractFileProcessor  - 读取页面流程pageflow文件[D:\git\tiny\framework\org.tinygroup.flow\target\test-classes\ExceptionFlow.pageflow.xml]结束
2014-05-07 15:08:04,688 -1320 [main] INFO  org.tinygroup.fileresolver.impl.AbstractFileProcessor  - 正在读取页面流程pageflow文件[D:\git\tiny\framework\org.tinygroup.flow\target\test-classes\ExceptionWithFlow.pageflow.xml]
2014-05-07 15:08:04,690 -1322 [main] INFO  org.tinygroup.flow.impl.FlowExecutorImpl  - 添加flow:[id:exceptionWithFlow]
2014-05-07 15:08:04,690 -1322 [main] INFO  org.tinygroup.flow.impl.FlowExecutorImpl  - 添加flow:[Name:exceptionWithFlow]
2014-05-07 15:08:04,690 -1322 [main] INFO  org.tinygroup.fileresolver.impl.AbstractFileProcessor  - 读取页面流程pageflow文件[D:\git\tiny\framework\org.tinygroup.flow\target\test-classes\ExceptionWithFlow.pageflow.xml]结束
2014-05-07 15:08:04,691 -1323 [main] INFO  org.tinygroup.fileresolver.impl.AbstractFileProcessor  - 正在读取页面流程pageflow文件[D:\git\tiny\framework\org.tinygroup.flow\target\test-classes\ExceptionWithNode.pageflow.xml]
2014-05-07 15:08:04,693 -1325 [main] INFO  org.tinygroup.flow.impl.FlowExecutorImpl  - 添加flow:[id:exceptionWithNode]
2014-05-07 15:08:04,693 -1325 [main] INFO  org.tinygroup.flow.impl.FlowExecutorImpl  - 添加flow:[Name:exceptionWithNode]
2014-05-07 15:08:04,693 -1325 [main] INFO  org.tinygroup.fileresolver.impl.AbstractFileProcessor  - 读取页面流程pageflow文件[D:\git\tiny\framework\org.tinygroup.flow\target\test-classes\ExceptionWithNode.pageflow.xml]结束
2014-05-07 15:08:04,694 -1326 [main] INFO  org.tinygroup.fileresolver.impl.AbstractFileProcessor  - 正在读取页面流程pageflow文件[D:\git\tiny\framework\org.tinygroup.flow\target\test-classes\Flow123.flow.pageflow.xml]
2014-05-07 15:08:04,697 -1329 [main] INFO  org.tinygroup.flow.impl.FlowExecutorImpl  - 添加flow:[id:00002]
2014-05-07 15:08:04,697 -1329 [main] INFO  org.tinygroup.flow.impl.FlowExecutorImpl  - 添加flow:[Name:business_template]
2014-05-07 15:08:04,698 -1330 [main] INFO  org.tinygroup.fileresolver.impl.AbstractFileProcessor  - 读取页面流程pageflow文件[D:\git\tiny\framework\org.tinygroup.flow\target\test-classes\Flow123.flow.pageflow.xml]结束
2014-05-07 15:08:04,698 -1330 [main] INFO  org.tinygroup.fileresolver.impl.AbstractFileProcessor  - 正在读取页面流程pageflow文件[D:\git\tiny\framework\org.tinygroup.flow\target\test-classes\FlowDefaultBegin.pageflow.xml]
2014-05-07 15:08:04,700 -1332 [main] INFO  org.tinygroup.flow.impl.FlowExecutorImpl  - 添加flow:[id:FlowDefaultBegin]
2014-05-07 15:08:04,700 -1332 [main] INFO  org.tinygroup.flow.impl.FlowExecutorImpl  - 添加flow:[Name:Hello]
2014-05-07 15:08:04,700 -1332 [main] INFO  org.tinygroup.fileresolver.impl.AbstractFileProcessor  - 读取页面流程pageflow文件[D:\git\tiny\framework\org.tinygroup.flow\target\test-classes\FlowDefaultBegin.pageflow.xml]结束
2014-05-07 15:08:04,700 -1332 [main] INFO  org.tinygroup.fileresolver.impl.AbstractFileProcessor  - 正在读取页面流程pageflow文件[D:\git\tiny\framework\org.tinygroup.flow\target\test-classes\FlowDefaultEnd.pageflow.xml]
2014-05-07 15:08:04,702 -1334 [main] ERROR org.tinygroup.flow.impl.FlowExecutorImpl  - flow:[name:aa]已经存在！
2014-05-07 15:08:04,702 -1334 [main] INFO  org.tinygroup.flow.impl.FlowExecutorImpl  - 添加flow:[id:FlowDefaultEnd]
2014-05-07 15:08:04,702 -1334 [main] INFO  org.tinygroup.flow.impl.FlowExecutorImpl  - 添加flow:[Name:aa]
2014-05-07 15:08:04,702 -1334 [main] INFO  org.tinygroup.fileresolver.impl.AbstractFileProcessor  - 读取页面流程pageflow文件[D:\git\tiny\framework\org.tinygroup.flow\target\test-classes\FlowDefaultEnd.pageflow.xml]结束
2014-05-07 15:08:04,702 -1334 [main] INFO  org.tinygroup.fileresolver.impl.AbstractFileProcessor  - 正在读取页面流程pageflow文件[D:\git\tiny\framework\org.tinygroup.flow\target\test-classes\FlowExceptionProcess.pageflow.xml]
2014-05-07 15:08:04,705 -1337 [main] INFO  org.tinygroup.flow.impl.FlowExecutorImpl  - 添加flow:[id:flowExceptionTest]
2014-05-07 15:08:04,705 -1337 [main] INFO  org.tinygroup.flow.impl.FlowExecutorImpl  - 添加flow:[Name:flowExceptionTest]
2014-05-07 15:08:04,705 -1337 [main] INFO  org.tinygroup.fileresolver.impl.AbstractFileProcessor  - 读取页面流程pageflow文件[D:\git\tiny\framework\org.tinygroup.flow\target\test-classes\FlowExceptionProcess.pageflow.xml]结束
2014-05-07 15:08:04,706 -1338 [main] INFO  org.tinygroup.fileresolver.impl.AbstractFileProcessor  - 正在读取页面流程pageflow文件[D:\git\tiny\framework\org.tinygroup.flow\target\test-classes\FlowParent.pageflow.xml]
2014-05-07 15:08:04,709 -1341 [main] ERROR org.tinygroup.flow.impl.FlowExecutorImpl  - flow:[name:business_template]已经存在！
2014-05-07 15:08:04,709 -1341 [main] INFO  org.tinygroup.flow.impl.FlowExecutorImpl  - 添加flow:[id:00001]
2014-05-07 15:08:04,709 -1341 [main] INFO  org.tinygroup.flow.impl.FlowExecutorImpl  - 添加flow:[Name:business_template]
2014-05-07 15:08:04,709 -1341 [main] INFO  org.tinygroup.fileresolver.impl.AbstractFileProcessor  - 读取页面流程pageflow文件[D:\git\tiny\framework\org.tinygroup.flow\target\test-classes\FlowParent.pageflow.xml]结束
2014-05-07 15:08:04,710 -1342 [main] INFO  org.tinygroup.fileresolver.impl.AbstractFileProcessor  - 正在读取页面流程pageflow文件[D:\git\tiny\framework\org.tinygroup.flow\target\test-classes\FlowPropertyWithEl.pageflow.xml]
2014-05-07 15:08:04,713 -1345 [main] INFO  org.tinygroup.flow.impl.FlowExecutorImpl  - 添加flow:[id:nextNodeByEl]
2014-05-07 15:08:04,713 -1345 [main] INFO  org.tinygroup.flow.impl.FlowExecutorImpl  - 添加flow:[Name:nextNodeByEl]
2014-05-07 15:08:04,713 -1345 [main] INFO  org.tinygroup.fileresolver.impl.AbstractFileProcessor  - 读取页面流程pageflow文件[D:\git\tiny\framework\org.tinygroup.flow\target\test-classes\FlowPropertyWithEl.pageflow.xml]结束
2014-05-07 15:08:04,714 -1346 [main] INFO  org.tinygroup.fileresolver.impl.AbstractFileProcessor  - 正在读取页面流程pageflow文件[D:\git\tiny\framework\org.tinygroup.flow\target\test-classes\FlowSub1.pageflow.xml]
2014-05-07 15:08:04,715 -1347 [main] INFO  org.tinygroup.flow.impl.FlowExecutorImpl  - 添加flow:[id:00001:01]
2014-05-07 15:08:04,715 -1347 [main] INFO  org.tinygroup.flow.impl.FlowExecutorImpl  - 添加flow:[Name:01business]
2014-05-07 15:08:04,715 -1347 [main] INFO  org.tinygroup.fileresolver.impl.AbstractFileProcessor  - 读取页面流程pageflow文件[D:\git\tiny\framework\org.tinygroup.flow\target\test-classes\FlowSub1.pageflow.xml]结束
2014-05-07 15:08:04,716 -1348 [main] INFO  org.tinygroup.fileresolver.impl.AbstractFileProcessor  - 正在读取页面流程pageflow文件[D:\git\tiny\framework\org.tinygroup.flow\target\test-classes\FlowWithBegin.pageflow.xml]
2014-05-07 15:08:04,717 -1349 [main] INFO  org.tinygroup.flow.impl.FlowExecutorImpl  - 添加flow:[id:FlowWithBegin]
2014-05-07 15:08:04,717 -1349 [main] INFO  org.tinygroup.flow.impl.FlowExecutorImpl  - 添加flow:[Name:bb]
2014-05-07 15:08:04,717 -1349 [main] INFO  org.tinygroup.fileresolver.impl.AbstractFileProcessor  - 读取页面流程pageflow文件[D:\git\tiny\framework\org.tinygroup.flow\target\test-classes\FlowWithBegin.pageflow.xml]结束
2014-05-07 15:08:04,718 -1350 [main] INFO  org.tinygroup.fileresolver.impl.AbstractFileProcessor  - 正在读取页面流程pageflow文件[D:\git\tiny\framework\org.tinygroup.flow\target\test-classes\FlowWithBegin1.pageflow.xml]
2014-05-07 15:08:04,719 -1351 [main] ERROR org.tinygroup.flow.impl.FlowExecutorImpl  - flow:[name:aa]已经存在！
2014-05-07 15:08:04,719 -1351 [main] INFO  org.tinygroup.flow.impl.FlowExecutorImpl  - 添加flow:[id:FlowWithBegin1]
2014-05-07 15:08:04,719 -1351 [main] INFO  org.tinygroup.flow.impl.FlowExecutorImpl  - 添加flow:[Name:aa]
2014-05-07 15:08:04,719 -1351 [main] INFO  org.tinygroup.fileresolver.impl.AbstractFileProcessor  - 读取页面流程pageflow文件[D:\git\tiny\framework\org.tinygroup.flow\target\test-classes\FlowWithBegin1.pageflow.xml]结束
2014-05-07 15:08:04,720 -1352 [main] INFO  org.tinygroup.fileresolver.impl.AbstractFileProcessor  - 正在读取页面流程pageflow文件[D:\git\tiny\framework\org.tinygroup.flow\target\test-classes\NextNodeByEl.pageflow.xml]
2014-05-07 15:08:04,724 -1356 [main] INFO  org.tinygroup.flow.impl.FlowExecutorImpl  - 添加flow:[id:NextNodeByEl]
2014-05-07 15:08:04,724 -1356 [main] INFO  org.tinygroup.flow.impl.FlowExecutorImpl  - 添加flow:[Name:NextNodeByEl]
2014-05-07 15:08:04,724 -1356 [main] INFO  org.tinygroup.fileresolver.impl.AbstractFileProcessor  - 读取页面流程pageflow文件[D:\git\tiny\framework\org.tinygroup.flow\target\test-classes\NextNodeByEl.pageflow.xml]结束
2014-05-07 15:08:04,725 -1357 [main] INFO  org.tinygroup.fileresolver.impl.AbstractFileProcessor  - 正在读取页面流程pageflow文件[D:\git\tiny\framework\org.tinygroup.flow\target\test-classes\NextNodeByNullEl.pageflow.xml]
2014-05-07 15:08:04,728 -1360 [main] INFO  org.tinygroup.flow.impl.FlowExecutorImpl  - 添加flow:[id:NextNodeByNullEl]
2014-05-07 15:08:04,728 -1360 [main] INFO  org.tinygroup.flow.impl.FlowExecutorImpl  - 添加flow:[Name:NextNodeByNullEl]
2014-05-07 15:08:04,728 -1360 [main] INFO  org.tinygroup.fileresolver.impl.AbstractFileProcessor  - 读取页面流程pageflow文件[D:\git\tiny\framework\org.tinygroup.flow\target\test-classes\NextNodeByNullEl.pageflow.xml]结束
2014-05-07 15:08:04,738 -1370 [main] INFO  org.tinygroup.context2object.fileresolver.GeneratorFileProcessor  - 开始读取generator配置文件:context2object.generatorconfig.xml
2014-05-07 15:08:04,741 -1373 [main] INFO  org.tinygroup.context2object.fileresolver.GeneratorFileProcessor  - 开始读取generator配置TypeConverter
2014-05-07 15:08:04,741 -1373 [main] INFO  org.tinygroup.context2object.fileresolver.GeneratorFileProcessor  - 处理TypeConverter,beanName:,className:org.tinygroup.context2object.impl.BigDecimalConverter
2014-05-07 15:08:04,742 -1374 [main] INFO  org.tinygroup.context2object.fileresolver.GeneratorFileProcessor  - 读取generator配置TypeConverter完成
2014-05-07 15:08:04,743 -1375 [main] INFO  org.tinygroup.context2object.fileresolver.GeneratorFileProcessor  - 开始读取generator配置TypeCreator
2014-05-07 15:08:04,743 -1375 [main] INFO  org.tinygroup.context2object.fileresolver.GeneratorFileProcessor  - 处理TypeCreator,beanName:,className:org.tinygroup.context2object.impl.ListTypeCreator
2014-05-07 15:08:04,744 -1376 [main] INFO  org.tinygroup.context2object.fileresolver.GeneratorFileProcessor  - 读取generator配置TypeCreator完成
2014-05-07 15:08:04,744 -1376 [main] INFO  org.tinygroup.context2object.fileresolver.GeneratorFileProcessor  - 读取generator配置文件:context2object.generatorconfig.xml完成
2014-05-07 15:08:04,744 -1376 [main] INFO  org.tinygroup.fileresolver.impl.FileResolverImpl  - 全路径扫描完成。
2014-05-07 15:08:04,745 -1377 [main] INFO  org.tinygroup.application.impl.ApplicationDefault  - 应用处理器class org.tinygroup.fileresolver.applicationprocessor.FileResolverProcessor启动完毕。
2014-05-07 15:08:04,804 -1436 [main] WARN  org.tinygroup.context2object.impl.ClassNameObjectGenerator  - No bean named 'a' is defined
2014-05-07 15:08:04,964 -1596 [main] ERROR org.tinygroup.flow.impl.FlowExecutorImpl  - 流程执行异常
org.tinygroup.flow.exception.FlowRuntimeException: org.tinygroup.flow.exception.Exception1: aaa
	at org.tinygroup.flow.component.ExceptionComponent2.execute(ExceptionComponent2.java:34)
	at org.tinygroup.flow.impl.FlowExecutorImpl.execute(FlowExecutorImpl.java:203)
	at org.tinygroup.flow.impl.FlowExecutorImpl.executeNextNode(FlowExecutorImpl.java:398)
	at org.tinygroup.flow.impl.FlowExecutorImpl.execute(FlowExecutorImpl.java:221)
	at org.tinygroup.flow.impl.FlowExecutorImpl.execute(FlowExecutorImpl.java:119)
	at org.tinygroup.flow.exception.testcase.ExceptionTest.testFlowNodeException(ExceptionTest.java:42)
	at sun.reflect.NativeMethodAccessorImpl.invoke0(Native Method)
	at sun.reflect.NativeMethodAccessorImpl.invoke(NativeMethodAccessorImpl.java:57)
	at sun.reflect.DelegatingMethodAccessorImpl.invoke(DelegatingMethodAccessorImpl.java:43)
	at java.lang.reflect.Method.invoke(Method.java:601)
	at junit.framework.TestCase.runTest(TestCase.java:154)
	at junit.framework.TestCase.runBare(TestCase.java:127)
	at junit.framework.TestResult$1.protect(TestResult.java:106)
	at junit.framework.TestResult.runProtected(TestResult.java:124)
	at junit.framework.TestResult.run(TestResult.java:109)
	at junit.framework.TestCase.run(TestCase.java:118)
	at junit.framework.TestSuite.runTest(TestSuite.java:208)
	at junit.framework.TestSuite.run(TestSuite.java:203)
	at sun.reflect.NativeMethodAccessorImpl.invoke0(Native Method)
	at sun.reflect.NativeMethodAccessorImpl.invoke(NativeMethodAccessorImpl.java:57)
	at sun.reflect.DelegatingMethodAccessorImpl.invoke(DelegatingMethodAccessorImpl.java:43)
	at java.lang.reflect.Method.invoke(Method.java:601)
	at org.apache.maven.surefire.junit.JUnitTestSet.execute(JUnitTestSet.java:95)
	at org.apache.maven.surefire.junit.JUnit3Provider.executeTestSet(JUnit3Provider.java:121)
	at org.apache.maven.surefire.junit.JUnit3Provider.invoke(JUnit3Provider.java:98)
	at sun.reflect.NativeMethodAccessorImpl.invoke0(Native Method)
	at sun.reflect.NativeMethodAccessorImpl.invoke(NativeMethodAccessorImpl.java:57)
	at sun.reflect.DelegatingMethodAccessorImpl.invoke(DelegatingMethodAccessorImpl.java:43)
	at java.lang.reflect.Method.invoke(Method.java:601)
	at org.apache.maven.surefire.util.ReflectionUtils.invokeMethodWithArray(ReflectionUtils.java:189)
	at org.apache.maven.surefire.booter.ProviderFactory$ProviderProxy.invoke(ProviderFactory.java:165)
	at org.apache.maven.surefire.booter.ProviderFactory.invokeProvider(ProviderFactory.java:85)
	at org.apache.maven.surefire.booter.ForkedBooter.runSuitesInProcess(ForkedBooter.java:115)
	at org.apache.maven.surefire.booter.ForkedBooter.main(ForkedBooter.java:75)
Caused by: org.tinygroup.flow.exception.Exception1: aaa
	... 34 more
2014-05-07 15:08:04,985 -1617 [main] ERROR org.tinygroup.flow.impl.FlowExecutorImpl  - 流程执行异常
java.lang.RuntimeException
	at org.tinygroup.flow.exception.MyExceptionComponent.execute(MyExceptionComponent.java:42)
	at org.tinygroup.flow.impl.FlowExecutorImpl.execute(FlowExecutorImpl.java:203)
	at org.tinygroup.flow.impl.FlowExecutorImpl.executeNextNode(FlowExecutorImpl.java:398)
	at org.tinygroup.flow.impl.FlowExecutorImpl.execute(FlowExecutorImpl.java:221)
	at org.tinygroup.flow.impl.FlowExecutorImpl.execute(FlowExecutorImpl.java:119)
	at org.tinygroup.flow.impl.FlowExecutorImpl.execute(FlowExecutorImpl.java:85)
	at org.tinygroup.flow.exception.TestException.testException(TestException.java:38)
	at sun.reflect.NativeMethodAccessorImpl.invoke0(Native Method)
	at sun.reflect.NativeMethodAccessorImpl.invoke(NativeMethodAccessorImpl.java:57)
	at sun.reflect.DelegatingMethodAccessorImpl.invoke(DelegatingMethodAccessorImpl.java:43)
	at java.lang.reflect.Method.invoke(Method.java:601)
	at junit.framework.TestCase.runTest(TestCase.java:154)
	at junit.framework.TestCase.runBare(TestCase.java:127)
	at junit.framework.TestResult$1.protect(TestResult.java:106)
	at junit.framework.TestResult.runProtected(TestResult.java:124)
	at junit.framework.TestResult.run(TestResult.java:109)
	at junit.framework.TestCase.run(TestCase.java:118)
	at junit.framework.TestSuite.runTest(TestSuite.java:208)
	at junit.framework.TestSuite.run(TestSuite.java:203)
	at sun.reflect.NativeMethodAccessorImpl.invoke0(Native Method)
	at sun.reflect.NativeMethodAccessorImpl.invoke(NativeMethodAccessorImpl.java:57)
	at sun.reflect.DelegatingMethodAccessorImpl.invoke(DelegatingMethodAccessorImpl.java:43)
	at java.lang.reflect.Method.invoke(Method.java:601)
	at org.apache.maven.surefire.junit.JUnitTestSet.execute(JUnitTestSet.java:95)
	at org.apache.maven.surefire.junit.JUnit3Provider.executeTestSet(JUnit3Provider.java:121)
	at org.apache.maven.surefire.junit.JUnit3Provider.invoke(JUnit3Provider.java:98)
	at sun.reflect.NativeMethodAccessorImpl.invoke0(Native Method)
	at sun.reflect.NativeMethodAccessorImpl.invoke(NativeMethodAccessorImpl.java:57)
	at sun.reflect.DelegatingMethodAccessorImpl.invoke(DelegatingMethodAccessorImpl.java:43)
	at java.lang.reflect.Method.invoke(Method.java:601)
	at org.apache.maven.surefire.util.ReflectionUtils.invokeMethodWithArray(ReflectionUtils.java:189)
	at org.apache.maven.surefire.booter.ProviderFactory$ProviderProxy.invoke(ProviderFactory.java:165)
	at org.apache.maven.surefire.booter.ProviderFactory.invokeProvider(ProviderFactory.java:85)
	at org.apache.maven.surefire.booter.ForkedBooter.runSuitesInProcess(ForkedBooter.java:115)
	at org.apache.maven.surefire.booter.ForkedBooter.main(ForkedBooter.java:75)
2014-05-07 15:08:05,018 -1650 [main] ERROR org.tinygroup.flow.impl.FlowExecutorImpl  - 流程执行异常
org.tinygroup.exception.TinySysRuntimeException
	at org.tinygroup.flow.component.ExceptionComponent.execute(ExceptionComponent.java:33)
	at org.tinygroup.flow.impl.FlowExecutorImpl.execute(FlowExecutorImpl.java:203)
	at org.tinygroup.flow.impl.FlowExecutorImpl.executeNextNode(FlowExecutorImpl.java:398)
	at org.tinygroup.flow.impl.FlowExecutorImpl.execute(FlowExecutorImpl.java:221)
	at org.tinygroup.flow.impl.FlowExecutorImpl.execute(FlowExecutorImpl.java:119)
	at org.tinygroup.flow.FlowExceptionTest.testFlowNodeException(FlowExceptionTest.java:39)
	at sun.reflect.NativeMethodAccessorImpl.invoke0(Native Method)
	at sun.reflect.NativeMethodAccessorImpl.invoke(NativeMethodAccessorImpl.java:57)
	at sun.reflect.DelegatingMethodAccessorImpl.invoke(DelegatingMethodAccessorImpl.java:43)
	at java.lang.reflect.Method.invoke(Method.java:601)
	at junit.framework.TestCase.runTest(TestCase.java:154)
	at junit.framework.TestCase.runBare(TestCase.java:127)
	at junit.framework.TestResult$1.protect(TestResult.java:106)
	at junit.framework.TestResult.runProtected(TestResult.java:124)
	at junit.framework.TestResult.run(TestResult.java:109)
	at junit.framework.TestCase.run(TestCase.java:118)
	at junit.framework.TestSuite.runTest(TestSuite.java:208)
	at junit.framework.TestSuite.run(TestSuite.java:203)
	at sun.reflect.NativeMethodAccessorImpl.invoke0(Native Method)
	at sun.reflect.NativeMethodAccessorImpl.invoke(NativeMethodAccessorImpl.java:57)
	at sun.reflect.DelegatingMethodAccessorImpl.invoke(DelegatingMethodAccessorImpl.java:43)
	at java.lang.reflect.Method.invoke(Method.java:601)
	at org.apache.maven.surefire.junit.JUnitTestSet.execute(JUnitTestSet.java:95)
	at org.apache.maven.surefire.junit.JUnit3Provider.executeTestSet(JUnit3Provider.java:121)
	at org.apache.maven.surefire.junit.JUnit3Provider.invoke(JUnit3Provider.java:98)
	at sun.reflect.NativeMethodAccessorImpl.invoke0(Native Method)
	at sun.reflect.NativeMethodAccessorImpl.invoke(NativeMethodAccessorImpl.java:57)
	at sun.reflect.DelegatingMethodAccessorImpl.invoke(DelegatingMethodAccessorImpl.java:43)
	at java.lang.reflect.Method.invoke(Method.java:601)
	at org.apache.maven.surefire.util.ReflectionUtils.invokeMethodWithArray(ReflectionUtils.java:189)
	at org.apache.maven.surefire.booter.ProviderFactory$ProviderProxy.invoke(ProviderFactory.java:165)
	at org.apache.maven.surefire.booter.ProviderFactory.invokeProvider(ProviderFactory.java:85)
	at org.apache.maven.surefire.booter.ForkedBooter.runSuitesInProcess(ForkedBooter.java:115)
	at org.apache.maven.surefire.booter.ForkedBooter.main(ForkedBooter.java:75)
2014-05-07 15:08:05,021 -1653 [main] ERROR org.tinygroup.flow.impl.FlowExecutorImpl  - 流程执行异常
org.tinygroup.exception.TinySysRuntimeException
	at org.tinygroup.flow.component.ExceptionComponent.execute(ExceptionComponent.java:33)
	at org.tinygroup.flow.impl.FlowExecutorImpl.execute(FlowExecutorImpl.java:203)
	at org.tinygroup.flow.impl.FlowExecutorImpl.executeNextNode(FlowExecutorImpl.java:398)
	at org.tinygroup.flow.impl.FlowExecutorImpl.execute(FlowExecutorImpl.java:221)
	at org.tinygroup.flow.impl.FlowExecutorImpl.execute(FlowExecutorImpl.java:119)
	at org.tinygroup.flow.FlowExceptionTest.testNodeException(FlowExceptionTest.java:47)
	at sun.reflect.NativeMethodAccessorImpl.invoke0(Native Method)
	at sun.reflect.NativeMethodAccessorImpl.invoke(NativeMethodAccessorImpl.java:57)
	at sun.reflect.DelegatingMethodAccessorImpl.invoke(DelegatingMethodAccessorImpl.java:43)
	at java.lang.reflect.Method.invoke(Method.java:601)
	at junit.framework.TestCase.runTest(TestCase.java:154)
	at junit.framework.TestCase.runBare(TestCase.java:127)
	at junit.framework.TestResult$1.protect(TestResult.java:106)
	at junit.framework.TestResult.runProtected(TestResult.java:124)
	at junit.framework.TestResult.run(TestResult.java:109)
	at junit.framework.TestCase.run(TestCase.java:118)
	at junit.framework.TestSuite.runTest(TestSuite.java:208)
	at junit.framework.TestSuite.run(TestSuite.java:203)
	at sun.reflect.NativeMethodAccessorImpl.invoke0(Native Method)
	at sun.reflect.NativeMethodAccessorImpl.invoke(NativeMethodAccessorImpl.java:57)
	at sun.reflect.DelegatingMethodAccessorImpl.invoke(DelegatingMethodAccessorImpl.java:43)
	at java.lang.reflect.Method.invoke(Method.java:601)
	at org.apache.maven.surefire.junit.JUnitTestSet.execute(JUnitTestSet.java:95)
	at org.apache.maven.surefire.junit.JUnit3Provider.executeTestSet(JUnit3Provider.java:121)
	at org.apache.maven.surefire.junit.JUnit3Provider.invoke(JUnit3Provider.java:98)
	at sun.reflect.NativeMethodAccessorImpl.invoke0(Native Method)
	at sun.reflect.NativeMethodAccessorImpl.invoke(NativeMethodAccessorImpl.java:57)
	at sun.reflect.DelegatingMethodAccessorImpl.invoke(DelegatingMethodAccessorImpl.java:43)
	at java.lang.reflect.Method.invoke(Method.java:601)
	at org.apache.maven.surefire.util.ReflectionUtils.invokeMethodWithArray(ReflectionUtils.java:189)
	at org.apache.maven.surefire.booter.ProviderFactory$ProviderProxy.invoke(ProviderFactory.java:165)
	at org.apache.maven.surefire.booter.ProviderFactory.invokeProvider(ProviderFactory.java:85)
	at org.apache.maven.surefire.booter.ForkedBooter.runSuitesInProcess(ForkedBooter.java:115)
	at org.apache.maven.surefire.booter.ForkedBooter.main(ForkedBooter.java:75)
2014-05-07 15:08:05,023 -1655 [main] ERROR org.tinygroup.flow.impl.FlowExecutorImpl  - 流程执行异常
org.tinygroup.exception.TinySysRuntimeException
	at org.tinygroup.flow.component.ExceptionComponent.execute(ExceptionComponent.java:33)
	at org.tinygroup.flow.impl.FlowExecutorImpl.execute(FlowExecutorImpl.java:203)
	at org.tinygroup.flow.impl.FlowExecutorImpl.executeNextNode(FlowExecutorImpl.java:398)
	at org.tinygroup.flow.impl.FlowExecutorImpl.execute(FlowExecutorImpl.java:221)
	at org.tinygroup.flow.impl.FlowExecutorImpl.execute(FlowExecutorImpl.java:119)
	at org.tinygroup.flow.FlowExceptionTest.testFlowException(FlowExceptionTest.java:54)
	at sun.reflect.NativeMethodAccessorImpl.invoke0(Native Method)
	at sun.reflect.NativeMethodAccessorImpl.invoke(NativeMethodAccessorImpl.java:57)
	at sun.reflect.DelegatingMethodAccessorImpl.invoke(DelegatingMethodAccessorImpl.java:43)
	at java.lang.reflect.Method.invoke(Method.java:601)
	at junit.framework.TestCase.runTest(TestCase.java:154)
	at junit.framework.TestCase.runBare(TestCase.java:127)
	at junit.framework.TestResult$1.protect(TestResult.java:106)
	at junit.framework.TestResult.runProtected(TestResult.java:124)
	at junit.framework.TestResult.run(TestResult.java:109)
	at junit.framework.TestCase.run(TestCase.java:118)
	at junit.framework.TestSuite.runTest(TestSuite.java:208)
	at junit.framework.TestSuite.run(TestSuite.java:203)
	at sun.reflect.NativeMethodAccessorImpl.invoke0(Native Method)
	at sun.reflect.NativeMethodAccessorImpl.invoke(NativeMethodAccessorImpl.java:57)
	at sun.reflect.DelegatingMethodAccessorImpl.invoke(DelegatingMethodAccessorImpl.java:43)
	at java.lang.reflect.Method.invoke(Method.java:601)
	at org.apache.maven.surefire.junit.JUnitTestSet.execute(JUnitTestSet.java:95)
	at org.apache.maven.surefire.junit.JUnit3Provider.executeTestSet(JUnit3Provider.java:121)
	at org.apache.maven.surefire.junit.JUnit3Provider.invoke(JUnit3Provider.java:98)
	at sun.reflect.NativeMethodAccessorImpl.invoke0(Native Method)
	at sun.reflect.NativeMethodAccessorImpl.invoke(NativeMethodAccessorImpl.java:57)
	at sun.reflect.DelegatingMethodAccessorImpl.invoke(DelegatingMethodAccessorImpl.java:43)
	at java.lang.reflect.Method.invoke(Method.java:601)
	at org.apache.maven.surefire.util.ReflectionUtils.invokeMethodWithArray(ReflectionUtils.java:189)
	at org.apache.maven.surefire.booter.ProviderFactory$ProviderProxy.invoke(ProviderFactory.java:165)
	at org.apache.maven.surefire.booter.ProviderFactory.invokeProvider(ProviderFactory.java:85)
	at org.apache.maven.surefire.booter.ForkedBooter.runSuitesInProcess(ForkedBooter.java:115)
	at org.apache.maven.surefire.booter.ForkedBooter.main(ForkedBooter.java:75)
2014-05-07 15:08:05,029 -1661 [main] ERROR org.tinygroup.flow.impl.FlowExecutorImpl  - flow:[id:aa]已经存在！
2014-05-07 15:08:05,029 -1661 [main] ERROR org.tinygroup.flow.impl.FlowExecutorImpl  - flow:[name:aa]已经存在！
2014-05-07 15:08:05,029 -1661 [main] INFO  org.tinygroup.flow.impl.FlowExecutorImpl  - 添加flow:[id:aa]
2014-05-07 15:08:05,030 -1662 [main] INFO  org.tinygroup.flow.impl.FlowExecutorImpl  - 添加flow:[Name:aa]
2014-05-07 15:08:05,069 -1701 [main] ERROR org.tinygroup.flow.impl.FlowExecutorImpl  - flow:[id:aa]已经存在！
2014-05-07 15:08:05,069 -1701 [main] ERROR org.tinygroup.flow.impl.FlowExecutorImpl  - flow:[name:aa]已经存在！
2014-05-07 15:08:05,069 -1701 [main] INFO  org.tinygroup.flow.impl.FlowExecutorImpl  - 添加flow:[id:aa]
2014-05-07 15:08:05,069 -1701 [main] INFO  org.tinygroup.flow.impl.FlowExecutorImpl  - 添加flow:[Name:aa]
